[0.030s] Invoking command in '/home/ircv7/RACE/real_ws/build/vesc_ackermann': CMAKE_PREFIX_PATH=/home/ircv7/RACE/real_ws/install/vesc_msgs:/home/ircv7/RACE/real_ws/install/slam_nav:/home/ircv7/RACE/real_ws/install/vesc:/home/ircv7/RACE/real_ws/install/vesc_driver:/home/ircv7/RACE/real_ws/install/vesc_ackermann:/home/ircv7/RACE/real_ws/install/teleop_tools:/home/ircv7/RACE/real_ws/install/teleop_tools_msgs:/home/ircv7/RACE/real_ws/install/pure_pursuit:/home/ircv7/RACE/real_ws/install/ackermann_mux:/home/ircv7/RACE/real_ws/install/f1tenth_stack:/home/ircv7/RACE/real_ws/install/joy_teleop:/home/ircv7/RACE/real_ws/install/obs_detect:/home/ircv7/RACE/real_ws/install/mouse_teleop:/home/ircv7/RACE/real_ws/install/map_humble:/home/ircv7/RACE/real_ws/install/map_control:/home/ircv7/RACE/real_ws/install/lane_selector:/home/ircv7/RACE/real_ws/install/key_teleop:/opt/ros/humble CONDA_PROMPT_MODIFIER=(base) LD_LIBRARY_PATH=/home/ircv7/RACE/real_ws/install/vesc_msgs/lib:/home/ircv7/RACE/real_ws/install/vesc_driver/lib:/home/ircv7/RACE/real_ws/install/vesc_ackermann/lib:/home/ircv7/RACE/real_ws/install/teleop_tools_msgs/lib:/opt/ros/humble/opt/rviz_ogre_vendor/lib:/opt/ros/humble/lib/aarch64-linux-gnu:/opt/ros/humble/lib /usr/bin/cmake --build /home/ircv7/RACE/real_ws/build/vesc_ackermann -- -j6 -l6
[0.580s] [ 28%] Built target vesc_to_odom_node
[0.580s] [ 57%] Built target ackermann_to_vesc_node
[0.580s] [100%] Built target vesc_ackermann
[0.582s] Invoked command in '/home/ircv7/RACE/real_ws/build/vesc_ackermann' returned '0': CMAKE_PREFIX_PATH=/home/ircv7/RACE/real_ws/install/vesc_msgs:/home/ircv7/RACE/real_ws/install/slam_nav:/home/ircv7/RACE/real_ws/install/vesc:/home/ircv7/RACE/real_ws/install/vesc_driver:/home/ircv7/RACE/real_ws/install/vesc_ackermann:/home/ircv7/RACE/real_ws/install/teleop_tools:/home/ircv7/RACE/real_ws/install/teleop_tools_msgs:/home/ircv7/RACE/real_ws/install/pure_pursuit:/home/ircv7/RACE/real_ws/install/ackermann_mux:/home/ircv7/RACE/real_ws/install/f1tenth_stack:/home/ircv7/RACE/real_ws/install/joy_teleop:/home/ircv7/RACE/real_ws/install/obs_detect:/home/ircv7/RACE/real_ws/install/mouse_teleop:/home/ircv7/RACE/real_ws/install/map_humble:/home/ircv7/RACE/real_ws/install/map_control:/home/ircv7/RACE/real_ws/install/lane_selector:/home/ircv7/RACE/real_ws/install/key_teleop:/opt/ros/humble CONDA_PROMPT_MODIFIER=(base) LD_LIBRARY_PATH=/home/ircv7/RACE/real_ws/install/vesc_msgs/lib:/home/ircv7/RACE/real_ws/install/vesc_driver/lib:/home/ircv7/RACE/real_ws/install/vesc_ackermann/lib:/home/ircv7/RACE/real_ws/install/teleop_tools_msgs/lib:/opt/ros/humble/opt/rviz_ogre_vendor/lib:/opt/ros/humble/lib/aarch64-linux-gnu:/opt/ros/humble/lib /usr/bin/cmake --build /home/ircv7/RACE/real_ws/build/vesc_ackermann -- -j6 -l6
[0.585s] Invoking command in '/home/ircv7/RACE/real_ws/build/vesc_ackermann': CMAKE_PREFIX_PATH=/home/ircv7/RACE/real_ws/install/vesc_msgs:/home/ircv7/RACE/real_ws/install/slam_nav:/home/ircv7/RACE/real_ws/install/vesc:/home/ircv7/RACE/real_ws/install/vesc_driver:/home/ircv7/RACE/real_ws/install/vesc_ackermann:/home/ircv7/RACE/real_ws/install/teleop_tools:/home/ircv7/RACE/real_ws/install/teleop_tools_msgs:/home/ircv7/RACE/real_ws/install/pure_pursuit:/home/ircv7/RACE/real_ws/install/ackermann_mux:/home/ircv7/RACE/real_ws/install/f1tenth_stack:/home/ircv7/RACE/real_ws/install/joy_teleop:/home/ircv7/RACE/real_ws/install/obs_detect:/home/ircv7/RACE/real_ws/install/mouse_teleop:/home/ircv7/RACE/real_ws/install/map_humble:/home/ircv7/RACE/real_ws/install/map_control:/home/ircv7/RACE/real_ws/install/lane_selector:/home/ircv7/RACE/real_ws/install/key_teleop:/opt/ros/humble CONDA_PROMPT_MODIFIER=(base) LD_LIBRARY_PATH=/home/ircv7/RACE/real_ws/install/vesc_msgs/lib:/home/ircv7/RACE/real_ws/install/vesc_driver/lib:/home/ircv7/RACE/real_ws/install/vesc_ackermann/lib:/home/ircv7/RACE/real_ws/install/teleop_tools_msgs/lib:/opt/ros/humble/opt/rviz_ogre_vendor/lib:/opt/ros/humble/lib/aarch64-linux-gnu:/opt/ros/humble/lib /usr/bin/cmake --install /home/ircv7/RACE/real_ws/build/vesc_ackermann
[0.601s] -- Install configuration: "Release"
[0.604s] -- Execute custom install script
[0.605s] -- Up-to-date symlink: /home/ircv7/RACE/real_ws/install/vesc_ackermann/lib/vesc_ackermann/ackermann_to_vesc_node
[0.605s] -- Up-to-date symlink: /home/ircv7/RACE/real_ws/install/vesc_ackermann/lib/vesc_ackermann/vesc_to_odom_node
[0.606s] -- Up-to-date symlink: /home/ircv7/RACE/real_ws/install/vesc_ackermann/include/vesc_ackermann/ackermann_to_vesc.hpp
[0.607s] -- Up-to-date symlink: /home/ircv7/RACE/real_ws/install/vesc_ackermann/include/vesc_ackermann/vesc_to_odom.hpp
[0.608s] -- Up-to-date symlink: /home/ircv7/RACE/real_ws/install/vesc_ackermann/share/vesc_ackermann/environment/library_path.sh
[0.608s] -- Up-to-date symlink: /home/ircv7/RACE/real_ws/install/vesc_ackermann/share/vesc_ackermann/environment/library_path.dsv
[0.609s] -- Up-to-date symlink: /home/ircv7/RACE/real_ws/install/vesc_ackermann/lib/libvesc_ackermann.so
[0.611s] -- Up-to-date symlink: /home/ircv7/RACE/real_ws/install/vesc_ackermann/share/vesc_ackermann/launch/ackermann_to_vesc_node.launch.xml
[0.611s] -- Up-to-date symlink: /home/ircv7/RACE/real_ws/install/vesc_ackermann/share/vesc_ackermann/launch/vesc_to_odom_node.launch.xml
[0.612s] -- Up-to-date symlink: /home/ircv7/RACE/real_ws/install/vesc_ackermann/share/ament_index/resource_index/package_run_dependencies/vesc_ackermann
[0.613s] -- Up-to-date symlink: /home/ircv7/RACE/real_ws/install/vesc_ackermann/share/ament_index/resource_index/parent_prefix_path/vesc_ackermann
[0.613s] -- Up-to-date symlink: /home/ircv7/RACE/real_ws/install/vesc_ackermann/share/vesc_ackermann/environment/ament_prefix_path.sh
[0.614s] -- Up-to-date symlink: /home/ircv7/RACE/real_ws/install/vesc_ackermann/share/vesc_ackermann/environment/ament_prefix_path.dsv
[0.615s] -- Up-to-date symlink: /home/ircv7/RACE/real_ws/install/vesc_ackermann/share/vesc_ackermann/environment/path.sh
[0.615s] -- Up-to-date symlink: /home/ircv7/RACE/real_ws/install/vesc_ackermann/share/vesc_ackermann/environment/path.dsv
[0.616s] -- Up-to-date symlink: /home/ircv7/RACE/real_ws/install/vesc_ackermann/share/vesc_ackermann/local_setup.bash
[0.617s] -- Up-to-date symlink: /home/ircv7/RACE/real_ws/install/vesc_ackermann/share/vesc_ackermann/local_setup.sh
[0.617s] -- Up-to-date symlink: /home/ircv7/RACE/real_ws/install/vesc_ackermann/share/vesc_ackermann/local_setup.zsh
[0.618s] -- Up-to-date symlink: /home/ircv7/RACE/real_ws/install/vesc_ackermann/share/vesc_ackermann/local_setup.dsv
[0.618s] -- Symlinking: /home/ircv7/RACE/real_ws/install/vesc_ackermann/share/vesc_ackermann/package.dsv
[0.640s] -- Up-to-date symlink: /home/ircv7/RACE/real_ws/install/vesc_ackermann/share/ament_index/resource_index/packages/vesc_ackermann
[0.640s] -- Up-to-date symlink: /home/ircv7/RACE/real_ws/install/vesc_ackermann/share/ament_index/resource_index/rclcpp_components/vesc_ackermann
[0.645s] -- Up-to-date symlink: /home/ircv7/RACE/real_ws/install/vesc_ackermann/share/vesc_ackermann/cmake/ament_cmake_export_dependencies-extras.cmake
[0.646s] -- Up-to-date symlink: /home/ircv7/RACE/real_ws/install/vesc_ackermann/share/vesc_ackermann/cmake/ament_cmake_export_include_directories-extras.cmake
[0.646s] -- Up-to-date symlink: /home/ircv7/RACE/real_ws/install/vesc_ackermann/share/vesc_ackermann/cmake/ament_cmake_export_libraries-extras.cmake
[0.646s] -- Up-to-date symlink: /home/ircv7/RACE/real_ws/install/vesc_ackermann/share/vesc_ackermann/cmake/vesc_ackermannConfig.cmake
[0.646s] -- Up-to-date symlink: /home/ircv7/RACE/real_ws/install/vesc_ackermann/share/vesc_ackermann/cmake/vesc_ackermannConfig-version.cmake
[0.646s] -- Up-to-date symlink: /home/ircv7/RACE/real_ws/install/vesc_ackermann/share/vesc_ackermann/package.xml
[0.660s] Invoked command in '/home/ircv7/RACE/real_ws/build/vesc_ackermann' returned '0': CMAKE_PREFIX_PATH=/home/ircv7/RACE/real_ws/install/vesc_msgs:/home/ircv7/RACE/real_ws/install/slam_nav:/home/ircv7/RACE/real_ws/install/vesc:/home/ircv7/RACE/real_ws/install/vesc_driver:/home/ircv7/RACE/real_ws/install/vesc_ackermann:/home/ircv7/RACE/real_ws/install/teleop_tools:/home/ircv7/RACE/real_ws/install/teleop_tools_msgs:/home/ircv7/RACE/real_ws/install/pure_pursuit:/home/ircv7/RACE/real_ws/install/ackermann_mux:/home/ircv7/RACE/real_ws/install/f1tenth_stack:/home/ircv7/RACE/real_ws/install/joy_teleop:/home/ircv7/RACE/real_ws/install/obs_detect:/home/ircv7/RACE/real_ws/install/mouse_teleop:/home/ircv7/RACE/real_ws/install/map_humble:/home/ircv7/RACE/real_ws/install/map_control:/home/ircv7/RACE/real_ws/install/lane_selector:/home/ircv7/RACE/real_ws/install/key_teleop:/opt/ros/humble CONDA_PROMPT_MODIFIER=(base) LD_LIBRARY_PATH=/home/ircv7/RACE/real_ws/install/vesc_msgs/lib:/home/ircv7/RACE/real_ws/install/vesc_driver/lib:/home/ircv7/RACE/real_ws/install/vesc_ackermann/lib:/home/ircv7/RACE/real_ws/install/teleop_tools_msgs/lib:/opt/ros/humble/opt/rviz_ogre_vendor/lib:/opt/ros/humble/lib/aarch64-linux-gnu:/opt/ros/humble/lib /usr/bin/cmake --install /home/ircv7/RACE/real_ws/build/vesc_ackermann
