[0.068s] Invoking command in '/home/ircv7/RACE/real_ws/build/teleop_tools_msgs': CMAKE_PREFIX_PATH=/opt/ros/humble /usr/bin/cmake --build /home/ircv7/RACE/real_ws/build/teleop_tools_msgs -- -j6 -l6
[1.838s] [  3%] Built target teleop_tools_msgs__cpp
[1.838s] [ 12%] Built target teleop_tools_msgs__rosidl_generator_c
[1.838s] [ 12%] Built target ament_cmake_python_symlink_teleop_tools_msgs
[1.839s] [ 22%] Built target teleop_tools_msgs__rosidl_typesupport_fastrtps_cpp
[1.839s] [ 32%] Built target teleop_tools_msgs__rosidl_typesupport_cpp
[1.839s] [ 41%] Built target teleop_tools_msgs__rosidl_typesupport_introspection_c
[1.839s] [ 51%] Built target teleop_tools_msgs__rosidl_typesupport_c
[1.839s] [ 61%] Built target teleop_tools_msgs__rosidl_typesupport_fastrtps_c
[1.839s] [ 70%] Built target teleop_tools_msgs__rosidl_typesupport_introspection_cpp
[1.839s] [ 70%] Built target teleop_tools_msgs
[1.839s] [ 74%] Built target teleop_tools_msgs__py
[1.840s] [ 80%] Built target teleop_tools_msgs__rosidl_generator_py
[1.840s] [ 87%] Built target teleop_tools_msgs__rosidl_typesupport_c__pyext
[1.840s] [ 93%] Built target teleop_tools_msgs__rosidl_typesupport_fastrtps_c__pyext
[1.840s] [100%] Built target teleop_tools_msgs__rosidl_typesupport_introspection_c__pyext
[1.840s] running egg_info
[1.840s] writing teleop_tools_msgs.egg-info/PKG-INFO
[1.840s] writing dependency_links to teleop_tools_msgs.egg-info/dependency_links.txt
[1.840s] writing top-level names to teleop_tools_msgs.egg-info/top_level.txt
[1.840s] reading manifest file 'teleop_tools_msgs.egg-info/SOURCES.txt'
[1.841s] writing manifest file 'teleop_tools_msgs.egg-info/SOURCES.txt'
[1.841s] [100%] Built target ament_cmake_python_build_teleop_tools_msgs_egg
[1.870s] Invoked command in '/home/ircv7/RACE/real_ws/build/teleop_tools_msgs' returned '0': CMAKE_PREFIX_PATH=/opt/ros/humble /usr/bin/cmake --build /home/ircv7/RACE/real_ws/build/teleop_tools_msgs -- -j6 -l6
[1.873s] Invoking command in '/home/ircv7/RACE/real_ws/build/teleop_tools_msgs': CMAKE_PREFIX_PATH=/opt/ros/humble /usr/bin/cmake --install /home/ircv7/RACE/real_ws/build/teleop_tools_msgs
[1.922s] -- Install configuration: "Release"
[1.924s] -- Execute custom install script
[1.924s] -- Up-to-date symlink: /home/ircv7/RACE/real_ws/install/teleop_tools_msgs/share/ament_index/resource_index/rosidl_interfaces/teleop_tools_msgs
[1.924s] -- Up-to-date symlink: /home/ircv7/RACE/real_ws/install/teleop_tools_msgs/include/teleop_tools_msgs/teleop_tools_msgs/action/detail/increment__functions.h
[1.925s] -- Up-to-date symlink: /home/ircv7/RACE/real_ws/install/teleop_tools_msgs/include/teleop_tools_msgs/teleop_tools_msgs/action/detail/increment__struct.h
[1.926s] -- Up-to-date symlink: /home/ircv7/RACE/real_ws/install/teleop_tools_msgs/include/teleop_tools_msgs/teleop_tools_msgs/action/detail/increment__type_support.h
[1.927s] -- Up-to-date symlink: /home/ircv7/RACE/real_ws/install/teleop_tools_msgs/include/teleop_tools_msgs/teleop_tools_msgs/action/increment.h
[1.927s] -- Up-to-date symlink: /home/ircv7/RACE/real_ws/install/teleop_tools_msgs/include/teleop_tools_msgs/teleop_tools_msgs/msg/rosidl_generator_c__visibility_control.h
[1.928s] -- Up-to-date symlink: /home/ircv7/RACE/real_ws/install/teleop_tools_msgs/share/teleop_tools_msgs/environment/library_path.sh
[1.928s] -- Up-to-date symlink: /home/ircv7/RACE/real_ws/install/teleop_tools_msgs/share/teleop_tools_msgs/environment/library_path.dsv
[1.929s] -- Up-to-date symlink: /home/ircv7/RACE/real_ws/install/teleop_tools_msgs/include/teleop_tools_msgs/teleop_tools_msgs/action/detail/increment__rosidl_typesupport_fastrtps_c.h
[1.929s] -- Up-to-date symlink: /home/ircv7/RACE/real_ws/install/teleop_tools_msgs/include/teleop_tools_msgs/teleop_tools_msgs/msg/rosidl_typesupport_fastrtps_c__visibility_control.h
[1.936s] -- Up-to-date symlink: /home/ircv7/RACE/real_ws/install/teleop_tools_msgs/include/teleop_tools_msgs/teleop_tools_msgs/action/detail/increment__rosidl_typesupport_introspection_c.h
[1.936s] -- Up-to-date symlink: /home/ircv7/RACE/real_ws/install/teleop_tools_msgs/include/teleop_tools_msgs/teleop_tools_msgs/msg/rosidl_typesupport_introspection_c__visibility_control.h
[1.937s] -- Up-to-date symlink: /home/ircv7/RACE/real_ws/install/teleop_tools_msgs/include/teleop_tools_msgs/teleop_tools_msgs/action/detail/increment__builder.hpp
[1.937s] -- Up-to-date symlink: /home/ircv7/RACE/real_ws/install/teleop_tools_msgs/include/teleop_tools_msgs/teleop_tools_msgs/action/detail/increment__struct.hpp
[1.937s] -- Up-to-date symlink: /home/ircv7/RACE/real_ws/install/teleop_tools_msgs/include/teleop_tools_msgs/teleop_tools_msgs/action/detail/increment__traits.hpp
[1.937s] -- Up-to-date symlink: /home/ircv7/RACE/real_ws/install/teleop_tools_msgs/include/teleop_tools_msgs/teleop_tools_msgs/action/detail/increment__type_support.hpp
[1.938s] -- Up-to-date symlink: /home/ircv7/RACE/real_ws/install/teleop_tools_msgs/include/teleop_tools_msgs/teleop_tools_msgs/action/increment.hpp
[1.938s] -- Up-to-date symlink: /home/ircv7/RACE/real_ws/install/teleop_tools_msgs/include/teleop_tools_msgs/teleop_tools_msgs/msg/rosidl_generator_cpp__visibility_control.hpp
[1.938s] -- Up-to-date symlink: /home/ircv7/RACE/real_ws/install/teleop_tools_msgs/include/teleop_tools_msgs/teleop_tools_msgs/action/detail/increment__rosidl_typesupport_fastrtps_cpp.hpp
[1.938s] -- Up-to-date symlink: /home/ircv7/RACE/real_ws/install/teleop_tools_msgs/include/teleop_tools_msgs/teleop_tools_msgs/msg/rosidl_typesupport_fastrtps_cpp__visibility_control.h
[1.938s] -- Up-to-date symlink: /home/ircv7/RACE/real_ws/install/teleop_tools_msgs/include/teleop_tools_msgs/teleop_tools_msgs/action/detail/increment__rosidl_typesupport_introspection_cpp.hpp
[1.938s] -- Up-to-date symlink: /home/ircv7/RACE/real_ws/install/teleop_tools_msgs/share/teleop_tools_msgs/environment/pythonpath.sh
[1.938s] -- Up-to-date symlink: /home/ircv7/RACE/real_ws/install/teleop_tools_msgs/share/teleop_tools_msgs/environment/pythonpath.dsv
[1.938s] -- Up-to-date symlink: /home/ircv7/RACE/real_ws/install/teleop_tools_msgs/local/lib/python3.10/dist-packages/teleop_tools_msgs-1.2.1-py3.10.egg-info/PKG-INFO
[1.939s] -- Up-to-date symlink: /home/ircv7/RACE/real_ws/install/teleop_tools_msgs/local/lib/python3.10/dist-packages/teleop_tools_msgs-1.2.1-py3.10.egg-info/SOURCES.txt
[1.939s] -- Up-to-date symlink: /home/ircv7/RACE/real_ws/install/teleop_tools_msgs/local/lib/python3.10/dist-packages/teleop_tools_msgs-1.2.1-py3.10.egg-info/dependency_links.txt
[1.939s] -- Up-to-date symlink: /home/ircv7/RACE/real_ws/install/teleop_tools_msgs/local/lib/python3.10/dist-packages/teleop_tools_msgs-1.2.1-py3.10.egg-info/top_level.txt
[1.939s] -- Up-to-date symlink: /home/ircv7/RACE/real_ws/install/teleop_tools_msgs/local/lib/python3.10/dist-packages/teleop_tools_msgs/__init__.py
[1.939s] -- Up-to-date symlink: /home/ircv7/RACE/real_ws/install/teleop_tools_msgs/local/lib/python3.10/dist-packages/teleop_tools_msgs/_teleop_tools_msgs_s.ep.rosidl_typesupport_c.c
[1.939s] -- Up-to-date symlink: /home/ircv7/RACE/real_ws/install/teleop_tools_msgs/local/lib/python3.10/dist-packages/teleop_tools_msgs/_teleop_tools_msgs_s.ep.rosidl_typesupport_fastrtps_c.c
[1.939s] -- Up-to-date symlink: /home/ircv7/RACE/real_ws/install/teleop_tools_msgs/local/lib/python3.10/dist-packages/teleop_tools_msgs/_teleop_tools_msgs_s.ep.rosidl_typesupport_introspection_c.c
[1.940s] -- Up-to-date symlink: /home/ircv7/RACE/real_ws/install/teleop_tools_msgs/local/lib/python3.10/dist-packages/teleop_tools_msgs/action/__init__.py
[1.940s] -- Up-to-date symlink: /home/ircv7/RACE/real_ws/install/teleop_tools_msgs/local/lib/python3.10/dist-packages/teleop_tools_msgs/action/_increment.py
[1.940s] -- Up-to-date symlink: /home/ircv7/RACE/real_ws/install/teleop_tools_msgs/local/lib/python3.10/dist-packages/teleop_tools_msgs/action/_increment_s.c
[1.940s] -- Up-to-date symlink: /home/ircv7/RACE/real_ws/install/teleop_tools_msgs/local/lib/python3.10/dist-packages/teleop_tools_msgs/libteleop_tools_msgs__rosidl_generator_py.so
[1.940s] -- Up-to-date symlink: /home/ircv7/RACE/real_ws/install/teleop_tools_msgs/local/lib/python3.10/dist-packages/teleop_tools_msgs/teleop_tools_msgs_s__rosidl_typesupport_c.cpython-310-aarch64-linux-gnu.so
[1.940s] -- Up-to-date symlink: /home/ircv7/RACE/real_ws/install/teleop_tools_msgs/local/lib/python3.10/dist-packages/teleop_tools_msgs/teleop_tools_msgs_s__rosidl_typesupport_fastrtps_c.cpython-310-aarch64-linux-gnu.so
[1.940s] -- Up-to-date symlink: /home/ircv7/RACE/real_ws/install/teleop_tools_msgs/local/lib/python3.10/dist-packages/teleop_tools_msgs/teleop_tools_msgs_s__rosidl_typesupport_introspection_c.cpython-310-aarch64-linux-gnu.so
[1.940s] -- Up-to-date symlink: /home/ircv7/RACE/real_ws/install/teleop_tools_msgs/local/lib/python3.10/dist-packages/teleop_tools_msgs/teleop_tools_msgs_s__rosidl_typesupport_fastrtps_c.cpython-310-aarch64-linux-gnu.so
[1.941s] -- Up-to-date symlink: /home/ircv7/RACE/real_ws/install/teleop_tools_msgs/local/lib/python3.10/dist-packages/teleop_tools_msgs/teleop_tools_msgs_s__rosidl_typesupport_introspection_c.cpython-310-aarch64-linux-gnu.so
[1.941s] -- Up-to-date symlink: /home/ircv7/RACE/real_ws/install/teleop_tools_msgs/local/lib/python3.10/dist-packages/teleop_tools_msgs/teleop_tools_msgs_s__rosidl_typesupport_c.cpython-310-aarch64-linux-gnu.so
[1.941s] -- Up-to-date symlink: /home/ircv7/RACE/real_ws/install/teleop_tools_msgs/share/teleop_tools_msgs/action/Increment.idl
[1.941s] -- Up-to-date symlink: /home/ircv7/RACE/real_ws/install/teleop_tools_msgs/share/teleop_tools_msgs/action/Increment.action
[1.941s] -- Up-to-date symlink: /home/ircv7/RACE/real_ws/install/teleop_tools_msgs/share/ament_index/resource_index/package_run_dependencies/teleop_tools_msgs
[1.941s] -- Up-to-date symlink: /home/ircv7/RACE/real_ws/install/teleop_tools_msgs/share/ament_index/resource_index/parent_prefix_path/teleop_tools_msgs
[1.941s] -- Up-to-date symlink: /home/ircv7/RACE/real_ws/install/teleop_tools_msgs/share/teleop_tools_msgs/environment/ament_prefix_path.sh
[1.941s] -- Up-to-date symlink: /home/ircv7/RACE/real_ws/install/teleop_tools_msgs/share/teleop_tools_msgs/environment/ament_prefix_path.dsv
[1.941s] -- Up-to-date symlink: /home/ircv7/RACE/real_ws/install/teleop_tools_msgs/share/teleop_tools_msgs/environment/path.sh
[1.942s] -- Up-to-date symlink: /home/ircv7/RACE/real_ws/install/teleop_tools_msgs/share/teleop_tools_msgs/environment/path.dsv
[1.942s] -- Up-to-date symlink: /home/ircv7/RACE/real_ws/install/teleop_tools_msgs/share/teleop_tools_msgs/local_setup.bash
[1.942s] -- Up-to-date symlink: /home/ircv7/RACE/real_ws/install/teleop_tools_msgs/share/teleop_tools_msgs/local_setup.sh
[1.942s] -- Up-to-date symlink: /home/ircv7/RACE/real_ws/install/teleop_tools_msgs/share/teleop_tools_msgs/local_setup.zsh
[1.942s] -- Up-to-date symlink: /home/ircv7/RACE/real_ws/install/teleop_tools_msgs/share/teleop_tools_msgs/local_setup.dsv
[1.942s] -- Symlinking: /home/ircv7/RACE/real_ws/install/teleop_tools_msgs/share/teleop_tools_msgs/package.dsv
[1.957s] -- Up-to-date symlink: /home/ircv7/RACE/real_ws/install/teleop_tools_msgs/share/ament_index/resource_index/packages/teleop_tools_msgs
[1.957s] -- Up-to-date symlink: /home/ircv7/RACE/real_ws/install/teleop_tools_msgs/share/teleop_tools_msgs/cmake/rosidl_cmake-extras.cmake
[1.957s] -- Up-to-date symlink: /home/ircv7/RACE/real_ws/install/teleop_tools_msgs/share/teleop_tools_msgs/cmake/ament_cmake_export_dependencies-extras.cmake
[1.957s] -- Up-to-date symlink: /home/ircv7/RACE/real_ws/install/teleop_tools_msgs/share/teleop_tools_msgs/cmake/ament_cmake_export_include_directories-extras.cmake
[1.957s] -- Up-to-date symlink: /home/ircv7/RACE/real_ws/install/teleop_tools_msgs/share/teleop_tools_msgs/cmake/ament_cmake_export_libraries-extras.cmake
[1.958s] -- Up-to-date symlink: /home/ircv7/RACE/real_ws/install/teleop_tools_msgs/share/teleop_tools_msgs/cmake/ament_cmake_export_targets-extras.cmake
[1.958s] -- Up-to-date symlink: /home/ircv7/RACE/real_ws/install/teleop_tools_msgs/share/teleop_tools_msgs/cmake/rosidl_cmake_export_typesupport_targets-extras.cmake
[1.958s] -- Up-to-date symlink: /home/ircv7/RACE/real_ws/install/teleop_tools_msgs/share/teleop_tools_msgs/cmake/rosidl_cmake_export_typesupport_libraries-extras.cmake
[1.958s] -- Up-to-date symlink: /home/ircv7/RACE/real_ws/install/teleop_tools_msgs/share/teleop_tools_msgs/cmake/teleop_tools_msgsConfig.cmake
[1.958s] -- Up-to-date symlink: /home/ircv7/RACE/real_ws/install/teleop_tools_msgs/share/teleop_tools_msgs/cmake/teleop_tools_msgsConfig-version.cmake
[1.958s] -- Up-to-date symlink: /home/ircv7/RACE/real_ws/install/teleop_tools_msgs/share/teleop_tools_msgs/package.xml
[1.958s] -- Up-to-date: /home/ircv7/RACE/real_ws/install/teleop_tools_msgs/lib/libteleop_tools_msgs__rosidl_generator_c.so
[1.958s] -- Up-to-date: /home/ircv7/RACE/real_ws/install/teleop_tools_msgs/lib/libteleop_tools_msgs__rosidl_typesupport_fastrtps_c.so
[1.959s] -- Up-to-date: /home/ircv7/RACE/real_ws/install/teleop_tools_msgs/lib/libteleop_tools_msgs__rosidl_typesupport_introspection_c.so
[1.959s] -- Up-to-date: /home/ircv7/RACE/real_ws/install/teleop_tools_msgs/lib/libteleop_tools_msgs__rosidl_typesupport_c.so
[1.959s] -- Up-to-date: /home/ircv7/RACE/real_ws/install/teleop_tools_msgs/lib/libteleop_tools_msgs__rosidl_typesupport_fastrtps_cpp.so
[1.959s] -- Up-to-date: /home/ircv7/RACE/real_ws/install/teleop_tools_msgs/lib/libteleop_tools_msgs__rosidl_typesupport_introspection_cpp.so
[1.972s] -- Up-to-date: /home/ircv7/RACE/real_ws/install/teleop_tools_msgs/lib/libteleop_tools_msgs__rosidl_typesupport_cpp.so
[2.022s] Listing '/home/ircv7/RACE/real_ws/install/teleop_tools_msgs/local/lib/python3.10/dist-packages/teleop_tools_msgs'...
[2.022s] Listing '/home/ircv7/RACE/real_ws/install/teleop_tools_msgs/local/lib/python3.10/dist-packages/teleop_tools_msgs/action'...
[2.043s] -- Up-to-date: /home/ircv7/RACE/real_ws/install/teleop_tools_msgs/lib/libteleop_tools_msgs__rosidl_generator_py.so
[2.043s] -- Up-to-date: /home/ircv7/RACE/real_ws/install/teleop_tools_msgs/share/teleop_tools_msgs/cmake/export_teleop_tools_msgs__rosidl_generator_cExport.cmake
[2.044s] -- Up-to-date: /home/ircv7/RACE/real_ws/install/teleop_tools_msgs/share/teleop_tools_msgs/cmake/export_teleop_tools_msgs__rosidl_generator_cExport-release.cmake
[2.044s] -- Up-to-date: /home/ircv7/RACE/real_ws/install/teleop_tools_msgs/share/teleop_tools_msgs/cmake/export_teleop_tools_msgs__rosidl_typesupport_fastrtps_cExport.cmake
[2.044s] -- Up-to-date: /home/ircv7/RACE/real_ws/install/teleop_tools_msgs/share/teleop_tools_msgs/cmake/export_teleop_tools_msgs__rosidl_typesupport_fastrtps_cExport-release.cmake
[2.044s] -- Up-to-date: /home/ircv7/RACE/real_ws/install/teleop_tools_msgs/share/teleop_tools_msgs/cmake/teleop_tools_msgs__rosidl_typesupport_introspection_cExport.cmake
[2.045s] -- Up-to-date: /home/ircv7/RACE/real_ws/install/teleop_tools_msgs/share/teleop_tools_msgs/cmake/teleop_tools_msgs__rosidl_typesupport_introspection_cExport-release.cmake
[2.045s] -- Up-to-date: /home/ircv7/RACE/real_ws/install/teleop_tools_msgs/share/teleop_tools_msgs/cmake/teleop_tools_msgs__rosidl_typesupport_cExport.cmake
[2.045s] -- Up-to-date: /home/ircv7/RACE/real_ws/install/teleop_tools_msgs/share/teleop_tools_msgs/cmake/teleop_tools_msgs__rosidl_typesupport_cExport-release.cmake
[2.047s] -- Up-to-date: /home/ircv7/RACE/real_ws/install/teleop_tools_msgs/share/teleop_tools_msgs/cmake/export_teleop_tools_msgs__rosidl_generator_cppExport.cmake
[2.047s] -- Up-to-date: /home/ircv7/RACE/real_ws/install/teleop_tools_msgs/share/teleop_tools_msgs/cmake/export_teleop_tools_msgs__rosidl_typesupport_fastrtps_cppExport.cmake
[2.047s] -- Up-to-date: /home/ircv7/RACE/real_ws/install/teleop_tools_msgs/share/teleop_tools_msgs/cmake/export_teleop_tools_msgs__rosidl_typesupport_fastrtps_cppExport-release.cmake
[2.047s] -- Up-to-date: /home/ircv7/RACE/real_ws/install/teleop_tools_msgs/share/teleop_tools_msgs/cmake/teleop_tools_msgs__rosidl_typesupport_introspection_cppExport.cmake
[2.047s] -- Up-to-date: /home/ircv7/RACE/real_ws/install/teleop_tools_msgs/share/teleop_tools_msgs/cmake/teleop_tools_msgs__rosidl_typesupport_introspection_cppExport-release.cmake
[2.047s] -- Up-to-date: /home/ircv7/RACE/real_ws/install/teleop_tools_msgs/share/teleop_tools_msgs/cmake/teleop_tools_msgs__rosidl_typesupport_cppExport.cmake
[2.049s] -- Up-to-date: /home/ircv7/RACE/real_ws/install/teleop_tools_msgs/share/teleop_tools_msgs/cmake/teleop_tools_msgs__rosidl_typesupport_cppExport-release.cmake
[2.049s] -- Up-to-date: /home/ircv7/RACE/real_ws/install/teleop_tools_msgs/share/teleop_tools_msgs/cmake/export_teleop_tools_msgs__rosidl_generator_pyExport.cmake
[2.049s] -- Up-to-date: /home/ircv7/RACE/real_ws/install/teleop_tools_msgs/share/teleop_tools_msgs/cmake/export_teleop_tools_msgs__rosidl_generator_pyExport-release.cmake
[2.160s] Invoked command in '/home/ircv7/RACE/real_ws/build/teleop_tools_msgs' returned '0': CMAKE_PREFIX_PATH=/opt/ros/humble /usr/bin/cmake --install /home/ircv7/RACE/real_ws/build/teleop_tools_msgs
