[0.133s] Invoking command in '/home/ircv7/RACE/real_ws/build/vesc_driver': AMENT_PREFIX_PATH=/home/ircv7/RACE/real_ws/install/vesc_msgs:${AMENT_PREFIX_PATH} CMAKE_PREFIX_PATH=/home/ircv7/RACE/real_ws/install/vesc_msgs:/opt/ros/humble LD_LIBRARY_PATH=/home/ircv7/RACE/real_ws/install/vesc_msgs/lib:${LD_LIBRARY_PATH} PYTHONPATH=/home/ircv7/RACE/real_ws/install/vesc_msgs/local/lib/python3.10/dist-packages:${PYTHONPATH} /usr/bin/cmake /home/ircv7/RACE/real_ws/src/f1tenth_system/vesc/vesc_driver -DCMAKE_BUILD_TYPE=Release -DAMENT_CMAKE_SYMLINK_INSTALL=1 -DCMAKE_INSTALL_PREFIX=/home/ircv7/RACE/real_ws/install/vesc_driver
[0.195s] -- Found ament_cmake_auto: 1.3.12 (/opt/ros/humble/share/ament_cmake_auto/cmake)
[1.032s] -- Override CMake install command with custom implementation using symlinks instead of copying resources
[1.390s] -- Found rosidl_generator_c: 3.1.7 (/opt/ros/humble/share/rosidl_generator_c/cmake)
[1.395s] -- Found rosidl_adapter: 3.1.7 (/opt/ros/humble/share/rosidl_adapter/cmake)
[1.411s] -- Found rosidl_generator_cpp: 3.1.7 (/opt/ros/humble/share/rosidl_generator_cpp/cmake)
[1.438s] -- Using all available rosidl_typesupport_c: rosidl_typesupport_fastrtps_c;rosidl_typesupport_introspection_c
[1.481s] -- Using all available rosidl_typesupport_cpp: rosidl_typesupport_fastrtps_cpp;rosidl_typesupport_introspection_cpp
[1.586s] -- Found rmw_implementation_cmake: 6.1.2 (/opt/ros/humble/share/rmw_implementation_cmake/cmake)
[1.591s] -- Found rmw_fastrtps_cpp: 6.2.8 (/opt/ros/humble/share/rmw_fastrtps_cpp/cmake)
[2.047s] -- Using RMW implementation 'rmw_fastrtps_cpp' as default
[2.431s] -- Found asio_cmake_module: 1.2.0 (/opt/ros/humble/share/asio_cmake_module/cmake)
[2.583s] -- Found ament_lint_auto: 0.12.14 (/opt/ros/humble/share/ament_lint_auto/cmake)
[2.599s] [0mIn this package, headers install destination is set to `include` by ament_auto_package. It is recommended to install `include/vesc_driver` instead and will be the default behavior of ament_auto_package from ROS 2 Kilted Kaiju. On distributions before Kilted, ament_auto_package behaves the same way when you use USE_SCOPED_HEADER_INSTALL_DIR option.[0m
[2.635s] -- Added test 'copyright' to check source files copyright and LICENSE
[2.639s] -- Added test 'cppcheck' to perform static code analysis on C / C++ code
[2.640s] -- Configured cppcheck include dirs: /home/ircv7/RACE/real_ws/src/f1tenth_system/vesc/vesc_driver/include
[2.641s] -- Configured cppcheck exclude dirs and/or files: 
[2.645s] -- Added test 'cpplint' to check C / C++ code against the Google style
[2.645s] -- Configured cpplint exclude dirs and/or files: 
[2.646s] -- Added test 'flake8' to check Python code syntax and style conventions
[2.647s] -- Added test 'lint_cmake' to check CMake code style
[2.648s] -- Added test 'pep257' to check Python code against some of the docstring style conventions in PEP 257
[2.651s] -- Added test 'uncrustify' to check C / C++ code style
[2.651s] -- Configured uncrustify additional arguments: 
[2.652s] -- Added test 'xmllint' to check XML markup files
[2.666s] -- Configuring done
[2.817s] -- Generating done
[2.868s] -- Build files have been written to: /home/ircv7/RACE/real_ws/build/vesc_driver
[2.930s] Invoked command in '/home/ircv7/RACE/real_ws/build/vesc_driver' returned '0': AMENT_PREFIX_PATH=/home/ircv7/RACE/real_ws/install/vesc_msgs:${AMENT_PREFIX_PATH} CMAKE_PREFIX_PATH=/home/ircv7/RACE/real_ws/install/vesc_msgs:/opt/ros/humble LD_LIBRARY_PATH=/home/ircv7/RACE/real_ws/install/vesc_msgs/lib:${LD_LIBRARY_PATH} PYTHONPATH=/home/ircv7/RACE/real_ws/install/vesc_msgs/local/lib/python3.10/dist-packages:${PYTHONPATH} /usr/bin/cmake /home/ircv7/RACE/real_ws/src/f1tenth_system/vesc/vesc_driver -DCMAKE_BUILD_TYPE=Release -DAMENT_CMAKE_SYMLINK_INSTALL=1 -DCMAKE_INSTALL_PREFIX=/home/ircv7/RACE/real_ws/install/vesc_driver
[2.932s] Invoking command in '/home/ircv7/RACE/real_ws/build/vesc_driver': AMENT_PREFIX_PATH=/home/ircv7/RACE/real_ws/install/vesc_msgs:${AMENT_PREFIX_PATH} CMAKE_PREFIX_PATH=/home/ircv7/RACE/real_ws/install/vesc_msgs:/opt/ros/humble LD_LIBRARY_PATH=/home/ircv7/RACE/real_ws/install/vesc_msgs/lib:${LD_LIBRARY_PATH} PYTHONPATH=/home/ircv7/RACE/real_ws/install/vesc_msgs/local/lib/python3.10/dist-packages:${PYTHONPATH} /usr/bin/cmake --build /home/ircv7/RACE/real_ws/build/vesc_driver -- -j6 -l6
[3.199s] [35m[1mConsolidate compiler generated dependencies of target vesc_driver_node[0m
[3.218s] [35m[1mConsolidate compiler generated dependencies of target vesc_driver[0m
[3.276s] [ 10%] [32mBuilding CXX object CMakeFiles/vesc_driver_node.dir/rclcpp_components/node_main_vesc_driver_node.cpp.o[0m
[3.391s] [ 20%] [32mBuilding CXX object CMakeFiles/vesc_driver.dir/src/vesc_interface.cpp.o[0m
[3.396s] [ 30%] [32mBuilding CXX object CMakeFiles/vesc_driver.dir/src/vesc_driver.cpp.o[0m
[3.406s] [ 40%] [32mBuilding CXX object CMakeFiles/vesc_driver.dir/src/vesc_packet.cpp.o[0m
[3.427s] [ 50%] [32mBuilding CXX object CMakeFiles/vesc_driver.dir/src/vesc_packet_factory.cpp.o[0m
[24.027s] [ 60%] [32m[1mLinking CXX executable vesc_driver_node[0m
[24.867s] [ 60%] Built target vesc_driver_node
[58.534s] [ 70%] [32m[1mLinking CXX shared library libvesc_driver.so[0m
[58.993s] [ 70%] Built target vesc_driver
[59.017s] [35m[1mConsolidate compiler generated dependencies of target vesc_device_namer[0m
[59.054s] [ 80%] [32mBuilding CXX object CMakeFiles/vesc_device_namer.dir/src/vesc_device_namer.cpp.o[0m
[60.375s] [ 90%] [32mBuilding CXX object CMakeFiles/vesc_device_namer.dir/src/vesc_device_uuid_lookup.cpp.o[0m
[62.454s] [100%] [32m[1mLinking CXX executable vesc_device_namer[0m
[62.785s] [100%] Built target vesc_device_namer
[62.820s] Invoked command in '/home/ircv7/RACE/real_ws/build/vesc_driver' returned '0': AMENT_PREFIX_PATH=/home/ircv7/RACE/real_ws/install/vesc_msgs:${AMENT_PREFIX_PATH} CMAKE_PREFIX_PATH=/home/ircv7/RACE/real_ws/install/vesc_msgs:/opt/ros/humble LD_LIBRARY_PATH=/home/ircv7/RACE/real_ws/install/vesc_msgs/lib:${LD_LIBRARY_PATH} PYTHONPATH=/home/ircv7/RACE/real_ws/install/vesc_msgs/local/lib/python3.10/dist-packages:${PYTHONPATH} /usr/bin/cmake --build /home/ircv7/RACE/real_ws/build/vesc_driver -- -j6 -l6
[62.829s] Invoking command in '/home/ircv7/RACE/real_ws/build/vesc_driver': AMENT_PREFIX_PATH=/home/ircv7/RACE/real_ws/install/vesc_msgs:${AMENT_PREFIX_PATH} CMAKE_PREFIX_PATH=/home/ircv7/RACE/real_ws/install/vesc_msgs:/opt/ros/humble LD_LIBRARY_PATH=/home/ircv7/RACE/real_ws/install/vesc_msgs/lib:${LD_LIBRARY_PATH} PYTHONPATH=/home/ircv7/RACE/real_ws/install/vesc_msgs/local/lib/python3.10/dist-packages:${PYTHONPATH} /usr/bin/cmake --install /home/ircv7/RACE/real_ws/build/vesc_driver
[62.855s] -- Install configuration: "Release"
[62.861s] -- Execute custom install script
[62.863s] -- Symlinking: /home/ircv7/RACE/real_ws/install/vesc_driver/lib/vesc_driver/vesc_driver_node
[62.896s] -- Symlinking: /home/ircv7/RACE/real_ws/install/vesc_driver/include/vesc_driver/crc.hpp
[62.922s] -- Symlinking: /home/ircv7/RACE/real_ws/install/vesc_driver/include/vesc_driver/datatypes.hpp
[62.942s] -- Symlinking: /home/ircv7/RACE/real_ws/install/vesc_driver/include/vesc_driver/vesc_device_uuid_lookup.hpp
[62.960s] -- Symlinking: /home/ircv7/RACE/real_ws/install/vesc_driver/include/vesc_driver/vesc_driver.hpp
[62.979s] -- Symlinking: /home/ircv7/RACE/real_ws/install/vesc_driver/include/vesc_driver/vesc_interface.hpp
[62.997s] -- Symlinking: /home/ircv7/RACE/real_ws/install/vesc_driver/include/vesc_driver/vesc_packet.hpp
[63.021s] -- Symlinking: /home/ircv7/RACE/real_ws/install/vesc_driver/include/vesc_driver/vesc_packet_factory.hpp
[63.041s] -- Symlinking: /home/ircv7/RACE/real_ws/install/vesc_driver/share/vesc_driver/environment/library_path.sh
[63.059s] -- Symlinking: /home/ircv7/RACE/real_ws/install/vesc_driver/share/vesc_driver/environment/library_path.dsv
[63.080s] -- Symlinking: /home/ircv7/RACE/real_ws/install/vesc_driver/lib/libvesc_driver.so
[63.100s] -- Symlinking: /home/ircv7/RACE/real_ws/install/vesc_driver/lib/vesc_driver/vesc_device_namer
[63.120s] -- Symlinking: /home/ircv7/RACE/real_ws/install/vesc_driver/share/vesc_driver/launch/vesc_driver_node.launch.py
[63.147s] -- Symlinking: /home/ircv7/RACE/real_ws/install/vesc_driver/share/vesc_driver/params/vesc_config.yaml
[63.173s] -- Symlinking: /home/ircv7/RACE/real_ws/install/vesc_driver/share/ament_index/resource_index/package_run_dependencies/vesc_driver
[63.196s] -- Symlinking: /home/ircv7/RACE/real_ws/install/vesc_driver/share/ament_index/resource_index/parent_prefix_path/vesc_driver
[63.232s] -- Symlinking: /home/ircv7/RACE/real_ws/install/vesc_driver/share/vesc_driver/environment/ament_prefix_path.sh
[63.264s] -- Symlinking: /home/ircv7/RACE/real_ws/install/vesc_driver/share/vesc_driver/environment/ament_prefix_path.dsv
[63.284s] -- Symlinking: /home/ircv7/RACE/real_ws/install/vesc_driver/share/vesc_driver/environment/path.sh
[63.326s] -- Symlinking: /home/ircv7/RACE/real_ws/install/vesc_driver/share/vesc_driver/environment/path.dsv
[63.359s] -- Symlinking: /home/ircv7/RACE/real_ws/install/vesc_driver/share/vesc_driver/local_setup.bash
[63.378s] -- Symlinking: /home/ircv7/RACE/real_ws/install/vesc_driver/share/vesc_driver/local_setup.sh
[63.396s] -- Symlinking: /home/ircv7/RACE/real_ws/install/vesc_driver/share/vesc_driver/local_setup.zsh
[63.416s] -- Symlinking: /home/ircv7/RACE/real_ws/install/vesc_driver/share/vesc_driver/local_setup.dsv
[63.436s] -- Symlinking: /home/ircv7/RACE/real_ws/install/vesc_driver/share/vesc_driver/package.dsv
[63.457s] -- Symlinking: /home/ircv7/RACE/real_ws/install/vesc_driver/share/ament_index/resource_index/packages/vesc_driver
[63.478s] -- Symlinking: /home/ircv7/RACE/real_ws/install/vesc_driver/share/ament_index/resource_index/rclcpp_components/vesc_driver
[63.500s] -- Symlinking: /home/ircv7/RACE/real_ws/install/vesc_driver/share/vesc_driver/cmake/ament_cmake_export_dependencies-extras.cmake
[63.525s] -- Symlinking: /home/ircv7/RACE/real_ws/install/vesc_driver/share/vesc_driver/cmake/ament_cmake_export_include_directories-extras.cmake
[63.544s] -- Symlinking: /home/ircv7/RACE/real_ws/install/vesc_driver/share/vesc_driver/cmake/ament_cmake_export_libraries-extras.cmake
[63.566s] -- Symlinking: /home/ircv7/RACE/real_ws/install/vesc_driver/share/vesc_driver/cmake/vesc_driverConfig.cmake
[63.584s] -- Symlinking: /home/ircv7/RACE/real_ws/install/vesc_driver/share/vesc_driver/cmake/vesc_driverConfig-version.cmake
[63.600s] -- Symlinking: /home/ircv7/RACE/real_ws/install/vesc_driver/share/vesc_driver/package.xml
[63.624s] Invoked command in '/home/ircv7/RACE/real_ws/build/vesc_driver' returned '0': AMENT_PREFIX_PATH=/home/ircv7/RACE/real_ws/install/vesc_msgs:${AMENT_PREFIX_PATH} CMAKE_PREFIX_PATH=/home/ircv7/RACE/real_ws/install/vesc_msgs:/opt/ros/humble LD_LIBRARY_PATH=/home/ircv7/RACE/real_ws/install/vesc_msgs/lib:${LD_LIBRARY_PATH} PYTHONPATH=/home/ircv7/RACE/real_ws/install/vesc_msgs/local/lib/python3.10/dist-packages:${PYTHONPATH} /usr/bin/cmake --install /home/ircv7/RACE/real_ws/build/vesc_driver
