[4.280s] Invoking command in '/home/ircv7/RACE/real_ws/build/key_teleop': PYTHONPATH=/home/ircv7/RACE/real_ws/build/key_teleop/prefix_override:/usr/lib/python3/dist-packages/colcon_core/task/python/colcon_distutils_commands:/home/ircv7/RACE/real_ws/install/key_teleop/lib/python3.10/site-packages:${PYTHONPATH} /usr/bin/python3 -W ignore:setup.py install is deprecated -W ignore:easy_install command is deprecated setup.py develop --editable --build-directory /home/ircv7/RACE/real_ws/build/key_teleop/build --no-deps symlink_data
[4.724s] /home/ircv7/.local/lib/python3.10/site-packages/setuptools/dist.py:476: SetuptoolsDeprecationWarning: Invalid dash-separated options
[4.724s] !!
[4.724s] 
[4.725s]         ********************************************************************************
[4.725s]         Usage of dash-separated 'script-dir' will not be supported in future
[4.725s]         versions. Please use the underscore name 'script_dir' instead.
[4.725s] 
[4.725s]         This deprecation is overdue, please update your project and remove deprecated
[4.725s]         calls to avoid build errors in the future.
[4.725s] 
[4.725s]         See https://setuptools.pypa.io/en/latest/userguide/declarative_config.html for details.
[4.725s]         ********************************************************************************
[4.726s] 
[4.726s] !!
[4.726s]   opt = self.warn_dash_deprecation(opt, section)
[5.392s] running develop
[6.138s] running egg_info
[6.212s] writing key_teleop.egg-info/PKG-INFO
[6.214s] writing dependency_links to key_teleop.egg-info/dependency_links.txt
[6.214s] writing entry points to key_teleop.egg-info/entry_points.txt
[6.214s] writing requirements to key_teleop.egg-info/requires.txt
[6.217s] writing top-level names to key_teleop.egg-info/top_level.txt
[6.320s] reading manifest file 'key_teleop.egg-info/SOURCES.txt'
[6.324s] writing manifest file 'key_teleop.egg-info/SOURCES.txt'
[6.622s] running build_ext
[6.623s] Creating /home/ircv7/RACE/real_ws/install/key_teleop/lib/python3.10/site-packages/key-teleop.egg-link (link to .)
[6.625s] Installing key_teleop script to /home/ircv7/RACE/real_ws/install/key_teleop/lib/key_teleop
[6.627s] 
[6.627s] Installed /home/ircv7/RACE/real_ws/build/key_teleop
[6.627s] running symlink_data
[6.831s] Invoked command in '/home/ircv7/RACE/real_ws/build/key_teleop' returned '0': PYTHONPATH=/home/ircv7/RACE/real_ws/build/key_teleop/prefix_override:/usr/lib/python3/dist-packages/colcon_core/task/python/colcon_distutils_commands:/home/ircv7/RACE/real_ws/install/key_teleop/lib/python3.10/site-packages:${PYTHONPATH} /usr/bin/python3 -W ignore:setup.py install is deprecated -W ignore:easy_install command is deprecated setup.py develop --editable --build-directory /home/ircv7/RACE/real_ws/build/key_teleop/build --no-deps symlink_data
