[0.071s] Invoking command in '/home/ircv7/RACE/real_ws/build/teleop_tools': AMENT_PREFIX_PATH=/home/ircv7/RACE/real_ws/install/joy_teleop:/home/ircv7/RACE/real_ws/install/teleop_tools_msgs:/home/ircv7/RACE/real_ws/install/key_teleop:${AMENT_PREFIX_PATH} CMAKE_PREFIX_PATH=/home/ircv7/RACE/real_ws/install/teleop_tools_msgs:/opt/ros/humble LD_LIBRARY_PATH=/home/ircv7/RACE/real_ws/install/teleop_tools_msgs/lib:${LD_LIBRARY_PATH} PYTHONPATH=/home/ircv7/RACE/real_ws/build/joy_teleop:/home/ircv7/RACE/real_ws/install/joy_teleop/lib/python3.10/site-packages:/home/ircv7/RACE/real_ws/install/teleop_tools_msgs/local/lib/python3.10/dist-packages:/home/ircv7/RACE/real_ws/build/key_teleop:/home/ircv7/RACE/real_ws/install/key_teleop/lib/python3.10/site-packages:${PYTHONPATH} /usr/bin/cmake /home/ircv7/RACE/real_ws/src/f1tenth_system/teleop_tools/teleop_tools -DCMAKE_BUILD_TYPE=Release -DAMENT_CMAKE_SYMLINK_INSTALL=1 -DCMAKE_INSTALL_PREFIX=/home/ircv7/RACE/real_ws/install/teleop_tools
[0.118s] -- Found ament_cmake: 1.3.12 (/opt/ros/humble/share/ament_cmake/cmake)
[0.550s] -- Override CMake install command with custom implementation using symlinks instead of copying resources
[1.084s] -- Configuring done
[1.120s] -- Generating done
[1.138s] -- Build files have been written to: /home/ircv7/RACE/real_ws/build/teleop_tools
[1.163s] Invoked command in '/home/ircv7/RACE/real_ws/build/teleop_tools' returned '0': AMENT_PREFIX_PATH=/home/ircv7/RACE/real_ws/install/joy_teleop:/home/ircv7/RACE/real_ws/install/teleop_tools_msgs:/home/ircv7/RACE/real_ws/install/key_teleop:${AMENT_PREFIX_PATH} CMAKE_PREFIX_PATH=/home/ircv7/RACE/real_ws/install/teleop_tools_msgs:/opt/ros/humble LD_LIBRARY_PATH=/home/ircv7/RACE/real_ws/install/teleop_tools_msgs/lib:${LD_LIBRARY_PATH} PYTHONPATH=/home/ircv7/RACE/real_ws/build/joy_teleop:/home/ircv7/RACE/real_ws/install/joy_teleop/lib/python3.10/site-packages:/home/ircv7/RACE/real_ws/install/teleop_tools_msgs/local/lib/python3.10/dist-packages:/home/ircv7/RACE/real_ws/build/key_teleop:/home/ircv7/RACE/real_ws/install/key_teleop/lib/python3.10/site-packages:${PYTHONPATH} /usr/bin/cmake /home/ircv7/RACE/real_ws/src/f1tenth_system/teleop_tools/teleop_tools -DCMAKE_BUILD_TYPE=Release -DAMENT_CMAKE_SYMLINK_INSTALL=1 -DCMAKE_INSTALL_PREFIX=/home/ircv7/RACE/real_ws/install/teleop_tools
[1.164s] Invoking command in '/home/ircv7/RACE/real_ws/build/teleop_tools': AMENT_PREFIX_PATH=/home/ircv7/RACE/real_ws/install/joy_teleop:/home/ircv7/RACE/real_ws/install/teleop_tools_msgs:/home/ircv7/RACE/real_ws/install/key_teleop:${AMENT_PREFIX_PATH} CMAKE_PREFIX_PATH=/home/ircv7/RACE/real_ws/install/teleop_tools_msgs:/opt/ros/humble LD_LIBRARY_PATH=/home/ircv7/RACE/real_ws/install/teleop_tools_msgs/lib:${LD_LIBRARY_PATH} PYTHONPATH=/home/ircv7/RACE/real_ws/build/joy_teleop:/home/ircv7/RACE/real_ws/install/joy_teleop/lib/python3.10/site-packages:/home/ircv7/RACE/real_ws/install/teleop_tools_msgs/local/lib/python3.10/dist-packages:/home/ircv7/RACE/real_ws/build/key_teleop:/home/ircv7/RACE/real_ws/install/key_teleop/lib/python3.10/site-packages:${PYTHONPATH} /usr/bin/cmake --build /home/ircv7/RACE/real_ws/build/teleop_tools -- -j6 -l6
[1.417s] Invoked command in '/home/ircv7/RACE/real_ws/build/teleop_tools' returned '0': AMENT_PREFIX_PATH=/home/ircv7/RACE/real_ws/install/joy_teleop:/home/ircv7/RACE/real_ws/install/teleop_tools_msgs:/home/ircv7/RACE/real_ws/install/key_teleop:${AMENT_PREFIX_PATH} CMAKE_PREFIX_PATH=/home/ircv7/RACE/real_ws/install/teleop_tools_msgs:/opt/ros/humble LD_LIBRARY_PATH=/home/ircv7/RACE/real_ws/install/teleop_tools_msgs/lib:${LD_LIBRARY_PATH} PYTHONPATH=/home/ircv7/RACE/real_ws/build/joy_teleop:/home/ircv7/RACE/real_ws/install/joy_teleop/lib/python3.10/site-packages:/home/ircv7/RACE/real_ws/install/teleop_tools_msgs/local/lib/python3.10/dist-packages:/home/ircv7/RACE/real_ws/build/key_teleop:/home/ircv7/RACE/real_ws/install/key_teleop/lib/python3.10/site-packages:${PYTHONPATH} /usr/bin/cmake --build /home/ircv7/RACE/real_ws/build/teleop_tools -- -j6 -l6
[1.418s] Invoking command in '/home/ircv7/RACE/real_ws/build/teleop_tools': AMENT_PREFIX_PATH=/home/ircv7/RACE/real_ws/install/joy_teleop:/home/ircv7/RACE/real_ws/install/teleop_tools_msgs:/home/ircv7/RACE/real_ws/install/key_teleop:${AMENT_PREFIX_PATH} CMAKE_PREFIX_PATH=/home/ircv7/RACE/real_ws/install/teleop_tools_msgs:/opt/ros/humble LD_LIBRARY_PATH=/home/ircv7/RACE/real_ws/install/teleop_tools_msgs/lib:${LD_LIBRARY_PATH} PYTHONPATH=/home/ircv7/RACE/real_ws/build/joy_teleop:/home/ircv7/RACE/real_ws/install/joy_teleop/lib/python3.10/site-packages:/home/ircv7/RACE/real_ws/install/teleop_tools_msgs/local/lib/python3.10/dist-packages:/home/ircv7/RACE/real_ws/build/key_teleop:/home/ircv7/RACE/real_ws/install/key_teleop/lib/python3.10/site-packages:${PYTHONPATH} /usr/bin/cmake --install /home/ircv7/RACE/real_ws/build/teleop_tools
[1.472s] -- Install configuration: "Release"
[1.473s] -- Execute custom install script
[1.473s] -- Up-to-date symlink: /home/ircv7/RACE/real_ws/install/teleop_tools/share/ament_index/resource_index/package_run_dependencies/teleop_tools
[1.474s] -- Up-to-date symlink: /home/ircv7/RACE/real_ws/install/teleop_tools/share/ament_index/resource_index/parent_prefix_path/teleop_tools
[1.474s] -- Up-to-date symlink: /home/ircv7/RACE/real_ws/install/teleop_tools/share/teleop_tools/environment/ament_prefix_path.sh
[1.478s] -- Up-to-date symlink: /home/ircv7/RACE/real_ws/install/teleop_tools/share/teleop_tools/environment/ament_prefix_path.dsv
[1.478s] -- Up-to-date symlink: /home/ircv7/RACE/real_ws/install/teleop_tools/share/teleop_tools/environment/path.sh
[1.478s] -- Up-to-date symlink: /home/ircv7/RACE/real_ws/install/teleop_tools/share/teleop_tools/environment/path.dsv
[1.482s] -- Up-to-date symlink: /home/ircv7/RACE/real_ws/install/teleop_tools/share/teleop_tools/local_setup.bash
[1.484s] -- Up-to-date symlink: /home/ircv7/RACE/real_ws/install/teleop_tools/share/teleop_tools/local_setup.sh
[1.485s] -- Up-to-date symlink: /home/ircv7/RACE/real_ws/install/teleop_tools/share/teleop_tools/local_setup.zsh
[1.487s] -- Up-to-date symlink: /home/ircv7/RACE/real_ws/install/teleop_tools/share/teleop_tools/local_setup.dsv
[1.488s] -- Symlinking: /home/ircv7/RACE/real_ws/install/teleop_tools/share/teleop_tools/package.dsv
[1.569s] -- Up-to-date symlink: /home/ircv7/RACE/real_ws/install/teleop_tools/share/ament_index/resource_index/packages/teleop_tools
[1.570s] -- Up-to-date symlink: /home/ircv7/RACE/real_ws/install/teleop_tools/share/teleop_tools/cmake/teleop_toolsConfig.cmake
[1.570s] -- Up-to-date symlink: /home/ircv7/RACE/real_ws/install/teleop_tools/share/teleop_tools/cmake/teleop_toolsConfig-version.cmake
[1.570s] -- Up-to-date symlink: /home/ircv7/RACE/real_ws/install/teleop_tools/share/teleop_tools/package.xml
[1.581s] Invoked command in '/home/ircv7/RACE/real_ws/build/teleop_tools' returned '0': AMENT_PREFIX_PATH=/home/ircv7/RACE/real_ws/install/joy_teleop:/home/ircv7/RACE/real_ws/install/teleop_tools_msgs:/home/ircv7/RACE/real_ws/install/key_teleop:${AMENT_PREFIX_PATH} CMAKE_PREFIX_PATH=/home/ircv7/RACE/real_ws/install/teleop_tools_msgs:/opt/ros/humble LD_LIBRARY_PATH=/home/ircv7/RACE/real_ws/install/teleop_tools_msgs/lib:${LD_LIBRARY_PATH} PYTHONPATH=/home/ircv7/RACE/real_ws/build/joy_teleop:/home/ircv7/RACE/real_ws/install/joy_teleop/lib/python3.10/site-packages:/home/ircv7/RACE/real_ws/install/teleop_tools_msgs/local/lib/python3.10/dist-packages:/home/ircv7/RACE/real_ws/build/key_teleop:/home/ircv7/RACE/real_ws/install/key_teleop/lib/python3.10/site-packages:${PYTHONPATH} /usr/bin/cmake --install /home/ircv7/RACE/real_ws/build/teleop_tools
