[0.335s] DEBUG:colcon:Command line arguments: ['/usr/bin/colcon', 'build', '--packages-select', 'slam_nav']
[0.335s] DEBUG:colcon:Parsed command line arguments: Namespace(log_base=None, log_level=None, verb_name='build', build_base='build', install_base='install', merge_install=False, symlink_install=False, test_result_base=None, continue_on_error=False, executor='parallel', parallel_workers=6, event_handlers=None, ignore_user_meta=False, metas=['./colcon.meta'], base_paths=['.'], packages_ignore=None, packages_ignore_regex=None, paths=None, packages_up_to=None, packages_up_to_regex=None, packages_above=None, packages_above_and_dependencies=None, packages_above_depth=None, packages_select_by_dep=None, packages_skip_by_dep=None, packages_skip_up_to=None, packages_select_build_failed=False, packages_skip_build_finished=False, packages_select_test_failures=False, packages_skip_test_passed=False, packages_select=['slam_nav'], packages_skip=None, packages_select_regex=None, packages_skip_regex=None, packages_start=None, packages_end=None, allow_overriding=[], cmake_args=None, cmake_target=None, cmake_target_skip_unavailable=False, cmake_clean_cache=False, cmake_clean_first=False, cmake_force_configure=False, ament_cmake_args=None, catkin_cmake_args=None, catkin_skip_building_tests=False, mixin_files=None, mixin=None, verb_parser=<colcon_mixin.mixin.mixin_argument.MixinArgumentDecorator object at 0xffff88cef790>, verb_extension=<colcon_core.verb.build.BuildVerb object at 0xffff88e31030>, main=<bound method BuildVerb.main of <colcon_core.verb.build.BuildVerb object at 0xffff88e31030>>, mixin_verb=('build',))
[0.637s] Level 1:colcon.colcon_core.package_discovery:discover_packages(colcon_meta) check parameters
[0.637s] Level 1:colcon.colcon_core.package_discovery:discover_packages(recursive) check parameters
[0.637s] Level 1:colcon.colcon_core.package_discovery:discover_packages(ignore) check parameters
[0.637s] Level 1:colcon.colcon_core.package_discovery:discover_packages(path) check parameters
[0.637s] Level 1:colcon.colcon_core.package_discovery:discover_packages(colcon_meta) discover
[0.637s] Level 1:colcon.colcon_core.package_discovery:discover_packages(recursive) discover
[0.638s] INFO:colcon.colcon_core.package_discovery:Crawling recursively for packages in '/home/ircv7/RACE/real_ws'
[0.638s] Level 1:colcon.colcon_core.package_identification:_identify(.) by extensions ['ignore', 'ignore_ament_install']
[0.638s] Level 1:colcon.colcon_core.package_identification:_identify(.) by extension 'ignore'
[0.638s] Level 1:colcon.colcon_core.package_identification:_identify(.) by extension 'ignore_ament_install'
[0.638s] Level 1:colcon.colcon_core.package_identification:_identify(.) by extensions ['colcon_pkg']
[0.638s] Level 1:colcon.colcon_core.package_identification:_identify(.) by extension 'colcon_pkg'
[0.638s] Level 1:colcon.colcon_core.package_identification:_identify(.) by extensions ['colcon_meta']
[0.638s] Level 1:colcon.colcon_core.package_identification:_identify(.) by extension 'colcon_meta'
[0.639s] Level 1:colcon.colcon_core.package_identification:_identify(.) by extensions ['ros']
[0.639s] Level 1:colcon.colcon_core.package_identification:_identify(.) by extension 'ros'
[0.663s] Level 1:colcon.colcon_core.package_identification:_identify(.) by extensions ['cmake', 'python']
[0.663s] Level 1:colcon.colcon_core.package_identification:_identify(.) by extension 'cmake'
[0.663s] Level 1:colcon.colcon_core.package_identification:_identify(.) by extension 'python'
[0.663s] Level 1:colcon.colcon_core.package_identification:_identify(.) by extensions ['python_setup_py']
[0.663s] Level 1:colcon.colcon_core.package_identification:_identify(.) by extension 'python_setup_py'
[0.664s] Level 1:colcon.colcon_core.package_identification:_identify(build) by extensions ['ignore', 'ignore_ament_install']
[0.664s] Level 1:colcon.colcon_core.package_identification:_identify(build) by extension 'ignore'
[0.664s] Level 1:colcon.colcon_core.package_identification:_identify(build) ignored
[0.664s] Level 1:colcon.colcon_core.package_identification:_identify(install) by extensions ['ignore', 'ignore_ament_install']
[0.664s] Level 1:colcon.colcon_core.package_identification:_identify(install) by extension 'ignore'
[0.665s] Level 1:colcon.colcon_core.package_identification:_identify(install) ignored
[0.665s] Level 1:colcon.colcon_core.package_identification:_identify(log) by extensions ['ignore', 'ignore_ament_install']
[0.665s] Level 1:colcon.colcon_core.package_identification:_identify(log) by extension 'ignore'
[0.665s] Level 1:colcon.colcon_core.package_identification:_identify(log) ignored
[0.665s] Level 1:colcon.colcon_core.package_identification:_identify(map_global_path_bound) by extensions ['ignore', 'ignore_ament_install']
[0.665s] Level 1:colcon.colcon_core.package_identification:_identify(map_global_path_bound) by extension 'ignore'
[0.665s] Level 1:colcon.colcon_core.package_identification:_identify(map_global_path_bound) by extension 'ignore_ament_install'
[0.666s] Level 1:colcon.colcon_core.package_identification:_identify(map_global_path_bound) by extensions ['colcon_pkg']
[0.666s] Level 1:colcon.colcon_core.package_identification:_identify(map_global_path_bound) by extension 'colcon_pkg'
[0.666s] Level 1:colcon.colcon_core.package_identification:_identify(map_global_path_bound) by extensions ['colcon_meta']
[0.666s] Level 1:colcon.colcon_core.package_identification:_identify(map_global_path_bound) by extension 'colcon_meta'
[0.666s] Level 1:colcon.colcon_core.package_identification:_identify(map_global_path_bound) by extensions ['ros']
[0.666s] Level 1:colcon.colcon_core.package_identification:_identify(map_global_path_bound) by extension 'ros'
[0.666s] Level 1:colcon.colcon_core.package_identification:_identify(map_global_path_bound) by extensions ['cmake', 'python']
[0.666s] Level 1:colcon.colcon_core.package_identification:_identify(map_global_path_bound) by extension 'cmake'
[0.666s] Level 1:colcon.colcon_core.package_identification:_identify(map_global_path_bound) by extension 'python'
[0.666s] Level 1:colcon.colcon_core.package_identification:_identify(map_global_path_bound) by extensions ['python_setup_py']
[0.666s] Level 1:colcon.colcon_core.package_identification:_identify(map_global_path_bound) by extension 'python_setup_py'
[0.667s] Level 1:colcon.colcon_core.package_identification:_identify(map_global_path_bound/bounds) by extensions ['ignore', 'ignore_ament_install']
[0.667s] Level 1:colcon.colcon_core.package_identification:_identify(map_global_path_bound/bounds) by extension 'ignore'
[0.667s] Level 1:colcon.colcon_core.package_identification:_identify(map_global_path_bound/bounds) by extension 'ignore_ament_install'
[0.667s] Level 1:colcon.colcon_core.package_identification:_identify(map_global_path_bound/bounds) by extensions ['colcon_pkg']
[0.667s] Level 1:colcon.colcon_core.package_identification:_identify(map_global_path_bound/bounds) by extension 'colcon_pkg'
[0.667s] Level 1:colcon.colcon_core.package_identification:_identify(map_global_path_bound/bounds) by extensions ['colcon_meta']
[0.667s] Level 1:colcon.colcon_core.package_identification:_identify(map_global_path_bound/bounds) by extension 'colcon_meta'
[0.667s] Level 1:colcon.colcon_core.package_identification:_identify(map_global_path_bound/bounds) by extensions ['ros']
[0.667s] Level 1:colcon.colcon_core.package_identification:_identify(map_global_path_bound/bounds) by extension 'ros'
[0.668s] Level 1:colcon.colcon_core.package_identification:_identify(map_global_path_bound/bounds) by extensions ['cmake', 'python']
[0.668s] Level 1:colcon.colcon_core.package_identification:_identify(map_global_path_bound/bounds) by extension 'cmake'
[0.668s] Level 1:colcon.colcon_core.package_identification:_identify(map_global_path_bound/bounds) by extension 'python'
[0.668s] Level 1:colcon.colcon_core.package_identification:_identify(map_global_path_bound/bounds) by extensions ['python_setup_py']
[0.668s] Level 1:colcon.colcon_core.package_identification:_identify(map_global_path_bound/bounds) by extension 'python_setup_py'
[0.668s] Level 1:colcon.colcon_core.package_identification:_identify(map_global_path_bound/global_paths) by extensions ['ignore', 'ignore_ament_install']
[0.668s] Level 1:colcon.colcon_core.package_identification:_identify(map_global_path_bound/global_paths) by extension 'ignore'
[0.668s] Level 1:colcon.colcon_core.package_identification:_identify(map_global_path_bound/global_paths) by extension 'ignore_ament_install'
[0.668s] Level 1:colcon.colcon_core.package_identification:_identify(map_global_path_bound/global_paths) by extensions ['colcon_pkg']
[0.669s] Level 1:colcon.colcon_core.package_identification:_identify(map_global_path_bound/global_paths) by extension 'colcon_pkg'
[0.669s] Level 1:colcon.colcon_core.package_identification:_identify(map_global_path_bound/global_paths) by extensions ['colcon_meta']
[0.669s] Level 1:colcon.colcon_core.package_identification:_identify(map_global_path_bound/global_paths) by extension 'colcon_meta'
[0.669s] Level 1:colcon.colcon_core.package_identification:_identify(map_global_path_bound/global_paths) by extensions ['ros']
[0.669s] Level 1:colcon.colcon_core.package_identification:_identify(map_global_path_bound/global_paths) by extension 'ros'
[0.669s] Level 1:colcon.colcon_core.package_identification:_identify(map_global_path_bound/global_paths) by extensions ['cmake', 'python']
[0.669s] Level 1:colcon.colcon_core.package_identification:_identify(map_global_path_bound/global_paths) by extension 'cmake'
[0.669s] Level 1:colcon.colcon_core.package_identification:_identify(map_global_path_bound/global_paths) by extension 'python'
[0.669s] Level 1:colcon.colcon_core.package_identification:_identify(map_global_path_bound/global_paths) by extensions ['python_setup_py']
[0.669s] Level 1:colcon.colcon_core.package_identification:_identify(map_global_path_bound/global_paths) by extension 'python_setup_py'
[0.670s] Level 1:colcon.colcon_core.package_identification:_identify(map_global_path_bound/maps) by extensions ['ignore', 'ignore_ament_install']
[0.670s] Level 1:colcon.colcon_core.package_identification:_identify(map_global_path_bound/maps) by extension 'ignore'
[0.670s] Level 1:colcon.colcon_core.package_identification:_identify(map_global_path_bound/maps) by extension 'ignore_ament_install'
[0.670s] Level 1:colcon.colcon_core.package_identification:_identify(map_global_path_bound/maps) by extensions ['colcon_pkg']
[0.670s] Level 1:colcon.colcon_core.package_identification:_identify(map_global_path_bound/maps) by extension 'colcon_pkg'
[0.670s] Level 1:colcon.colcon_core.package_identification:_identify(map_global_path_bound/maps) by extensions ['colcon_meta']
[0.670s] Level 1:colcon.colcon_core.package_identification:_identify(map_global_path_bound/maps) by extension 'colcon_meta'
[0.670s] Level 1:colcon.colcon_core.package_identification:_identify(map_global_path_bound/maps) by extensions ['ros']
[0.670s] Level 1:colcon.colcon_core.package_identification:_identify(map_global_path_bound/maps) by extension 'ros'
[0.670s] Level 1:colcon.colcon_core.package_identification:_identify(map_global_path_bound/maps) by extensions ['cmake', 'python']
[0.671s] Level 1:colcon.colcon_core.package_identification:_identify(map_global_path_bound/maps) by extension 'cmake'
[0.671s] Level 1:colcon.colcon_core.package_identification:_identify(map_global_path_bound/maps) by extension 'python'
[0.671s] Level 1:colcon.colcon_core.package_identification:_identify(map_global_path_bound/maps) by extensions ['python_setup_py']
[0.671s] Level 1:colcon.colcon_core.package_identification:_identify(map_global_path_bound/maps) by extension 'python_setup_py'
[0.671s] Level 1:colcon.colcon_core.package_identification:_identify(map_global_path_bound/maps/bounds_out) by extensions ['ignore', 'ignore_ament_install']
[0.671s] Level 1:colcon.colcon_core.package_identification:_identify(map_global_path_bound/maps/bounds_out) by extension 'ignore'
[0.671s] Level 1:colcon.colcon_core.package_identification:_identify(map_global_path_bound/maps/bounds_out) by extension 'ignore_ament_install'
[0.671s] Level 1:colcon.colcon_core.package_identification:_identify(map_global_path_bound/maps/bounds_out) by extensions ['colcon_pkg']
[0.671s] Level 1:colcon.colcon_core.package_identification:_identify(map_global_path_bound/maps/bounds_out) by extension 'colcon_pkg'
[0.672s] Level 1:colcon.colcon_core.package_identification:_identify(map_global_path_bound/maps/bounds_out) by extensions ['colcon_meta']
[0.672s] Level 1:colcon.colcon_core.package_identification:_identify(map_global_path_bound/maps/bounds_out) by extension 'colcon_meta'
[0.672s] Level 1:colcon.colcon_core.package_identification:_identify(map_global_path_bound/maps/bounds_out) by extensions ['ros']
[0.672s] Level 1:colcon.colcon_core.package_identification:_identify(map_global_path_bound/maps/bounds_out) by extension 'ros'
[0.672s] Level 1:colcon.colcon_core.package_identification:_identify(map_global_path_bound/maps/bounds_out) by extensions ['cmake', 'python']
[0.672s] Level 1:colcon.colcon_core.package_identification:_identify(map_global_path_bound/maps/bounds_out) by extension 'cmake'
[0.672s] Level 1:colcon.colcon_core.package_identification:_identify(map_global_path_bound/maps/bounds_out) by extension 'python'
[0.672s] Level 1:colcon.colcon_core.package_identification:_identify(map_global_path_bound/maps/bounds_out) by extensions ['python_setup_py']
[0.672s] Level 1:colcon.colcon_core.package_identification:_identify(map_global_path_bound/maps/bounds_out) by extension 'python_setup_py'
[0.672s] Level 1:colcon.colcon_core.package_identification:_identify(rviz2_config) by extensions ['ignore', 'ignore_ament_install']
[0.673s] Level 1:colcon.colcon_core.package_identification:_identify(rviz2_config) by extension 'ignore'
[0.673s] Level 1:colcon.colcon_core.package_identification:_identify(rviz2_config) by extension 'ignore_ament_install'
[0.673s] Level 1:colcon.colcon_core.package_identification:_identify(rviz2_config) by extensions ['colcon_pkg']
[0.673s] Level 1:colcon.colcon_core.package_identification:_identify(rviz2_config) by extension 'colcon_pkg'
[0.673s] Level 1:colcon.colcon_core.package_identification:_identify(rviz2_config) by extensions ['colcon_meta']
[0.673s] Level 1:colcon.colcon_core.package_identification:_identify(rviz2_config) by extension 'colcon_meta'
[0.673s] Level 1:colcon.colcon_core.package_identification:_identify(rviz2_config) by extensions ['ros']
[0.673s] Level 1:colcon.colcon_core.package_identification:_identify(rviz2_config) by extension 'ros'
[0.673s] Level 1:colcon.colcon_core.package_identification:_identify(rviz2_config) by extensions ['cmake', 'python']
[0.673s] Level 1:colcon.colcon_core.package_identification:_identify(rviz2_config) by extension 'cmake'
[0.673s] Level 1:colcon.colcon_core.package_identification:_identify(rviz2_config) by extension 'python'
[0.673s] Level 1:colcon.colcon_core.package_identification:_identify(rviz2_config) by extensions ['python_setup_py']
[0.674s] Level 1:colcon.colcon_core.package_identification:_identify(rviz2_config) by extension 'python_setup_py'
[0.674s] Level 1:colcon.colcon_core.package_identification:_identify(src) by extensions ['ignore', 'ignore_ament_install']
[0.674s] Level 1:colcon.colcon_core.package_identification:_identify(src) by extension 'ignore'
[0.674s] Level 1:colcon.colcon_core.package_identification:_identify(src) by extension 'ignore_ament_install'
[0.674s] Level 1:colcon.colcon_core.package_identification:_identify(src) by extensions ['colcon_pkg']
[0.674s] Level 1:colcon.colcon_core.package_identification:_identify(src) by extension 'colcon_pkg'
[0.674s] Level 1:colcon.colcon_core.package_identification:_identify(src) by extensions ['colcon_meta']
[0.674s] Level 1:colcon.colcon_core.package_identification:_identify(src) by extension 'colcon_meta'
[0.674s] Level 1:colcon.colcon_core.package_identification:_identify(src) by extensions ['ros']
[0.674s] Level 1:colcon.colcon_core.package_identification:_identify(src) by extension 'ros'
[0.675s] Level 1:colcon.colcon_core.package_identification:_identify(src) by extensions ['cmake', 'python']
[0.675s] Level 1:colcon.colcon_core.package_identification:_identify(src) by extension 'cmake'
[0.675s] Level 1:colcon.colcon_core.package_identification:_identify(src) by extension 'python'
[0.675s] Level 1:colcon.colcon_core.package_identification:_identify(src) by extensions ['python_setup_py']
[0.675s] Level 1:colcon.colcon_core.package_identification:_identify(src) by extension 'python_setup_py'
[0.675s] Level 1:colcon.colcon_core.package_identification:_identify(src/app) by extensions ['ignore', 'ignore_ament_install']
[0.675s] Level 1:colcon.colcon_core.package_identification:_identify(src/app) by extension 'ignore'
[0.675s] Level 1:colcon.colcon_core.package_identification:_identify(src/app) by extension 'ignore_ament_install'
[0.676s] Level 1:colcon.colcon_core.package_identification:_identify(src/app) by extensions ['colcon_pkg']
[0.676s] Level 1:colcon.colcon_core.package_identification:_identify(src/app) by extension 'colcon_pkg'
[0.676s] Level 1:colcon.colcon_core.package_identification:_identify(src/app) by extensions ['colcon_meta']
[0.676s] Level 1:colcon.colcon_core.package_identification:_identify(src/app) by extension 'colcon_meta'
[0.676s] Level 1:colcon.colcon_core.package_identification:_identify(src/app) by extensions ['ros']
[0.676s] Level 1:colcon.colcon_core.package_identification:_identify(src/app) by extension 'ros'
[0.682s] DEBUG:colcon.colcon_core.package_identification:Package 'src/app' with type 'ros.ament_cmake' and name 'pure_pursuit'
[0.683s] Level 1:colcon.colcon_core.package_identification:_identify(src/f1tenth_system) by extensions ['ignore', 'ignore_ament_install']
[0.683s] Level 1:colcon.colcon_core.package_identification:_identify(src/f1tenth_system) by extension 'ignore'
[0.683s] Level 1:colcon.colcon_core.package_identification:_identify(src/f1tenth_system) by extension 'ignore_ament_install'
[0.683s] Level 1:colcon.colcon_core.package_identification:_identify(src/f1tenth_system) by extensions ['colcon_pkg']
[0.683s] Level 1:colcon.colcon_core.package_identification:_identify(src/f1tenth_system) by extension 'colcon_pkg'
[0.683s] Level 1:colcon.colcon_core.package_identification:_identify(src/f1tenth_system) by extensions ['colcon_meta']
[0.684s] Level 1:colcon.colcon_core.package_identification:_identify(src/f1tenth_system) by extension 'colcon_meta'
[0.684s] Level 1:colcon.colcon_core.package_identification:_identify(src/f1tenth_system) by extensions ['ros']
[0.684s] Level 1:colcon.colcon_core.package_identification:_identify(src/f1tenth_system) by extension 'ros'
[0.684s] Level 1:colcon.colcon_core.package_identification:_identify(src/f1tenth_system) by extensions ['cmake', 'python']
[0.684s] Level 1:colcon.colcon_core.package_identification:_identify(src/f1tenth_system) by extension 'cmake'
[0.684s] Level 1:colcon.colcon_core.package_identification:_identify(src/f1tenth_system) by extension 'python'
[0.684s] Level 1:colcon.colcon_core.package_identification:_identify(src/f1tenth_system) by extensions ['python_setup_py']
[0.684s] Level 1:colcon.colcon_core.package_identification:_identify(src/f1tenth_system) by extension 'python_setup_py'
[0.685s] Level 1:colcon.colcon_core.package_identification:_identify(src/f1tenth_system/ackermann_mux) by extensions ['ignore', 'ignore_ament_install']
[0.685s] Level 1:colcon.colcon_core.package_identification:_identify(src/f1tenth_system/ackermann_mux) by extension 'ignore'
[0.685s] Level 1:colcon.colcon_core.package_identification:_identify(src/f1tenth_system/ackermann_mux) by extension 'ignore_ament_install'
[0.685s] Level 1:colcon.colcon_core.package_identification:_identify(src/f1tenth_system/ackermann_mux) by extensions ['colcon_pkg']
[0.685s] Level 1:colcon.colcon_core.package_identification:_identify(src/f1tenth_system/ackermann_mux) by extension 'colcon_pkg'
[0.686s] Level 1:colcon.colcon_core.package_identification:_identify(src/f1tenth_system/ackermann_mux) by extensions ['colcon_meta']
[0.686s] Level 1:colcon.colcon_core.package_identification:_identify(src/f1tenth_system/ackermann_mux) by extension 'colcon_meta'
[0.686s] Level 1:colcon.colcon_core.package_identification:_identify(src/f1tenth_system/ackermann_mux) by extensions ['ros']
[0.686s] Level 1:colcon.colcon_core.package_identification:_identify(src/f1tenth_system/ackermann_mux) by extension 'ros'
[0.688s] DEBUG:colcon.colcon_core.package_identification:Package 'src/f1tenth_system/ackermann_mux' with type 'ros.ament_cmake' and name 'ackermann_mux'
[0.688s] Level 1:colcon.colcon_core.package_identification:_identify(src/f1tenth_system/f1tenth_stack) by extensions ['ignore', 'ignore_ament_install']
[0.689s] Level 1:colcon.colcon_core.package_identification:_identify(src/f1tenth_system/f1tenth_stack) by extension 'ignore'
[0.689s] Level 1:colcon.colcon_core.package_identification:_identify(src/f1tenth_system/f1tenth_stack) by extension 'ignore_ament_install'
[0.689s] Level 1:colcon.colcon_core.package_identification:_identify(src/f1tenth_system/f1tenth_stack) by extensions ['colcon_pkg']
[0.689s] Level 1:colcon.colcon_core.package_identification:_identify(src/f1tenth_system/f1tenth_stack) by extension 'colcon_pkg'
[0.689s] Level 1:colcon.colcon_core.package_identification:_identify(src/f1tenth_system/f1tenth_stack) by extensions ['colcon_meta']
[0.689s] Level 1:colcon.colcon_core.package_identification:_identify(src/f1tenth_system/f1tenth_stack) by extension 'colcon_meta'
[0.689s] Level 1:colcon.colcon_core.package_identification:_identify(src/f1tenth_system/f1tenth_stack) by extensions ['ros']
[0.689s] Level 1:colcon.colcon_core.package_identification:_identify(src/f1tenth_system/f1tenth_stack) by extension 'ros'
[0.692s] DEBUG:colcon.colcon_core.package_identification:Package 'src/f1tenth_system/f1tenth_stack' with type 'ros.ament_python' and name 'f1tenth_stack'
[0.692s] Level 1:colcon.colcon_core.package_identification:_identify(src/f1tenth_system/scripts) by extensions ['ignore', 'ignore_ament_install']
[0.692s] Level 1:colcon.colcon_core.package_identification:_identify(src/f1tenth_system/scripts) by extension 'ignore'
[0.692s] Level 1:colcon.colcon_core.package_identification:_identify(src/f1tenth_system/scripts) by extension 'ignore_ament_install'
[0.693s] Level 1:colcon.colcon_core.package_identification:_identify(src/f1tenth_system/scripts) by extensions ['colcon_pkg']
[0.693s] Level 1:colcon.colcon_core.package_identification:_identify(src/f1tenth_system/scripts) by extension 'colcon_pkg'
[0.693s] Level 1:colcon.colcon_core.package_identification:_identify(src/f1tenth_system/scripts) by extensions ['colcon_meta']
[0.693s] Level 1:colcon.colcon_core.package_identification:_identify(src/f1tenth_system/scripts) by extension 'colcon_meta'
[0.693s] Level 1:colcon.colcon_core.package_identification:_identify(src/f1tenth_system/scripts) by extensions ['ros']
[0.693s] Level 1:colcon.colcon_core.package_identification:_identify(src/f1tenth_system/scripts) by extension 'ros'
[0.693s] Level 1:colcon.colcon_core.package_identification:_identify(src/f1tenth_system/scripts) by extensions ['cmake', 'python']
[0.693s] Level 1:colcon.colcon_core.package_identification:_identify(src/f1tenth_system/scripts) by extension 'cmake'
[0.693s] Level 1:colcon.colcon_core.package_identification:_identify(src/f1tenth_system/scripts) by extension 'python'
[0.693s] Level 1:colcon.colcon_core.package_identification:_identify(src/f1tenth_system/scripts) by extensions ['python_setup_py']
[0.693s] Level 1:colcon.colcon_core.package_identification:_identify(src/f1tenth_system/scripts) by extension 'python_setup_py'
[0.694s] Level 1:colcon.colcon_core.package_identification:_identify(src/f1tenth_system/teleop_tools) by extensions ['ignore', 'ignore_ament_install']
[0.694s] Level 1:colcon.colcon_core.package_identification:_identify(src/f1tenth_system/teleop_tools) by extension 'ignore'
[0.694s] Level 1:colcon.colcon_core.package_identification:_identify(src/f1tenth_system/teleop_tools) by extension 'ignore_ament_install'
[0.694s] Level 1:colcon.colcon_core.package_identification:_identify(src/f1tenth_system/teleop_tools) by extensions ['colcon_pkg']
[0.694s] Level 1:colcon.colcon_core.package_identification:_identify(src/f1tenth_system/teleop_tools) by extension 'colcon_pkg'
[0.694s] Level 1:colcon.colcon_core.package_identification:_identify(src/f1tenth_system/teleop_tools) by extensions ['colcon_meta']
[0.694s] Level 1:colcon.colcon_core.package_identification:_identify(src/f1tenth_system/teleop_tools) by extension 'colcon_meta'
[0.694s] Level 1:colcon.colcon_core.package_identification:_identify(src/f1tenth_system/teleop_tools) by extensions ['ros']
[0.694s] Level 1:colcon.colcon_core.package_identification:_identify(src/f1tenth_system/teleop_tools) by extension 'ros'
[0.695s] Level 1:colcon.colcon_core.package_identification:_identify(src/f1tenth_system/teleop_tools) by extensions ['cmake', 'python']
[0.695s] Level 1:colcon.colcon_core.package_identification:_identify(src/f1tenth_system/teleop_tools) by extension 'cmake'
[0.695s] Level 1:colcon.colcon_core.package_identification:_identify(src/f1tenth_system/teleop_tools) by extension 'python'
[0.695s] Level 1:colcon.colcon_core.package_identification:_identify(src/f1tenth_system/teleop_tools) by extensions ['python_setup_py']
[0.695s] Level 1:colcon.colcon_core.package_identification:_identify(src/f1tenth_system/teleop_tools) by extension 'python_setup_py'
[0.695s] Level 1:colcon.colcon_core.package_identification:_identify(src/f1tenth_system/teleop_tools/joy_teleop) by extensions ['ignore', 'ignore_ament_install']
[0.695s] Level 1:colcon.colcon_core.package_identification:_identify(src/f1tenth_system/teleop_tools/joy_teleop) by extension 'ignore'
[0.695s] Level 1:colcon.colcon_core.package_identification:_identify(src/f1tenth_system/teleop_tools/joy_teleop) by extension 'ignore_ament_install'
[0.695s] Level 1:colcon.colcon_core.package_identification:_identify(src/f1tenth_system/teleop_tools/joy_teleop) by extensions ['colcon_pkg']
[0.696s] Level 1:colcon.colcon_core.package_identification:_identify(src/f1tenth_system/teleop_tools/joy_teleop) by extension 'colcon_pkg'
[0.696s] Level 1:colcon.colcon_core.package_identification:_identify(src/f1tenth_system/teleop_tools/joy_teleop) by extensions ['colcon_meta']
[0.696s] Level 1:colcon.colcon_core.package_identification:_identify(src/f1tenth_system/teleop_tools/joy_teleop) by extension 'colcon_meta'
[0.696s] Level 1:colcon.colcon_core.package_identification:_identify(src/f1tenth_system/teleop_tools/joy_teleop) by extensions ['ros']
[0.696s] Level 1:colcon.colcon_core.package_identification:_identify(src/f1tenth_system/teleop_tools/joy_teleop) by extension 'ros'
[0.697s] DEBUG:colcon.colcon_core.package_identification:Package 'src/f1tenth_system/teleop_tools/joy_teleop' with type 'ros.ament_python' and name 'joy_teleop'
[0.698s] Level 1:colcon.colcon_core.package_identification:_identify(src/f1tenth_system/teleop_tools/key_teleop) by extensions ['ignore', 'ignore_ament_install']
[0.698s] Level 1:colcon.colcon_core.package_identification:_identify(src/f1tenth_system/teleop_tools/key_teleop) by extension 'ignore'
[0.698s] Level 1:colcon.colcon_core.package_identification:_identify(src/f1tenth_system/teleop_tools/key_teleop) by extension 'ignore_ament_install'
[0.698s] Level 1:colcon.colcon_core.package_identification:_identify(src/f1tenth_system/teleop_tools/key_teleop) by extensions ['colcon_pkg']
[0.698s] Level 1:colcon.colcon_core.package_identification:_identify(src/f1tenth_system/teleop_tools/key_teleop) by extension 'colcon_pkg'
[0.698s] Level 1:colcon.colcon_core.package_identification:_identify(src/f1tenth_system/teleop_tools/key_teleop) by extensions ['colcon_meta']
[0.698s] Level 1:colcon.colcon_core.package_identification:_identify(src/f1tenth_system/teleop_tools/key_teleop) by extension 'colcon_meta'
[0.698s] Level 1:colcon.colcon_core.package_identification:_identify(src/f1tenth_system/teleop_tools/key_teleop) by extensions ['ros']
[0.698s] Level 1:colcon.colcon_core.package_identification:_identify(src/f1tenth_system/teleop_tools/key_teleop) by extension 'ros'
[0.700s] DEBUG:colcon.colcon_core.package_identification:Package 'src/f1tenth_system/teleop_tools/key_teleop' with type 'ros.ament_python' and name 'key_teleop'
[0.700s] Level 1:colcon.colcon_core.package_identification:_identify(src/f1tenth_system/teleop_tools/mouse_teleop) by extensions ['ignore', 'ignore_ament_install']
[0.700s] Level 1:colcon.colcon_core.package_identification:_identify(src/f1tenth_system/teleop_tools/mouse_teleop) by extension 'ignore'
[0.700s] Level 1:colcon.colcon_core.package_identification:_identify(src/f1tenth_system/teleop_tools/mouse_teleop) by extension 'ignore_ament_install'
[0.700s] Level 1:colcon.colcon_core.package_identification:_identify(src/f1tenth_system/teleop_tools/mouse_teleop) by extensions ['colcon_pkg']
[0.700s] Level 1:colcon.colcon_core.package_identification:_identify(src/f1tenth_system/teleop_tools/mouse_teleop) by extension 'colcon_pkg'
[0.701s] Level 1:colcon.colcon_core.package_identification:_identify(src/f1tenth_system/teleop_tools/mouse_teleop) by extensions ['colcon_meta']
[0.701s] Level 1:colcon.colcon_core.package_identification:_identify(src/f1tenth_system/teleop_tools/mouse_teleop) by extension 'colcon_meta'
[0.701s] Level 1:colcon.colcon_core.package_identification:_identify(src/f1tenth_system/teleop_tools/mouse_teleop) by extensions ['ros']
[0.701s] Level 1:colcon.colcon_core.package_identification:_identify(src/f1tenth_system/teleop_tools/mouse_teleop) by extension 'ros'
[0.702s] DEBUG:colcon.colcon_core.package_identification:Package 'src/f1tenth_system/teleop_tools/mouse_teleop' with type 'ros.ament_python' and name 'mouse_teleop'
[0.702s] Level 1:colcon.colcon_core.package_identification:_identify(src/f1tenth_system/teleop_tools/teleop_tools) by extensions ['ignore', 'ignore_ament_install']
[0.703s] Level 1:colcon.colcon_core.package_identification:_identify(src/f1tenth_system/teleop_tools/teleop_tools) by extension 'ignore'
[0.703s] Level 1:colcon.colcon_core.package_identification:_identify(src/f1tenth_system/teleop_tools/teleop_tools) by extension 'ignore_ament_install'
[0.703s] Level 1:colcon.colcon_core.package_identification:_identify(src/f1tenth_system/teleop_tools/teleop_tools) by extensions ['colcon_pkg']
[0.703s] Level 1:colcon.colcon_core.package_identification:_identify(src/f1tenth_system/teleop_tools/teleop_tools) by extension 'colcon_pkg'
[0.703s] Level 1:colcon.colcon_core.package_identification:_identify(src/f1tenth_system/teleop_tools/teleop_tools) by extensions ['colcon_meta']
[0.703s] Level 1:colcon.colcon_core.package_identification:_identify(src/f1tenth_system/teleop_tools/teleop_tools) by extension 'colcon_meta'
[0.703s] Level 1:colcon.colcon_core.package_identification:_identify(src/f1tenth_system/teleop_tools/teleop_tools) by extensions ['ros']
[0.703s] Level 1:colcon.colcon_core.package_identification:_identify(src/f1tenth_system/teleop_tools/teleop_tools) by extension 'ros'
[0.704s] DEBUG:colcon.colcon_core.package_identification:Package 'src/f1tenth_system/teleop_tools/teleop_tools' with type 'ros.ament_cmake' and name 'teleop_tools'
[0.705s] Level 1:colcon.colcon_core.package_identification:_identify(src/f1tenth_system/teleop_tools/teleop_tools_msgs) by extensions ['ignore', 'ignore_ament_install']
[0.705s] Level 1:colcon.colcon_core.package_identification:_identify(src/f1tenth_system/teleop_tools/teleop_tools_msgs) by extension 'ignore'
[0.705s] Level 1:colcon.colcon_core.package_identification:_identify(src/f1tenth_system/teleop_tools/teleop_tools_msgs) by extension 'ignore_ament_install'
[0.705s] Level 1:colcon.colcon_core.package_identification:_identify(src/f1tenth_system/teleop_tools/teleop_tools_msgs) by extensions ['colcon_pkg']
[0.705s] Level 1:colcon.colcon_core.package_identification:_identify(src/f1tenth_system/teleop_tools/teleop_tools_msgs) by extension 'colcon_pkg'
[0.705s] Level 1:colcon.colcon_core.package_identification:_identify(src/f1tenth_system/teleop_tools/teleop_tools_msgs) by extensions ['colcon_meta']
[0.705s] Level 1:colcon.colcon_core.package_identification:_identify(src/f1tenth_system/teleop_tools/teleop_tools_msgs) by extension 'colcon_meta'
[0.705s] Level 1:colcon.colcon_core.package_identification:_identify(src/f1tenth_system/teleop_tools/teleop_tools_msgs) by extensions ['ros']
[0.705s] Level 1:colcon.colcon_core.package_identification:_identify(src/f1tenth_system/teleop_tools/teleop_tools_msgs) by extension 'ros'
[0.707s] DEBUG:colcon.colcon_core.package_identification:Package 'src/f1tenth_system/teleop_tools/teleop_tools_msgs' with type 'ros.ament_cmake' and name 'teleop_tools_msgs'
[0.707s] Level 1:colcon.colcon_core.package_identification:_identify(src/f1tenth_system/vesc) by extensions ['ignore', 'ignore_ament_install']
[0.707s] Level 1:colcon.colcon_core.package_identification:_identify(src/f1tenth_system/vesc) by extension 'ignore'
[0.707s] Level 1:colcon.colcon_core.package_identification:_identify(src/f1tenth_system/vesc) by extension 'ignore_ament_install'
[0.707s] Level 1:colcon.colcon_core.package_identification:_identify(src/f1tenth_system/vesc) by extensions ['colcon_pkg']
[0.707s] Level 1:colcon.colcon_core.package_identification:_identify(src/f1tenth_system/vesc) by extension 'colcon_pkg'
[0.708s] Level 1:colcon.colcon_core.package_identification:_identify(src/f1tenth_system/vesc) by extensions ['colcon_meta']
[0.708s] Level 1:colcon.colcon_core.package_identification:_identify(src/f1tenth_system/vesc) by extension 'colcon_meta'
[0.708s] Level 1:colcon.colcon_core.package_identification:_identify(src/f1tenth_system/vesc) by extensions ['ros']
[0.708s] Level 1:colcon.colcon_core.package_identification:_identify(src/f1tenth_system/vesc) by extension 'ros'
[0.708s] Level 1:colcon.colcon_core.package_identification:_identify(src/f1tenth_system/vesc) by extensions ['cmake', 'python']
[0.708s] Level 1:colcon.colcon_core.package_identification:_identify(src/f1tenth_system/vesc) by extension 'cmake'
[0.708s] Level 1:colcon.colcon_core.package_identification:_identify(src/f1tenth_system/vesc) by extension 'python'
[0.708s] Level 1:colcon.colcon_core.package_identification:_identify(src/f1tenth_system/vesc) by extensions ['python_setup_py']
[0.708s] Level 1:colcon.colcon_core.package_identification:_identify(src/f1tenth_system/vesc) by extension 'python_setup_py'
[0.708s] Level 1:colcon.colcon_core.package_identification:_identify(src/f1tenth_system/vesc/vesc) by extensions ['ignore', 'ignore_ament_install']
[0.709s] Level 1:colcon.colcon_core.package_identification:_identify(src/f1tenth_system/vesc/vesc) by extension 'ignore'
[0.709s] Level 1:colcon.colcon_core.package_identification:_identify(src/f1tenth_system/vesc/vesc) by extension 'ignore_ament_install'
[0.709s] Level 1:colcon.colcon_core.package_identification:_identify(src/f1tenth_system/vesc/vesc) by extensions ['colcon_pkg']
[0.709s] Level 1:colcon.colcon_core.package_identification:_identify(src/f1tenth_system/vesc/vesc) by extension 'colcon_pkg'
[0.709s] Level 1:colcon.colcon_core.package_identification:_identify(src/f1tenth_system/vesc/vesc) by extensions ['colcon_meta']
[0.709s] Level 1:colcon.colcon_core.package_identification:_identify(src/f1tenth_system/vesc/vesc) by extension 'colcon_meta'
[0.709s] Level 1:colcon.colcon_core.package_identification:_identify(src/f1tenth_system/vesc/vesc) by extensions ['ros']
[0.709s] Level 1:colcon.colcon_core.package_identification:_identify(src/f1tenth_system/vesc/vesc) by extension 'ros'
[0.710s] DEBUG:colcon.colcon_core.package_identification:Package 'src/f1tenth_system/vesc/vesc' with type 'ros.ament_cmake' and name 'vesc'
[0.711s] Level 1:colcon.colcon_core.package_identification:_identify(src/f1tenth_system/vesc/vesc_ackermann) by extensions ['ignore', 'ignore_ament_install']
[0.711s] Level 1:colcon.colcon_core.package_identification:_identify(src/f1tenth_system/vesc/vesc_ackermann) by extension 'ignore'
[0.711s] Level 1:colcon.colcon_core.package_identification:_identify(src/f1tenth_system/vesc/vesc_ackermann) by extension 'ignore_ament_install'
[0.711s] Level 1:colcon.colcon_core.package_identification:_identify(src/f1tenth_system/vesc/vesc_ackermann) by extensions ['colcon_pkg']
[0.711s] Level 1:colcon.colcon_core.package_identification:_identify(src/f1tenth_system/vesc/vesc_ackermann) by extension 'colcon_pkg'
[0.711s] Level 1:colcon.colcon_core.package_identification:_identify(src/f1tenth_system/vesc/vesc_ackermann) by extensions ['colcon_meta']
[0.711s] Level 1:colcon.colcon_core.package_identification:_identify(src/f1tenth_system/vesc/vesc_ackermann) by extension 'colcon_meta'
[0.711s] Level 1:colcon.colcon_core.package_identification:_identify(src/f1tenth_system/vesc/vesc_ackermann) by extensions ['ros']
[0.712s] Level 1:colcon.colcon_core.package_identification:_identify(src/f1tenth_system/vesc/vesc_ackermann) by extension 'ros'
[0.714s] DEBUG:colcon.colcon_core.package_identification:Package 'src/f1tenth_system/vesc/vesc_ackermann' with type 'ros.ament_cmake' and name 'vesc_ackermann'
[0.714s] Level 1:colcon.colcon_core.package_identification:_identify(src/f1tenth_system/vesc/vesc_driver) by extensions ['ignore', 'ignore_ament_install']
[0.714s] Level 1:colcon.colcon_core.package_identification:_identify(src/f1tenth_system/vesc/vesc_driver) by extension 'ignore'
[0.714s] Level 1:colcon.colcon_core.package_identification:_identify(src/f1tenth_system/vesc/vesc_driver) by extension 'ignore_ament_install'
[0.715s] Level 1:colcon.colcon_core.package_identification:_identify(src/f1tenth_system/vesc/vesc_driver) by extensions ['colcon_pkg']
[0.715s] Level 1:colcon.colcon_core.package_identification:_identify(src/f1tenth_system/vesc/vesc_driver) by extension 'colcon_pkg'
[0.715s] Level 1:colcon.colcon_core.package_identification:_identify(src/f1tenth_system/vesc/vesc_driver) by extensions ['colcon_meta']
[0.715s] Level 1:colcon.colcon_core.package_identification:_identify(src/f1tenth_system/vesc/vesc_driver) by extension 'colcon_meta'
[0.715s] Level 1:colcon.colcon_core.package_identification:_identify(src/f1tenth_system/vesc/vesc_driver) by extensions ['ros']
[0.715s] Level 1:colcon.colcon_core.package_identification:_identify(src/f1tenth_system/vesc/vesc_driver) by extension 'ros'
[0.717s] DEBUG:colcon.colcon_core.package_identification:Package 'src/f1tenth_system/vesc/vesc_driver' with type 'ros.ament_cmake' and name 'vesc_driver'
[0.717s] Level 1:colcon.colcon_core.package_identification:_identify(src/f1tenth_system/vesc/vesc_msgs) by extensions ['ignore', 'ignore_ament_install']
[0.718s] Level 1:colcon.colcon_core.package_identification:_identify(src/f1tenth_system/vesc/vesc_msgs) by extension 'ignore'
[0.718s] Level 1:colcon.colcon_core.package_identification:_identify(src/f1tenth_system/vesc/vesc_msgs) by extension 'ignore_ament_install'
[0.718s] Level 1:colcon.colcon_core.package_identification:_identify(src/f1tenth_system/vesc/vesc_msgs) by extensions ['colcon_pkg']
[0.718s] Level 1:colcon.colcon_core.package_identification:_identify(src/f1tenth_system/vesc/vesc_msgs) by extension 'colcon_pkg'
[0.718s] Level 1:colcon.colcon_core.package_identification:_identify(src/f1tenth_system/vesc/vesc_msgs) by extensions ['colcon_meta']
[0.718s] Level 1:colcon.colcon_core.package_identification:_identify(src/f1tenth_system/vesc/vesc_msgs) by extension 'colcon_meta'
[0.718s] Level 1:colcon.colcon_core.package_identification:_identify(src/f1tenth_system/vesc/vesc_msgs) by extensions ['ros']
[0.718s] Level 1:colcon.colcon_core.package_identification:_identify(src/f1tenth_system/vesc/vesc_msgs) by extension 'ros'
[0.720s] DEBUG:colcon.colcon_core.package_identification:Package 'src/f1tenth_system/vesc/vesc_msgs' with type 'ros.ament_cmake' and name 'vesc_msgs'
[0.720s] Level 1:colcon.colcon_core.package_identification:_identify(src/lane_selector) by extensions ['ignore', 'ignore_ament_install']
[0.720s] Level 1:colcon.colcon_core.package_identification:_identify(src/lane_selector) by extension 'ignore'
[0.721s] Level 1:colcon.colcon_core.package_identification:_identify(src/lane_selector) by extension 'ignore_ament_install'
[0.721s] Level 1:colcon.colcon_core.package_identification:_identify(src/lane_selector) by extensions ['colcon_pkg']
[0.721s] Level 1:colcon.colcon_core.package_identification:_identify(src/lane_selector) by extension 'colcon_pkg'
[0.721s] Level 1:colcon.colcon_core.package_identification:_identify(src/lane_selector) by extensions ['colcon_meta']
[0.721s] Level 1:colcon.colcon_core.package_identification:_identify(src/lane_selector) by extension 'colcon_meta'
[0.721s] Level 1:colcon.colcon_core.package_identification:_identify(src/lane_selector) by extensions ['ros']
[0.721s] Level 1:colcon.colcon_core.package_identification:_identify(src/lane_selector) by extension 'ros'
[0.723s] DEBUG:colcon.colcon_core.package_identification:Package 'src/lane_selector' with type 'ros.ament_python' and name 'lane_selector'
[0.723s] Level 1:colcon.colcon_core.package_identification:_identify(src/map) by extensions ['ignore', 'ignore_ament_install']
[0.723s] Level 1:colcon.colcon_core.package_identification:_identify(src/map) by extension 'ignore'
[0.723s] Level 1:colcon.colcon_core.package_identification:_identify(src/map) by extension 'ignore_ament_install'
[0.724s] Level 1:colcon.colcon_core.package_identification:_identify(src/map) by extensions ['colcon_pkg']
[0.724s] Level 1:colcon.colcon_core.package_identification:_identify(src/map) by extension 'colcon_pkg'
[0.724s] Level 1:colcon.colcon_core.package_identification:_identify(src/map) by extensions ['colcon_meta']
[0.724s] Level 1:colcon.colcon_core.package_identification:_identify(src/map) by extension 'colcon_meta'
[0.724s] Level 1:colcon.colcon_core.package_identification:_identify(src/map) by extensions ['ros']
[0.724s] Level 1:colcon.colcon_core.package_identification:_identify(src/map) by extension 'ros'
[0.726s] DEBUG:colcon.colcon_core.package_identification:Package 'src/map' with type 'ros.ament_python' and name 'map_humble'
[0.726s] Level 1:colcon.colcon_core.package_identification:_identify(src/obs_detect) by extensions ['ignore', 'ignore_ament_install']
[0.727s] Level 1:colcon.colcon_core.package_identification:_identify(src/obs_detect) by extension 'ignore'
[0.727s] Level 1:colcon.colcon_core.package_identification:_identify(src/obs_detect) by extension 'ignore_ament_install'
[0.727s] Level 1:colcon.colcon_core.package_identification:_identify(src/obs_detect) by extensions ['colcon_pkg']
[0.727s] Level 1:colcon.colcon_core.package_identification:_identify(src/obs_detect) by extension 'colcon_pkg'
[0.727s] Level 1:colcon.colcon_core.package_identification:_identify(src/obs_detect) by extensions ['colcon_meta']
[0.727s] Level 1:colcon.colcon_core.package_identification:_identify(src/obs_detect) by extension 'colcon_meta'
[0.727s] Level 1:colcon.colcon_core.package_identification:_identify(src/obs_detect) by extensions ['ros']
[0.727s] Level 1:colcon.colcon_core.package_identification:_identify(src/obs_detect) by extension 'ros'
[0.729s] DEBUG:colcon.colcon_core.package_identification:Package 'src/obs_detect' with type 'ros.ament_python' and name 'obs_detect'
[0.729s] Level 1:colcon.colcon_core.package_identification:_identify(src/slam_nav) by extensions ['ignore', 'ignore_ament_install']
[0.730s] Level 1:colcon.colcon_core.package_identification:_identify(src/slam_nav) by extension 'ignore'
[0.730s] Level 1:colcon.colcon_core.package_identification:_identify(src/slam_nav) by extension 'ignore_ament_install'
[0.730s] Level 1:colcon.colcon_core.package_identification:_identify(src/slam_nav) by extensions ['colcon_pkg']
[0.730s] Level 1:colcon.colcon_core.package_identification:_identify(src/slam_nav) by extension 'colcon_pkg'
[0.730s] Level 1:colcon.colcon_core.package_identification:_identify(src/slam_nav) by extensions ['colcon_meta']
[0.730s] Level 1:colcon.colcon_core.package_identification:_identify(src/slam_nav) by extension 'colcon_meta'
[0.730s] Level 1:colcon.colcon_core.package_identification:_identify(src/slam_nav) by extensions ['ros']
[0.730s] Level 1:colcon.colcon_core.package_identification:_identify(src/slam_nav) by extension 'ros'
[0.734s] DEBUG:colcon.colcon_core.package_identification:Package 'src/slam_nav' with type 'ros.ament_cmake' and name 'slam_nav'
[0.734s] Level 1:colcon.colcon_core.package_discovery:discover_packages(recursive) using defaults
[0.734s] Level 1:colcon.colcon_core.package_discovery:discover_packages(ignore) discover
[0.734s] Level 1:colcon.colcon_core.package_discovery:discover_packages(ignore) using defaults
[0.734s] Level 1:colcon.colcon_core.package_discovery:discover_packages(path) discover
[0.734s] Level 1:colcon.colcon_core.package_discovery:discover_packages(path) using defaults
[0.824s] INFO:colcon.colcon_core.package_selection:Skipping not selected package 'ackermann_mux' in 'src/f1tenth_system/ackermann_mux'
[0.824s] INFO:colcon.colcon_core.package_selection:Skipping not selected package 'key_teleop' in 'src/f1tenth_system/teleop_tools/key_teleop'
[0.824s] INFO:colcon.colcon_core.package_selection:Skipping not selected package 'lane_selector' in 'src/lane_selector'
[0.824s] INFO:colcon.colcon_core.package_selection:Skipping not selected package 'map_humble' in 'src/map'
[0.824s] INFO:colcon.colcon_core.package_selection:Skipping not selected package 'mouse_teleop' in 'src/f1tenth_system/teleop_tools/mouse_teleop'
[0.824s] INFO:colcon.colcon_core.package_selection:Skipping not selected package 'obs_detect' in 'src/obs_detect'
[0.824s] INFO:colcon.colcon_core.package_selection:Skipping not selected package 'pure_pursuit' in 'src/app'
[0.824s] INFO:colcon.colcon_core.package_selection:Skipping not selected package 'teleop_tools_msgs' in 'src/f1tenth_system/teleop_tools/teleop_tools_msgs'
[0.824s] INFO:colcon.colcon_core.package_selection:Skipping not selected package 'vesc_msgs' in 'src/f1tenth_system/vesc/vesc_msgs'
[0.824s] INFO:colcon.colcon_core.package_selection:Skipping not selected package 'joy_teleop' in 'src/f1tenth_system/teleop_tools/joy_teleop'
[0.825s] INFO:colcon.colcon_core.package_selection:Skipping not selected package 'vesc_ackermann' in 'src/f1tenth_system/vesc/vesc_ackermann'
[0.825s] INFO:colcon.colcon_core.package_selection:Skipping not selected package 'vesc_driver' in 'src/f1tenth_system/vesc/vesc_driver'
[0.825s] INFO:colcon.colcon_core.package_selection:Skipping not selected package 'teleop_tools' in 'src/f1tenth_system/teleop_tools/teleop_tools'
[0.825s] INFO:colcon.colcon_core.package_selection:Skipping not selected package 'vesc' in 'src/f1tenth_system/vesc/vesc'
[0.825s] INFO:colcon.colcon_core.package_selection:Skipping not selected package 'f1tenth_stack' in 'src/f1tenth_system/f1tenth_stack'
[0.826s] Level 1:colcon.colcon_core.package_discovery:discover_packages(prefix_path) check parameters
[0.826s] Level 1:colcon.colcon_core.package_discovery:discover_packages(prefix_path) discover
[0.828s] Level 1:colcon.colcon_core.package_discovery:discover_packages(prefix_path) using defaults
[0.832s] Level 5:colcon.colcon_core.verb:set package 'slam_nav' build argument 'cmake_args' from command line to 'None'
[0.832s] Level 5:colcon.colcon_core.verb:set package 'slam_nav' build argument 'cmake_target' from command line to 'None'
[0.832s] Level 5:colcon.colcon_core.verb:set package 'slam_nav' build argument 'cmake_target_skip_unavailable' from command line to 'False'
[0.832s] Level 5:colcon.colcon_core.verb:set package 'slam_nav' build argument 'cmake_clean_cache' from command line to 'False'
[0.832s] Level 5:colcon.colcon_core.verb:set package 'slam_nav' build argument 'cmake_clean_first' from command line to 'False'
[0.832s] Level 5:colcon.colcon_core.verb:set package 'slam_nav' build argument 'cmake_force_configure' from command line to 'False'
[0.832s] Level 5:colcon.colcon_core.verb:set package 'slam_nav' build argument 'ament_cmake_args' from command line to 'None'
[0.832s] Level 5:colcon.colcon_core.verb:set package 'slam_nav' build argument 'catkin_cmake_args' from command line to 'None'
[0.832s] Level 5:colcon.colcon_core.verb:set package 'slam_nav' build argument 'catkin_skip_building_tests' from command line to 'False'
[0.832s] DEBUG:colcon.colcon_core.verb:Building package 'slam_nav' with the following arguments: {'ament_cmake_args': None, 'build_base': '/home/ircv7/RACE/real_ws/build/slam_nav', 'catkin_cmake_args': None, 'catkin_skip_building_tests': False, 'cmake_args': None, 'cmake_clean_cache': False, 'cmake_clean_first': False, 'cmake_force_configure': False, 'cmake_target': None, 'cmake_target_skip_unavailable': False, 'install_base': '/home/ircv7/RACE/real_ws/install/slam_nav', 'merge_install': False, 'path': '/home/ircv7/RACE/real_ws/src/slam_nav', 'symlink_install': False, 'test_result_base': None}
[0.833s] INFO:colcon.colcon_core.executor:Executing jobs using 'parallel' executor
[0.835s] DEBUG:colcon.colcon_parallel_executor.executor.parallel:run_until_complete
[0.836s] INFO:colcon.colcon_ros.task.ament_cmake.build:Building ROS package in '/home/ircv7/RACE/real_ws/src/slam_nav' with build type 'ament_cmake'
[0.836s] INFO:colcon.colcon_cmake.task.cmake.build:Building CMake package in '/home/ircv7/RACE/real_ws/src/slam_nav'
[0.842s] INFO:colcon.colcon_core.plugin_system:Skipping extension 'colcon_core.shell.bat': Not used on non-Windows systems
[0.843s] INFO:colcon.colcon_core.shell:Skip shell extension 'powershell' for command environment: Not usable outside of PowerShell
[0.843s] DEBUG:colcon.colcon_core.shell:Skip shell extension 'dsv' for command environment
[0.891s] DEBUG:colcon.colcon_core.event_handler.log_command:Invoking command in '/home/ircv7/RACE/real_ws/build/slam_nav': AMENT_PREFIX_PATH=/home/ircv7/RACE/real_ws/install/f1tenth_stack:/home/ircv7/RACE/real_ws/install/vesc:/home/ircv7/RACE/real_ws/install/vesc_driver:/home/ircv7/RACE/real_ws/install/vesc_ackermann:/home/ircv7/RACE/real_ws/install/joy_teleop:/home/ircv7/RACE/real_ws/install/vesc_msgs:/home/ircv7/RACE/real_ws/install/teleop_tools_msgs:/home/ircv7/RACE/real_ws/install/ackermann_mux CMAKE_PREFIX_PATH=/home/ircv7/RACE/real_ws/install/vesc:/home/ircv7/RACE/real_ws/install/vesc_driver:/home/ircv7/RACE/real_ws/install/vesc_ackermann:/home/ircv7/RACE/real_ws/install/vesc_msgs:/home/ircv7/RACE/real_ws/install/teleop_tools_msgs:/home/ircv7/RACE/real_ws/install/ackermann_mux CONDA_PROMPT_MODIFIER=(base) LD_LIBRARY_PATH=/home/ircv7/RACE/real_ws/install/vesc_driver/lib:/home/ircv7/RACE/real_ws/install/vesc_ackermann/lib:/home/ircv7/RACE/real_ws/install/vesc_msgs/lib:/home/ircv7/RACE/real_ws/install/teleop_tools_msgs/lib PYTHONPATH=/home/ircv7/RACE/real_ws/build/f1tenth_stack:/home/ircv7/RACE/real_ws/install/f1tenth_stack/lib/python3.10/site-packages:/home/ircv7/RACE/real_ws/build/joy_teleop:/home/ircv7/RACE/real_ws/install/joy_teleop/lib/python3.10/site-packages:/home/ircv7/RACE/real_ws/install/vesc_msgs/local/lib/python3.10/dist-packages:/home/ircv7/RACE/real_ws/install/teleop_tools_msgs/local/lib/python3.10/dist-packages /usr/bin/cmake /home/ircv7/RACE/real_ws/src/slam_nav -DCMAKE_INSTALL_PREFIX=/home/ircv7/RACE/real_ws/install/slam_nav
[1.621s] DEBUG:colcon.colcon_core.event_handler.log_command:Invoked command in '/home/ircv7/RACE/real_ws/build/slam_nav' returned '1': AMENT_PREFIX_PATH=/home/ircv7/RACE/real_ws/install/f1tenth_stack:/home/ircv7/RACE/real_ws/install/vesc:/home/ircv7/RACE/real_ws/install/vesc_driver:/home/ircv7/RACE/real_ws/install/vesc_ackermann:/home/ircv7/RACE/real_ws/install/joy_teleop:/home/ircv7/RACE/real_ws/install/vesc_msgs:/home/ircv7/RACE/real_ws/install/teleop_tools_msgs:/home/ircv7/RACE/real_ws/install/ackermann_mux CMAKE_PREFIX_PATH=/home/ircv7/RACE/real_ws/install/vesc:/home/ircv7/RACE/real_ws/install/vesc_driver:/home/ircv7/RACE/real_ws/install/vesc_ackermann:/home/ircv7/RACE/real_ws/install/vesc_msgs:/home/ircv7/RACE/real_ws/install/teleop_tools_msgs:/home/ircv7/RACE/real_ws/install/ackermann_mux CONDA_PROMPT_MODIFIER=(base) LD_LIBRARY_PATH=/home/ircv7/RACE/real_ws/install/vesc_driver/lib:/home/ircv7/RACE/real_ws/install/vesc_ackermann/lib:/home/ircv7/RACE/real_ws/install/vesc_msgs/lib:/home/ircv7/RACE/real_ws/install/teleop_tools_msgs/lib PYTHONPATH=/home/ircv7/RACE/real_ws/build/f1tenth_stack:/home/ircv7/RACE/real_ws/install/f1tenth_stack/lib/python3.10/site-packages:/home/ircv7/RACE/real_ws/build/joy_teleop:/home/ircv7/RACE/real_ws/install/joy_teleop/lib/python3.10/site-packages:/home/ircv7/RACE/real_ws/install/vesc_msgs/local/lib/python3.10/dist-packages:/home/ircv7/RACE/real_ws/install/teleop_tools_msgs/local/lib/python3.10/dist-packages /usr/bin/cmake /home/ircv7/RACE/real_ws/src/slam_nav -DCMAKE_INSTALL_PREFIX=/home/ircv7/RACE/real_ws/install/slam_nav
[1.644s] Level 1:colcon.colcon_core.environment:create_environment_scripts_only(slam_nav)
[1.652s] Level 1:colcon.colcon_core.environment:checking '/home/ircv7/RACE/real_ws/install/slam_nav' for CMake module files
[1.653s] Level 1:colcon.colcon_core.environment:checking '/home/ircv7/RACE/real_ws/install/slam_nav' for CMake config files
[1.654s] Level 1:colcon.colcon_core.environment:checking '/home/ircv7/RACE/real_ws/install/slam_nav/bin'
[1.654s] Level 1:colcon.colcon_core.environment:checking '/home/ircv7/RACE/real_ws/install/slam_nav/lib/pkgconfig/slam_nav.pc'
[1.656s] Level 1:colcon.colcon_core.environment:checking '/home/ircv7/RACE/real_ws/install/slam_nav/lib/python3.10/site-packages'
[1.657s] Level 1:colcon.colcon_core.environment:checking '/home/ircv7/RACE/real_ws/install/slam_nav/bin'
[1.658s] INFO:colcon.colcon_core.shell:Creating package script '/home/ircv7/RACE/real_ws/install/slam_nav/share/slam_nav/package.ps1'
[1.659s] INFO:colcon.colcon_core.shell:Creating package descriptor '/home/ircv7/RACE/real_ws/install/slam_nav/share/slam_nav/package.dsv'
[1.660s] INFO:colcon.colcon_core.shell:Creating package script '/home/ircv7/RACE/real_ws/install/slam_nav/share/slam_nav/package.sh'
[1.661s] INFO:colcon.colcon_core.shell:Creating package script '/home/ircv7/RACE/real_ws/install/slam_nav/share/slam_nav/package.bash'
[1.662s] INFO:colcon.colcon_core.shell:Creating package script '/home/ircv7/RACE/real_ws/install/slam_nav/share/slam_nav/package.zsh'
[1.664s] Level 1:colcon.colcon_core.environment:create_file_with_runtime_dependencies(/home/ircv7/RACE/real_ws/install/slam_nav/share/colcon-core/packages/slam_nav)
[1.666s] DEBUG:colcon.colcon_parallel_executor.executor.parallel:closing loop
[1.666s] DEBUG:colcon.colcon_parallel_executor.executor.parallel:loop closed
[1.667s] DEBUG:colcon.colcon_parallel_executor.executor.parallel:run_until_complete finished with '1'
[1.667s] DEBUG:colcon.colcon_core.event_reactor:joining thread
[1.681s] INFO:colcon.colcon_core.plugin_system:Skipping extension 'colcon_notification.desktop_notification.terminal_notifier': Not used on non-Darwin systems
[1.682s] INFO:colcon.colcon_core.plugin_system:Skipping extension 'colcon_notification.desktop_notification.win32': Not used on non-Windows systems
[1.682s] INFO:colcon.colcon_notification.desktop_notification:Sending desktop notification using 'notify2'
[1.719s] DEBUG:colcon.colcon_core.event_reactor:joined thread
[1.720s] INFO:colcon.colcon_core.shell:Creating prefix script '/home/ircv7/RACE/real_ws/install/local_setup.ps1'
[1.723s] INFO:colcon.colcon_core.shell:Creating prefix util module '/home/ircv7/RACE/real_ws/install/_local_setup_util_ps1.py'
[1.726s] INFO:colcon.colcon_core.shell:Creating prefix chain script '/home/ircv7/RACE/real_ws/install/setup.ps1'
[1.728s] INFO:colcon.colcon_core.shell:Creating prefix script '/home/ircv7/RACE/real_ws/install/local_setup.sh'
[1.731s] INFO:colcon.colcon_core.shell:Creating prefix util module '/home/ircv7/RACE/real_ws/install/_local_setup_util_sh.py'
[1.733s] INFO:colcon.colcon_core.shell:Creating prefix chain script '/home/ircv7/RACE/real_ws/install/setup.sh'
[1.735s] INFO:colcon.colcon_core.shell:Creating prefix script '/home/ircv7/RACE/real_ws/install/local_setup.bash'
[1.737s] INFO:colcon.colcon_core.shell:Creating prefix chain script '/home/ircv7/RACE/real_ws/install/setup.bash'
[1.738s] INFO:colcon.colcon_core.shell:Creating prefix script '/home/ircv7/RACE/real_ws/install/local_setup.zsh'
[1.740s] INFO:colcon.colcon_core.shell:Creating prefix chain script '/home/ircv7/RACE/real_ws/install/setup.zsh'
