[0.032s] Invoking command in '/home/ircv7/RACE/real_ws/build/vesc_driver': AMENT_PREFIX_PATH=/home/ircv7/RACE/real_ws/install/vesc_msgs CMAKE_PREFIX_PATH=/home/ircv7/RACE/real_ws/install/vesc_msgs CONDA_PROMPT_MODIFIER=(base) LD_LIBRARY_PATH=/home/ircv7/RACE/real_ws/install/vesc_msgs/lib PYTHONPATH=/home/ircv7/RACE/real_ws/install/vesc_msgs/local/lib/python3.10/dist-packages /usr/bin/cmake /home/ircv7/RACE/real_ws/src/f1tenth_system/vesc/vesc_driver -DCMAKE_INSTALL_PREFIX=/home/ircv7/RACE/real_ws/install/vesc_driver
[0.066s] -- Found ament_cmake_auto: 1.3.12 (/opt/ros/humble/share/ament_cmake_auto/cmake)
[0.438s] Traceback (most recent call last):
[0.438s]   File "/opt/ros/humble/share/ament_cmake_core/cmake/package_templates/templates_2_cmake.py", line 21, in <module>
[0.438s]     from ament_package.templates import get_environment_hook_template_path
[0.438s] ModuleNotFoundError: No module named 'ament_package'
[0.498s] CMake Error at /opt/ros/humble/share/ament_cmake_core/cmake/ament_cmake_package_templates-extras.cmake:41 (message):
[0.498s]   execute_process(/usr/bin/python3
[0.498s]   /opt/ros/humble/share/ament_cmake_core/cmake/package_templates/templates_2_cmake.py
[0.498s]   /home/ircv7/RACE/real_ws/build/vesc_driver/ament_cmake_package_templates/templates.cmake)
[0.499s]   returned error code 1
[0.499s] Call Stack (most recent call first):
[0.499s]   /opt/ros/humble/share/ament_cmake_core/cmake/ament_cmake_coreConfig.cmake:41 (include)
[0.499s]   /opt/ros/humble/share/ament_cmake/cmake/ament_cmake_export_dependencies-extras.cmake:15 (find_package)
[0.499s]   /opt/ros/humble/share/ament_cmake/cmake/ament_cmakeConfig.cmake:41 (include)
[0.499s]   /opt/ros/humble/share/ament_cmake_auto/cmake/ament_cmake_auto-extras.cmake:17 (find_package)
[0.499s]   /opt/ros/humble/share/ament_cmake_auto/cmake/ament_cmake_autoConfig.cmake:41 (include)
[0.500s]   CMakeLists.txt:13 (find_package)
[0.500s] 
[0.500s] 
[0.500s] -- Configuring incomplete, errors occurred!
[0.500s] See also "/home/ircv7/RACE/real_ws/build/vesc_driver/CMakeFiles/CMakeOutput.log".
[0.507s] Invoked command in '/home/ircv7/RACE/real_ws/build/vesc_driver' returned '1': AMENT_PREFIX_PATH=/home/ircv7/RACE/real_ws/install/vesc_msgs CMAKE_PREFIX_PATH=/home/ircv7/RACE/real_ws/install/vesc_msgs CONDA_PROMPT_MODIFIER=(base) LD_LIBRARY_PATH=/home/ircv7/RACE/real_ws/install/vesc_msgs/lib PYTHONPATH=/home/ircv7/RACE/real_ws/install/vesc_msgs/local/lib/python3.10/dist-packages /usr/bin/cmake /home/ircv7/RACE/real_ws/src/f1tenth_system/vesc/vesc_driver -DCMAKE_INSTALL_PREFIX=/home/ircv7/RACE/real_ws/install/vesc_driver
