[3.612s] Invoking command in '/home/ircv7/RACE/real_ws/build/joy_teleop': AMENT_PREFIX_PATH=/home/ircv7/RACE/real_ws/install/teleop_tools_msgs:${AMENT_PREFIX_PATH} CMAKE_PREFIX_PATH=/home/ircv7/RACE/real_ws/install/teleop_tools_msgs LD_LIBRARY_PATH=/home/ircv7/RACE/real_ws/install/teleop_tools_msgs/lib:${LD_LIBRARY_PATH} PYTHONPATH=/home/ircv7/RACE/real_ws/build/joy_teleop/prefix_override:/usr/lib/python3/dist-packages/colcon_core/task/python/colcon_distutils_commands:/home/ircv7/RACE/real_ws/install/joy_teleop/lib/python3.10/site-packages:/home/ircv7/RACE/real_ws/install/teleop_tools_msgs/local/lib/python3.10/dist-packages:${PYTHONPATH} /usr/bin/python3 -W ignore:setup.py install is deprecated -W ignore:easy_install command is deprecated setup.py develop --editable --build-directory /home/ircv7/RACE/real_ws/build/joy_teleop/build --no-deps symlink_data
[4.320s] /usr/lib/python3/dist-packages/setuptools/dist.py:723: UserWarning: Usage of dash-separated 'script-dir' will not be supported in future versions. Please use the underscore name 'script_dir' instead
[4.321s]   warnings.warn(
[4.395s] running develop
[4.915s] running egg_info
[4.916s] writing joy_teleop.egg-info/PKG-INFO
[4.918s] writing dependency_links to joy_teleop.egg-info/dependency_links.txt
[4.919s] writing entry points to joy_teleop.egg-info/entry_points.txt
[4.920s] writing requirements to joy_teleop.egg-info/requires.txt
[4.921s] writing top-level names to joy_teleop.egg-info/top_level.txt
[4.928s] reading manifest file 'joy_teleop.egg-info/SOURCES.txt'
[4.937s] writing manifest file 'joy_teleop.egg-info/SOURCES.txt'
[5.035s] running build_ext
[5.036s] Creating /home/ircv7/RACE/real_ws/install/joy_teleop/lib/python3.10/site-packages/joy-teleop.egg-link (link to .)
[5.039s] Installing incrementer_server script to /home/ircv7/RACE/real_ws/install/joy_teleop/lib/joy_teleop
[5.040s] Installing joy_teleop script to /home/ircv7/RACE/real_ws/install/joy_teleop/lib/joy_teleop
[5.040s] 
[5.040s] Installed /home/ircv7/RACE/real_ws/build/joy_teleop
[5.040s] running symlink_data
[5.175s] Invoked command in '/home/ircv7/RACE/real_ws/build/joy_teleop' returned '0': AMENT_PREFIX_PATH=/home/ircv7/RACE/real_ws/install/teleop_tools_msgs:${AMENT_PREFIX_PATH} CMAKE_PREFIX_PATH=/home/ircv7/RACE/real_ws/install/teleop_tools_msgs LD_LIBRARY_PATH=/home/ircv7/RACE/real_ws/install/teleop_tools_msgs/lib:${LD_LIBRARY_PATH} PYTHONPATH=/home/ircv7/RACE/real_ws/build/joy_teleop/prefix_override:/usr/lib/python3/dist-packages/colcon_core/task/python/colcon_distutils_commands:/home/ircv7/RACE/real_ws/install/joy_teleop/lib/python3.10/site-packages:/home/ircv7/RACE/real_ws/install/teleop_tools_msgs/local/lib/python3.10/dist-packages:${PYTHONPATH} /usr/bin/python3 -W ignore:setup.py install is deprecated -W ignore:easy_install command is deprecated setup.py develop --editable --build-directory /home/ircv7/RACE/real_ws/build/joy_teleop/build --no-deps symlink_data
