[0.032s] Invoking command in '/home/ircv7/RACE/real_ws/build/pure_pursuit': CMAKE_PREFIX_PATH=/opt/ros/humble /usr/bin/cmake --build /home/ircv7/RACE/real_ws/build/pure_pursuit -- -j6 -l6
[0.265s] [35m[1mConsolidate compiler generated dependencies of target pure_pursuit_node[0m
[0.343s] [100%] Built target pure_pursuit_node
[0.416s] Invoked command in '/home/ircv7/RACE/real_ws/build/pure_pursuit' returned '0': CMAKE_PREFIX_PATH=/opt/ros/humble /usr/bin/cmake --build /home/ircv7/RACE/real_ws/build/pure_pursuit -- -j6 -l6
[0.433s] Invoking command in '/home/ircv7/RACE/real_ws/build/pure_pursuit': CMAKE_PREFIX_PATH=/opt/ros/humble /usr/bin/cmake --install /home/ircv7/RACE/real_ws/build/pure_pursuit
[0.451s] -- Install configuration: "Release"
[0.451s] -- Execute custom install script
[0.461s] -- Up-to-date symlink: /home/ircv7/RACE/real_ws/install/pure_pursuit/lib/pure_pursuit/pure_pursuit_node
[0.464s] -- Up-to-date symlink: /home/ircv7/RACE/real_ws/install/pure_pursuit/share/pure_pursuit/config//pure_pursuit_config.yaml
[0.465s] -- Up-to-date symlink: /home/ircv7/RACE/real_ws/install/pure_pursuit/share/pure_pursuit/launch//pure_pursuit_launch.py
[0.465s] -- Up-to-date symlink: /home/ircv7/RACE/real_ws/install/pure_pursuit/share/ament_index/resource_index/package_run_dependencies/pure_pursuit
[0.466s] -- Up-to-date symlink: /home/ircv7/RACE/real_ws/install/pure_pursuit/share/ament_index/resource_index/parent_prefix_path/pure_pursuit
[0.466s] -- Up-to-date symlink: /home/ircv7/RACE/real_ws/install/pure_pursuit/share/pure_pursuit/environment/ament_prefix_path.sh
[0.466s] -- Up-to-date symlink: /home/ircv7/RACE/real_ws/install/pure_pursuit/share/pure_pursuit/environment/ament_prefix_path.dsv
[0.466s] -- Up-to-date symlink: /home/ircv7/RACE/real_ws/install/pure_pursuit/share/pure_pursuit/environment/path.sh
[0.469s] -- Up-to-date symlink: /home/ircv7/RACE/real_ws/install/pure_pursuit/share/pure_pursuit/environment/path.dsv
[0.469s] -- Up-to-date symlink: /home/ircv7/RACE/real_ws/install/pure_pursuit/share/pure_pursuit/local_setup.bash
[0.470s] -- Up-to-date symlink: /home/ircv7/RACE/real_ws/install/pure_pursuit/share/pure_pursuit/local_setup.sh
[0.470s] -- Up-to-date symlink: /home/ircv7/RACE/real_ws/install/pure_pursuit/share/pure_pursuit/local_setup.zsh
[0.470s] -- Up-to-date symlink: /home/ircv7/RACE/real_ws/install/pure_pursuit/share/pure_pursuit/local_setup.dsv
[0.470s] -- Symlinking: /home/ircv7/RACE/real_ws/install/pure_pursuit/share/pure_pursuit/package.dsv
[0.506s] -- Up-to-date symlink: /home/ircv7/RACE/real_ws/install/pure_pursuit/share/ament_index/resource_index/packages/pure_pursuit
[0.506s] -- Up-to-date symlink: /home/ircv7/RACE/real_ws/install/pure_pursuit/share/pure_pursuit/cmake/pure_pursuitConfig.cmake
[0.506s] -- Up-to-date symlink: /home/ircv7/RACE/real_ws/install/pure_pursuit/share/pure_pursuit/cmake/pure_pursuitConfig-version.cmake
[0.507s] -- Up-to-date symlink: /home/ircv7/RACE/real_ws/install/pure_pursuit/share/pure_pursuit/package.xml
[0.515s] Invoked command in '/home/ircv7/RACE/real_ws/build/pure_pursuit' returned '0': CMAKE_PREFIX_PATH=/opt/ros/humble /usr/bin/cmake --install /home/ircv7/RACE/real_ws/build/pure_pursuit
