[3.269s] Invoking command in '/home/ircv7/RACE/real_ws/build/joy_teleop': AMENT_PREFIX_PATH=/home/ircv7/RACE/real_ws/install/teleop_tools_msgs:${AMENT_PREFIX_PATH} CMAKE_PREFIX_PATH=/home/ircv7/RACE/real_ws/install/teleop_tools_msgs LD_LIBRARY_PATH=/home/ircv7/RACE/real_ws/install/teleop_tools_msgs/lib:${LD_LIBRARY_PATH} PYTHONPATH=/home/ircv7/RACE/real_ws/build/joy_teleop/prefix_override:/usr/lib/python3/dist-packages/colcon_core/task/python/colcon_distutils_commands:/home/ircv7/RACE/real_ws/install/joy_teleop/lib/python3.10/site-packages:/home/ircv7/RACE/real_ws/install/teleop_tools_msgs/local/lib/python3.10/dist-packages:${PYTHONPATH} /usr/bin/python3 -W ignore:setup.py install is deprecated -W ignore:easy_install command is deprecated setup.py develop --editable --build-directory /home/ircv7/RACE/real_ws/build/joy_teleop/build --no-deps symlink_data
[3.714s] /home/ircv7/.local/lib/python3.10/site-packages/setuptools/dist.py:476: SetuptoolsDeprecationWarning: Invalid dash-separated options
[3.715s] !!
[3.715s] 
[3.715s]         ********************************************************************************
[3.715s]         Usage of dash-separated 'script-dir' will not be supported in future
[3.715s]         versions. Please use the underscore name 'script_dir' instead.
[3.715s] 
[3.715s]         This deprecation is overdue, please update your project and remove deprecated
[3.715s]         calls to avoid build errors in the future.
[3.716s] 
[3.716s]         See https://setuptools.pypa.io/en/latest/userguide/declarative_config.html for details.
[3.716s]         ********************************************************************************
[3.716s] 
[3.716s] !!
[3.716s]   opt = self.warn_dash_deprecation(opt, section)
[4.265s] running develop
[4.838s] running egg_info
[4.879s] writing joy_teleop.egg-info/PKG-INFO
[4.881s] writing dependency_links to joy_teleop.egg-info/dependency_links.txt
[4.881s] writing entry points to joy_teleop.egg-info/entry_points.txt
[4.881s] writing requirements to joy_teleop.egg-info/requires.txt
[4.882s] writing top-level names to joy_teleop.egg-info/top_level.txt
[4.972s] reading manifest file 'joy_teleop.egg-info/SOURCES.txt'
[4.973s] writing manifest file 'joy_teleop.egg-info/SOURCES.txt'
[5.134s] running build_ext
[5.135s] Creating /home/ircv7/RACE/real_ws/install/joy_teleop/lib/python3.10/site-packages/joy-teleop.egg-link (link to .)
[5.136s] Installing incrementer_server script to /home/ircv7/RACE/real_ws/install/joy_teleop/lib/joy_teleop
[5.137s] Installing joy_teleop script to /home/ircv7/RACE/real_ws/install/joy_teleop/lib/joy_teleop
[5.137s] 
[5.138s] Installed /home/ircv7/RACE/real_ws/build/joy_teleop
[5.138s] running symlink_data
[5.279s] Invoked command in '/home/ircv7/RACE/real_ws/build/joy_teleop' returned '0': AMENT_PREFIX_PATH=/home/ircv7/RACE/real_ws/install/teleop_tools_msgs:${AMENT_PREFIX_PATH} CMAKE_PREFIX_PATH=/home/ircv7/RACE/real_ws/install/teleop_tools_msgs LD_LIBRARY_PATH=/home/ircv7/RACE/real_ws/install/teleop_tools_msgs/lib:${LD_LIBRARY_PATH} PYTHONPATH=/home/ircv7/RACE/real_ws/build/joy_teleop/prefix_override:/usr/lib/python3/dist-packages/colcon_core/task/python/colcon_distutils_commands:/home/ircv7/RACE/real_ws/install/joy_teleop/lib/python3.10/site-packages:/home/ircv7/RACE/real_ws/install/teleop_tools_msgs/local/lib/python3.10/dist-packages:${PYTHONPATH} /usr/bin/python3 -W ignore:setup.py install is deprecated -W ignore:easy_install command is deprecated setup.py develop --editable --build-directory /home/ircv7/RACE/real_ws/build/joy_teleop/build --no-deps symlink_data
