running develop
running egg_info
writing map_control.egg-info/PKG-INFO
writing dependency_links to map_control.egg-info/dependency_links.txt
writing entry points to map_control.egg-info/entry_points.txt
writing requirements to map_control.egg-info/requires.txt
writing top-level names to map_control.egg-info/top_level.txt
reading manifest file 'map_control.egg-info/SOURCES.txt'
writing manifest file 'map_control.egg-info/SOURCES.txt'
running build_ext
Creating /home/ircv7/RACE/real_ws/install/map_control/lib/python3.10/site-packages/map-control.egg-link (link to .)
Installing map_controller script to /home/ircv7/RACE/real_ws/install/map_control/lib/map_control

Installed /home/ircv7/RACE/real_ws/build/map_control
running symlink_data
symbolically linking /home/ircv7/RACE/real_ws/build/map_control/resource/map_control -> /home/ircv7/RACE/real_ws/install/map_control/share/ament_index/resource_index/packages
symbolically linking /home/ircv7/RACE/real_ws/build/map_control/package.xml -> /home/ircv7/RACE/real_ws/install/map_control/share/map_control
symbolically linking /home/ircv7/RACE/real_ws/build/map_control/launch/map_with_lane_selector.launch.py -> /home/ircv7/RACE/real_ws/install/map_control/share/map_control/launch
symbolically linking /home/ircv7/RACE/real_ws/build/map_control/launch/map_controller.launch.py -> /home/ircv7/RACE/real_ws/install/map_control/share/map_control/launch
symbolically linking /home/ircv7/RACE/real_ws/build/map_control/config/map_control_params.yaml -> /home/ircv7/RACE/real_ws/install/map_control/share/map_control/config
symbolically linking /home/ircv7/RACE/real_ws/build/map_control/config/steering_lut/NUC2_pacejka_lookup_table.csv -> /home/ircv7/RACE/real_ws/install/map_control/share/map_control/config/steering_lut
