[4.920s] Invoking command in '/home/ircv7/RACE/real_ws/build/map_control': CONDA_PROMPT_MODIFIER=(base) PYTHONPATH=/home/ircv7/RACE/real_ws/build/map_control/prefix_override:/usr/lib/python3/dist-packages/colcon_core/task/python/colcon_distutils_commands:/home/ircv7/RACE/real_ws/install/map_control/lib/python3.10/site-packages:${PYTHONPATH} /usr/bin/python3 -W ignore:setup.py install is deprecated -W ignore:easy_install command is deprecated setup.py develop --editable --build-directory /home/ircv7/RACE/real_ws/build/map_control/build --no-deps symlink_data --force
[6.440s] running develop
[7.644s] running egg_info
[7.723s] writing map_control.egg-info/PKG-INFO
[7.725s] writing dependency_links to map_control.egg-info/dependency_links.txt
[7.742s] writing entry points to map_control.egg-info/entry_points.txt
[7.743s] writing requirements to map_control.egg-info/requires.txt
[7.743s] writing top-level names to map_control.egg-info/top_level.txt
[7.981s] reading manifest file 'map_control.egg-info/SOURCES.txt'
[7.987s] writing manifest file 'map_control.egg-info/SOURCES.txt'
[8.210s] running build_ext
[8.211s] Creating /home/ircv7/RACE/real_ws/install/map_control/lib/python3.10/site-packages/map-control.egg-link (link to .)
[8.213s] Installing map_controller script to /home/ircv7/RACE/real_ws/install/map_control/lib/map_control
[8.214s] 
[8.216s] Installed /home/ircv7/RACE/real_ws/build/map_control
[8.216s] running symlink_data
[8.216s] symbolically linking /home/ircv7/RACE/real_ws/build/map_control/resource/map_control -> /home/ircv7/RACE/real_ws/install/map_control/share/ament_index/resource_index/packages
[8.216s] symbolically linking /home/ircv7/RACE/real_ws/build/map_control/package.xml -> /home/ircv7/RACE/real_ws/install/map_control/share/map_control
[8.216s] symbolically linking /home/ircv7/RACE/real_ws/build/map_control/launch/map_with_lane_selector.launch.py -> /home/ircv7/RACE/real_ws/install/map_control/share/map_control/launch
[8.217s] symbolically linking /home/ircv7/RACE/real_ws/build/map_control/launch/map_controller.launch.py -> /home/ircv7/RACE/real_ws/install/map_control/share/map_control/launch
[8.217s] symbolically linking /home/ircv7/RACE/real_ws/build/map_control/config/map_control_params.yaml -> /home/ircv7/RACE/real_ws/install/map_control/share/map_control/config
[8.217s] symbolically linking /home/ircv7/RACE/real_ws/build/map_control/config/steering_lut/NUC2_pacejka_lookup_table.csv -> /home/ircv7/RACE/real_ws/install/map_control/share/map_control/config/steering_lut
[8.449s] Invoked command in '/home/ircv7/RACE/real_ws/build/map_control' returned '0': CONDA_PROMPT_MODIFIER=(base) PYTHONPATH=/home/ircv7/RACE/real_ws/build/map_control/prefix_override:/usr/lib/python3/dist-packages/colcon_core/task/python/colcon_distutils_commands:/home/ircv7/RACE/real_ws/install/map_control/lib/python3.10/site-packages:${PYTHONPATH} /usr/bin/python3 -W ignore:setup.py install is deprecated -W ignore:easy_install command is deprecated setup.py develop --editable --build-directory /home/ircv7/RACE/real_ws/build/map_control/build --no-deps symlink_data --force
