[0.076s] Invoking command in '/home/ircv7/RACE/real_ws/build/ackermann_mux': CMAKE_PREFIX_PATH=/opt/ros/humble /usr/bin/cmake /home/ircv7/RACE/real_ws/src/f1tenth_system/ackermann_mux -DCMAKE_BUILD_TYPE=Release -DAMENT_CMAKE_SYMLINK_INSTALL=1 -DCMAKE_INSTALL_PREFIX=/home/ircv7/RACE/real_ws/install/ackermann_mux
[1.387s] -- Found ament_cmake: 1.3.12 (/opt/ros/humble/share/ament_cmake/cmake)
[1.387s] -- Override CMake install command with custom implementation using symlinks instead of copying resources
[1.387s] -- Found rclcpp: 16.0.15 (/opt/ros/humble/share/rclcpp/cmake)
[1.388s] -- Found rosidl_generator_c: 3.1.7 (/opt/ros/humble/share/rosidl_generator_c/cmake)
[1.388s] -- Found rosidl_adapter: 3.1.7 (/opt/ros/humble/share/rosidl_adapter/cmake)
[1.388s] -- Found rosidl_generator_cpp: 3.1.7 (/opt/ros/humble/share/rosidl_generator_cpp/cmake)
[1.388s] -- Using all available rosidl_typesupport_c: rosidl_typesupport_fastrtps_c;rosidl_typesupport_introspection_c
[1.392s] -- Using all available rosidl_typesupport_cpp: rosidl_typesupport_fastrtps_cpp;rosidl_typesupport_introspection_cpp
[1.393s] -- Found rmw_implementation_cmake: 6.1.2 (/opt/ros/humble/share/rmw_implementation_cmake/cmake)
[1.393s] -- Found rmw_fastrtps_cpp: 6.2.8 (/opt/ros/humble/share/rmw_fastrtps_cpp/cmake)
[1.393s] -- Using RMW implementation 'rmw_fastrtps_cpp' as default
[1.393s] -- Found ackermann_msgs: 2.0.2 (/opt/ros/humble/share/ackermann_msgs/cmake)
[1.393s] -- Found diagnostic_updater: 4.0.6 (/opt/ros/humble/share/diagnostic_updater/cmake)
[1.394s] -- Found ament_lint_auto: 0.12.14 (/opt/ros/humble/share/ament_lint_auto/cmake)
[1.394s] -- Found python_cmake_module: 0.10.0 (/opt/ros/humble/share/python_cmake_module/cmake)
[1.394s] -- Using PYTHON_EXECUTABLE: /usr/bin/python3
[1.394s] -- Using PYTHON_INCLUDE_DIRS: /usr/include/python3.10
[1.394s] -- Using PYTHON_LIBRARIES: /usr/lib/aarch64-linux-gnu/libpython3.10.so
[1.438s] -- Added test 'xmllint' to check XML markup files
[1.443s] -- Added test 'copyright' to check source files copyright and LICENSE
[1.455s] -- Added test 'cppcheck' to perform static code analysis on C / C++ code
[1.456s] -- Configured cppcheck include dirs: /home/ircv7/RACE/real_ws/src/f1tenth_system/ackermann_mux/include
[1.457s] -- Configured cppcheck exclude dirs and/or files: 
[1.460s] -- Added test 'cpplint' to check C / C++ code against the Google style
[1.460s] -- Configured cpplint exclude dirs and/or files: 
[1.460s] -- Added test 'flake8' to check Python code syntax and style conventions
[1.462s] -- Added test 'lint_cmake' to check CMake code style
[1.462s] -- Added test 'pep257' to check Python code against some of the docstring style conventions in PEP 257
[1.465s] -- Added test 'uncrustify' to check C / C++ code style
[1.465s] -- Configured uncrustify additional arguments: 
[1.471s] -- Configuring done
[1.500s] -- Generating done
[1.509s] -- Build files have been written to: /home/ircv7/RACE/real_ws/build/ackermann_mux
[2.071s] Invoked command in '/home/ircv7/RACE/real_ws/build/ackermann_mux' returned '0': CMAKE_PREFIX_PATH=/opt/ros/humble /usr/bin/cmake /home/ircv7/RACE/real_ws/src/f1tenth_system/ackermann_mux -DCMAKE_BUILD_TYPE=Release -DAMENT_CMAKE_SYMLINK_INSTALL=1 -DCMAKE_INSTALL_PREFIX=/home/ircv7/RACE/real_ws/install/ackermann_mux
[2.074s] Invoking command in '/home/ircv7/RACE/real_ws/build/ackermann_mux': CMAKE_PREFIX_PATH=/opt/ros/humble /usr/bin/cmake --build /home/ircv7/RACE/real_ws/build/ackermann_mux -- -j6 -l6
[2.201s] [35m[1mConsolidate compiler generated dependencies of target ackermann_mux[0m
[2.248s] [ 25%] [32mBuilding CXX object CMakeFiles/ackermann_mux.dir/src/ackermann_mux.cpp.o[0m
[2.271s] [ 50%] [32mBuilding CXX object CMakeFiles/ackermann_mux.dir/src/ackermann_mux_diagnostics.cpp.o[0m
[2.281s] [ 75%] [32mBuilding CXX object CMakeFiles/ackermann_mux.dir/src/ackermann_mux_node.cpp.o[0m
[73.763s] [100%] [32m[1mLinking CXX executable ackermann_mux[0m
[74.194s] [100%] Built target ackermann_mux
[74.232s] Invoked command in '/home/ircv7/RACE/real_ws/build/ackermann_mux' returned '0': CMAKE_PREFIX_PATH=/opt/ros/humble /usr/bin/cmake --build /home/ircv7/RACE/real_ws/build/ackermann_mux -- -j6 -l6
[74.246s] Invoking command in '/home/ircv7/RACE/real_ws/build/ackermann_mux': CMAKE_PREFIX_PATH=/opt/ros/humble /usr/bin/cmake --install /home/ircv7/RACE/real_ws/build/ackermann_mux
[74.266s] -- Install configuration: "Release"
[74.268s] -- Execute custom install script
[74.269s] -- Up-to-date symlink: /home/ircv7/RACE/real_ws/install/ackermann_mux/lib/ackermann_mux/ackermann_mux
[74.271s] -- Up-to-date symlink: /home/ircv7/RACE/real_ws/install/ackermann_mux/share/ackermann_mux/launch/ackermann_mux_launch.py
[74.273s] -- Up-to-date symlink: /home/ircv7/RACE/real_ws/install/ackermann_mux/share/ackermann_mux/config/ackermann_mux_locks.yaml
[74.273s] -- Up-to-date symlink: /home/ircv7/RACE/real_ws/install/ackermann_mux/share/ackermann_mux/config/ackermann_mux_topics.yaml
[74.274s] -- Up-to-date symlink: /home/ircv7/RACE/real_ws/install/ackermann_mux/share/ackermann_mux/config/joystick.yaml
[74.274s] -- Up-to-date symlink: /home/ircv7/RACE/real_ws/install/ackermann_mux/include/ackermann_mux/ackermann_mux.hpp
[74.275s] -- Up-to-date symlink: /home/ircv7/RACE/real_ws/install/ackermann_mux/include/ackermann_mux/ackermann_mux_diagnostics.hpp
[74.276s] -- Up-to-date symlink: /home/ircv7/RACE/real_ws/install/ackermann_mux/include/ackermann_mux/ackermann_mux_diagnostics_status.hpp
[74.276s] -- Up-to-date symlink: /home/ircv7/RACE/real_ws/install/ackermann_mux/include/ackermann_mux/params_helpers.hpp
[74.276s] -- Up-to-date symlink: /home/ircv7/RACE/real_ws/install/ackermann_mux/include/ackermann_mux/topic_handle.hpp
[74.277s] -- Up-to-date symlink: /home/ircv7/RACE/real_ws/install/ackermann_mux/include/ackermann_mux/utils.hpp
[74.278s] -- Up-to-date symlink: /home/ircv7/RACE/real_ws/install/ackermann_mux/share/ament_index/resource_index/package_run_dependencies/ackermann_mux
[74.278s] -- Up-to-date symlink: /home/ircv7/RACE/real_ws/install/ackermann_mux/share/ament_index/resource_index/parent_prefix_path/ackermann_mux
[74.280s] -- Up-to-date symlink: /home/ircv7/RACE/real_ws/install/ackermann_mux/share/ackermann_mux/environment/ament_prefix_path.sh
[74.283s] -- Up-to-date symlink: /home/ircv7/RACE/real_ws/install/ackermann_mux/share/ackermann_mux/environment/ament_prefix_path.dsv
[74.284s] -- Up-to-date symlink: /home/ircv7/RACE/real_ws/install/ackermann_mux/share/ackermann_mux/environment/path.sh
[74.285s] -- Up-to-date symlink: /home/ircv7/RACE/real_ws/install/ackermann_mux/share/ackermann_mux/environment/path.dsv
[74.285s] -- Up-to-date symlink: /home/ircv7/RACE/real_ws/install/ackermann_mux/share/ackermann_mux/local_setup.bash
[74.285s] -- Up-to-date symlink: /home/ircv7/RACE/real_ws/install/ackermann_mux/share/ackermann_mux/local_setup.sh
[74.286s] -- Up-to-date symlink: /home/ircv7/RACE/real_ws/install/ackermann_mux/share/ackermann_mux/local_setup.zsh
[74.286s] -- Up-to-date symlink: /home/ircv7/RACE/real_ws/install/ackermann_mux/share/ackermann_mux/local_setup.dsv
[74.286s] -- Symlinking: /home/ircv7/RACE/real_ws/install/ackermann_mux/share/ackermann_mux/package.dsv
[74.306s] -- Up-to-date symlink: /home/ircv7/RACE/real_ws/install/ackermann_mux/share/ament_index/resource_index/packages/ackermann_mux
[74.307s] -- Up-to-date symlink: /home/ircv7/RACE/real_ws/install/ackermann_mux/share/ackermann_mux/cmake/ament_cmake_export_include_directories-extras.cmake
[74.307s] -- Up-to-date symlink: /home/ircv7/RACE/real_ws/install/ackermann_mux/share/ackermann_mux/cmake/ament_cmake_export_dependencies-extras.cmake
[74.307s] -- Up-to-date symlink: /home/ircv7/RACE/real_ws/install/ackermann_mux/share/ackermann_mux/cmake/ackermann_muxConfig.cmake
[74.307s] -- Up-to-date symlink: /home/ircv7/RACE/real_ws/install/ackermann_mux/share/ackermann_mux/cmake/ackermann_muxConfig-version.cmake
[74.308s] -- Up-to-date symlink: /home/ircv7/RACE/real_ws/install/ackermann_mux/share/ackermann_mux/package.xml
[74.317s] Invoked command in '/home/ircv7/RACE/real_ws/build/ackermann_mux' returned '0': CMAKE_PREFIX_PATH=/opt/ros/humble /usr/bin/cmake --install /home/ircv7/RACE/real_ws/build/ackermann_mux
