[0.126s] Invoking command in '/home/ircv7/RACE/real_ws/build/pure_pursuit': CMAKE_PREFIX_PATH=${CMAKE_PREFIX_PATH}:/home/ircv7/RACE/sim_ws/install/obs_detect:/home/ircv7/RACE/sim_ws/install/map_control:/home/ircv7/RACE/sim_ws/install/lane_selector:/home/ircv7/RACE/sim_ws/install/f1tenth_gym_ros:/opt/ros/humble CONDA_PROMPT_MODIFIER=(base) /usr/bin/cmake --build /home/ircv7/RACE/real_ws/build/pure_pursuit -- -j6 -l6
[0.369s] [100%] Built target pure_pursuit_node
[0.391s] Invoked command in '/home/ircv7/RACE/real_ws/build/pure_pursuit' returned '0': CMAKE_PREFIX_PATH=${CMAKE_PREFIX_PATH}:/home/ircv7/RACE/sim_ws/install/obs_detect:/home/ircv7/RACE/sim_ws/install/map_control:/home/ircv7/RACE/sim_ws/install/lane_selector:/home/ircv7/RACE/sim_ws/install/f1tenth_gym_ros:/opt/ros/humble CONDA_PROMPT_MODIFIER=(base) /usr/bin/cmake --build /home/ircv7/RACE/real_ws/build/pure_pursuit -- -j6 -l6
[0.397s] Invoking command in '/home/ircv7/RACE/real_ws/build/pure_pursuit': CMAKE_PREFIX_PATH=${CMAKE_PREFIX_PATH}:/home/ircv7/RACE/sim_ws/install/obs_detect:/home/ircv7/RACE/sim_ws/install/map_control:/home/ircv7/RACE/sim_ws/install/lane_selector:/home/ircv7/RACE/sim_ws/install/f1tenth_gym_ros:/opt/ros/humble CONDA_PROMPT_MODIFIER=(base) /usr/bin/cmake --install /home/ircv7/RACE/real_ws/build/pure_pursuit
[0.423s] -- Install configuration: "Release"
[0.429s] -- Execute custom install script
[0.432s] -- Up-to-date symlink: /home/ircv7/RACE/real_ws/install/pure_pursuit/lib/pure_pursuit/pure_pursuit_node
[0.433s] -- Up-to-date symlink: /home/ircv7/RACE/real_ws/install/pure_pursuit/share/pure_pursuit/config//pure_pursuit_config.yaml
[0.434s] -- Up-to-date symlink: /home/ircv7/RACE/real_ws/install/pure_pursuit/share/pure_pursuit/launch//pure_pursuit_launch.py
[0.434s] -- Up-to-date symlink: /home/ircv7/RACE/real_ws/install/pure_pursuit/share/ament_index/resource_index/package_run_dependencies/pure_pursuit
[0.436s] -- Up-to-date symlink: /home/ircv7/RACE/real_ws/install/pure_pursuit/share/ament_index/resource_index/parent_prefix_path/pure_pursuit
[0.436s] -- Up-to-date symlink: /home/ircv7/RACE/real_ws/install/pure_pursuit/share/pure_pursuit/environment/ament_prefix_path.sh
[0.436s] -- Up-to-date symlink: /home/ircv7/RACE/real_ws/install/pure_pursuit/share/pure_pursuit/environment/ament_prefix_path.dsv
[0.436s] -- Up-to-date symlink: /home/ircv7/RACE/real_ws/install/pure_pursuit/share/pure_pursuit/environment/path.sh
[0.436s] -- Up-to-date symlink: /home/ircv7/RACE/real_ws/install/pure_pursuit/share/pure_pursuit/environment/path.dsv
[0.436s] -- Up-to-date symlink: /home/ircv7/RACE/real_ws/install/pure_pursuit/share/pure_pursuit/local_setup.bash
[0.436s] -- Up-to-date symlink: /home/ircv7/RACE/real_ws/install/pure_pursuit/share/pure_pursuit/local_setup.sh
[0.437s] -- Up-to-date symlink: /home/ircv7/RACE/real_ws/install/pure_pursuit/share/pure_pursuit/local_setup.zsh
[0.437s] -- Up-to-date symlink: /home/ircv7/RACE/real_ws/install/pure_pursuit/share/pure_pursuit/local_setup.dsv
[0.439s] -- Symlinking: /home/ircv7/RACE/real_ws/install/pure_pursuit/share/pure_pursuit/package.dsv
[0.473s] -- Up-to-date symlink: /home/ircv7/RACE/real_ws/install/pure_pursuit/share/ament_index/resource_index/packages/pure_pursuit
[0.474s] -- Up-to-date symlink: /home/ircv7/RACE/real_ws/install/pure_pursuit/share/pure_pursuit/cmake/pure_pursuitConfig.cmake
[0.474s] -- Up-to-date symlink: /home/ircv7/RACE/real_ws/install/pure_pursuit/share/pure_pursuit/cmake/pure_pursuitConfig-version.cmake
[0.474s] -- Up-to-date symlink: /home/ircv7/RACE/real_ws/install/pure_pursuit/share/pure_pursuit/package.xml
[0.482s] Invoked command in '/home/ircv7/RACE/real_ws/build/pure_pursuit' returned '0': CMAKE_PREFIX_PATH=${CMAKE_PREFIX_PATH}:/home/ircv7/RACE/sim_ws/install/obs_detect:/home/ircv7/RACE/sim_ws/install/map_control:/home/ircv7/RACE/sim_ws/install/lane_selector:/home/ircv7/RACE/sim_ws/install/f1tenth_gym_ros:/opt/ros/humble CONDA_PROMPT_MODIFIER=(base) /usr/bin/cmake --install /home/ircv7/RACE/real_ws/build/pure_pursuit
