[2.157s] Invoking command in '/home/ircv7/RACE/real_ws/build/f1tenth_stack': AMENT_PREFIX_PATH=/home/ircv7/RACE/real_ws/install/vesc:/home/ircv7/RACE/real_ws/install/vesc_driver:/home/ircv7/RACE/real_ws/install/vesc_ackermann:/home/ircv7/RACE/real_ws/install/joy_teleop:/home/ircv7/RACE/real_ws/install/vesc_msgs:/home/ircv7/RACE/real_ws/install/teleop_tools_msgs:/home/ircv7/RACE/real_ws/install/ackermann_mux:${AMENT_PREFIX_PATH} CMAKE_PREFIX_PATH=/home/ircv7/RACE/real_ws/install/vesc:/home/ircv7/RACE/real_ws/install/vesc_driver:/home/ircv7/RACE/real_ws/install/vesc_ackermann:/home/ircv7/RACE/real_ws/install/vesc_msgs:/home/ircv7/RACE/real_ws/install/teleop_tools_msgs:/home/ircv7/RACE/real_ws/install/ackermann_mux LD_LIBRARY_PATH=/home/ircv7/RACE/real_ws/install/vesc_driver/lib:/home/ircv7/RACE/real_ws/install/vesc_ackermann/lib:/home/ircv7/RACE/real_ws/install/vesc_msgs/lib:/home/ircv7/RACE/real_ws/install/teleop_tools_msgs/lib:${LD_LIBRARY_PATH} PYTHONPATH=/home/ircv7/RACE/real_ws/build/f1tenth_stack/prefix_override:/usr/lib/python3/dist-packages/colcon_core/task/python/colcon_distutils_commands:/home/ircv7/RACE/real_ws/install/f1tenth_stack/lib/python3.10/site-packages:/home/ircv7/RACE/real_ws/build/joy_teleop:/home/ircv7/RACE/real_ws/install/joy_teleop/lib/python3.10/site-packages:/home/ircv7/RACE/real_ws/install/vesc_msgs/local/lib/python3.10/dist-packages:/home/ircv7/RACE/real_ws/install/teleop_tools_msgs/local/lib/python3.10/dist-packages:${PYTHONPATH} /usr/bin/python3 -W ignore:setup.py install is deprecated -W ignore:easy_install command is deprecated setup.py develop --editable --build-directory /home/ircv7/RACE/real_ws/build/f1tenth_stack/build --no-deps symlink_data
[2.964s] running develop
[3.535s] running egg_info
[3.577s] writing f1tenth_stack.egg-info/PKG-INFO
[3.578s] writing dependency_links to f1tenth_stack.egg-info/dependency_links.txt
[3.579s] writing entry points to f1tenth_stack.egg-info/entry_points.txt
[3.579s] writing requirements to f1tenth_stack.egg-info/requires.txt
[3.580s] writing top-level names to f1tenth_stack.egg-info/top_level.txt
[3.667s] reading manifest file 'f1tenth_stack.egg-info/SOURCES.txt'
[3.669s] writing manifest file 'f1tenth_stack.egg-info/SOURCES.txt'
[3.829s] running build_ext
[3.829s] Creating /home/ircv7/RACE/real_ws/install/f1tenth_stack/lib/python3.10/site-packages/f1tenth-stack.egg-link (link to .)
[3.831s] Installing car_visualizer.py script to /home/ircv7/RACE/real_ws/install/f1tenth_stack/lib/f1tenth_stack
[3.832s] Installing tf_publisher script to /home/ircv7/RACE/real_ws/install/f1tenth_stack/lib/f1tenth_stack
[3.832s] Installing throttle_interpolator script to /home/ircv7/RACE/real_ws/install/f1tenth_stack/lib/f1tenth_stack
[3.832s] Installing vesc_imu_bridge script to /home/ircv7/RACE/real_ws/install/f1tenth_stack/lib/f1tenth_stack
[3.833s] 
[3.833s] Installed /home/ircv7/RACE/real_ws/build/f1tenth_stack
[3.833s] running symlink_data
[3.970s] Invoked command in '/home/ircv7/RACE/real_ws/build/f1tenth_stack' returned '0': AMENT_PREFIX_PATH=/home/ircv7/RACE/real_ws/install/vesc:/home/ircv7/RACE/real_ws/install/vesc_driver:/home/ircv7/RACE/real_ws/install/vesc_ackermann:/home/ircv7/RACE/real_ws/install/joy_teleop:/home/ircv7/RACE/real_ws/install/vesc_msgs:/home/ircv7/RACE/real_ws/install/teleop_tools_msgs:/home/ircv7/RACE/real_ws/install/ackermann_mux:${AMENT_PREFIX_PATH} CMAKE_PREFIX_PATH=/home/ircv7/RACE/real_ws/install/vesc:/home/ircv7/RACE/real_ws/install/vesc_driver:/home/ircv7/RACE/real_ws/install/vesc_ackermann:/home/ircv7/RACE/real_ws/install/vesc_msgs:/home/ircv7/RACE/real_ws/install/teleop_tools_msgs:/home/ircv7/RACE/real_ws/install/ackermann_mux LD_LIBRARY_PATH=/home/ircv7/RACE/real_ws/install/vesc_driver/lib:/home/ircv7/RACE/real_ws/install/vesc_ackermann/lib:/home/ircv7/RACE/real_ws/install/vesc_msgs/lib:/home/ircv7/RACE/real_ws/install/teleop_tools_msgs/lib:${LD_LIBRARY_PATH} PYTHONPATH=/home/ircv7/RACE/real_ws/build/f1tenth_stack/prefix_override:/usr/lib/python3/dist-packages/colcon_core/task/python/colcon_distutils_commands:/home/ircv7/RACE/real_ws/install/f1tenth_stack/lib/python3.10/site-packages:/home/ircv7/RACE/real_ws/build/joy_teleop:/home/ircv7/RACE/real_ws/install/joy_teleop/lib/python3.10/site-packages:/home/ircv7/RACE/real_ws/install/vesc_msgs/local/lib/python3.10/dist-packages:/home/ircv7/RACE/real_ws/install/teleop_tools_msgs/local/lib/python3.10/dist-packages:${PYTHONPATH} /usr/bin/python3 -W ignore:setup.py install is deprecated -W ignore:easy_install command is deprecated setup.py develop --editable --build-directory /home/ircv7/RACE/real_ws/build/f1tenth_stack/build --no-deps symlink_data
