[0.070s] Invoking command in '/home/ircv7/RACE/real_ws/build/vesc_msgs': CMAKE_PREFIX_PATH=/opt/ros/humble /usr/bin/cmake --build /home/ircv7/RACE/real_ws/build/vesc_msgs -- -j6 -l6
[1.570s] [35m[1mConsolidate compiler generated dependencies of target vesc_msgs__rosidl_generator_c[0m
[1.572s] [ 10%] Built target vesc_msgs__rosidl_generator_c
[1.573s] [ 12%] Built target vesc_msgs__cpp
[1.573s] [35m[1mConsolidate compiler generated dependencies of target vesc_msgs__rosidl_typesupport_cpp[0m
[1.573s] [35m[1mConsolidate compiler generated dependencies of target vesc_msgs__rosidl_typesupport_introspection_c[0m
[1.574s] [35m[1mConsolidate compiler generated dependencies of target vesc_msgs__rosidl_typesupport_fastrtps_c[0m
[1.574s] [35m[1mConsolidate compiler generated dependencies of target vesc_msgs__rosidl_typesupport_c[0m
[1.574s] [35m[1mConsolidate compiler generated dependencies of target vesc_msgs__rosidl_typesupport_fastrtps_cpp[0m
[1.574s] [ 23%] Built target vesc_msgs__rosidl_typesupport_introspection_c
[1.575s] [ 23%] Built target ament_cmake_python_symlink_vesc_msgs
[1.575s] [ 34%] Built target vesc_msgs__rosidl_typesupport_c
[1.575s] [ 45%] Built target vesc_msgs__rosidl_typesupport_fastrtps_cpp
[1.576s] [ 56%] Built target vesc_msgs__rosidl_typesupport_cpp
[1.577s] [ 67%] Built target vesc_msgs__rosidl_typesupport_fastrtps_c
[1.577s] [35m[1mConsolidate compiler generated dependencies of target vesc_msgs__rosidl_typesupport_introspection_cpp[0m
[1.577s] [ 78%] Built target vesc_msgs__rosidl_typesupport_introspection_cpp
[1.577s] [ 78%] Built target vesc_msgs
[1.577s] [ 80%] Built target vesc_msgs__py
[1.577s] [35m[1mConsolidate compiler generated dependencies of target vesc_msgs__rosidl_generator_py[0m
[1.577s] [ 89%] Built target vesc_msgs__rosidl_generator_py
[1.578s] [35m[1mConsolidate compiler generated dependencies of target vesc_msgs__rosidl_typesupport_introspection_c__pyext[0m
[1.578s] [35m[1mConsolidate compiler generated dependencies of target vesc_msgs__rosidl_typesupport_fastrtps_c__pyext[0m
[1.578s] [35m[1mConsolidate compiler generated dependencies of target vesc_msgs__rosidl_typesupport_c__pyext[0m
[1.578s] [ 92%] Built target vesc_msgs__rosidl_typesupport_introspection_c__pyext
[1.578s] [ 96%] Built target vesc_msgs__rosidl_typesupport_fastrtps_c__pyext
[1.578s] [100%] Built target vesc_msgs__rosidl_typesupport_c__pyext
[1.578s] running egg_info
[1.578s] writing vesc_msgs.egg-info/PKG-INFO
[1.578s] writing dependency_links to vesc_msgs.egg-info/dependency_links.txt
[1.579s] writing top-level names to vesc_msgs.egg-info/top_level.txt
[1.579s] reading manifest file 'vesc_msgs.egg-info/SOURCES.txt'
[1.579s] writing manifest file 'vesc_msgs.egg-info/SOURCES.txt'
[1.579s] [100%] Built target ament_cmake_python_build_vesc_msgs_egg
[2.188s] Invoked command in '/home/ircv7/RACE/real_ws/build/vesc_msgs' returned '0': CMAKE_PREFIX_PATH=/opt/ros/humble /usr/bin/cmake --build /home/ircv7/RACE/real_ws/build/vesc_msgs -- -j6 -l6
[2.194s] Invoking command in '/home/ircv7/RACE/real_ws/build/vesc_msgs': CMAKE_PREFIX_PATH=/opt/ros/humble /usr/bin/cmake --install /home/ircv7/RACE/real_ws/build/vesc_msgs
[2.241s] -- Install configuration: "Release"
[2.242s] -- Execute custom install script
[2.242s] -- Up-to-date symlink: /home/ircv7/RACE/real_ws/install/vesc_msgs/share/ament_index/resource_index/rosidl_interfaces/vesc_msgs
[2.242s] -- Up-to-date symlink: /home/ircv7/RACE/real_ws/install/vesc_msgs/include/vesc_msgs/vesc_msgs/msg/detail/vesc_imu__functions.h
[2.242s] -- Up-to-date symlink: /home/ircv7/RACE/real_ws/install/vesc_msgs/include/vesc_msgs/vesc_msgs/msg/detail/vesc_imu__struct.h
[2.243s] -- Up-to-date symlink: /home/ircv7/RACE/real_ws/install/vesc_msgs/include/vesc_msgs/vesc_msgs/msg/detail/vesc_imu__type_support.h
[2.243s] -- Up-to-date symlink: /home/ircv7/RACE/real_ws/install/vesc_msgs/include/vesc_msgs/vesc_msgs/msg/detail/vesc_imu_stamped__functions.h
[2.243s] -- Up-to-date symlink: /home/ircv7/RACE/real_ws/install/vesc_msgs/include/vesc_msgs/vesc_msgs/msg/detail/vesc_imu_stamped__struct.h
[2.244s] -- Up-to-date symlink: /home/ircv7/RACE/real_ws/install/vesc_msgs/include/vesc_msgs/vesc_msgs/msg/detail/vesc_imu_stamped__type_support.h
[2.244s] -- Up-to-date symlink: /home/ircv7/RACE/real_ws/install/vesc_msgs/include/vesc_msgs/vesc_msgs/msg/detail/vesc_state__functions.h
[2.244s] -- Up-to-date symlink: /home/ircv7/RACE/real_ws/install/vesc_msgs/include/vesc_msgs/vesc_msgs/msg/detail/vesc_state__struct.h
[2.244s] -- Up-to-date symlink: /home/ircv7/RACE/real_ws/install/vesc_msgs/include/vesc_msgs/vesc_msgs/msg/detail/vesc_state__type_support.h
[2.244s] -- Up-to-date symlink: /home/ircv7/RACE/real_ws/install/vesc_msgs/include/vesc_msgs/vesc_msgs/msg/detail/vesc_state_stamped__functions.h
[2.244s] -- Up-to-date symlink: /home/ircv7/RACE/real_ws/install/vesc_msgs/include/vesc_msgs/vesc_msgs/msg/detail/vesc_state_stamped__struct.h
[2.244s] -- Up-to-date symlink: /home/ircv7/RACE/real_ws/install/vesc_msgs/include/vesc_msgs/vesc_msgs/msg/detail/vesc_state_stamped__type_support.h
[2.245s] -- Up-to-date symlink: /home/ircv7/RACE/real_ws/install/vesc_msgs/include/vesc_msgs/vesc_msgs/msg/rosidl_generator_c__visibility_control.h
[2.245s] -- Up-to-date symlink: /home/ircv7/RACE/real_ws/install/vesc_msgs/include/vesc_msgs/vesc_msgs/msg/vesc_imu.h
[2.245s] -- Up-to-date symlink: /home/ircv7/RACE/real_ws/install/vesc_msgs/include/vesc_msgs/vesc_msgs/msg/vesc_imu_stamped.h
[2.245s] -- Up-to-date symlink: /home/ircv7/RACE/real_ws/install/vesc_msgs/include/vesc_msgs/vesc_msgs/msg/vesc_state.h
[2.245s] -- Up-to-date symlink: /home/ircv7/RACE/real_ws/install/vesc_msgs/include/vesc_msgs/vesc_msgs/msg/vesc_state_stamped.h
[2.245s] -- Up-to-date symlink: /home/ircv7/RACE/real_ws/install/vesc_msgs/share/vesc_msgs/environment/library_path.sh
[2.245s] -- Up-to-date symlink: /home/ircv7/RACE/real_ws/install/vesc_msgs/share/vesc_msgs/environment/library_path.dsv
[2.253s] -- Up-to-date symlink: /home/ircv7/RACE/real_ws/install/vesc_msgs/include/vesc_msgs/vesc_msgs/msg/detail/vesc_imu__rosidl_typesupport_fastrtps_c.h
[2.254s] -- Up-to-date symlink: /home/ircv7/RACE/real_ws/install/vesc_msgs/include/vesc_msgs/vesc_msgs/msg/detail/vesc_imu_stamped__rosidl_typesupport_fastrtps_c.h
[2.254s] -- Up-to-date symlink: /home/ircv7/RACE/real_ws/install/vesc_msgs/include/vesc_msgs/vesc_msgs/msg/detail/vesc_state__rosidl_typesupport_fastrtps_c.h
[2.254s] -- Up-to-date symlink: /home/ircv7/RACE/real_ws/install/vesc_msgs/include/vesc_msgs/vesc_msgs/msg/detail/vesc_state_stamped__rosidl_typesupport_fastrtps_c.h
[2.254s] -- Up-to-date symlink: /home/ircv7/RACE/real_ws/install/vesc_msgs/include/vesc_msgs/vesc_msgs/msg/rosidl_typesupport_fastrtps_c__visibility_control.h
[2.256s] -- Up-to-date symlink: /home/ircv7/RACE/real_ws/install/vesc_msgs/include/vesc_msgs/vesc_msgs/msg/detail/vesc_imu__rosidl_typesupport_introspection_c.h
[2.257s] -- Up-to-date symlink: /home/ircv7/RACE/real_ws/install/vesc_msgs/include/vesc_msgs/vesc_msgs/msg/detail/vesc_imu_stamped__rosidl_typesupport_introspection_c.h
[2.266s] -- Up-to-date symlink: /home/ircv7/RACE/real_ws/install/vesc_msgs/include/vesc_msgs/vesc_msgs/msg/detail/vesc_state__rosidl_typesupport_introspection_c.h
[2.266s] -- Up-to-date symlink: /home/ircv7/RACE/real_ws/install/vesc_msgs/include/vesc_msgs/vesc_msgs/msg/detail/vesc_state_stamped__rosidl_typesupport_introspection_c.h
[2.266s] -- Up-to-date symlink: /home/ircv7/RACE/real_ws/install/vesc_msgs/include/vesc_msgs/vesc_msgs/msg/rosidl_typesupport_introspection_c__visibility_control.h
[2.288s] -- Up-to-date symlink: /home/ircv7/RACE/real_ws/install/vesc_msgs/include/vesc_msgs/vesc_msgs/msg/detail/vesc_imu__builder.hpp
[2.289s] -- Up-to-date symlink: /home/ircv7/RACE/real_ws/install/vesc_msgs/include/vesc_msgs/vesc_msgs/msg/detail/vesc_imu__struct.hpp
[2.289s] -- Up-to-date symlink: /home/ircv7/RACE/real_ws/install/vesc_msgs/include/vesc_msgs/vesc_msgs/msg/detail/vesc_imu__traits.hpp
[2.289s] -- Up-to-date symlink: /home/ircv7/RACE/real_ws/install/vesc_msgs/include/vesc_msgs/vesc_msgs/msg/detail/vesc_imu__type_support.hpp
[2.289s] -- Up-to-date symlink: /home/ircv7/RACE/real_ws/install/vesc_msgs/include/vesc_msgs/vesc_msgs/msg/detail/vesc_imu_stamped__builder.hpp
[2.289s] -- Up-to-date symlink: /home/ircv7/RACE/real_ws/install/vesc_msgs/include/vesc_msgs/vesc_msgs/msg/detail/vesc_imu_stamped__struct.hpp
[2.289s] -- Up-to-date symlink: /home/ircv7/RACE/real_ws/install/vesc_msgs/include/vesc_msgs/vesc_msgs/msg/detail/vesc_imu_stamped__traits.hpp
[2.289s] -- Up-to-date symlink: /home/ircv7/RACE/real_ws/install/vesc_msgs/include/vesc_msgs/vesc_msgs/msg/detail/vesc_imu_stamped__type_support.hpp
[2.290s] -- Up-to-date symlink: /home/ircv7/RACE/real_ws/install/vesc_msgs/include/vesc_msgs/vesc_msgs/msg/detail/vesc_state__builder.hpp
[2.290s] -- Up-to-date symlink: /home/ircv7/RACE/real_ws/install/vesc_msgs/include/vesc_msgs/vesc_msgs/msg/detail/vesc_state__struct.hpp
[2.291s] -- Up-to-date symlink: /home/ircv7/RACE/real_ws/install/vesc_msgs/include/vesc_msgs/vesc_msgs/msg/detail/vesc_state__traits.hpp
[2.291s] -- Up-to-date symlink: /home/ircv7/RACE/real_ws/install/vesc_msgs/include/vesc_msgs/vesc_msgs/msg/detail/vesc_state__type_support.hpp
[2.291s] -- Up-to-date symlink: /home/ircv7/RACE/real_ws/install/vesc_msgs/include/vesc_msgs/vesc_msgs/msg/detail/vesc_state_stamped__builder.hpp
[2.292s] -- Up-to-date symlink: /home/ircv7/RACE/real_ws/install/vesc_msgs/include/vesc_msgs/vesc_msgs/msg/detail/vesc_state_stamped__struct.hpp
[2.292s] -- Up-to-date symlink: /home/ircv7/RACE/real_ws/install/vesc_msgs/include/vesc_msgs/vesc_msgs/msg/detail/vesc_state_stamped__traits.hpp
[2.292s] -- Up-to-date symlink: /home/ircv7/RACE/real_ws/install/vesc_msgs/include/vesc_msgs/vesc_msgs/msg/detail/vesc_state_stamped__type_support.hpp
[2.292s] -- Up-to-date symlink: /home/ircv7/RACE/real_ws/install/vesc_msgs/include/vesc_msgs/vesc_msgs/msg/rosidl_generator_cpp__visibility_control.hpp
[2.292s] -- Up-to-date symlink: /home/ircv7/RACE/real_ws/install/vesc_msgs/include/vesc_msgs/vesc_msgs/msg/vesc_imu.hpp
[2.292s] -- Up-to-date symlink: /home/ircv7/RACE/real_ws/install/vesc_msgs/include/vesc_msgs/vesc_msgs/msg/vesc_imu_stamped.hpp
[2.292s] -- Up-to-date symlink: /home/ircv7/RACE/real_ws/install/vesc_msgs/include/vesc_msgs/vesc_msgs/msg/vesc_state.hpp
[2.292s] -- Up-to-date symlink: /home/ircv7/RACE/real_ws/install/vesc_msgs/include/vesc_msgs/vesc_msgs/msg/vesc_state_stamped.hpp
[2.293s] -- Up-to-date symlink: /home/ircv7/RACE/real_ws/install/vesc_msgs/include/vesc_msgs/vesc_msgs/msg/detail/vesc_imu__rosidl_typesupport_fastrtps_cpp.hpp
[2.293s] -- Up-to-date symlink: /home/ircv7/RACE/real_ws/install/vesc_msgs/include/vesc_msgs/vesc_msgs/msg/detail/vesc_imu_stamped__rosidl_typesupport_fastrtps_cpp.hpp
[2.293s] -- Up-to-date symlink: /home/ircv7/RACE/real_ws/install/vesc_msgs/include/vesc_msgs/vesc_msgs/msg/detail/vesc_state__rosidl_typesupport_fastrtps_cpp.hpp
[2.293s] -- Up-to-date symlink: /home/ircv7/RACE/real_ws/install/vesc_msgs/include/vesc_msgs/vesc_msgs/msg/detail/vesc_state_stamped__rosidl_typesupport_fastrtps_cpp.hpp
[2.293s] -- Up-to-date symlink: /home/ircv7/RACE/real_ws/install/vesc_msgs/include/vesc_msgs/vesc_msgs/msg/rosidl_typesupport_fastrtps_cpp__visibility_control.h
[2.293s] -- Up-to-date symlink: /home/ircv7/RACE/real_ws/install/vesc_msgs/include/vesc_msgs/vesc_msgs/msg/detail/vesc_imu__rosidl_typesupport_introspection_cpp.hpp
[2.293s] -- Up-to-date symlink: /home/ircv7/RACE/real_ws/install/vesc_msgs/include/vesc_msgs/vesc_msgs/msg/detail/vesc_imu_stamped__rosidl_typesupport_introspection_cpp.hpp
[2.293s] -- Up-to-date symlink: /home/ircv7/RACE/real_ws/install/vesc_msgs/include/vesc_msgs/vesc_msgs/msg/detail/vesc_state__rosidl_typesupport_introspection_cpp.hpp
[2.294s] -- Up-to-date symlink: /home/ircv7/RACE/real_ws/install/vesc_msgs/include/vesc_msgs/vesc_msgs/msg/detail/vesc_state_stamped__rosidl_typesupport_introspection_cpp.hpp
[2.294s] -- Up-to-date symlink: /home/ircv7/RACE/real_ws/install/vesc_msgs/share/vesc_msgs/environment/pythonpath.sh
[2.294s] -- Up-to-date symlink: /home/ircv7/RACE/real_ws/install/vesc_msgs/share/vesc_msgs/environment/pythonpath.dsv
[2.294s] -- Up-to-date symlink: /home/ircv7/RACE/real_ws/install/vesc_msgs/local/lib/python3.10/dist-packages/vesc_msgs-1.2.0-py3.10.egg-info/PKG-INFO
[2.294s] -- Up-to-date symlink: /home/ircv7/RACE/real_ws/install/vesc_msgs/local/lib/python3.10/dist-packages/vesc_msgs-1.2.0-py3.10.egg-info/SOURCES.txt
[2.294s] -- Up-to-date symlink: /home/ircv7/RACE/real_ws/install/vesc_msgs/local/lib/python3.10/dist-packages/vesc_msgs-1.2.0-py3.10.egg-info/dependency_links.txt
[2.294s] -- Up-to-date symlink: /home/ircv7/RACE/real_ws/install/vesc_msgs/local/lib/python3.10/dist-packages/vesc_msgs-1.2.0-py3.10.egg-info/top_level.txt
[2.294s] -- Up-to-date symlink: /home/ircv7/RACE/real_ws/install/vesc_msgs/local/lib/python3.10/dist-packages/vesc_msgs/__init__.py
[2.294s] -- Up-to-date symlink: /home/ircv7/RACE/real_ws/install/vesc_msgs/local/lib/python3.10/dist-packages/vesc_msgs/_vesc_msgs_s.ep.rosidl_typesupport_c.c
[2.295s] -- Up-to-date symlink: /home/ircv7/RACE/real_ws/install/vesc_msgs/local/lib/python3.10/dist-packages/vesc_msgs/_vesc_msgs_s.ep.rosidl_typesupport_fastrtps_c.c
[2.296s] -- Up-to-date symlink: /home/ircv7/RACE/real_ws/install/vesc_msgs/local/lib/python3.10/dist-packages/vesc_msgs/_vesc_msgs_s.ep.rosidl_typesupport_introspection_c.c
[2.296s] -- Up-to-date symlink: /home/ircv7/RACE/real_ws/install/vesc_msgs/local/lib/python3.10/dist-packages/vesc_msgs/libvesc_msgs__rosidl_generator_py.so
[2.297s] -- Up-to-date symlink: /home/ircv7/RACE/real_ws/install/vesc_msgs/local/lib/python3.10/dist-packages/vesc_msgs/msg/__init__.py
[2.297s] -- Up-to-date symlink: /home/ircv7/RACE/real_ws/install/vesc_msgs/local/lib/python3.10/dist-packages/vesc_msgs/msg/_vesc_imu.py
[2.298s] -- Up-to-date symlink: /home/ircv7/RACE/real_ws/install/vesc_msgs/local/lib/python3.10/dist-packages/vesc_msgs/msg/_vesc_imu_s.c
[2.298s] -- Up-to-date symlink: /home/ircv7/RACE/real_ws/install/vesc_msgs/local/lib/python3.10/dist-packages/vesc_msgs/msg/_vesc_imu_stamped.py
[2.298s] -- Up-to-date symlink: /home/ircv7/RACE/real_ws/install/vesc_msgs/local/lib/python3.10/dist-packages/vesc_msgs/msg/_vesc_imu_stamped_s.c
[2.298s] -- Up-to-date symlink: /home/ircv7/RACE/real_ws/install/vesc_msgs/local/lib/python3.10/dist-packages/vesc_msgs/msg/_vesc_state.py
[2.298s] -- Up-to-date symlink: /home/ircv7/RACE/real_ws/install/vesc_msgs/local/lib/python3.10/dist-packages/vesc_msgs/msg/_vesc_state_s.c
[2.298s] -- Up-to-date symlink: /home/ircv7/RACE/real_ws/install/vesc_msgs/local/lib/python3.10/dist-packages/vesc_msgs/msg/_vesc_state_stamped.py
[2.298s] -- Up-to-date symlink: /home/ircv7/RACE/real_ws/install/vesc_msgs/local/lib/python3.10/dist-packages/vesc_msgs/msg/_vesc_state_stamped_s.c
[2.298s] -- Up-to-date symlink: /home/ircv7/RACE/real_ws/install/vesc_msgs/local/lib/python3.10/dist-packages/vesc_msgs/vesc_msgs_s__rosidl_typesupport_c.cpython-310-aarch64-linux-gnu.so
[2.298s] -- Up-to-date symlink: /home/ircv7/RACE/real_ws/install/vesc_msgs/local/lib/python3.10/dist-packages/vesc_msgs/vesc_msgs_s__rosidl_typesupport_fastrtps_c.cpython-310-aarch64-linux-gnu.so
[2.299s] -- Up-to-date symlink: /home/ircv7/RACE/real_ws/install/vesc_msgs/local/lib/python3.10/dist-packages/vesc_msgs/vesc_msgs_s__rosidl_typesupport_introspection_c.cpython-310-aarch64-linux-gnu.so
[2.299s] -- Up-to-date symlink: /home/ircv7/RACE/real_ws/install/vesc_msgs/local/lib/python3.10/dist-packages/vesc_msgs/vesc_msgs_s__rosidl_typesupport_fastrtps_c.cpython-310-aarch64-linux-gnu.so
[2.299s] -- Up-to-date symlink: /home/ircv7/RACE/real_ws/install/vesc_msgs/local/lib/python3.10/dist-packages/vesc_msgs/vesc_msgs_s__rosidl_typesupport_introspection_c.cpython-310-aarch64-linux-gnu.so
[2.300s] -- Up-to-date symlink: /home/ircv7/RACE/real_ws/install/vesc_msgs/local/lib/python3.10/dist-packages/vesc_msgs/vesc_msgs_s__rosidl_typesupport_c.cpython-310-aarch64-linux-gnu.so
[2.300s] -- Up-to-date symlink: /home/ircv7/RACE/real_ws/install/vesc_msgs/share/vesc_msgs/msg/VescState.idl
[2.300s] -- Up-to-date symlink: /home/ircv7/RACE/real_ws/install/vesc_msgs/share/vesc_msgs/msg/VescStateStamped.idl
[2.300s] -- Up-to-date symlink: /home/ircv7/RACE/real_ws/install/vesc_msgs/share/vesc_msgs/msg/VescImu.idl
[2.300s] -- Up-to-date symlink: /home/ircv7/RACE/real_ws/install/vesc_msgs/share/vesc_msgs/msg/VescImuStamped.idl
[2.300s] -- Up-to-date symlink: /home/ircv7/RACE/real_ws/install/vesc_msgs/share/vesc_msgs/msg/VescState.msg
[2.300s] -- Up-to-date symlink: /home/ircv7/RACE/real_ws/install/vesc_msgs/share/vesc_msgs/msg/VescStateStamped.msg
[2.300s] -- Up-to-date symlink: /home/ircv7/RACE/real_ws/install/vesc_msgs/share/vesc_msgs/msg/VescImu.msg
[2.301s] -- Up-to-date symlink: /home/ircv7/RACE/real_ws/install/vesc_msgs/share/vesc_msgs/msg/VescImuStamped.msg
[2.301s] -- Up-to-date symlink: /home/ircv7/RACE/real_ws/install/vesc_msgs/share/ament_index/resource_index/package_run_dependencies/vesc_msgs
[2.301s] -- Up-to-date symlink: /home/ircv7/RACE/real_ws/install/vesc_msgs/share/ament_index/resource_index/parent_prefix_path/vesc_msgs
[2.301s] -- Up-to-date symlink: /home/ircv7/RACE/real_ws/install/vesc_msgs/share/vesc_msgs/environment/ament_prefix_path.sh
[2.301s] -- Up-to-date symlink: /home/ircv7/RACE/real_ws/install/vesc_msgs/share/vesc_msgs/environment/ament_prefix_path.dsv
[2.301s] -- Up-to-date symlink: /home/ircv7/RACE/real_ws/install/vesc_msgs/share/vesc_msgs/environment/path.sh
[2.301s] -- Up-to-date symlink: /home/ircv7/RACE/real_ws/install/vesc_msgs/share/vesc_msgs/environment/path.dsv
[2.301s] -- Up-to-date symlink: /home/ircv7/RACE/real_ws/install/vesc_msgs/share/vesc_msgs/local_setup.bash
[2.301s] -- Up-to-date symlink: /home/ircv7/RACE/real_ws/install/vesc_msgs/share/vesc_msgs/local_setup.sh
[2.302s] -- Up-to-date symlink: /home/ircv7/RACE/real_ws/install/vesc_msgs/share/vesc_msgs/local_setup.zsh
[2.302s] -- Up-to-date symlink: /home/ircv7/RACE/real_ws/install/vesc_msgs/share/vesc_msgs/local_setup.dsv
[2.302s] -- Symlinking: /home/ircv7/RACE/real_ws/install/vesc_msgs/share/vesc_msgs/package.dsv
[2.322s] -- Up-to-date symlink: /home/ircv7/RACE/real_ws/install/vesc_msgs/share/ament_index/resource_index/packages/vesc_msgs
[2.323s] -- Up-to-date symlink: /home/ircv7/RACE/real_ws/install/vesc_msgs/share/vesc_msgs/cmake/rosidl_cmake-extras.cmake
[2.323s] -- Up-to-date symlink: /home/ircv7/RACE/real_ws/install/vesc_msgs/share/vesc_msgs/cmake/ament_cmake_export_dependencies-extras.cmake
[2.324s] -- Up-to-date symlink: /home/ircv7/RACE/real_ws/install/vesc_msgs/share/vesc_msgs/cmake/ament_cmake_export_include_directories-extras.cmake
[2.324s] -- Up-to-date symlink: /home/ircv7/RACE/real_ws/install/vesc_msgs/share/vesc_msgs/cmake/ament_cmake_export_libraries-extras.cmake
[2.324s] -- Up-to-date symlink: /home/ircv7/RACE/real_ws/install/vesc_msgs/share/vesc_msgs/cmake/ament_cmake_export_targets-extras.cmake
[2.324s] -- Up-to-date symlink: /home/ircv7/RACE/real_ws/install/vesc_msgs/share/vesc_msgs/cmake/rosidl_cmake_export_typesupport_targets-extras.cmake
[2.325s] -- Up-to-date symlink: /home/ircv7/RACE/real_ws/install/vesc_msgs/share/vesc_msgs/cmake/rosidl_cmake_export_typesupport_libraries-extras.cmake
[2.325s] -- Up-to-date symlink: /home/ircv7/RACE/real_ws/install/vesc_msgs/share/vesc_msgs/cmake/vesc_msgsConfig.cmake
[2.325s] -- Up-to-date symlink: /home/ircv7/RACE/real_ws/install/vesc_msgs/share/vesc_msgs/cmake/vesc_msgsConfig-version.cmake
[2.325s] -- Up-to-date symlink: /home/ircv7/RACE/real_ws/install/vesc_msgs/share/vesc_msgs/package.xml
[2.326s] -- Up-to-date: /home/ircv7/RACE/real_ws/install/vesc_msgs/lib/libvesc_msgs__rosidl_generator_c.so
[2.327s] -- Up-to-date: /home/ircv7/RACE/real_ws/install/vesc_msgs/lib/libvesc_msgs__rosidl_typesupport_fastrtps_c.so
[2.327s] -- Up-to-date: /home/ircv7/RACE/real_ws/install/vesc_msgs/lib/libvesc_msgs__rosidl_typesupport_introspection_c.so
[2.329s] -- Up-to-date: /home/ircv7/RACE/real_ws/install/vesc_msgs/lib/libvesc_msgs__rosidl_typesupport_c.so
[2.329s] -- Up-to-date: /home/ircv7/RACE/real_ws/install/vesc_msgs/lib/libvesc_msgs__rosidl_typesupport_fastrtps_cpp.so
[2.329s] -- Up-to-date: /home/ircv7/RACE/real_ws/install/vesc_msgs/lib/libvesc_msgs__rosidl_typesupport_introspection_cpp.so
[2.329s] -- Up-to-date: /home/ircv7/RACE/real_ws/install/vesc_msgs/lib/libvesc_msgs__rosidl_typesupport_cpp.so
[2.465s] Listing '/home/ircv7/RACE/real_ws/install/vesc_msgs/local/lib/python3.10/dist-packages/vesc_msgs'...
[2.466s] Listing '/home/ircv7/RACE/real_ws/install/vesc_msgs/local/lib/python3.10/dist-packages/vesc_msgs/msg'...
[2.501s] -- Up-to-date: /home/ircv7/RACE/real_ws/install/vesc_msgs/lib/libvesc_msgs__rosidl_generator_py.so
[2.503s] -- Up-to-date: /home/ircv7/RACE/real_ws/install/vesc_msgs/share/vesc_msgs/cmake/export_vesc_msgs__rosidl_generator_cExport.cmake
[2.504s] -- Up-to-date: /home/ircv7/RACE/real_ws/install/vesc_msgs/share/vesc_msgs/cmake/export_vesc_msgs__rosidl_generator_cExport-release.cmake
[2.504s] -- Up-to-date: /home/ircv7/RACE/real_ws/install/vesc_msgs/share/vesc_msgs/cmake/export_vesc_msgs__rosidl_typesupport_fastrtps_cExport.cmake
[2.505s] -- Up-to-date: /home/ircv7/RACE/real_ws/install/vesc_msgs/share/vesc_msgs/cmake/export_vesc_msgs__rosidl_typesupport_fastrtps_cExport-release.cmake
[2.506s] -- Up-to-date: /home/ircv7/RACE/real_ws/install/vesc_msgs/share/vesc_msgs/cmake/vesc_msgs__rosidl_typesupport_introspection_cExport.cmake
[2.506s] -- Up-to-date: /home/ircv7/RACE/real_ws/install/vesc_msgs/share/vesc_msgs/cmake/vesc_msgs__rosidl_typesupport_introspection_cExport-release.cmake
[2.507s] -- Up-to-date: /home/ircv7/RACE/real_ws/install/vesc_msgs/share/vesc_msgs/cmake/vesc_msgs__rosidl_typesupport_cExport.cmake
[2.508s] -- Up-to-date: /home/ircv7/RACE/real_ws/install/vesc_msgs/share/vesc_msgs/cmake/vesc_msgs__rosidl_typesupport_cExport-release.cmake
[2.509s] -- Up-to-date: /home/ircv7/RACE/real_ws/install/vesc_msgs/share/vesc_msgs/cmake/export_vesc_msgs__rosidl_generator_cppExport.cmake
[2.510s] -- Up-to-date: /home/ircv7/RACE/real_ws/install/vesc_msgs/share/vesc_msgs/cmake/export_vesc_msgs__rosidl_typesupport_fastrtps_cppExport.cmake
[2.511s] -- Up-to-date: /home/ircv7/RACE/real_ws/install/vesc_msgs/share/vesc_msgs/cmake/export_vesc_msgs__rosidl_typesupport_fastrtps_cppExport-release.cmake
[2.512s] -- Up-to-date: /home/ircv7/RACE/real_ws/install/vesc_msgs/share/vesc_msgs/cmake/vesc_msgs__rosidl_typesupport_introspection_cppExport.cmake
[2.512s] -- Up-to-date: /home/ircv7/RACE/real_ws/install/vesc_msgs/share/vesc_msgs/cmake/vesc_msgs__rosidl_typesupport_introspection_cppExport-release.cmake
[2.515s] -- Up-to-date: /home/ircv7/RACE/real_ws/install/vesc_msgs/share/vesc_msgs/cmake/vesc_msgs__rosidl_typesupport_cppExport.cmake
[2.516s] -- Up-to-date: /home/ircv7/RACE/real_ws/install/vesc_msgs/share/vesc_msgs/cmake/vesc_msgs__rosidl_typesupport_cppExport-release.cmake
[2.518s] -- Up-to-date: /home/ircv7/RACE/real_ws/install/vesc_msgs/share/vesc_msgs/cmake/export_vesc_msgs__rosidl_generator_pyExport.cmake
[2.519s] -- Up-to-date: /home/ircv7/RACE/real_ws/install/vesc_msgs/share/vesc_msgs/cmake/export_vesc_msgs__rosidl_generator_pyExport-release.cmake
[3.037s] Invoked command in '/home/ircv7/RACE/real_ws/build/vesc_msgs' returned '0': CMAKE_PREFIX_PATH=/opt/ros/humble /usr/bin/cmake --install /home/ircv7/RACE/real_ws/build/vesc_msgs
