[1.931s] Invoking command in '/home/ircv7/RACE/real_ws/build/f1tenth_stack': AMENT_PREFIX_PATH=/home/ircv7/RACE/real_ws/install/vesc:/home/ircv7/RACE/real_ws/install/vesc_driver:/home/ircv7/RACE/real_ws/install/vesc_ackermann:/home/ircv7/RACE/real_ws/install/joy_teleop:/home/ircv7/RACE/real_ws/install/vesc_msgs:/home/ircv7/RACE/real_ws/install/teleop_tools_msgs:/home/ircv7/RACE/real_ws/install/ackermann_mux:${AMENT_PREFIX_PATH} CMAKE_PREFIX_PATH=/home/ircv7/RACE/real_ws/install/vesc:/home/ircv7/RACE/real_ws/install/vesc_driver:/home/ircv7/RACE/real_ws/install/vesc_ackermann:/home/ircv7/RACE/real_ws/install/vesc_msgs:/home/ircv7/RACE/real_ws/install/teleop_tools_msgs:/home/ircv7/RACE/real_ws/install/ackermann_mux LD_LIBRARY_PATH=/home/ircv7/RACE/real_ws/install/vesc_driver/lib:/home/ircv7/RACE/real_ws/install/vesc_ackermann/lib:/home/ircv7/RACE/real_ws/install/vesc_msgs/lib:/home/ircv7/RACE/real_ws/install/teleop_tools_msgs/lib:${LD_LIBRARY_PATH} PYTHONPATH=/home/ircv7/RACE/real_ws/build/f1tenth_stack/prefix_override:/usr/lib/python3/dist-packages/colcon_core/task/python/colcon_distutils_commands:/home/ircv7/RACE/real_ws/install/f1tenth_stack/lib/python3.10/site-packages:/home/ircv7/RACE/real_ws/build/joy_teleop:/home/ircv7/RACE/real_ws/install/joy_teleop/lib/python3.10/site-packages:/home/ircv7/RACE/real_ws/install/vesc_msgs/local/lib/python3.10/dist-packages:/home/ircv7/RACE/real_ws/install/teleop_tools_msgs/local/lib/python3.10/dist-packages:${PYTHONPATH} /usr/bin/python3 -W ignore:setup.py install is deprecated -W ignore:easy_install command is deprecated setup.py develop --editable --build-directory /home/ircv7/RACE/real_ws/build/f1tenth_stack/build --no-deps symlink_data
[2.444s] /usr/lib/python3/dist-packages/setuptools/dist.py:723: UserWarning: Usage of dash-separated 'script-dir' will not be supported in future versions. Please use the underscore name 'script_dir' instead
[2.444s]   warnings.warn(
[2.508s] running develop
[2.918s] running egg_info
[2.919s] creating f1tenth_stack.egg-info
[2.920s] writing f1tenth_stack.egg-info/PKG-INFO
[2.920s] writing dependency_links to f1tenth_stack.egg-info/dependency_links.txt
[2.920s] writing entry points to f1tenth_stack.egg-info/entry_points.txt
[2.921s] writing requirements to f1tenth_stack.egg-info/requires.txt
[2.921s] writing top-level names to f1tenth_stack.egg-info/top_level.txt
[2.921s] writing manifest file 'f1tenth_stack.egg-info/SOURCES.txt'
[2.925s] reading manifest file 'f1tenth_stack.egg-info/SOURCES.txt'
[2.926s] writing manifest file 'f1tenth_stack.egg-info/SOURCES.txt'
[3.006s] running build_ext
[3.006s] Creating /home/ircv7/RACE/real_ws/install/f1tenth_stack/lib/python3.10/site-packages/f1tenth-stack.egg-link (link to .)
[3.008s] Installing car_visualizer.py script to /home/ircv7/RACE/real_ws/install/f1tenth_stack/lib/f1tenth_stack
[3.008s] Installing tf_publisher script to /home/ircv7/RACE/real_ws/install/f1tenth_stack/lib/f1tenth_stack
[3.009s] Installing throttle_interpolator script to /home/ircv7/RACE/real_ws/install/f1tenth_stack/lib/f1tenth_stack
[3.009s] Installing vesc_imu_bridge script to /home/ircv7/RACE/real_ws/install/f1tenth_stack/lib/f1tenth_stack
[3.010s] 
[3.010s] Installed /home/ircv7/RACE/real_ws/build/f1tenth_stack
[3.011s] running symlink_data
[3.011s] creating /home/ircv7/RACE/real_ws/install/f1tenth_stack/share/ament_index
[3.012s] creating /home/ircv7/RACE/real_ws/install/f1tenth_stack/share/ament_index/resource_index
[3.012s] creating /home/ircv7/RACE/real_ws/install/f1tenth_stack/share/ament_index/resource_index/packages
[3.012s] symbolically linking /home/ircv7/RACE/real_ws/build/f1tenth_stack/resource/f1tenth_stack -> /home/ircv7/RACE/real_ws/install/f1tenth_stack/share/ament_index/resource_index/packages
[3.012s] symbolically linking /home/ircv7/RACE/real_ws/build/f1tenth_stack/package.xml -> /home/ircv7/RACE/real_ws/install/f1tenth_stack/share/f1tenth_stack
[3.012s] creating /home/ircv7/RACE/real_ws/install/f1tenth_stack/share/f1tenth_stack/launch
[3.012s] symbolically linking /home/ircv7/RACE/real_ws/build/f1tenth_stack/launch/bringup_launch.py -> /home/ircv7/RACE/real_ws/install/f1tenth_stack/share/f1tenth_stack/launch
[3.012s] symbolically linking /home/ircv7/RACE/real_ws/build/f1tenth_stack/launch/simple_car_viz.launch.py -> /home/ircv7/RACE/real_ws/install/f1tenth_stack/share/f1tenth_stack/launch
[3.013s] symbolically linking /home/ircv7/RACE/real_ws/build/f1tenth_stack/launch/occupancy_grid.launch.py -> /home/ircv7/RACE/real_ws/install/f1tenth_stack/share/f1tenth_stack/launch
[3.013s] symbolically linking /home/ircv7/RACE/real_ws/build/f1tenth_stack/launch/amcl_localization_launch.py -> /home/ircv7/RACE/real_ws/install/f1tenth_stack/share/f1tenth_stack/launch
[3.013s] symbolically linking /home/ircv7/RACE/real_ws/build/f1tenth_stack/launch/joon_launch.py -> /home/ircv7/RACE/real_ws/install/f1tenth_stack/share/f1tenth_stack/launch
[3.013s] symbolically linking /home/ircv7/RACE/real_ws/build/f1tenth_stack/launch/carto_launch.py -> /home/ircv7/RACE/real_ws/install/f1tenth_stack/share/f1tenth_stack/launch
[3.013s] creating /home/ircv7/RACE/real_ws/install/f1tenth_stack/share/f1tenth_stack/config
[3.013s] symbolically linking /home/ircv7/RACE/real_ws/build/f1tenth_stack/config/joy_teleop.yaml -> /home/ircv7/RACE/real_ws/install/f1tenth_stack/share/f1tenth_stack/config
[3.013s] symbolically linking /home/ircv7/RACE/real_ws/build/f1tenth_stack/config/mux.yaml -> /home/ircv7/RACE/real_ws/install/f1tenth_stack/share/f1tenth_stack/config
[3.014s] symbolically linking /home/ircv7/RACE/real_ws/build/f1tenth_stack/config/f1tenth_online_async.yaml -> /home/ircv7/RACE/real_ws/install/f1tenth_stack/share/f1tenth_stack/config
[3.014s] symbolically linking /home/ircv7/RACE/real_ws/build/f1tenth_stack/config/vesc.yaml -> /home/ircv7/RACE/real_ws/install/f1tenth_stack/share/f1tenth_stack/config
[3.014s] symbolically linking /home/ircv7/RACE/real_ws/build/f1tenth_stack/config/sensors.yaml -> /home/ircv7/RACE/real_ws/install/f1tenth_stack/share/f1tenth_stack/config
[3.014s] symbolically linking /home/ircv7/RACE/real_ws/build/f1tenth_stack/config/f110_2d.lua -> /home/ircv7/RACE/real_ws/install/f1tenth_stack/share/f1tenth_stack/config
[3.120s] Invoked command in '/home/ircv7/RACE/real_ws/build/f1tenth_stack' returned '0': AMENT_PREFIX_PATH=/home/ircv7/RACE/real_ws/install/vesc:/home/ircv7/RACE/real_ws/install/vesc_driver:/home/ircv7/RACE/real_ws/install/vesc_ackermann:/home/ircv7/RACE/real_ws/install/joy_teleop:/home/ircv7/RACE/real_ws/install/vesc_msgs:/home/ircv7/RACE/real_ws/install/teleop_tools_msgs:/home/ircv7/RACE/real_ws/install/ackermann_mux:${AMENT_PREFIX_PATH} CMAKE_PREFIX_PATH=/home/ircv7/RACE/real_ws/install/vesc:/home/ircv7/RACE/real_ws/install/vesc_driver:/home/ircv7/RACE/real_ws/install/vesc_ackermann:/home/ircv7/RACE/real_ws/install/vesc_msgs:/home/ircv7/RACE/real_ws/install/teleop_tools_msgs:/home/ircv7/RACE/real_ws/install/ackermann_mux LD_LIBRARY_PATH=/home/ircv7/RACE/real_ws/install/vesc_driver/lib:/home/ircv7/RACE/real_ws/install/vesc_ackermann/lib:/home/ircv7/RACE/real_ws/install/vesc_msgs/lib:/home/ircv7/RACE/real_ws/install/teleop_tools_msgs/lib:${LD_LIBRARY_PATH} PYTHONPATH=/home/ircv7/RACE/real_ws/build/f1tenth_stack/prefix_override:/usr/lib/python3/dist-packages/colcon_core/task/python/colcon_distutils_commands:/home/ircv7/RACE/real_ws/install/f1tenth_stack/lib/python3.10/site-packages:/home/ircv7/RACE/real_ws/build/joy_teleop:/home/ircv7/RACE/real_ws/install/joy_teleop/lib/python3.10/site-packages:/home/ircv7/RACE/real_ws/install/vesc_msgs/local/lib/python3.10/dist-packages:/home/ircv7/RACE/real_ws/install/teleop_tools_msgs/local/lib/python3.10/dist-packages:${PYTHONPATH} /usr/bin/python3 -W ignore:setup.py install is deprecated -W ignore:easy_install command is deprecated setup.py develop --editable --build-directory /home/ircv7/RACE/real_ws/build/f1tenth_stack/build --no-deps symlink_data
