[0.078s] Invoking command in '/home/ircv7/RACE/real_ws/build/ackermann_mux': CMAKE_PREFIX_PATH=/opt/ros/humble /usr/bin/cmake --build /home/ircv7/RACE/real_ws/build/ackermann_mux -- -j6 -l6
[1.834s] [100%] Built target ackermann_mux
[1.840s] Invoked command in '/home/ircv7/RACE/real_ws/build/ackermann_mux' returned '0': CMAKE_PREFIX_PATH=/opt/ros/humble /usr/bin/cmake --build /home/ircv7/RACE/real_ws/build/ackermann_mux -- -j6 -l6
[1.861s] Invoking command in '/home/ircv7/RACE/real_ws/build/ackermann_mux': CMAKE_PREFIX_PATH=/opt/ros/humble /usr/bin/cmake --install /home/ircv7/RACE/real_ws/build/ackermann_mux
[1.878s] -- Install configuration: "Release"
[1.879s] -- Execute custom install script
[1.879s] -- Up-to-date symlink: /home/ircv7/RACE/real_ws/install/ackermann_mux/lib/ackermann_mux/ackermann_mux
[1.879s] -- Up-to-date symlink: /home/ircv7/RACE/real_ws/install/ackermann_mux/share/ackermann_mux/launch/ackermann_mux_launch.py
[1.879s] -- Up-to-date symlink: /home/ircv7/RACE/real_ws/install/ackermann_mux/share/ackermann_mux/config/ackermann_mux_locks.yaml
[1.879s] -- Up-to-date symlink: /home/ircv7/RACE/real_ws/install/ackermann_mux/share/ackermann_mux/config/ackermann_mux_topics.yaml
[1.879s] -- Up-to-date symlink: /home/ircv7/RACE/real_ws/install/ackermann_mux/share/ackermann_mux/config/joystick.yaml
[1.879s] -- Up-to-date symlink: /home/ircv7/RACE/real_ws/install/ackermann_mux/include/ackermann_mux/ackermann_mux.hpp
[1.880s] -- Up-to-date symlink: /home/ircv7/RACE/real_ws/install/ackermann_mux/include/ackermann_mux/ackermann_mux_diagnostics.hpp
[1.880s] -- Up-to-date symlink: /home/ircv7/RACE/real_ws/install/ackermann_mux/include/ackermann_mux/ackermann_mux_diagnostics_status.hpp
[1.936s] -- Up-to-date symlink: /home/ircv7/RACE/real_ws/install/ackermann_mux/include/ackermann_mux/params_helpers.hpp
[1.936s] -- Up-to-date symlink: /home/ircv7/RACE/real_ws/install/ackermann_mux/include/ackermann_mux/topic_handle.hpp
[1.936s] -- Up-to-date symlink: /home/ircv7/RACE/real_ws/install/ackermann_mux/include/ackermann_mux/utils.hpp
[1.936s] -- Up-to-date symlink: /home/ircv7/RACE/real_ws/install/ackermann_mux/share/ament_index/resource_index/package_run_dependencies/ackermann_mux
[1.936s] -- Up-to-date symlink: /home/ircv7/RACE/real_ws/install/ackermann_mux/share/ament_index/resource_index/parent_prefix_path/ackermann_mux
[1.936s] -- Up-to-date symlink: /home/ircv7/RACE/real_ws/install/ackermann_mux/share/ackermann_mux/environment/ament_prefix_path.sh
[1.945s] -- Up-to-date symlink: /home/ircv7/RACE/real_ws/install/ackermann_mux/share/ackermann_mux/environment/ament_prefix_path.dsv
[1.945s] -- Up-to-date symlink: /home/ircv7/RACE/real_ws/install/ackermann_mux/share/ackermann_mux/environment/path.sh
[1.945s] -- Up-to-date symlink: /home/ircv7/RACE/real_ws/install/ackermann_mux/share/ackermann_mux/environment/path.dsv
[1.945s] -- Up-to-date symlink: /home/ircv7/RACE/real_ws/install/ackermann_mux/share/ackermann_mux/local_setup.bash
[1.946s] -- Up-to-date symlink: /home/ircv7/RACE/real_ws/install/ackermann_mux/share/ackermann_mux/local_setup.sh
[1.946s] -- Up-to-date symlink: /home/ircv7/RACE/real_ws/install/ackermann_mux/share/ackermann_mux/local_setup.zsh
[1.946s] -- Up-to-date symlink: /home/ircv7/RACE/real_ws/install/ackermann_mux/share/ackermann_mux/local_setup.dsv
[1.946s] -- Symlinking: /home/ircv7/RACE/real_ws/install/ackermann_mux/share/ackermann_mux/package.dsv
[1.946s] -- Up-to-date symlink: /home/ircv7/RACE/real_ws/install/ackermann_mux/share/ament_index/resource_index/packages/ackermann_mux
[1.946s] -- Up-to-date symlink: /home/ircv7/RACE/real_ws/install/ackermann_mux/share/ackermann_mux/cmake/ament_cmake_export_include_directories-extras.cmake
[1.950s] -- Up-to-date symlink: /home/ircv7/RACE/real_ws/install/ackermann_mux/share/ackermann_mux/cmake/ament_cmake_export_dependencies-extras.cmake
[1.950s] -- Up-to-date symlink: /home/ircv7/RACE/real_ws/install/ackermann_mux/share/ackermann_mux/cmake/ackermann_muxConfig.cmake
[1.950s] -- Up-to-date symlink: /home/ircv7/RACE/real_ws/install/ackermann_mux/share/ackermann_mux/cmake/ackermann_muxConfig-version.cmake
[1.950s] -- Up-to-date symlink: /home/ircv7/RACE/real_ws/install/ackermann_mux/share/ackermann_mux/package.xml
[2.006s] Invoked command in '/home/ircv7/RACE/real_ws/build/ackermann_mux' returned '0': CMAKE_PREFIX_PATH=/opt/ros/humble /usr/bin/cmake --install /home/ircv7/RACE/real_ws/build/ackermann_mux
