[0.108s] Invoking command in '/home/ircv7/RACE/real_ws/build/vesc_driver': AMENT_PREFIX_PATH=/home/ircv7/RACE/real_ws/install/vesc_msgs:${AMENT_PREFIX_PATH} CMAKE_PREFIX_PATH=/home/ircv7/RACE/real_ws/install/vesc_msgs:/opt/ros/humble LD_LIBRARY_PATH=/home/ircv7/RACE/real_ws/install/vesc_msgs/lib:${LD_LIBRARY_PATH} PYTHONPATH=/home/ircv7/RACE/real_ws/install/vesc_msgs/local/lib/python3.10/dist-packages:${PYTHONPATH} /usr/bin/cmake --build /home/ircv7/RACE/real_ws/build/vesc_driver -- -j6 -l6
[0.314s] [35m[1mConsolidate compiler generated dependencies of target vesc_driver_node[0m
[0.346s] [35m[1mConsolidate compiler generated dependencies of target vesc_driver[0m
[0.397s] [ 20%] Built target vesc_driver_node
[0.439s] [ 70%] Built target vesc_driver
[0.516s] [35m[1mConsolidate compiler generated dependencies of target vesc_device_namer[0m
[0.548s] [100%] Built target vesc_device_namer
[0.594s] Invoked command in '/home/ircv7/RACE/real_ws/build/vesc_driver' returned '0': AMENT_PREFIX_PATH=/home/ircv7/RACE/real_ws/install/vesc_msgs:${AMENT_PREFIX_PATH} CMAKE_PREFIX_PATH=/home/ircv7/RACE/real_ws/install/vesc_msgs:/opt/ros/humble LD_LIBRARY_PATH=/home/ircv7/RACE/real_ws/install/vesc_msgs/lib:${LD_LIBRARY_PATH} PYTHONPATH=/home/ircv7/RACE/real_ws/install/vesc_msgs/local/lib/python3.10/dist-packages:${PYTHONPATH} /usr/bin/cmake --build /home/ircv7/RACE/real_ws/build/vesc_driver -- -j6 -l6
[0.595s] Invoking command in '/home/ircv7/RACE/real_ws/build/vesc_driver': AMENT_PREFIX_PATH=/home/ircv7/RACE/real_ws/install/vesc_msgs:${AMENT_PREFIX_PATH} CMAKE_PREFIX_PATH=/home/ircv7/RACE/real_ws/install/vesc_msgs:/opt/ros/humble LD_LIBRARY_PATH=/home/ircv7/RACE/real_ws/install/vesc_msgs/lib:${LD_LIBRARY_PATH} PYTHONPATH=/home/ircv7/RACE/real_ws/install/vesc_msgs/local/lib/python3.10/dist-packages:${PYTHONPATH} /usr/bin/cmake --install /home/ircv7/RACE/real_ws/build/vesc_driver
[0.628s] -- Install configuration: "Release"
[0.629s] -- Execute custom install script
[0.630s] -- Up-to-date symlink: /home/ircv7/RACE/real_ws/install/vesc_driver/lib/vesc_driver/vesc_driver_node
[0.630s] -- Up-to-date symlink: /home/ircv7/RACE/real_ws/install/vesc_driver/include/vesc_driver/crc.hpp
[0.634s] -- Up-to-date symlink: /home/ircv7/RACE/real_ws/install/vesc_driver/include/vesc_driver/datatypes.hpp
[0.634s] -- Up-to-date symlink: /home/ircv7/RACE/real_ws/install/vesc_driver/include/vesc_driver/vesc_device_uuid_lookup.hpp
[0.634s] -- Up-to-date symlink: /home/ircv7/RACE/real_ws/install/vesc_driver/include/vesc_driver/vesc_driver.hpp
[0.635s] -- Up-to-date symlink: /home/ircv7/RACE/real_ws/install/vesc_driver/include/vesc_driver/vesc_interface.hpp
[0.635s] -- Up-to-date symlink: /home/ircv7/RACE/real_ws/install/vesc_driver/include/vesc_driver/vesc_packet.hpp
[0.635s] -- Up-to-date symlink: /home/ircv7/RACE/real_ws/install/vesc_driver/include/vesc_driver/vesc_packet_factory.hpp
[0.635s] -- Up-to-date symlink: /home/ircv7/RACE/real_ws/install/vesc_driver/share/vesc_driver/environment/library_path.sh
[0.635s] -- Up-to-date symlink: /home/ircv7/RACE/real_ws/install/vesc_driver/share/vesc_driver/environment/library_path.dsv
[0.640s] -- Up-to-date symlink: /home/ircv7/RACE/real_ws/install/vesc_driver/lib/libvesc_driver.so
[0.640s] -- Up-to-date symlink: /home/ircv7/RACE/real_ws/install/vesc_driver/lib/vesc_driver/vesc_device_namer
[0.640s] -- Up-to-date symlink: /home/ircv7/RACE/real_ws/install/vesc_driver/share/vesc_driver/launch/vesc_driver_node.launch.py
[0.640s] -- Up-to-date symlink: /home/ircv7/RACE/real_ws/install/vesc_driver/share/vesc_driver/params/vesc_config.yaml
[0.641s] -- Up-to-date symlink: /home/ircv7/RACE/real_ws/install/vesc_driver/share/ament_index/resource_index/package_run_dependencies/vesc_driver
[0.641s] -- Up-to-date symlink: /home/ircv7/RACE/real_ws/install/vesc_driver/share/ament_index/resource_index/parent_prefix_path/vesc_driver
[0.641s] -- Up-to-date symlink: /home/ircv7/RACE/real_ws/install/vesc_driver/share/vesc_driver/environment/ament_prefix_path.sh
[0.641s] -- Up-to-date symlink: /home/ircv7/RACE/real_ws/install/vesc_driver/share/vesc_driver/environment/ament_prefix_path.dsv
[0.642s] -- Up-to-date symlink: /home/ircv7/RACE/real_ws/install/vesc_driver/share/vesc_driver/environment/path.sh
[0.643s] -- Up-to-date symlink: /home/ircv7/RACE/real_ws/install/vesc_driver/share/vesc_driver/environment/path.dsv
[0.643s] -- Up-to-date symlink: /home/ircv7/RACE/real_ws/install/vesc_driver/share/vesc_driver/local_setup.bash
[0.643s] -- Up-to-date symlink: /home/ircv7/RACE/real_ws/install/vesc_driver/share/vesc_driver/local_setup.sh
[0.643s] -- Up-to-date symlink: /home/ircv7/RACE/real_ws/install/vesc_driver/share/vesc_driver/local_setup.zsh
[0.646s] -- Up-to-date symlink: /home/ircv7/RACE/real_ws/install/vesc_driver/share/vesc_driver/local_setup.dsv
[0.646s] -- Symlinking: /home/ircv7/RACE/real_ws/install/vesc_driver/share/vesc_driver/package.dsv
[0.672s] -- Up-to-date symlink: /home/ircv7/RACE/real_ws/install/vesc_driver/share/ament_index/resource_index/packages/vesc_driver
[0.673s] -- Up-to-date symlink: /home/ircv7/RACE/real_ws/install/vesc_driver/share/ament_index/resource_index/rclcpp_components/vesc_driver
[0.674s] -- Up-to-date symlink: /home/ircv7/RACE/real_ws/install/vesc_driver/share/vesc_driver/cmake/ament_cmake_export_dependencies-extras.cmake
[0.674s] -- Up-to-date symlink: /home/ircv7/RACE/real_ws/install/vesc_driver/share/vesc_driver/cmake/ament_cmake_export_include_directories-extras.cmake
[0.674s] -- Up-to-date symlink: /home/ircv7/RACE/real_ws/install/vesc_driver/share/vesc_driver/cmake/ament_cmake_export_libraries-extras.cmake
[0.674s] -- Up-to-date symlink: /home/ircv7/RACE/real_ws/install/vesc_driver/share/vesc_driver/cmake/vesc_driverConfig.cmake
[0.674s] -- Up-to-date symlink: /home/ircv7/RACE/real_ws/install/vesc_driver/share/vesc_driver/cmake/vesc_driverConfig-version.cmake
[0.676s] -- Up-to-date symlink: /home/ircv7/RACE/real_ws/install/vesc_driver/share/vesc_driver/package.xml
[0.687s] Invoked command in '/home/ircv7/RACE/real_ws/build/vesc_driver' returned '0': AMENT_PREFIX_PATH=/home/ircv7/RACE/real_ws/install/vesc_msgs:${AMENT_PREFIX_PATH} CMAKE_PREFIX_PATH=/home/ircv7/RACE/real_ws/install/vesc_msgs:/opt/ros/humble LD_LIBRARY_PATH=/home/ircv7/RACE/real_ws/install/vesc_msgs/lib:${LD_LIBRARY_PATH} PYTHONPATH=/home/ircv7/RACE/real_ws/install/vesc_msgs/local/lib/python3.10/dist-packages:${PYTHONPATH} /usr/bin/cmake --install /home/ircv7/RACE/real_ws/build/vesc_driver
