running egg_info
creating ../../build/map_control/map_control.egg-info
writing ../../build/map_control/map_control.egg-info/PKG-INFO
writing dependency_links to ../../build/map_control/map_control.egg-info/dependency_links.txt
writing entry points to ../../build/map_control/map_control.egg-info/entry_points.txt
writing requirements to ../../build/map_control/map_control.egg-info/requires.txt
writing top-level names to ../../build/map_control/map_control.egg-info/top_level.txt
writing manifest file '../../build/map_control/map_control.egg-info/SOURCES.txt'
reading manifest file '../../build/map_control/map_control.egg-info/SOURCES.txt'
writing manifest file '../../build/map_control/map_control.egg-info/SOURCES.txt'
running build
running build_py
creating /home/ircv7/RACE/real_ws/build/map_control/build
creating /home/ircv7/RACE/real_ws/build/map_control/build/lib
creating /home/ircv7/RACE/real_ws/build/map_control/build/lib/map_control
copying map_control/map_controller.py -> /home/ircv7/RACE/real_ws/build/map_control/build/lib/map_control
copying map_control/frenet_converter.py -> /home/ircv7/RACE/real_ws/build/map_control/build/lib/map_control
copying map_control/steering_lookup.py -> /home/ircv7/RACE/real_ws/build/map_control/build/lib/map_control
copying map_control/__init__.py -> /home/ircv7/RACE/real_ws/build/map_control/build/lib/map_control
copying map_control/controller_manager.py -> /home/ircv7/RACE/real_ws/build/map_control/build/lib/map_control
running install
running install_lib
creating /home/ircv7/RACE/real_ws/install/map_control/lib/python3.10/site-packages/map_control
copying /home/ircv7/RACE/real_ws/build/map_control/build/lib/map_control/map_controller.py -> /home/ircv7/RACE/real_ws/install/map_control/lib/python3.10/site-packages/map_control
copying /home/ircv7/RACE/real_ws/build/map_control/build/lib/map_control/frenet_converter.py -> /home/ircv7/RACE/real_ws/install/map_control/lib/python3.10/site-packages/map_control
copying /home/ircv7/RACE/real_ws/build/map_control/build/lib/map_control/steering_lookup.py -> /home/ircv7/RACE/real_ws/install/map_control/lib/python3.10/site-packages/map_control
copying /home/ircv7/RACE/real_ws/build/map_control/build/lib/map_control/__init__.py -> /home/ircv7/RACE/real_ws/install/map_control/lib/python3.10/site-packages/map_control
copying /home/ircv7/RACE/real_ws/build/map_control/build/lib/map_control/controller_manager.py -> /home/ircv7/RACE/real_ws/install/map_control/lib/python3.10/site-packages/map_control
byte-compiling /home/ircv7/RACE/real_ws/install/map_control/lib/python3.10/site-packages/map_control/map_controller.py to map_controller.cpython-310.pyc
byte-compiling /home/ircv7/RACE/real_ws/install/map_control/lib/python3.10/site-packages/map_control/frenet_converter.py to frenet_converter.cpython-310.pyc
byte-compiling /home/ircv7/RACE/real_ws/install/map_control/lib/python3.10/site-packages/map_control/steering_lookup.py to steering_lookup.cpython-310.pyc
byte-compiling /home/ircv7/RACE/real_ws/install/map_control/lib/python3.10/site-packages/map_control/__init__.py to __init__.cpython-310.pyc
byte-compiling /home/ircv7/RACE/real_ws/install/map_control/lib/python3.10/site-packages/map_control/controller_manager.py to controller_manager.cpython-310.pyc
running install_data
creating /home/ircv7/RACE/real_ws/install/map_control/share/ament_index
creating /home/ircv7/RACE/real_ws/install/map_control/share/ament_index/resource_index
creating /home/ircv7/RACE/real_ws/install/map_control/share/ament_index/resource_index/packages
copying resource/map_control -> /home/ircv7/RACE/real_ws/install/map_control/share/ament_index/resource_index/packages
copying package.xml -> /home/ircv7/RACE/real_ws/install/map_control/share/map_control
creating /home/ircv7/RACE/real_ws/install/map_control/share/map_control/launch
copying launch/map_with_lane_selector.launch.py -> /home/ircv7/RACE/real_ws/install/map_control/share/map_control/launch
copying launch/map_controller.launch.py -> /home/ircv7/RACE/real_ws/install/map_control/share/map_control/launch
creating /home/ircv7/RACE/real_ws/install/map_control/share/map_control/config
copying config/map_control_params.yaml -> /home/ircv7/RACE/real_ws/install/map_control/share/map_control/config
creating /home/ircv7/RACE/real_ws/install/map_control/share/map_control/config/steering_lut
copying config/steering_lut/NUC2_pacejka_lookup_table.csv -> /home/ircv7/RACE/real_ws/install/map_control/share/map_control/config/steering_lut
running install_egg_info
Copying ../../build/map_control/map_control.egg-info to /home/ircv7/RACE/real_ws/install/map_control/lib/python3.10/site-packages/map_control-1.0.0-py3.10.egg-info
running install_scripts
Installing map_controller script to /home/ircv7/RACE/real_ws/install/map_control/lib/map_control
writing list of installed files to '/home/ircv7/RACE/real_ws/build/map_control/install.log'
