[0.075s] Invoking command in '/home/ircv7/RACE/real_ws/build/teleop_tools_msgs': CMAKE_PREFIX_PATH=/opt/ros/humble /usr/bin/cmake /home/ircv7/RACE/real_ws/src/f1tenth_system/teleop_tools/teleop_tools_msgs -DCMAKE_BUILD_TYPE=Release -DAMENT_CMAKE_SYMLINK_INSTALL=1 -DCMAKE_INSTALL_PREFIX=/home/ircv7/RACE/real_ws/install/teleop_tools_msgs
[1.393s] -- Found ament_cmake: 1.3.12 (/opt/ros/humble/share/ament_cmake/cmake)
[1.394s] -- Override CMake install command with custom implementation using symlinks instead of copying resources
[1.394s] -- Found rosidl_default_generators: 1.2.0 (/opt/ros/humble/share/rosidl_default_generators/cmake)
[1.394s] -- Using all available rosidl_typesupport_c: rosidl_typesupport_fastrtps_c;rosidl_typesupport_introspection_c
[1.394s] -- Found rosidl_adapter: 3.1.7 (/opt/ros/humble/share/rosidl_adapter/cmake)
[1.394s] -- Using all available rosidl_typesupport_cpp: rosidl_typesupport_fastrtps_cpp;rosidl_typesupport_introspection_cpp
[1.394s] -- Found ament_lint_auto: 0.12.14 (/opt/ros/humble/share/ament_lint_auto/cmake)
[1.395s] -- Found ament_cmake_ros: 0.10.0 (/opt/ros/humble/share/ament_cmake_ros/cmake)
[1.750s] -- Using all available rosidl_typesupport_c: rosidl_typesupport_fastrtps_c;rosidl_typesupport_introspection_c
[2.461s] -- Using all available rosidl_typesupport_cpp: rosidl_typesupport_fastrtps_cpp;rosidl_typesupport_introspection_cpp
[2.542s] -- Found python_cmake_module: 0.10.0 (/opt/ros/humble/share/python_cmake_module/cmake)
[2.637s] -- Using PYTHON_EXECUTABLE: /usr/bin/python3
[2.637s] -- Using PYTHON_INCLUDE_DIRS: /usr/include/python3.10
[2.637s] -- Using PYTHON_LIBRARIES: /usr/lib/aarch64-linux-gnu/libpython3.10.so
[2.762s] -- Added test 'copyright' to check source files copyright and LICENSE
[2.768s] -- Added test 'lint_cmake' to check CMake code style
[2.770s] -- Added test 'xmllint' to check XML markup files
[2.815s] -- Configuring done
[3.083s] -- Generating done
[3.164s] -- Build files have been written to: /home/ircv7/RACE/real_ws/build/teleop_tools_msgs
[3.208s] Invoked command in '/home/ircv7/RACE/real_ws/build/teleop_tools_msgs' returned '0': CMAKE_PREFIX_PATH=/opt/ros/humble /usr/bin/cmake /home/ircv7/RACE/real_ws/src/f1tenth_system/teleop_tools/teleop_tools_msgs -DCMAKE_BUILD_TYPE=Release -DAMENT_CMAKE_SYMLINK_INSTALL=1 -DCMAKE_INSTALL_PREFIX=/home/ircv7/RACE/real_ws/install/teleop_tools_msgs
[3.211s] Invoking command in '/home/ircv7/RACE/real_ws/build/teleop_tools_msgs': CMAKE_PREFIX_PATH=/opt/ros/humble /usr/bin/cmake --build /home/ircv7/RACE/real_ws/build/teleop_tools_msgs -- -j6 -l6
[3.456s] [35m[1mConsolidate compiler generated dependencies of target teleop_tools_msgs__rosidl_generator_c[0m
[3.536s] [  3%] [32mBuilding C object CMakeFiles/teleop_tools_msgs__rosidl_generator_c.dir/rosidl_generator_c/teleop_tools_msgs/action/detail/increment__functions.c.o[0m
[3.618s] [  6%] Built target teleop_tools_msgs__cpp
[3.620s] [  6%] Built target ament_cmake_python_symlink_teleop_tools_msgs
[3.687s] [35m[1mConsolidate compiler generated dependencies of target teleop_tools_msgs__rosidl_typesupport_fastrtps_cpp[0m
[3.689s] [35m[1mConsolidate compiler generated dependencies of target teleop_tools_msgs__rosidl_typesupport_introspection_cpp[0m
[3.724s] [35m[1mConsolidate compiler generated dependencies of target teleop_tools_msgs__rosidl_typesupport_cpp[0m
[3.781s] [  9%] [32mBuilding CXX object CMakeFiles/teleop_tools_msgs__rosidl_typesupport_fastrtps_cpp.dir/rosidl_typesupport_fastrtps_cpp/teleop_tools_msgs/action/detail/dds_fastrtps/increment__type_support.cpp.o[0m
[3.787s] [ 12%] [32mBuilding CXX object CMakeFiles/teleop_tools_msgs__rosidl_typesupport_introspection_cpp.dir/rosidl_typesupport_introspection_cpp/teleop_tools_msgs/action/detail/increment__type_support.cpp.o[0m
[3.864s] [ 16%] [32mBuilding CXX object CMakeFiles/teleop_tools_msgs__rosidl_typesupport_cpp.dir/rosidl_typesupport_cpp/teleop_tools_msgs/action/increment__type_support.cpp.o[0m
[6.266s] running egg_info
[6.268s] writing teleop_tools_msgs.egg-info/PKG-INFO
[6.284s] writing dependency_links to teleop_tools_msgs.egg-info/dependency_links.txt
[6.288s] writing top-level names to teleop_tools_msgs.egg-info/top_level.txt
[6.315s] reading manifest file 'teleop_tools_msgs.egg-info/SOURCES.txt'
[6.325s] writing manifest file 'teleop_tools_msgs.egg-info/SOURCES.txt'
[6.736s] [ 16%] Built target ament_cmake_python_build_teleop_tools_msgs_egg
[7.678s] [ 19%] [32m[1mLinking CXX shared library libteleop_tools_msgs__rosidl_typesupport_cpp.so[0m
[8.141s] [ 22%] Built target teleop_tools_msgs__rosidl_typesupport_cpp
[8.180s] [ 25%] [32m[1mLinking C shared library libteleop_tools_msgs__rosidl_generator_c.so[0m
[8.528s] [ 29%] Built target teleop_tools_msgs__rosidl_generator_c
[8.648s] [35m[1mConsolidate compiler generated dependencies of target teleop_tools_msgs__rosidl_typesupport_introspection_c[0m
[8.671s] [35m[1mConsolidate compiler generated dependencies of target teleop_tools_msgs__rosidl_typesupport_fastrtps_c[0m
[8.672s] [35m[1mConsolidate compiler generated dependencies of target teleop_tools_msgs__rosidl_typesupport_c[0m
[8.792s] [ 32%] [32mBuilding C object CMakeFiles/teleop_tools_msgs__rosidl_typesupport_introspection_c.dir/rosidl_typesupport_introspection_c/teleop_tools_msgs/action/detail/increment__type_support.c.o[0m
[8.807s] [ 35%] [32mBuilding CXX object CMakeFiles/teleop_tools_msgs__rosidl_typesupport_c.dir/rosidl_typesupport_c/teleop_tools_msgs/action/increment__type_support.cpp.o[0m
[8.814s] [ 38%] [32mBuilding CXX object CMakeFiles/teleop_tools_msgs__rosidl_typesupport_fastrtps_c.dir/rosidl_typesupport_fastrtps_c/teleop_tools_msgs/action/detail/increment__type_support_c.cpp.o[0m
[9.327s] [ 41%] [32m[1mLinking CXX shared library libteleop_tools_msgs__rosidl_typesupport_c.so[0m
[9.363s] [ 45%] [32m[1mLinking CXX shared library libteleop_tools_msgs__rosidl_typesupport_fastrtps_cpp.so[0m
[9.414s] [ 48%] [32m[1mLinking C shared library libteleop_tools_msgs__rosidl_typesupport_introspection_c.so[0m
[9.593s] [ 51%] Built target teleop_tools_msgs__rosidl_typesupport_c
[9.639s] [ 54%] Built target teleop_tools_msgs__rosidl_typesupport_introspection_c
[9.783s] [ 58%] Built target teleop_tools_msgs__rosidl_typesupport_fastrtps_cpp
[10.713s] [ 61%] [32m[1mLinking CXX shared library libteleop_tools_msgs__rosidl_typesupport_introspection_cpp.so[0m
[11.370s] [ 64%] Built target teleop_tools_msgs__rosidl_typesupport_introspection_cpp
[12.245s] [ 67%] [32m[1mLinking CXX shared library libteleop_tools_msgs__rosidl_typesupport_fastrtps_c.so[0m
[12.706s] [ 70%] Built target teleop_tools_msgs__rosidl_typesupport_fastrtps_c
[12.821s] [ 70%] Built target teleop_tools_msgs
[12.974s] [ 74%] Built target teleop_tools_msgs__py
[13.042s] [35m[1mConsolidate compiler generated dependencies of target teleop_tools_msgs__rosidl_generator_py[0m
[13.125s] [ 77%] [32mBuilding C object CMakeFiles/teleop_tools_msgs__rosidl_generator_py.dir/rosidl_generator_py/teleop_tools_msgs/action/_increment_s.c.o[0m
[14.275s] [ 80%] [32m[1mLinking C shared library rosidl_generator_py/teleop_tools_msgs/libteleop_tools_msgs__rosidl_generator_py.so[0m
[14.557s] [ 80%] Built target teleop_tools_msgs__rosidl_generator_py
[14.643s] [35m[1mConsolidate compiler generated dependencies of target teleop_tools_msgs__rosidl_typesupport_introspection_c__pyext[0m
[14.666s] [35m[1mConsolidate compiler generated dependencies of target teleop_tools_msgs__rosidl_typesupport_c__pyext[0m
[14.672s] [35m[1mConsolidate compiler generated dependencies of target teleop_tools_msgs__rosidl_typesupport_fastrtps_c__pyext[0m
[14.749s] [ 83%] [32mBuilding C object CMakeFiles/teleop_tools_msgs__rosidl_typesupport_introspection_c__pyext.dir/rosidl_generator_py/teleop_tools_msgs/_teleop_tools_msgs_s.ep.rosidl_typesupport_introspection_c.c.o[0m
[14.760s] [ 90%] [32mBuilding C object CMakeFiles/teleop_tools_msgs__rosidl_typesupport_fastrtps_c__pyext.dir/rosidl_generator_py/teleop_tools_msgs/_teleop_tools_msgs_s.ep.rosidl_typesupport_fastrtps_c.c.o[0m
[14.761s] [ 90%] [32mBuilding C object CMakeFiles/teleop_tools_msgs__rosidl_typesupport_c__pyext.dir/rosidl_generator_py/teleop_tools_msgs/_teleop_tools_msgs_s.ep.rosidl_typesupport_c.c.o[0m
[16.100s] [ 93%] [32m[1mLinking C shared library rosidl_generator_py/teleop_tools_msgs/teleop_tools_msgs_s__rosidl_typesupport_introspection_c.cpython-310-aarch64-linux-gnu.so[0m
[16.233s] [ 96%] [32m[1mLinking C shared library rosidl_generator_py/teleop_tools_msgs/teleop_tools_msgs_s__rosidl_typesupport_fastrtps_c.cpython-310-aarch64-linux-gnu.so[0m
[16.274s] [100%] [32m[1mLinking C shared library rosidl_generator_py/teleop_tools_msgs/teleop_tools_msgs_s__rosidl_typesupport_c.cpython-310-aarch64-linux-gnu.so[0m
[16.389s] [100%] Built target teleop_tools_msgs__rosidl_typesupport_introspection_c__pyext
[16.573s] [100%] Built target teleop_tools_msgs__rosidl_typesupport_fastrtps_c__pyext
[16.580s] [100%] Built target teleop_tools_msgs__rosidl_typesupport_c__pyext
[16.691s] Invoked command in '/home/ircv7/RACE/real_ws/build/teleop_tools_msgs' returned '0': CMAKE_PREFIX_PATH=/opt/ros/humble /usr/bin/cmake --build /home/ircv7/RACE/real_ws/build/teleop_tools_msgs -- -j6 -l6
[16.763s] Invoking command in '/home/ircv7/RACE/real_ws/build/teleop_tools_msgs': CMAKE_PREFIX_PATH=/opt/ros/humble /usr/bin/cmake --install /home/ircv7/RACE/real_ws/build/teleop_tools_msgs
[16.815s] -- Install configuration: "Release"
[16.815s] -- Execute custom install script
[16.815s] -- Up-to-date symlink: /home/ircv7/RACE/real_ws/install/teleop_tools_msgs/share/ament_index/resource_index/rosidl_interfaces/teleop_tools_msgs
[16.815s] -- Up-to-date symlink: /home/ircv7/RACE/real_ws/install/teleop_tools_msgs/include/teleop_tools_msgs/teleop_tools_msgs/action/detail/increment__functions.h
[16.815s] -- Up-to-date symlink: /home/ircv7/RACE/real_ws/install/teleop_tools_msgs/include/teleop_tools_msgs/teleop_tools_msgs/action/detail/increment__struct.h
[16.816s] -- Up-to-date symlink: /home/ircv7/RACE/real_ws/install/teleop_tools_msgs/include/teleop_tools_msgs/teleop_tools_msgs/action/detail/increment__type_support.h
[16.816s] -- Up-to-date symlink: /home/ircv7/RACE/real_ws/install/teleop_tools_msgs/include/teleop_tools_msgs/teleop_tools_msgs/action/increment.h
[16.821s] -- Up-to-date symlink: /home/ircv7/RACE/real_ws/install/teleop_tools_msgs/include/teleop_tools_msgs/teleop_tools_msgs/msg/rosidl_generator_c__visibility_control.h
[16.823s] -- Up-to-date symlink: /home/ircv7/RACE/real_ws/install/teleop_tools_msgs/share/teleop_tools_msgs/environment/library_path.sh
[16.825s] -- Up-to-date symlink: /home/ircv7/RACE/real_ws/install/teleop_tools_msgs/share/teleop_tools_msgs/environment/library_path.dsv
[16.827s] -- Up-to-date symlink: /home/ircv7/RACE/real_ws/install/teleop_tools_msgs/include/teleop_tools_msgs/teleop_tools_msgs/action/detail/increment__rosidl_typesupport_fastrtps_c.h
[16.828s] -- Up-to-date symlink: /home/ircv7/RACE/real_ws/install/teleop_tools_msgs/include/teleop_tools_msgs/teleop_tools_msgs/msg/rosidl_typesupport_fastrtps_c__visibility_control.h
[16.830s] -- Up-to-date symlink: /home/ircv7/RACE/real_ws/install/teleop_tools_msgs/include/teleop_tools_msgs/teleop_tools_msgs/action/detail/increment__rosidl_typesupport_introspection_c.h
[16.832s] -- Up-to-date symlink: /home/ircv7/RACE/real_ws/install/teleop_tools_msgs/include/teleop_tools_msgs/teleop_tools_msgs/msg/rosidl_typesupport_introspection_c__visibility_control.h
[16.835s] -- Up-to-date symlink: /home/ircv7/RACE/real_ws/install/teleop_tools_msgs/include/teleop_tools_msgs/teleop_tools_msgs/action/detail/increment__builder.hpp
[16.836s] -- Up-to-date symlink: /home/ircv7/RACE/real_ws/install/teleop_tools_msgs/include/teleop_tools_msgs/teleop_tools_msgs/action/detail/increment__struct.hpp
[16.837s] -- Up-to-date symlink: /home/ircv7/RACE/real_ws/install/teleop_tools_msgs/include/teleop_tools_msgs/teleop_tools_msgs/action/detail/increment__traits.hpp
[16.839s] -- Up-to-date symlink: /home/ircv7/RACE/real_ws/install/teleop_tools_msgs/include/teleop_tools_msgs/teleop_tools_msgs/action/detail/increment__type_support.hpp
[16.840s] -- Up-to-date symlink: /home/ircv7/RACE/real_ws/install/teleop_tools_msgs/include/teleop_tools_msgs/teleop_tools_msgs/action/increment.hpp
[16.841s] -- Up-to-date symlink: /home/ircv7/RACE/real_ws/install/teleop_tools_msgs/include/teleop_tools_msgs/teleop_tools_msgs/msg/rosidl_generator_cpp__visibility_control.hpp
[16.843s] -- Up-to-date symlink: /home/ircv7/RACE/real_ws/install/teleop_tools_msgs/include/teleop_tools_msgs/teleop_tools_msgs/action/detail/increment__rosidl_typesupport_fastrtps_cpp.hpp
[16.845s] -- Up-to-date symlink: /home/ircv7/RACE/real_ws/install/teleop_tools_msgs/include/teleop_tools_msgs/teleop_tools_msgs/msg/rosidl_typesupport_fastrtps_cpp__visibility_control.h
[16.847s] -- Up-to-date symlink: /home/ircv7/RACE/real_ws/install/teleop_tools_msgs/include/teleop_tools_msgs/teleop_tools_msgs/action/detail/increment__rosidl_typesupport_introspection_cpp.hpp
[16.848s] -- Up-to-date symlink: /home/ircv7/RACE/real_ws/install/teleop_tools_msgs/share/teleop_tools_msgs/environment/pythonpath.sh
[16.850s] -- Up-to-date symlink: /home/ircv7/RACE/real_ws/install/teleop_tools_msgs/share/teleop_tools_msgs/environment/pythonpath.dsv
[16.852s] -- Up-to-date symlink: /home/ircv7/RACE/real_ws/install/teleop_tools_msgs/local/lib/python3.10/dist-packages/teleop_tools_msgs-1.2.1-py3.10.egg-info/PKG-INFO
[16.853s] -- Up-to-date symlink: /home/ircv7/RACE/real_ws/install/teleop_tools_msgs/local/lib/python3.10/dist-packages/teleop_tools_msgs-1.2.1-py3.10.egg-info/SOURCES.txt
[16.854s] -- Up-to-date symlink: /home/ircv7/RACE/real_ws/install/teleop_tools_msgs/local/lib/python3.10/dist-packages/teleop_tools_msgs-1.2.1-py3.10.egg-info/dependency_links.txt
[16.855s] -- Up-to-date symlink: /home/ircv7/RACE/real_ws/install/teleop_tools_msgs/local/lib/python3.10/dist-packages/teleop_tools_msgs-1.2.1-py3.10.egg-info/top_level.txt
[16.858s] -- Up-to-date symlink: /home/ircv7/RACE/real_ws/install/teleop_tools_msgs/local/lib/python3.10/dist-packages/teleop_tools_msgs/__init__.py
[16.859s] -- Up-to-date symlink: /home/ircv7/RACE/real_ws/install/teleop_tools_msgs/local/lib/python3.10/dist-packages/teleop_tools_msgs/_teleop_tools_msgs_s.ep.rosidl_typesupport_c.c
[16.860s] -- Up-to-date symlink: /home/ircv7/RACE/real_ws/install/teleop_tools_msgs/local/lib/python3.10/dist-packages/teleop_tools_msgs/_teleop_tools_msgs_s.ep.rosidl_typesupport_fastrtps_c.c
[16.862s] -- Up-to-date symlink: /home/ircv7/RACE/real_ws/install/teleop_tools_msgs/local/lib/python3.10/dist-packages/teleop_tools_msgs/_teleop_tools_msgs_s.ep.rosidl_typesupport_introspection_c.c
[16.863s] -- Up-to-date symlink: /home/ircv7/RACE/real_ws/install/teleop_tools_msgs/local/lib/python3.10/dist-packages/teleop_tools_msgs/action/__init__.py
[16.864s] -- Up-to-date symlink: /home/ircv7/RACE/real_ws/install/teleop_tools_msgs/local/lib/python3.10/dist-packages/teleop_tools_msgs/action/_increment.py
[16.866s] -- Up-to-date symlink: /home/ircv7/RACE/real_ws/install/teleop_tools_msgs/local/lib/python3.10/dist-packages/teleop_tools_msgs/action/_increment_s.c
[16.867s] -- Up-to-date symlink: /home/ircv7/RACE/real_ws/install/teleop_tools_msgs/local/lib/python3.10/dist-packages/teleop_tools_msgs/libteleop_tools_msgs__rosidl_generator_py.so
[16.868s] -- Up-to-date symlink: /home/ircv7/RACE/real_ws/install/teleop_tools_msgs/local/lib/python3.10/dist-packages/teleop_tools_msgs/teleop_tools_msgs_s__rosidl_typesupport_c.cpython-310-aarch64-linux-gnu.so
[16.869s] -- Up-to-date symlink: /home/ircv7/RACE/real_ws/install/teleop_tools_msgs/local/lib/python3.10/dist-packages/teleop_tools_msgs/teleop_tools_msgs_s__rosidl_typesupport_fastrtps_c.cpython-310-aarch64-linux-gnu.so
[16.871s] -- Up-to-date symlink: /home/ircv7/RACE/real_ws/install/teleop_tools_msgs/local/lib/python3.10/dist-packages/teleop_tools_msgs/teleop_tools_msgs_s__rosidl_typesupport_introspection_c.cpython-310-aarch64-linux-gnu.so
[16.872s] -- Up-to-date symlink: /home/ircv7/RACE/real_ws/install/teleop_tools_msgs/local/lib/python3.10/dist-packages/teleop_tools_msgs/teleop_tools_msgs_s__rosidl_typesupport_fastrtps_c.cpython-310-aarch64-linux-gnu.so
[16.874s] -- Up-to-date symlink: /home/ircv7/RACE/real_ws/install/teleop_tools_msgs/local/lib/python3.10/dist-packages/teleop_tools_msgs/teleop_tools_msgs_s__rosidl_typesupport_introspection_c.cpython-310-aarch64-linux-gnu.so
[16.876s] -- Up-to-date symlink: /home/ircv7/RACE/real_ws/install/teleop_tools_msgs/local/lib/python3.10/dist-packages/teleop_tools_msgs/teleop_tools_msgs_s__rosidl_typesupport_c.cpython-310-aarch64-linux-gnu.so
[16.877s] -- Up-to-date symlink: /home/ircv7/RACE/real_ws/install/teleop_tools_msgs/share/teleop_tools_msgs/action/Increment.idl
[16.878s] -- Up-to-date symlink: /home/ircv7/RACE/real_ws/install/teleop_tools_msgs/share/teleop_tools_msgs/action/Increment.action
[16.880s] -- Up-to-date symlink: /home/ircv7/RACE/real_ws/install/teleop_tools_msgs/share/ament_index/resource_index/package_run_dependencies/teleop_tools_msgs
[16.881s] -- Up-to-date symlink: /home/ircv7/RACE/real_ws/install/teleop_tools_msgs/share/ament_index/resource_index/parent_prefix_path/teleop_tools_msgs
[16.882s] -- Up-to-date symlink: /home/ircv7/RACE/real_ws/install/teleop_tools_msgs/share/teleop_tools_msgs/environment/ament_prefix_path.sh
[16.884s] -- Up-to-date symlink: /home/ircv7/RACE/real_ws/install/teleop_tools_msgs/share/teleop_tools_msgs/environment/ament_prefix_path.dsv
[16.885s] -- Up-to-date symlink: /home/ircv7/RACE/real_ws/install/teleop_tools_msgs/share/teleop_tools_msgs/environment/path.sh
[16.886s] -- Up-to-date symlink: /home/ircv7/RACE/real_ws/install/teleop_tools_msgs/share/teleop_tools_msgs/environment/path.dsv
[16.888s] -- Up-to-date symlink: /home/ircv7/RACE/real_ws/install/teleop_tools_msgs/share/teleop_tools_msgs/local_setup.bash
[16.889s] -- Up-to-date symlink: /home/ircv7/RACE/real_ws/install/teleop_tools_msgs/share/teleop_tools_msgs/local_setup.sh
[16.890s] -- Up-to-date symlink: /home/ircv7/RACE/real_ws/install/teleop_tools_msgs/share/teleop_tools_msgs/local_setup.zsh
[16.891s] -- Up-to-date symlink: /home/ircv7/RACE/real_ws/install/teleop_tools_msgs/share/teleop_tools_msgs/local_setup.dsv
[16.892s] -- Symlinking: /home/ircv7/RACE/real_ws/install/teleop_tools_msgs/share/teleop_tools_msgs/package.dsv
[16.950s] -- Up-to-date symlink: /home/ircv7/RACE/real_ws/install/teleop_tools_msgs/share/ament_index/resource_index/packages/teleop_tools_msgs
[16.951s] -- Up-to-date symlink: /home/ircv7/RACE/real_ws/install/teleop_tools_msgs/share/teleop_tools_msgs/cmake/rosidl_cmake-extras.cmake
[16.953s] -- Up-to-date symlink: /home/ircv7/RACE/real_ws/install/teleop_tools_msgs/share/teleop_tools_msgs/cmake/ament_cmake_export_dependencies-extras.cmake
[16.954s] -- Up-to-date symlink: /home/ircv7/RACE/real_ws/install/teleop_tools_msgs/share/teleop_tools_msgs/cmake/ament_cmake_export_include_directories-extras.cmake
[16.955s] -- Up-to-date symlink: /home/ircv7/RACE/real_ws/install/teleop_tools_msgs/share/teleop_tools_msgs/cmake/ament_cmake_export_libraries-extras.cmake
[16.956s] -- Up-to-date symlink: /home/ircv7/RACE/real_ws/install/teleop_tools_msgs/share/teleop_tools_msgs/cmake/ament_cmake_export_targets-extras.cmake
[16.958s] -- Up-to-date symlink: /home/ircv7/RACE/real_ws/install/teleop_tools_msgs/share/teleop_tools_msgs/cmake/rosidl_cmake_export_typesupport_targets-extras.cmake
[16.959s] -- Up-to-date symlink: /home/ircv7/RACE/real_ws/install/teleop_tools_msgs/share/teleop_tools_msgs/cmake/rosidl_cmake_export_typesupport_libraries-extras.cmake
[16.961s] -- Up-to-date symlink: /home/ircv7/RACE/real_ws/install/teleop_tools_msgs/share/teleop_tools_msgs/cmake/teleop_tools_msgsConfig.cmake
[16.962s] -- Up-to-date symlink: /home/ircv7/RACE/real_ws/install/teleop_tools_msgs/share/teleop_tools_msgs/cmake/teleop_tools_msgsConfig-version.cmake
[16.963s] -- Up-to-date symlink: /home/ircv7/RACE/real_ws/install/teleop_tools_msgs/share/teleop_tools_msgs/package.xml
[16.964s] -- Installing: /home/ircv7/RACE/real_ws/install/teleop_tools_msgs/lib/libteleop_tools_msgs__rosidl_generator_c.so
[16.967s] -- Set runtime path of "/home/ircv7/RACE/real_ws/install/teleop_tools_msgs/lib/libteleop_tools_msgs__rosidl_generator_c.so" to ""
[16.968s] -- Installing: /home/ircv7/RACE/real_ws/install/teleop_tools_msgs/lib/libteleop_tools_msgs__rosidl_typesupport_fastrtps_c.so
[16.969s] -- Set runtime path of "/home/ircv7/RACE/real_ws/install/teleop_tools_msgs/lib/libteleop_tools_msgs__rosidl_typesupport_fastrtps_c.so" to ""
[16.970s] -- Installing: /home/ircv7/RACE/real_ws/install/teleop_tools_msgs/lib/libteleop_tools_msgs__rosidl_typesupport_introspection_c.so
[16.971s] -- Set runtime path of "/home/ircv7/RACE/real_ws/install/teleop_tools_msgs/lib/libteleop_tools_msgs__rosidl_typesupport_introspection_c.so" to ""
[16.972s] -- Installing: /home/ircv7/RACE/real_ws/install/teleop_tools_msgs/lib/libteleop_tools_msgs__rosidl_typesupport_c.so
[16.975s] -- Set runtime path of "/home/ircv7/RACE/real_ws/install/teleop_tools_msgs/lib/libteleop_tools_msgs__rosidl_typesupport_c.so" to ""
[16.976s] -- Installing: /home/ircv7/RACE/real_ws/install/teleop_tools_msgs/lib/libteleop_tools_msgs__rosidl_typesupport_fastrtps_cpp.so
[16.977s] -- Set runtime path of "/home/ircv7/RACE/real_ws/install/teleop_tools_msgs/lib/libteleop_tools_msgs__rosidl_typesupport_fastrtps_cpp.so" to ""
[16.980s] -- Installing: /home/ircv7/RACE/real_ws/install/teleop_tools_msgs/lib/libteleop_tools_msgs__rosidl_typesupport_introspection_cpp.so
[16.985s] -- Set runtime path of "/home/ircv7/RACE/real_ws/install/teleop_tools_msgs/lib/libteleop_tools_msgs__rosidl_typesupport_introspection_cpp.so" to ""
[16.990s] -- Installing: /home/ircv7/RACE/real_ws/install/teleop_tools_msgs/lib/libteleop_tools_msgs__rosidl_typesupport_cpp.so
[16.991s] -- Set runtime path of "/home/ircv7/RACE/real_ws/install/teleop_tools_msgs/lib/libteleop_tools_msgs__rosidl_typesupport_cpp.so" to ""
[17.325s] Listing '/home/ircv7/RACE/real_ws/install/teleop_tools_msgs/local/lib/python3.10/dist-packages/teleop_tools_msgs'...
[17.325s] Compiling '/home/ircv7/RACE/real_ws/install/teleop_tools_msgs/local/lib/python3.10/dist-packages/teleop_tools_msgs/__init__.py'...
[17.325s] Listing '/home/ircv7/RACE/real_ws/install/teleop_tools_msgs/local/lib/python3.10/dist-packages/teleop_tools_msgs/action'...
[17.374s] -- Installing: /home/ircv7/RACE/real_ws/install/teleop_tools_msgs/lib/libteleop_tools_msgs__rosidl_generator_py.so
[17.374s] -- Set runtime path of "/home/ircv7/RACE/real_ws/install/teleop_tools_msgs/lib/libteleop_tools_msgs__rosidl_generator_py.so" to ""
[17.376s] -- Up-to-date: /home/ircv7/RACE/real_ws/install/teleop_tools_msgs/share/teleop_tools_msgs/cmake/export_teleop_tools_msgs__rosidl_generator_cExport.cmake
[17.376s] -- Installing: /home/ircv7/RACE/real_ws/install/teleop_tools_msgs/share/teleop_tools_msgs/cmake/export_teleop_tools_msgs__rosidl_generator_cExport-release.cmake
[17.377s] -- Up-to-date: /home/ircv7/RACE/real_ws/install/teleop_tools_msgs/share/teleop_tools_msgs/cmake/export_teleop_tools_msgs__rosidl_typesupport_fastrtps_cExport.cmake
[17.377s] -- Installing: /home/ircv7/RACE/real_ws/install/teleop_tools_msgs/share/teleop_tools_msgs/cmake/export_teleop_tools_msgs__rosidl_typesupport_fastrtps_cExport-release.cmake
[17.377s] -- Up-to-date: /home/ircv7/RACE/real_ws/install/teleop_tools_msgs/share/teleop_tools_msgs/cmake/teleop_tools_msgs__rosidl_typesupport_introspection_cExport.cmake
[17.378s] -- Installing: /home/ircv7/RACE/real_ws/install/teleop_tools_msgs/share/teleop_tools_msgs/cmake/teleop_tools_msgs__rosidl_typesupport_introspection_cExport-release.cmake
[17.378s] -- Up-to-date: /home/ircv7/RACE/real_ws/install/teleop_tools_msgs/share/teleop_tools_msgs/cmake/teleop_tools_msgs__rosidl_typesupport_cExport.cmake
[17.379s] -- Installing: /home/ircv7/RACE/real_ws/install/teleop_tools_msgs/share/teleop_tools_msgs/cmake/teleop_tools_msgs__rosidl_typesupport_cExport-release.cmake
[17.379s] -- Up-to-date: /home/ircv7/RACE/real_ws/install/teleop_tools_msgs/share/teleop_tools_msgs/cmake/export_teleop_tools_msgs__rosidl_generator_cppExport.cmake
[17.379s] -- Up-to-date: /home/ircv7/RACE/real_ws/install/teleop_tools_msgs/share/teleop_tools_msgs/cmake/export_teleop_tools_msgs__rosidl_typesupport_fastrtps_cppExport.cmake
[17.379s] -- Installing: /home/ircv7/RACE/real_ws/install/teleop_tools_msgs/share/teleop_tools_msgs/cmake/export_teleop_tools_msgs__rosidl_typesupport_fastrtps_cppExport-release.cmake
[17.380s] -- Up-to-date: /home/ircv7/RACE/real_ws/install/teleop_tools_msgs/share/teleop_tools_msgs/cmake/teleop_tools_msgs__rosidl_typesupport_introspection_cppExport.cmake
[17.380s] -- Installing: /home/ircv7/RACE/real_ws/install/teleop_tools_msgs/share/teleop_tools_msgs/cmake/teleop_tools_msgs__rosidl_typesupport_introspection_cppExport-release.cmake
[17.380s] -- Up-to-date: /home/ircv7/RACE/real_ws/install/teleop_tools_msgs/share/teleop_tools_msgs/cmake/teleop_tools_msgs__rosidl_typesupport_cppExport.cmake
[17.380s] -- Installing: /home/ircv7/RACE/real_ws/install/teleop_tools_msgs/share/teleop_tools_msgs/cmake/teleop_tools_msgs__rosidl_typesupport_cppExport-release.cmake
[17.381s] -- Up-to-date: /home/ircv7/RACE/real_ws/install/teleop_tools_msgs/share/teleop_tools_msgs/cmake/export_teleop_tools_msgs__rosidl_generator_pyExport.cmake
[17.381s] -- Installing: /home/ircv7/RACE/real_ws/install/teleop_tools_msgs/share/teleop_tools_msgs/cmake/export_teleop_tools_msgs__rosidl_generator_pyExport-release.cmake
[17.389s] Invoked command in '/home/ircv7/RACE/real_ws/build/teleop_tools_msgs' returned '0': CMAKE_PREFIX_PATH=/opt/ros/humble /usr/bin/cmake --install /home/ircv7/RACE/real_ws/build/teleop_tools_msgs
