[0.053s] Invoking command in '/home/ircv7/RACE/real_ws/build/slam_nav': AMENT_PREFIX_PATH=/home/ircv7/RACE/real_ws/install/f1tenth_stack:/home/ircv7/RACE/real_ws/install/vesc:/home/ircv7/RACE/real_ws/install/vesc_driver:/home/ircv7/RACE/real_ws/install/vesc_ackermann:/home/ircv7/RACE/real_ws/install/joy_teleop:/home/ircv7/RACE/real_ws/install/vesc_msgs:/home/ircv7/RACE/real_ws/install/teleop_tools_msgs:/home/ircv7/RACE/real_ws/install/ackermann_mux CMAKE_PREFIX_PATH=/home/ircv7/RACE/real_ws/install/vesc:/home/ircv7/RACE/real_ws/install/vesc_driver:/home/ircv7/RACE/real_ws/install/vesc_ackermann:/home/ircv7/RACE/real_ws/install/vesc_msgs:/home/ircv7/RACE/real_ws/install/teleop_tools_msgs:/home/ircv7/RACE/real_ws/install/ackermann_mux CONDA_PROMPT_MODIFIER=(base) LD_LIBRARY_PATH=/home/ircv7/RACE/real_ws/install/vesc_driver/lib:/home/ircv7/RACE/real_ws/install/vesc_ackermann/lib:/home/ircv7/RACE/real_ws/install/vesc_msgs/lib:/home/ircv7/RACE/real_ws/install/teleop_tools_msgs/lib PYTHONPATH=/home/ircv7/RACE/real_ws/build/f1tenth_stack:/home/ircv7/RACE/real_ws/install/f1tenth_stack/lib/python3.10/site-packages:/home/ircv7/RACE/real_ws/build/joy_teleop:/home/ircv7/RACE/real_ws/install/joy_teleop/lib/python3.10/site-packages:/home/ircv7/RACE/real_ws/install/vesc_msgs/local/lib/python3.10/dist-packages:/home/ircv7/RACE/real_ws/install/teleop_tools_msgs/local/lib/python3.10/dist-packages /usr/bin/cmake /home/ircv7/RACE/real_ws/src/slam_nav -DCMAKE_INSTALL_PREFIX=/home/ircv7/RACE/real_ws/install/slam_nav
[0.180s] -- The C compiler identification is GNU 11.4.0
[0.308s] -- The CXX compiler identification is GNU 11.4.0
[0.326s] -- Detecting C compiler ABI info
[0.505s] -- Detecting C compiler ABI info - done
[0.521s] -- Check for working C compiler: /usr/bin/cc - skipped
[0.521s] -- Detecting C compile features
[0.522s] -- Detecting C compile features - done
[0.530s] -- Detecting CXX compiler ABI info
[0.717s] -- Detecting CXX compiler ABI info - done
[0.742s] -- Check for working CXX compiler: /usr/bin/c++ - skipped
[0.742s] -- Detecting CXX compile features
[0.743s] -- Detecting CXX compile features - done
[0.770s] CMake Error at CMakeLists.txt:9 (find_package):
[0.770s]   By not providing "Findament_cmake.cmake" in CMAKE_MODULE_PATH this project
[0.770s]   has asked CMake to find a package configuration file provided by
[0.771s]   "ament_cmake", but CMake did not find one.
[0.771s] 
[0.772s]   Could not find a package configuration file provided by "ament_cmake" with
[0.772s]   any of the following names:
[0.772s] 
[0.773s]     ament_cmakeConfig.cmake
[0.773s]     ament_cmake-config.cmake
[0.773s] 
[0.773s]   Add the installation prefix of "ament_cmake" to CMAKE_PREFIX_PATH or set
[0.773s]   "ament_cmake_DIR" to a directory containing one of the above files.  If
[0.773s]   "ament_cmake" provides a separate development package or SDK, be sure it
[0.773s]   has been installed.
[0.773s] 
[0.773s] 
[0.774s] -- Configuring incomplete, errors occurred!
[0.774s] See also "/home/ircv7/RACE/real_ws/build/slam_nav/CMakeFiles/CMakeOutput.log".
[0.784s] Invoked command in '/home/ircv7/RACE/real_ws/build/slam_nav' returned '1': AMENT_PREFIX_PATH=/home/ircv7/RACE/real_ws/install/f1tenth_stack:/home/ircv7/RACE/real_ws/install/vesc:/home/ircv7/RACE/real_ws/install/vesc_driver:/home/ircv7/RACE/real_ws/install/vesc_ackermann:/home/ircv7/RACE/real_ws/install/joy_teleop:/home/ircv7/RACE/real_ws/install/vesc_msgs:/home/ircv7/RACE/real_ws/install/teleop_tools_msgs:/home/ircv7/RACE/real_ws/install/ackermann_mux CMAKE_PREFIX_PATH=/home/ircv7/RACE/real_ws/install/vesc:/home/ircv7/RACE/real_ws/install/vesc_driver:/home/ircv7/RACE/real_ws/install/vesc_ackermann:/home/ircv7/RACE/real_ws/install/vesc_msgs:/home/ircv7/RACE/real_ws/install/teleop_tools_msgs:/home/ircv7/RACE/real_ws/install/ackermann_mux CONDA_PROMPT_MODIFIER=(base) LD_LIBRARY_PATH=/home/ircv7/RACE/real_ws/install/vesc_driver/lib:/home/ircv7/RACE/real_ws/install/vesc_ackermann/lib:/home/ircv7/RACE/real_ws/install/vesc_msgs/lib:/home/ircv7/RACE/real_ws/install/teleop_tools_msgs/lib PYTHONPATH=/home/ircv7/RACE/real_ws/build/f1tenth_stack:/home/ircv7/RACE/real_ws/install/f1tenth_stack/lib/python3.10/site-packages:/home/ircv7/RACE/real_ws/build/joy_teleop:/home/ircv7/RACE/real_ws/install/joy_teleop/lib/python3.10/site-packages:/home/ircv7/RACE/real_ws/install/vesc_msgs/local/lib/python3.10/dist-packages:/home/ircv7/RACE/real_ws/install/teleop_tools_msgs/local/lib/python3.10/dist-packages /usr/bin/cmake /home/ircv7/RACE/real_ws/src/slam_nav -DCMAKE_INSTALL_PREFIX=/home/ircv7/RACE/real_ws/install/slam_nav
