[0.084s] Invoking command in '/home/ircv7/RACE/real_ws/build/pure_pursuit': CMAKE_PREFIX_PATH=/opt/ros/humble /usr/bin/cmake /home/ircv7/RACE/real_ws/src/app -DCMAKE_BUILD_TYPE=Release -DAMENT_CMAKE_SYMLINK_INSTALL=1 -DCMAKE_INSTALL_PREFIX=/home/ircv7/RACE/real_ws/install/pure_pursuit
[0.169s] -- Found ament_cmake: 1.3.12 (/opt/ros/humble/share/ament_cmake/cmake)
[1.106s] -- Override CMake install command with custom implementation using symlinks instead of copying resources
[1.128s] -- Found rclcpp: 16.0.15 (/opt/ros/humble/share/rclcpp/cmake)
[1.268s] -- Found rosidl_generator_c: 3.1.7 (/opt/ros/humble/share/rosidl_generator_c/cmake)
[1.272s] -- Found rosidl_adapter: 3.1.7 (/opt/ros/humble/share/rosidl_adapter/cmake)
[1.323s] -- Found rosidl_generator_cpp: 3.1.7 (/opt/ros/humble/share/rosidl_generator_cpp/cmake)
[1.382s] -- Using all available rosidl_typesupport_c: rosidl_typesupport_fastrtps_c;rosidl_typesupport_introspection_c
[1.453s] -- Using all available rosidl_typesupport_cpp: rosidl_typesupport_fastrtps_cpp;rosidl_typesupport_introspection_cpp
[1.623s] -- Found rmw_implementation_cmake: 6.1.2 (/opt/ros/humble/share/rmw_implementation_cmake/cmake)
[1.625s] -- Found rmw_fastrtps_cpp: 6.2.8 (/opt/ros/humble/share/rmw_fastrtps_cpp/cmake)
[2.068s] -- Using RMW implementation 'rmw_fastrtps_cpp' as default
[2.442s] -- Found geometry_msgs: 4.9.0 (/opt/ros/humble/share/geometry_msgs/cmake)
[2.506s] -- Found nav_msgs: 4.9.0 (/opt/ros/humble/share/nav_msgs/cmake)
[2.580s] -- Found ackermann_msgs: 2.0.2 (/opt/ros/humble/share/ackermann_msgs/cmake)
[2.654s] -- Found tf2: 0.25.16 (/opt/ros/humble/share/tf2/cmake)
[2.678s] -- Found tf2_ros: 0.25.16 (/opt/ros/humble/share/tf2_ros/cmake)
[3.111s] -- Found tf2_geometry_msgs: 0.25.16 (/opt/ros/humble/share/tf2_geometry_msgs/cmake)
[3.154s] -- Found eigen3_cmake_module: 0.1.1 (/opt/ros/humble/share/eigen3_cmake_module/cmake)
[3.154s] -- Ensuring Eigen3 include directory is part of orocos-kdl CMake target
[3.160s] -- Found ament_lint_auto: 0.12.14 (/opt/ros/humble/share/ament_lint_auto/cmake)
[3.477s] -- Added test 'copyright' to check source files copyright and LICENSE
[3.487s] -- Added test 'cppcheck' to perform static code analysis on C / C++ code
[3.492s] -- Configured cppcheck include dirs: /home/ircv7/RACE/real_ws/src/app/include
[3.493s] -- Configured cppcheck exclude dirs and/or files: 
[3.498s] -- Added test 'cpplint' to check C / C++ code against the Google style
[3.499s] -- Configured cpplint exclude dirs and/or files: 
[3.503s] -- Added test 'flake8' to check Python code syntax and style conventions
[3.512s] -- Added test 'lint_cmake' to check CMake code style
[3.518s] -- Added test 'pep257' to check Python code against some of the docstring style conventions in PEP 257
[3.521s] -- Added test 'uncrustify' to check C / C++ code style
[3.521s] -- Configured uncrustify additional arguments: 
[3.535s] -- Added test 'xmllint' to check XML markup files
[3.555s] -- Configuring done
[3.699s] -- Generating done
[3.728s] -- Build files have been written to: /home/ircv7/RACE/real_ws/build/pure_pursuit
[3.874s] Invoked command in '/home/ircv7/RACE/real_ws/build/pure_pursuit' returned '0': CMAKE_PREFIX_PATH=/opt/ros/humble /usr/bin/cmake /home/ircv7/RACE/real_ws/src/app -DCMAKE_BUILD_TYPE=Release -DAMENT_CMAKE_SYMLINK_INSTALL=1 -DCMAKE_INSTALL_PREFIX=/home/ircv7/RACE/real_ws/install/pure_pursuit
[3.878s] Invoking command in '/home/ircv7/RACE/real_ws/build/pure_pursuit': CMAKE_PREFIX_PATH=/opt/ros/humble /usr/bin/cmake --build /home/ircv7/RACE/real_ws/build/pure_pursuit -- -j6 -l6
[4.198s] [35m[1mConsolidate compiler generated dependencies of target pure_pursuit_node[0m
[4.351s] [ 50%] [32mBuilding CXX object CMakeFiles/pure_pursuit_node.dir/src/pure_pursuit_node.cpp.o[0m
[5.684s] In file included from [01m[K/home/ircv7/RACE/real_ws/src/app/src/pure_pursuit_node.cpp:10[m[K:
[5.685s] [01m[K/opt/ros/humble/include/tf2_geometry_msgs/tf2_geometry_msgs/tf2_geometry_msgs.h:35:2:[m[K [01;35m[Kwarning: [m[K#warning This header is obsolete, please include tf2_geometry_msgs/tf2_geometry_msgs.hpp instead [[01;35m[K]8;;https://gcc.gnu.org/onlinedocs/gcc/Warning-Options.html#index-Wcpp-Wcpp]8;;[m[K]
[5.686s]    35 | #[01;35m[Kwarning[m[K This header is obsolete, please include tf2_geometry_msgs/tf2_geometry_msgs.hpp instead
[5.686s]       |  [01;35m[K^~~~~~~[m[K
[69.745s] [100%] [32m[1mLinking CXX executable pure_pursuit_node[0m
[70.207s] [100%] Built target pure_pursuit_node
[70.236s] Invoked command in '/home/ircv7/RACE/real_ws/build/pure_pursuit' returned '0': CMAKE_PREFIX_PATH=/opt/ros/humble /usr/bin/cmake --build /home/ircv7/RACE/real_ws/build/pure_pursuit -- -j6 -l6
[70.241s] Invoking command in '/home/ircv7/RACE/real_ws/build/pure_pursuit': CMAKE_PREFIX_PATH=/opt/ros/humble /usr/bin/cmake --install /home/ircv7/RACE/real_ws/build/pure_pursuit
[70.260s] -- Install configuration: "Release"
[70.262s] -- Execute custom install script
[70.263s] -- Up-to-date symlink: /home/ircv7/RACE/real_ws/install/pure_pursuit/lib/pure_pursuit/pure_pursuit_node
[70.265s] -- Up-to-date symlink: /home/ircv7/RACE/real_ws/install/pure_pursuit/share/pure_pursuit/config//pure_pursuit_config.yaml
[70.266s] -- Up-to-date symlink: /home/ircv7/RACE/real_ws/install/pure_pursuit/share/pure_pursuit/launch//pure_pursuit_launch.py
[70.268s] -- Up-to-date symlink: /home/ircv7/RACE/real_ws/install/pure_pursuit/share/ament_index/resource_index/package_run_dependencies/pure_pursuit
[70.269s] -- Up-to-date symlink: /home/ircv7/RACE/real_ws/install/pure_pursuit/share/ament_index/resource_index/parent_prefix_path/pure_pursuit
[70.269s] -- Up-to-date symlink: /home/ircv7/RACE/real_ws/install/pure_pursuit/share/pure_pursuit/environment/ament_prefix_path.sh
[70.270s] -- Up-to-date symlink: /home/ircv7/RACE/real_ws/install/pure_pursuit/share/pure_pursuit/environment/ament_prefix_path.dsv
[70.270s] -- Up-to-date symlink: /home/ircv7/RACE/real_ws/install/pure_pursuit/share/pure_pursuit/environment/path.sh
[70.270s] -- Up-to-date symlink: /home/ircv7/RACE/real_ws/install/pure_pursuit/share/pure_pursuit/environment/path.dsv
[70.271s] -- Up-to-date symlink: /home/ircv7/RACE/real_ws/install/pure_pursuit/share/pure_pursuit/local_setup.bash
[70.272s] -- Up-to-date symlink: /home/ircv7/RACE/real_ws/install/pure_pursuit/share/pure_pursuit/local_setup.sh
[70.272s] -- Up-to-date symlink: /home/ircv7/RACE/real_ws/install/pure_pursuit/share/pure_pursuit/local_setup.zsh
[70.272s] -- Up-to-date symlink: /home/ircv7/RACE/real_ws/install/pure_pursuit/share/pure_pursuit/local_setup.dsv
[70.273s] -- Symlinking: /home/ircv7/RACE/real_ws/install/pure_pursuit/share/pure_pursuit/package.dsv
[70.292s] -- Up-to-date symlink: /home/ircv7/RACE/real_ws/install/pure_pursuit/share/ament_index/resource_index/packages/pure_pursuit
[70.292s] -- Up-to-date symlink: /home/ircv7/RACE/real_ws/install/pure_pursuit/share/pure_pursuit/cmake/pure_pursuitConfig.cmake
[70.293s] -- Up-to-date symlink: /home/ircv7/RACE/real_ws/install/pure_pursuit/share/pure_pursuit/cmake/pure_pursuitConfig-version.cmake
[70.293s] -- Up-to-date symlink: /home/ircv7/RACE/real_ws/install/pure_pursuit/share/pure_pursuit/package.xml
[70.300s] Invoked command in '/home/ircv7/RACE/real_ws/build/pure_pursuit' returned '0': CMAKE_PREFIX_PATH=/opt/ros/humble /usr/bin/cmake --install /home/ircv7/RACE/real_ws/build/pure_pursuit
