[0.071s] Invoking command in '/home/ircv7/RACE/real_ws/build/teleop_tools_msgs': CMAKE_PREFIX_PATH=/opt/ros/humble /usr/bin/cmake --build /home/ircv7/RACE/real_ws/build/teleop_tools_msgs -- -j6 -l6
[1.570s] [35m[1mConsolidate compiler generated dependencies of target teleop_tools_msgs__rosidl_generator_c[0m
[1.570s] [  3%] Built target teleop_tools_msgs__cpp
[1.570s] [35m[1mConsolidate compiler generated dependencies of target teleop_tools_msgs__rosidl_typesupport_cpp[0m
[1.570s] [35m[1mConsolidate compiler generated dependencies of target teleop_tools_msgs__rosidl_typesupport_fastrtps_cpp[0m
[1.571s] [ 12%] Built target teleop_tools_msgs__rosidl_generator_c
[1.571s] [35m[1mConsolidate compiler generated dependencies of target teleop_tools_msgs__rosidl_typesupport_introspection_cpp[0m
[1.571s] [ 22%] Built target teleop_tools_msgs__rosidl_typesupport_cpp
[1.571s] [ 32%] Built target teleop_tools_msgs__rosidl_typesupport_fastrtps_cpp
[1.571s] [35m[1mConsolidate compiler generated dependencies of target teleop_tools_msgs__rosidl_typesupport_c[0m
[1.571s] [ 32%] Built target ament_cmake_python_symlink_teleop_tools_msgs
[1.571s] [ 41%] Built target teleop_tools_msgs__rosidl_typesupport_introspection_cpp
[1.571s] [35m[1mConsolidate compiler generated dependencies of target teleop_tools_msgs__rosidl_typesupport_introspection_c[0m
[1.572s] [ 51%] Built target teleop_tools_msgs__rosidl_typesupport_c
[1.572s] [35m[1mConsolidate compiler generated dependencies of target teleop_tools_msgs__rosidl_typesupport_fastrtps_c[0m
[1.572s] [ 61%] Built target teleop_tools_msgs__rosidl_typesupport_introspection_c
[1.572s] [ 70%] Built target teleop_tools_msgs__rosidl_typesupport_fastrtps_c
[1.572s] [ 70%] Built target teleop_tools_msgs
[1.572s] [ 74%] Built target teleop_tools_msgs__py
[1.572s] [35m[1mConsolidate compiler generated dependencies of target teleop_tools_msgs__rosidl_generator_py[0m
[1.572s] [ 80%] Built target teleop_tools_msgs__rosidl_generator_py
[1.572s] [35m[1mConsolidate compiler generated dependencies of target teleop_tools_msgs__rosidl_typesupport_introspection_c__pyext[0m
[1.573s] [35m[1mConsolidate compiler generated dependencies of target teleop_tools_msgs__rosidl_typesupport_fastrtps_c__pyext[0m
[1.573s] [35m[1mConsolidate compiler generated dependencies of target teleop_tools_msgs__rosidl_typesupport_c__pyext[0m
[1.573s] [ 87%] Built target teleop_tools_msgs__rosidl_typesupport_introspection_c__pyext
[1.573s] [ 93%] Built target teleop_tools_msgs__rosidl_typesupport_fastrtps_c__pyext
[1.573s] [100%] Built target teleop_tools_msgs__rosidl_typesupport_c__pyext
[1.573s] running egg_info
[1.573s] writing teleop_tools_msgs.egg-info/PKG-INFO
[1.573s] writing dependency_links to teleop_tools_msgs.egg-info/dependency_links.txt
[1.574s] writing top-level names to teleop_tools_msgs.egg-info/top_level.txt
[1.574s] reading manifest file 'teleop_tools_msgs.egg-info/SOURCES.txt'
[1.574s] writing manifest file 'teleop_tools_msgs.egg-info/SOURCES.txt'
[1.574s] [100%] Built target ament_cmake_python_build_teleop_tools_msgs_egg
[2.171s] Invoked command in '/home/ircv7/RACE/real_ws/build/teleop_tools_msgs' returned '0': CMAKE_PREFIX_PATH=/opt/ros/humble /usr/bin/cmake --build /home/ircv7/RACE/real_ws/build/teleop_tools_msgs -- -j6 -l6
[2.177s] Invoking command in '/home/ircv7/RACE/real_ws/build/teleop_tools_msgs': CMAKE_PREFIX_PATH=/opt/ros/humble /usr/bin/cmake --install /home/ircv7/RACE/real_ws/build/teleop_tools_msgs
[2.232s] -- Install configuration: "Release"
[2.232s] -- Execute custom install script
[2.232s] -- Up-to-date symlink: /home/ircv7/RACE/real_ws/install/teleop_tools_msgs/share/ament_index/resource_index/rosidl_interfaces/teleop_tools_msgs
[2.232s] -- Up-to-date symlink: /home/ircv7/RACE/real_ws/install/teleop_tools_msgs/include/teleop_tools_msgs/teleop_tools_msgs/action/detail/increment__functions.h
[2.232s] -- Up-to-date symlink: /home/ircv7/RACE/real_ws/install/teleop_tools_msgs/include/teleop_tools_msgs/teleop_tools_msgs/action/detail/increment__struct.h
[2.234s] -- Up-to-date symlink: /home/ircv7/RACE/real_ws/install/teleop_tools_msgs/include/teleop_tools_msgs/teleop_tools_msgs/action/detail/increment__type_support.h
[2.234s] -- Up-to-date symlink: /home/ircv7/RACE/real_ws/install/teleop_tools_msgs/include/teleop_tools_msgs/teleop_tools_msgs/action/increment.h
[2.234s] -- Up-to-date symlink: /home/ircv7/RACE/real_ws/install/teleop_tools_msgs/include/teleop_tools_msgs/teleop_tools_msgs/msg/rosidl_generator_c__visibility_control.h
[2.234s] -- Up-to-date symlink: /home/ircv7/RACE/real_ws/install/teleop_tools_msgs/share/teleop_tools_msgs/environment/library_path.sh
[2.234s] -- Up-to-date symlink: /home/ircv7/RACE/real_ws/install/teleop_tools_msgs/share/teleop_tools_msgs/environment/library_path.dsv
[2.234s] -- Up-to-date symlink: /home/ircv7/RACE/real_ws/install/teleop_tools_msgs/include/teleop_tools_msgs/teleop_tools_msgs/action/detail/increment__rosidl_typesupport_fastrtps_c.h
[2.236s] -- Up-to-date symlink: /home/ircv7/RACE/real_ws/install/teleop_tools_msgs/include/teleop_tools_msgs/teleop_tools_msgs/msg/rosidl_typesupport_fastrtps_c__visibility_control.h
[2.236s] -- Up-to-date symlink: /home/ircv7/RACE/real_ws/install/teleop_tools_msgs/include/teleop_tools_msgs/teleop_tools_msgs/action/detail/increment__rosidl_typesupport_introspection_c.h
[2.236s] -- Up-to-date symlink: /home/ircv7/RACE/real_ws/install/teleop_tools_msgs/include/teleop_tools_msgs/teleop_tools_msgs/msg/rosidl_typesupport_introspection_c__visibility_control.h
[2.236s] -- Up-to-date symlink: /home/ircv7/RACE/real_ws/install/teleop_tools_msgs/include/teleop_tools_msgs/teleop_tools_msgs/action/detail/increment__builder.hpp
[2.236s] -- Up-to-date symlink: /home/ircv7/RACE/real_ws/install/teleop_tools_msgs/include/teleop_tools_msgs/teleop_tools_msgs/action/detail/increment__struct.hpp
[2.236s] -- Up-to-date symlink: /home/ircv7/RACE/real_ws/install/teleop_tools_msgs/include/teleop_tools_msgs/teleop_tools_msgs/action/detail/increment__traits.hpp
[2.237s] -- Up-to-date symlink: /home/ircv7/RACE/real_ws/install/teleop_tools_msgs/include/teleop_tools_msgs/teleop_tools_msgs/action/detail/increment__type_support.hpp
[2.237s] -- Up-to-date symlink: /home/ircv7/RACE/real_ws/install/teleop_tools_msgs/include/teleop_tools_msgs/teleop_tools_msgs/action/increment.hpp
[2.237s] -- Up-to-date symlink: /home/ircv7/RACE/real_ws/install/teleop_tools_msgs/include/teleop_tools_msgs/teleop_tools_msgs/msg/rosidl_generator_cpp__visibility_control.hpp
[2.237s] -- Up-to-date symlink: /home/ircv7/RACE/real_ws/install/teleop_tools_msgs/include/teleop_tools_msgs/teleop_tools_msgs/action/detail/increment__rosidl_typesupport_fastrtps_cpp.hpp
[2.238s] -- Up-to-date symlink: /home/ircv7/RACE/real_ws/install/teleop_tools_msgs/include/teleop_tools_msgs/teleop_tools_msgs/msg/rosidl_typesupport_fastrtps_cpp__visibility_control.h
[2.244s] -- Up-to-date symlink: /home/ircv7/RACE/real_ws/install/teleop_tools_msgs/include/teleop_tools_msgs/teleop_tools_msgs/action/detail/increment__rosidl_typesupport_introspection_cpp.hpp
[2.245s] -- Up-to-date symlink: /home/ircv7/RACE/real_ws/install/teleop_tools_msgs/share/teleop_tools_msgs/environment/pythonpath.sh
[2.246s] -- Up-to-date symlink: /home/ircv7/RACE/real_ws/install/teleop_tools_msgs/share/teleop_tools_msgs/environment/pythonpath.dsv
[2.246s] -- Up-to-date symlink: /home/ircv7/RACE/real_ws/install/teleop_tools_msgs/local/lib/python3.10/dist-packages/teleop_tools_msgs-1.2.1-py3.10.egg-info/PKG-INFO
[2.248s] -- Up-to-date symlink: /home/ircv7/RACE/real_ws/install/teleop_tools_msgs/local/lib/python3.10/dist-packages/teleop_tools_msgs-1.2.1-py3.10.egg-info/SOURCES.txt
[2.256s] -- Up-to-date symlink: /home/ircv7/RACE/real_ws/install/teleop_tools_msgs/local/lib/python3.10/dist-packages/teleop_tools_msgs-1.2.1-py3.10.egg-info/dependency_links.txt
[2.256s] -- Up-to-date symlink: /home/ircv7/RACE/real_ws/install/teleop_tools_msgs/local/lib/python3.10/dist-packages/teleop_tools_msgs-1.2.1-py3.10.egg-info/top_level.txt
[2.257s] -- Up-to-date symlink: /home/ircv7/RACE/real_ws/install/teleop_tools_msgs/local/lib/python3.10/dist-packages/teleop_tools_msgs/__init__.py
[2.257s] -- Up-to-date symlink: /home/ircv7/RACE/real_ws/install/teleop_tools_msgs/local/lib/python3.10/dist-packages/teleop_tools_msgs/_teleop_tools_msgs_s.ep.rosidl_typesupport_c.c
[2.258s] -- Up-to-date symlink: /home/ircv7/RACE/real_ws/install/teleop_tools_msgs/local/lib/python3.10/dist-packages/teleop_tools_msgs/_teleop_tools_msgs_s.ep.rosidl_typesupport_fastrtps_c.c
[2.258s] -- Up-to-date symlink: /home/ircv7/RACE/real_ws/install/teleop_tools_msgs/local/lib/python3.10/dist-packages/teleop_tools_msgs/_teleop_tools_msgs_s.ep.rosidl_typesupport_introspection_c.c
[2.258s] -- Up-to-date symlink: /home/ircv7/RACE/real_ws/install/teleop_tools_msgs/local/lib/python3.10/dist-packages/teleop_tools_msgs/action/__init__.py
[2.259s] -- Up-to-date symlink: /home/ircv7/RACE/real_ws/install/teleop_tools_msgs/local/lib/python3.10/dist-packages/teleop_tools_msgs/action/_increment.py
[2.259s] -- Up-to-date symlink: /home/ircv7/RACE/real_ws/install/teleop_tools_msgs/local/lib/python3.10/dist-packages/teleop_tools_msgs/action/_increment_s.c
[2.259s] -- Up-to-date symlink: /home/ircv7/RACE/real_ws/install/teleop_tools_msgs/local/lib/python3.10/dist-packages/teleop_tools_msgs/libteleop_tools_msgs__rosidl_generator_py.so
[2.259s] -- Up-to-date symlink: /home/ircv7/RACE/real_ws/install/teleop_tools_msgs/local/lib/python3.10/dist-packages/teleop_tools_msgs/teleop_tools_msgs_s__rosidl_typesupport_c.cpython-310-aarch64-linux-gnu.so
[2.259s] -- Up-to-date symlink: /home/ircv7/RACE/real_ws/install/teleop_tools_msgs/local/lib/python3.10/dist-packages/teleop_tools_msgs/teleop_tools_msgs_s__rosidl_typesupport_fastrtps_c.cpython-310-aarch64-linux-gnu.so
[2.260s] -- Up-to-date symlink: /home/ircv7/RACE/real_ws/install/teleop_tools_msgs/local/lib/python3.10/dist-packages/teleop_tools_msgs/teleop_tools_msgs_s__rosidl_typesupport_introspection_c.cpython-310-aarch64-linux-gnu.so
[2.260s] -- Up-to-date symlink: /home/ircv7/RACE/real_ws/install/teleop_tools_msgs/local/lib/python3.10/dist-packages/teleop_tools_msgs/teleop_tools_msgs_s__rosidl_typesupport_fastrtps_c.cpython-310-aarch64-linux-gnu.so
[2.260s] -- Up-to-date symlink: /home/ircv7/RACE/real_ws/install/teleop_tools_msgs/local/lib/python3.10/dist-packages/teleop_tools_msgs/teleop_tools_msgs_s__rosidl_typesupport_introspection_c.cpython-310-aarch64-linux-gnu.so
[2.260s] -- Up-to-date symlink: /home/ircv7/RACE/real_ws/install/teleop_tools_msgs/local/lib/python3.10/dist-packages/teleop_tools_msgs/teleop_tools_msgs_s__rosidl_typesupport_c.cpython-310-aarch64-linux-gnu.so
[2.260s] -- Up-to-date symlink: /home/ircv7/RACE/real_ws/install/teleop_tools_msgs/share/teleop_tools_msgs/action/Increment.idl
[2.260s] -- Up-to-date symlink: /home/ircv7/RACE/real_ws/install/teleop_tools_msgs/share/teleop_tools_msgs/action/Increment.action
[2.260s] -- Up-to-date symlink: /home/ircv7/RACE/real_ws/install/teleop_tools_msgs/share/ament_index/resource_index/package_run_dependencies/teleop_tools_msgs
[2.278s] -- Up-to-date symlink: /home/ircv7/RACE/real_ws/install/teleop_tools_msgs/share/ament_index/resource_index/parent_prefix_path/teleop_tools_msgs
[2.279s] -- Up-to-date symlink: /home/ircv7/RACE/real_ws/install/teleop_tools_msgs/share/teleop_tools_msgs/environment/ament_prefix_path.sh
[2.279s] -- Up-to-date symlink: /home/ircv7/RACE/real_ws/install/teleop_tools_msgs/share/teleop_tools_msgs/environment/ament_prefix_path.dsv
[2.280s] -- Up-to-date symlink: /home/ircv7/RACE/real_ws/install/teleop_tools_msgs/share/teleop_tools_msgs/environment/path.sh
[2.280s] -- Up-to-date symlink: /home/ircv7/RACE/real_ws/install/teleop_tools_msgs/share/teleop_tools_msgs/environment/path.dsv
[2.280s] -- Up-to-date symlink: /home/ircv7/RACE/real_ws/install/teleop_tools_msgs/share/teleop_tools_msgs/local_setup.bash
[2.280s] -- Up-to-date symlink: /home/ircv7/RACE/real_ws/install/teleop_tools_msgs/share/teleop_tools_msgs/local_setup.sh
[2.280s] -- Up-to-date symlink: /home/ircv7/RACE/real_ws/install/teleop_tools_msgs/share/teleop_tools_msgs/local_setup.zsh
[2.281s] -- Up-to-date symlink: /home/ircv7/RACE/real_ws/install/teleop_tools_msgs/share/teleop_tools_msgs/local_setup.dsv
[2.281s] -- Symlinking: /home/ircv7/RACE/real_ws/install/teleop_tools_msgs/share/teleop_tools_msgs/package.dsv
[2.285s] -- Up-to-date symlink: /home/ircv7/RACE/real_ws/install/teleop_tools_msgs/share/ament_index/resource_index/packages/teleop_tools_msgs
[2.285s] -- Up-to-date symlink: /home/ircv7/RACE/real_ws/install/teleop_tools_msgs/share/teleop_tools_msgs/cmake/rosidl_cmake-extras.cmake
[2.285s] -- Up-to-date symlink: /home/ircv7/RACE/real_ws/install/teleop_tools_msgs/share/teleop_tools_msgs/cmake/ament_cmake_export_dependencies-extras.cmake
[2.286s] -- Up-to-date symlink: /home/ircv7/RACE/real_ws/install/teleop_tools_msgs/share/teleop_tools_msgs/cmake/ament_cmake_export_include_directories-extras.cmake
[2.286s] -- Up-to-date symlink: /home/ircv7/RACE/real_ws/install/teleop_tools_msgs/share/teleop_tools_msgs/cmake/ament_cmake_export_libraries-extras.cmake
[2.286s] -- Up-to-date symlink: /home/ircv7/RACE/real_ws/install/teleop_tools_msgs/share/teleop_tools_msgs/cmake/ament_cmake_export_targets-extras.cmake
[2.286s] -- Up-to-date symlink: /home/ircv7/RACE/real_ws/install/teleop_tools_msgs/share/teleop_tools_msgs/cmake/rosidl_cmake_export_typesupport_targets-extras.cmake
[2.287s] -- Up-to-date symlink: /home/ircv7/RACE/real_ws/install/teleop_tools_msgs/share/teleop_tools_msgs/cmake/rosidl_cmake_export_typesupport_libraries-extras.cmake
[2.287s] -- Up-to-date symlink: /home/ircv7/RACE/real_ws/install/teleop_tools_msgs/share/teleop_tools_msgs/cmake/teleop_tools_msgsConfig.cmake
[2.287s] -- Up-to-date symlink: /home/ircv7/RACE/real_ws/install/teleop_tools_msgs/share/teleop_tools_msgs/cmake/teleop_tools_msgsConfig-version.cmake
[2.288s] -- Up-to-date symlink: /home/ircv7/RACE/real_ws/install/teleop_tools_msgs/share/teleop_tools_msgs/package.xml
[2.288s] -- Up-to-date: /home/ircv7/RACE/real_ws/install/teleop_tools_msgs/lib/libteleop_tools_msgs__rosidl_generator_c.so
[2.289s] -- Up-to-date: /home/ircv7/RACE/real_ws/install/teleop_tools_msgs/lib/libteleop_tools_msgs__rosidl_typesupport_fastrtps_c.so
[2.289s] -- Up-to-date: /home/ircv7/RACE/real_ws/install/teleop_tools_msgs/lib/libteleop_tools_msgs__rosidl_typesupport_introspection_c.so
[2.290s] -- Up-to-date: /home/ircv7/RACE/real_ws/install/teleop_tools_msgs/lib/libteleop_tools_msgs__rosidl_typesupport_c.so
[2.290s] -- Up-to-date: /home/ircv7/RACE/real_ws/install/teleop_tools_msgs/lib/libteleop_tools_msgs__rosidl_typesupport_fastrtps_cpp.so
[2.290s] -- Up-to-date: /home/ircv7/RACE/real_ws/install/teleop_tools_msgs/lib/libteleop_tools_msgs__rosidl_typesupport_introspection_cpp.so
[2.291s] -- Up-to-date: /home/ircv7/RACE/real_ws/install/teleop_tools_msgs/lib/libteleop_tools_msgs__rosidl_typesupport_cpp.so
[2.334s] Listing '/home/ircv7/RACE/real_ws/install/teleop_tools_msgs/local/lib/python3.10/dist-packages/teleop_tools_msgs'...
[2.334s] Listing '/home/ircv7/RACE/real_ws/install/teleop_tools_msgs/local/lib/python3.10/dist-packages/teleop_tools_msgs/action'...
[2.349s] -- Up-to-date: /home/ircv7/RACE/real_ws/install/teleop_tools_msgs/lib/libteleop_tools_msgs__rosidl_generator_py.so
[2.350s] -- Up-to-date: /home/ircv7/RACE/real_ws/install/teleop_tools_msgs/share/teleop_tools_msgs/cmake/export_teleop_tools_msgs__rosidl_generator_cExport.cmake
[2.350s] -- Up-to-date: /home/ircv7/RACE/real_ws/install/teleop_tools_msgs/share/teleop_tools_msgs/cmake/export_teleop_tools_msgs__rosidl_generator_cExport-release.cmake
[2.350s] -- Up-to-date: /home/ircv7/RACE/real_ws/install/teleop_tools_msgs/share/teleop_tools_msgs/cmake/export_teleop_tools_msgs__rosidl_typesupport_fastrtps_cExport.cmake
[2.351s] -- Up-to-date: /home/ircv7/RACE/real_ws/install/teleop_tools_msgs/share/teleop_tools_msgs/cmake/export_teleop_tools_msgs__rosidl_typesupport_fastrtps_cExport-release.cmake
[2.351s] -- Up-to-date: /home/ircv7/RACE/real_ws/install/teleop_tools_msgs/share/teleop_tools_msgs/cmake/teleop_tools_msgs__rosidl_typesupport_introspection_cExport.cmake
[2.351s] -- Up-to-date: /home/ircv7/RACE/real_ws/install/teleop_tools_msgs/share/teleop_tools_msgs/cmake/teleop_tools_msgs__rosidl_typesupport_introspection_cExport-release.cmake
[2.352s] -- Up-to-date: /home/ircv7/RACE/real_ws/install/teleop_tools_msgs/share/teleop_tools_msgs/cmake/teleop_tools_msgs__rosidl_typesupport_cExport.cmake
[2.352s] -- Up-to-date: /home/ircv7/RACE/real_ws/install/teleop_tools_msgs/share/teleop_tools_msgs/cmake/teleop_tools_msgs__rosidl_typesupport_cExport-release.cmake
[2.352s] -- Up-to-date: /home/ircv7/RACE/real_ws/install/teleop_tools_msgs/share/teleop_tools_msgs/cmake/export_teleop_tools_msgs__rosidl_generator_cppExport.cmake
[2.353s] -- Up-to-date: /home/ircv7/RACE/real_ws/install/teleop_tools_msgs/share/teleop_tools_msgs/cmake/export_teleop_tools_msgs__rosidl_typesupport_fastrtps_cppExport.cmake
[2.353s] -- Up-to-date: /home/ircv7/RACE/real_ws/install/teleop_tools_msgs/share/teleop_tools_msgs/cmake/export_teleop_tools_msgs__rosidl_typesupport_fastrtps_cppExport-release.cmake
[2.354s] -- Up-to-date: /home/ircv7/RACE/real_ws/install/teleop_tools_msgs/share/teleop_tools_msgs/cmake/teleop_tools_msgs__rosidl_typesupport_introspection_cppExport.cmake
[2.354s] -- Up-to-date: /home/ircv7/RACE/real_ws/install/teleop_tools_msgs/share/teleop_tools_msgs/cmake/teleop_tools_msgs__rosidl_typesupport_introspection_cppExport-release.cmake
[2.354s] -- Up-to-date: /home/ircv7/RACE/real_ws/install/teleop_tools_msgs/share/teleop_tools_msgs/cmake/teleop_tools_msgs__rosidl_typesupport_cppExport.cmake
[2.354s] -- Up-to-date: /home/ircv7/RACE/real_ws/install/teleop_tools_msgs/share/teleop_tools_msgs/cmake/teleop_tools_msgs__rosidl_typesupport_cppExport-release.cmake
[2.355s] -- Up-to-date: /home/ircv7/RACE/real_ws/install/teleop_tools_msgs/share/teleop_tools_msgs/cmake/export_teleop_tools_msgs__rosidl_generator_pyExport.cmake
[2.355s] -- Up-to-date: /home/ircv7/RACE/real_ws/install/teleop_tools_msgs/share/teleop_tools_msgs/cmake/export_teleop_tools_msgs__rosidl_generator_pyExport-release.cmake
[2.985s] Invoked command in '/home/ircv7/RACE/real_ws/build/teleop_tools_msgs' returned '0': CMAKE_PREFIX_PATH=/opt/ros/humble /usr/bin/cmake --install /home/ircv7/RACE/real_ws/build/teleop_tools_msgs
