[4.214s] Invoking command in '/home/ircv7/RACE/real_ws/build/joy_teleop': CMAKE_PREFIX_PATH=/home/ircv7/RACE/real_ws/install/teleop_tools_msgs:/home/ircv7/RACE/real_ws/install/vesc_msgs:/home/ircv7/RACE/real_ws/install/teleop_tools:/home/ircv7/RACE/real_ws/install/pure_pursuit:/home/ircv7/RACE/real_ws/install/ackermann_mux LD_LIBRARY_PATH=/home/ircv7/RACE/real_ws/install/teleop_tools_msgs/lib:/home/ircv7/RACE/real_ws/install/vesc_msgs/lib:/opt/ros/humble/opt/rviz_ogre_vendor/lib:/opt/ros/humble/lib/aarch64-linux-gnu:/opt/ros/humble/lib PYTHONPATH=/home/ircv7/RACE/real_ws/build/joy_teleop/prefix_override:/usr/lib/python3/dist-packages/colcon_core/task/python/colcon_distutils_commands:/home/ircv7/RACE/real_ws/install/joy_teleop/lib/python3.10/site-packages:${PYTHONPATH} /usr/bin/python3 -W ignore:setup.py install is deprecated -W ignore:easy_install command is deprecated setup.py develop --editable --build-directory /home/ircv7/RACE/real_ws/build/joy_teleop/build --no-deps symlink_data
[5.598s] /usr/lib/python3/dist-packages/setuptools/dist.py:723: UserWarning: Usage of dash-separated 'script-dir' will not be supported in future versions. Please use the underscore name 'script_dir' instead
[5.598s]   warnings.warn(
[5.713s] running develop
[6.533s] running egg_info
[6.534s] writing joy_teleop.egg-info/PKG-INFO
[6.535s] writing dependency_links to joy_teleop.egg-info/dependency_links.txt
[6.536s] writing entry points to joy_teleop.egg-info/entry_points.txt
[6.536s] writing requirements to joy_teleop.egg-info/requires.txt
[6.537s] writing top-level names to joy_teleop.egg-info/top_level.txt
[6.559s] reading manifest file 'joy_teleop.egg-info/SOURCES.txt'
[6.563s] writing manifest file 'joy_teleop.egg-info/SOURCES.txt'
[6.790s] running build_ext
[6.790s] Creating /home/ircv7/RACE/real_ws/install/joy_teleop/lib/python3.10/site-packages/joy-teleop.egg-link (link to .)
[6.797s] Installing incrementer_server script to /home/ircv7/RACE/real_ws/install/joy_teleop/lib/joy_teleop
[6.797s] Installing joy_teleop script to /home/ircv7/RACE/real_ws/install/joy_teleop/lib/joy_teleop
[6.798s] 
[6.798s] Installed /home/ircv7/RACE/real_ws/build/joy_teleop
[6.798s] running symlink_data
[7.062s] Invoked command in '/home/ircv7/RACE/real_ws/build/joy_teleop' returned '0': CMAKE_PREFIX_PATH=/home/ircv7/RACE/real_ws/install/teleop_tools_msgs:/home/ircv7/RACE/real_ws/install/vesc_msgs:/home/ircv7/RACE/real_ws/install/teleop_tools:/home/ircv7/RACE/real_ws/install/pure_pursuit:/home/ircv7/RACE/real_ws/install/ackermann_mux LD_LIBRARY_PATH=/home/ircv7/RACE/real_ws/install/teleop_tools_msgs/lib:/home/ircv7/RACE/real_ws/install/vesc_msgs/lib:/opt/ros/humble/opt/rviz_ogre_vendor/lib:/opt/ros/humble/lib/aarch64-linux-gnu:/opt/ros/humble/lib PYTHONPATH=/home/ircv7/RACE/real_ws/build/joy_teleop/prefix_override:/usr/lib/python3/dist-packages/colcon_core/task/python/colcon_distutils_commands:/home/ircv7/RACE/real_ws/install/joy_teleop/lib/python3.10/site-packages:${PYTHONPATH} /usr/bin/python3 -W ignore:setup.py install is deprecated -W ignore:easy_install command is deprecated setup.py develop --editable --build-directory /home/ircv7/RACE/real_ws/build/joy_teleop/build --no-deps symlink_data
