[0.073s] Invoking command in '/home/ircv7/RACE/real_ws/build/vesc_msgs': CMAKE_PREFIX_PATH=${CMAKE_PREFIX_PATH}:/home/ircv7/RACE/real_ws/install/f1tenth_stack:/home/ircv7/RACE/real_ws/install/joy_teleop:/home/ircv7/RACE/real_ws/install/obs_detect:/home/ircv7/RACE/real_ws/install/mouse_teleop:/home/ircv7/RACE/real_ws/install/map_humble:/home/ircv7/RACE/real_ws/install/map_control:/home/ircv7/RACE/real_ws/install/lane_selector:/home/ircv7/RACE/real_ws/install/key_teleop:/opt/ros/humble CONDA_PROMPT_MODIFIER=(base) /usr/bin/cmake --build /home/ircv7/RACE/real_ws/build/vesc_msgs -- -j6 -l6
[1.268s] [  1%] Built target vesc_msgs__cpp
[1.269s] [ 12%] Built target vesc_msgs__rosidl_generator_c
[1.270s] [ 12%] Built target ament_cmake_python_symlink_vesc_msgs
[1.271s] [ 23%] Built target vesc_msgs__rosidl_typesupport_cpp
[1.272s] [ 34%] Built target vesc_msgs__rosidl_typesupport_introspection_c
[1.273s] [ 56%] Built target vesc_msgs__rosidl_typesupport_introspection_cpp
[1.273s] [ 56%] Built target vesc_msgs__rosidl_typesupport_fastrtps_cpp
[1.274s] [ 67%] Built target vesc_msgs__rosidl_typesupport_fastrtps_c
[1.276s] [ 78%] Built target vesc_msgs__rosidl_typesupport_c
[1.276s] [ 78%] Built target vesc_msgs
[1.276s] [ 80%] Built target vesc_msgs__py
[1.276s] [ 89%] Built target vesc_msgs__rosidl_generator_py
[1.276s] [ 92%] Built target vesc_msgs__rosidl_typesupport_introspection_c__pyext
[1.277s] [ 96%] Built target vesc_msgs__rosidl_typesupport_c__pyext
[1.277s] [100%] Built target vesc_msgs__rosidl_typesupport_fastrtps_c__pyext
[1.277s] running egg_info
[1.277s] writing vesc_msgs.egg-info/PKG-INFO
[1.278s] writing dependency_links to vesc_msgs.egg-info/dependency_links.txt
[1.278s] writing top-level names to vesc_msgs.egg-info/top_level.txt
[1.278s] reading manifest file 'vesc_msgs.egg-info/SOURCES.txt'
[1.278s] writing manifest file 'vesc_msgs.egg-info/SOURCES.txt'
[1.278s] [100%] Built target ament_cmake_python_build_vesc_msgs_egg
[1.808s] Invoked command in '/home/ircv7/RACE/real_ws/build/vesc_msgs' returned '0': CMAKE_PREFIX_PATH=${CMAKE_PREFIX_PATH}:/home/ircv7/RACE/real_ws/install/f1tenth_stack:/home/ircv7/RACE/real_ws/install/joy_teleop:/home/ircv7/RACE/real_ws/install/obs_detect:/home/ircv7/RACE/real_ws/install/mouse_teleop:/home/ircv7/RACE/real_ws/install/map_humble:/home/ircv7/RACE/real_ws/install/map_control:/home/ircv7/RACE/real_ws/install/lane_selector:/home/ircv7/RACE/real_ws/install/key_teleop:/opt/ros/humble CONDA_PROMPT_MODIFIER=(base) /usr/bin/cmake --build /home/ircv7/RACE/real_ws/build/vesc_msgs -- -j6 -l6
[1.812s] Invoking command in '/home/ircv7/RACE/real_ws/build/vesc_msgs': CMAKE_PREFIX_PATH=${CMAKE_PREFIX_PATH}:/home/ircv7/RACE/real_ws/install/f1tenth_stack:/home/ircv7/RACE/real_ws/install/joy_teleop:/home/ircv7/RACE/real_ws/install/obs_detect:/home/ircv7/RACE/real_ws/install/mouse_teleop:/home/ircv7/RACE/real_ws/install/map_humble:/home/ircv7/RACE/real_ws/install/map_control:/home/ircv7/RACE/real_ws/install/lane_selector:/home/ircv7/RACE/real_ws/install/key_teleop:/opt/ros/humble CONDA_PROMPT_MODIFIER=(base) /usr/bin/cmake --install /home/ircv7/RACE/real_ws/build/vesc_msgs
[1.846s] -- Install configuration: "Release"
[1.846s] -- Execute custom install script
[1.849s] -- Up-to-date symlink: /home/ircv7/RACE/real_ws/install/vesc_msgs/share/ament_index/resource_index/rosidl_interfaces/vesc_msgs
[1.856s] -- Up-to-date symlink: /home/ircv7/RACE/real_ws/install/vesc_msgs/include/vesc_msgs/vesc_msgs/msg/detail/vesc_imu__functions.h
[1.858s] -- Up-to-date symlink: /home/ircv7/RACE/real_ws/install/vesc_msgs/include/vesc_msgs/vesc_msgs/msg/detail/vesc_imu__struct.h
[1.861s] -- Up-to-date symlink: /home/ircv7/RACE/real_ws/install/vesc_msgs/include/vesc_msgs/vesc_msgs/msg/detail/vesc_imu__type_support.h
[1.861s] -- Up-to-date symlink: /home/ircv7/RACE/real_ws/install/vesc_msgs/include/vesc_msgs/vesc_msgs/msg/detail/vesc_imu_stamped__functions.h
[1.861s] -- Up-to-date symlink: /home/ircv7/RACE/real_ws/install/vesc_msgs/include/vesc_msgs/vesc_msgs/msg/detail/vesc_imu_stamped__struct.h
[1.862s] -- Up-to-date symlink: /home/ircv7/RACE/real_ws/install/vesc_msgs/include/vesc_msgs/vesc_msgs/msg/detail/vesc_imu_stamped__type_support.h
[1.862s] -- Up-to-date symlink: /home/ircv7/RACE/real_ws/install/vesc_msgs/include/vesc_msgs/vesc_msgs/msg/detail/vesc_state__functions.h
[1.862s] -- Up-to-date symlink: /home/ircv7/RACE/real_ws/install/vesc_msgs/include/vesc_msgs/vesc_msgs/msg/detail/vesc_state__struct.h
[1.862s] -- Up-to-date symlink: /home/ircv7/RACE/real_ws/install/vesc_msgs/include/vesc_msgs/vesc_msgs/msg/detail/vesc_state__type_support.h
[1.863s] -- Up-to-date symlink: /home/ircv7/RACE/real_ws/install/vesc_msgs/include/vesc_msgs/vesc_msgs/msg/detail/vesc_state_stamped__functions.h
[1.863s] -- Up-to-date symlink: /home/ircv7/RACE/real_ws/install/vesc_msgs/include/vesc_msgs/vesc_msgs/msg/detail/vesc_state_stamped__struct.h
[1.863s] -- Up-to-date symlink: /home/ircv7/RACE/real_ws/install/vesc_msgs/include/vesc_msgs/vesc_msgs/msg/detail/vesc_state_stamped__type_support.h
[1.863s] -- Up-to-date symlink: /home/ircv7/RACE/real_ws/install/vesc_msgs/include/vesc_msgs/vesc_msgs/msg/rosidl_generator_c__visibility_control.h
[1.863s] -- Up-to-date symlink: /home/ircv7/RACE/real_ws/install/vesc_msgs/include/vesc_msgs/vesc_msgs/msg/vesc_imu.h
[1.863s] -- Up-to-date symlink: /home/ircv7/RACE/real_ws/install/vesc_msgs/include/vesc_msgs/vesc_msgs/msg/vesc_imu_stamped.h
[1.863s] -- Up-to-date symlink: /home/ircv7/RACE/real_ws/install/vesc_msgs/include/vesc_msgs/vesc_msgs/msg/vesc_state.h
[1.863s] -- Up-to-date symlink: /home/ircv7/RACE/real_ws/install/vesc_msgs/include/vesc_msgs/vesc_msgs/msg/vesc_state_stamped.h
[1.863s] -- Up-to-date symlink: /home/ircv7/RACE/real_ws/install/vesc_msgs/share/vesc_msgs/environment/library_path.sh
[1.864s] -- Up-to-date symlink: /home/ircv7/RACE/real_ws/install/vesc_msgs/share/vesc_msgs/environment/library_path.dsv
[1.864s] -- Up-to-date symlink: /home/ircv7/RACE/real_ws/install/vesc_msgs/include/vesc_msgs/vesc_msgs/msg/detail/vesc_imu__rosidl_typesupport_fastrtps_c.h
[1.864s] -- Up-to-date symlink: /home/ircv7/RACE/real_ws/install/vesc_msgs/include/vesc_msgs/vesc_msgs/msg/detail/vesc_imu_stamped__rosidl_typesupport_fastrtps_c.h
[1.865s] -- Up-to-date symlink: /home/ircv7/RACE/real_ws/install/vesc_msgs/include/vesc_msgs/vesc_msgs/msg/detail/vesc_state__rosidl_typesupport_fastrtps_c.h
[1.865s] -- Up-to-date symlink: /home/ircv7/RACE/real_ws/install/vesc_msgs/include/vesc_msgs/vesc_msgs/msg/detail/vesc_state_stamped__rosidl_typesupport_fastrtps_c.h
[1.865s] -- Up-to-date symlink: /home/ircv7/RACE/real_ws/install/vesc_msgs/include/vesc_msgs/vesc_msgs/msg/rosidl_typesupport_fastrtps_c__visibility_control.h
[1.866s] -- Up-to-date symlink: /home/ircv7/RACE/real_ws/install/vesc_msgs/include/vesc_msgs/vesc_msgs/msg/detail/vesc_imu__rosidl_typesupport_introspection_c.h
[1.866s] -- Up-to-date symlink: /home/ircv7/RACE/real_ws/install/vesc_msgs/include/vesc_msgs/vesc_msgs/msg/detail/vesc_imu_stamped__rosidl_typesupport_introspection_c.h
[1.866s] -- Up-to-date symlink: /home/ircv7/RACE/real_ws/install/vesc_msgs/include/vesc_msgs/vesc_msgs/msg/detail/vesc_state__rosidl_typesupport_introspection_c.h
[1.867s] -- Up-to-date symlink: /home/ircv7/RACE/real_ws/install/vesc_msgs/include/vesc_msgs/vesc_msgs/msg/detail/vesc_state_stamped__rosidl_typesupport_introspection_c.h
[1.869s] -- Up-to-date symlink: /home/ircv7/RACE/real_ws/install/vesc_msgs/include/vesc_msgs/vesc_msgs/msg/rosidl_typesupport_introspection_c__visibility_control.h
[1.869s] -- Up-to-date symlink: /home/ircv7/RACE/real_ws/install/vesc_msgs/include/vesc_msgs/vesc_msgs/msg/detail/vesc_imu__builder.hpp
[1.870s] -- Up-to-date symlink: /home/ircv7/RACE/real_ws/install/vesc_msgs/include/vesc_msgs/vesc_msgs/msg/detail/vesc_imu__struct.hpp
[1.872s] -- Up-to-date symlink: /home/ircv7/RACE/real_ws/install/vesc_msgs/include/vesc_msgs/vesc_msgs/msg/detail/vesc_imu__traits.hpp
[1.873s] -- Up-to-date symlink: /home/ircv7/RACE/real_ws/install/vesc_msgs/include/vesc_msgs/vesc_msgs/msg/detail/vesc_imu__type_support.hpp
[1.874s] -- Up-to-date symlink: /home/ircv7/RACE/real_ws/install/vesc_msgs/include/vesc_msgs/vesc_msgs/msg/detail/vesc_imu_stamped__builder.hpp
[1.874s] -- Up-to-date symlink: /home/ircv7/RACE/real_ws/install/vesc_msgs/include/vesc_msgs/vesc_msgs/msg/detail/vesc_imu_stamped__struct.hpp
[1.874s] -- Up-to-date symlink: /home/ircv7/RACE/real_ws/install/vesc_msgs/include/vesc_msgs/vesc_msgs/msg/detail/vesc_imu_stamped__traits.hpp
[1.874s] -- Up-to-date symlink: /home/ircv7/RACE/real_ws/install/vesc_msgs/include/vesc_msgs/vesc_msgs/msg/detail/vesc_imu_stamped__type_support.hpp
[1.874s] -- Up-to-date symlink: /home/ircv7/RACE/real_ws/install/vesc_msgs/include/vesc_msgs/vesc_msgs/msg/detail/vesc_state__builder.hpp
[1.875s] -- Up-to-date symlink: /home/ircv7/RACE/real_ws/install/vesc_msgs/include/vesc_msgs/vesc_msgs/msg/detail/vesc_state__struct.hpp
[1.875s] -- Up-to-date symlink: /home/ircv7/RACE/real_ws/install/vesc_msgs/include/vesc_msgs/vesc_msgs/msg/detail/vesc_state__traits.hpp
[1.875s] -- Up-to-date symlink: /home/ircv7/RACE/real_ws/install/vesc_msgs/include/vesc_msgs/vesc_msgs/msg/detail/vesc_state__type_support.hpp
[1.875s] -- Up-to-date symlink: /home/ircv7/RACE/real_ws/install/vesc_msgs/include/vesc_msgs/vesc_msgs/msg/detail/vesc_state_stamped__builder.hpp
[1.875s] -- Up-to-date symlink: /home/ircv7/RACE/real_ws/install/vesc_msgs/include/vesc_msgs/vesc_msgs/msg/detail/vesc_state_stamped__struct.hpp
[1.875s] -- Up-to-date symlink: /home/ircv7/RACE/real_ws/install/vesc_msgs/include/vesc_msgs/vesc_msgs/msg/detail/vesc_state_stamped__traits.hpp
[1.875s] -- Up-to-date symlink: /home/ircv7/RACE/real_ws/install/vesc_msgs/include/vesc_msgs/vesc_msgs/msg/detail/vesc_state_stamped__type_support.hpp
[1.875s] -- Up-to-date symlink: /home/ircv7/RACE/real_ws/install/vesc_msgs/include/vesc_msgs/vesc_msgs/msg/rosidl_generator_cpp__visibility_control.hpp
[1.876s] -- Up-to-date symlink: /home/ircv7/RACE/real_ws/install/vesc_msgs/include/vesc_msgs/vesc_msgs/msg/vesc_imu.hpp
[1.876s] -- Up-to-date symlink: /home/ircv7/RACE/real_ws/install/vesc_msgs/include/vesc_msgs/vesc_msgs/msg/vesc_imu_stamped.hpp
[1.877s] -- Up-to-date symlink: /home/ircv7/RACE/real_ws/install/vesc_msgs/include/vesc_msgs/vesc_msgs/msg/vesc_state.hpp
[1.877s] -- Up-to-date symlink: /home/ircv7/RACE/real_ws/install/vesc_msgs/include/vesc_msgs/vesc_msgs/msg/vesc_state_stamped.hpp
[1.877s] -- Up-to-date symlink: /home/ircv7/RACE/real_ws/install/vesc_msgs/include/vesc_msgs/vesc_msgs/msg/detail/vesc_imu__rosidl_typesupport_fastrtps_cpp.hpp
[1.877s] -- Up-to-date symlink: /home/ircv7/RACE/real_ws/install/vesc_msgs/include/vesc_msgs/vesc_msgs/msg/detail/vesc_imu_stamped__rosidl_typesupport_fastrtps_cpp.hpp
[1.877s] -- Up-to-date symlink: /home/ircv7/RACE/real_ws/install/vesc_msgs/include/vesc_msgs/vesc_msgs/msg/detail/vesc_state__rosidl_typesupport_fastrtps_cpp.hpp
[1.877s] -- Up-to-date symlink: /home/ircv7/RACE/real_ws/install/vesc_msgs/include/vesc_msgs/vesc_msgs/msg/detail/vesc_state_stamped__rosidl_typesupport_fastrtps_cpp.hpp
[1.877s] -- Up-to-date symlink: /home/ircv7/RACE/real_ws/install/vesc_msgs/include/vesc_msgs/vesc_msgs/msg/rosidl_typesupport_fastrtps_cpp__visibility_control.h
[1.877s] -- Up-to-date symlink: /home/ircv7/RACE/real_ws/install/vesc_msgs/include/vesc_msgs/vesc_msgs/msg/detail/vesc_imu__rosidl_typesupport_introspection_cpp.hpp
[1.877s] -- Up-to-date symlink: /home/ircv7/RACE/real_ws/install/vesc_msgs/include/vesc_msgs/vesc_msgs/msg/detail/vesc_imu_stamped__rosidl_typesupport_introspection_cpp.hpp
[1.877s] -- Up-to-date symlink: /home/ircv7/RACE/real_ws/install/vesc_msgs/include/vesc_msgs/vesc_msgs/msg/detail/vesc_state__rosidl_typesupport_introspection_cpp.hpp
[1.878s] -- Up-to-date symlink: /home/ircv7/RACE/real_ws/install/vesc_msgs/include/vesc_msgs/vesc_msgs/msg/detail/vesc_state_stamped__rosidl_typesupport_introspection_cpp.hpp
[1.878s] -- Up-to-date symlink: /home/ircv7/RACE/real_ws/install/vesc_msgs/share/vesc_msgs/environment/pythonpath.sh
[1.879s] -- Up-to-date symlink: /home/ircv7/RACE/real_ws/install/vesc_msgs/share/vesc_msgs/environment/pythonpath.dsv
[1.879s] -- Up-to-date symlink: /home/ircv7/RACE/real_ws/install/vesc_msgs/local/lib/python3.10/dist-packages/vesc_msgs-1.2.0-py3.10.egg-info/PKG-INFO
[1.899s] -- Up-to-date symlink: /home/ircv7/RACE/real_ws/install/vesc_msgs/local/lib/python3.10/dist-packages/vesc_msgs-1.2.0-py3.10.egg-info/SOURCES.txt
[1.899s] -- Up-to-date symlink: /home/ircv7/RACE/real_ws/install/vesc_msgs/local/lib/python3.10/dist-packages/vesc_msgs-1.2.0-py3.10.egg-info/dependency_links.txt
[1.899s] -- Up-to-date symlink: /home/ircv7/RACE/real_ws/install/vesc_msgs/local/lib/python3.10/dist-packages/vesc_msgs-1.2.0-py3.10.egg-info/top_level.txt
[1.900s] -- Up-to-date symlink: /home/ircv7/RACE/real_ws/install/vesc_msgs/local/lib/python3.10/dist-packages/vesc_msgs/__init__.py
[1.900s] -- Up-to-date symlink: /home/ircv7/RACE/real_ws/install/vesc_msgs/local/lib/python3.10/dist-packages/vesc_msgs/_vesc_msgs_s.ep.rosidl_typesupport_c.c
[1.900s] -- Up-to-date symlink: /home/ircv7/RACE/real_ws/install/vesc_msgs/local/lib/python3.10/dist-packages/vesc_msgs/_vesc_msgs_s.ep.rosidl_typesupport_fastrtps_c.c
[1.901s] -- Up-to-date symlink: /home/ircv7/RACE/real_ws/install/vesc_msgs/local/lib/python3.10/dist-packages/vesc_msgs/_vesc_msgs_s.ep.rosidl_typesupport_introspection_c.c
[1.901s] -- Up-to-date symlink: /home/ircv7/RACE/real_ws/install/vesc_msgs/local/lib/python3.10/dist-packages/vesc_msgs/libvesc_msgs__rosidl_generator_py.so
[1.901s] -- Up-to-date symlink: /home/ircv7/RACE/real_ws/install/vesc_msgs/local/lib/python3.10/dist-packages/vesc_msgs/msg/__init__.py
[1.902s] -- Up-to-date symlink: /home/ircv7/RACE/real_ws/install/vesc_msgs/local/lib/python3.10/dist-packages/vesc_msgs/msg/_vesc_imu.py
[1.902s] -- Up-to-date symlink: /home/ircv7/RACE/real_ws/install/vesc_msgs/local/lib/python3.10/dist-packages/vesc_msgs/msg/_vesc_imu_s.c
[1.902s] -- Up-to-date symlink: /home/ircv7/RACE/real_ws/install/vesc_msgs/local/lib/python3.10/dist-packages/vesc_msgs/msg/_vesc_imu_stamped.py
[1.902s] -- Up-to-date symlink: /home/ircv7/RACE/real_ws/install/vesc_msgs/local/lib/python3.10/dist-packages/vesc_msgs/msg/_vesc_imu_stamped_s.c
[1.902s] -- Up-to-date symlink: /home/ircv7/RACE/real_ws/install/vesc_msgs/local/lib/python3.10/dist-packages/vesc_msgs/msg/_vesc_state.py
[1.902s] -- Up-to-date symlink: /home/ircv7/RACE/real_ws/install/vesc_msgs/local/lib/python3.10/dist-packages/vesc_msgs/msg/_vesc_state_s.c
[1.902s] -- Up-to-date symlink: /home/ircv7/RACE/real_ws/install/vesc_msgs/local/lib/python3.10/dist-packages/vesc_msgs/msg/_vesc_state_stamped.py
[1.902s] -- Up-to-date symlink: /home/ircv7/RACE/real_ws/install/vesc_msgs/local/lib/python3.10/dist-packages/vesc_msgs/msg/_vesc_state_stamped_s.c
[1.903s] -- Up-to-date symlink: /home/ircv7/RACE/real_ws/install/vesc_msgs/local/lib/python3.10/dist-packages/vesc_msgs/vesc_msgs_s__rosidl_typesupport_c.cpython-310-aarch64-linux-gnu.so
[1.903s] -- Up-to-date symlink: /home/ircv7/RACE/real_ws/install/vesc_msgs/local/lib/python3.10/dist-packages/vesc_msgs/vesc_msgs_s__rosidl_typesupport_fastrtps_c.cpython-310-aarch64-linux-gnu.so
[1.903s] -- Up-to-date symlink: /home/ircv7/RACE/real_ws/install/vesc_msgs/local/lib/python3.10/dist-packages/vesc_msgs/vesc_msgs_s__rosidl_typesupport_introspection_c.cpython-310-aarch64-linux-gnu.so
[1.903s] -- Up-to-date symlink: /home/ircv7/RACE/real_ws/install/vesc_msgs/local/lib/python3.10/dist-packages/vesc_msgs/vesc_msgs_s__rosidl_typesupport_fastrtps_c.cpython-310-aarch64-linux-gnu.so
[1.903s] -- Up-to-date symlink: /home/ircv7/RACE/real_ws/install/vesc_msgs/local/lib/python3.10/dist-packages/vesc_msgs/vesc_msgs_s__rosidl_typesupport_introspection_c.cpython-310-aarch64-linux-gnu.so
[1.903s] -- Up-to-date symlink: /home/ircv7/RACE/real_ws/install/vesc_msgs/local/lib/python3.10/dist-packages/vesc_msgs/vesc_msgs_s__rosidl_typesupport_c.cpython-310-aarch64-linux-gnu.so
[1.903s] -- Up-to-date symlink: /home/ircv7/RACE/real_ws/install/vesc_msgs/share/vesc_msgs/msg/VescState.idl
[1.904s] -- Up-to-date symlink: /home/ircv7/RACE/real_ws/install/vesc_msgs/share/vesc_msgs/msg/VescStateStamped.idl
[1.904s] -- Up-to-date symlink: /home/ircv7/RACE/real_ws/install/vesc_msgs/share/vesc_msgs/msg/VescImu.idl
[1.904s] -- Up-to-date symlink: /home/ircv7/RACE/real_ws/install/vesc_msgs/share/vesc_msgs/msg/VescImuStamped.idl
[1.904s] -- Up-to-date symlink: /home/ircv7/RACE/real_ws/install/vesc_msgs/share/vesc_msgs/msg/VescState.msg
[1.904s] -- Up-to-date symlink: /home/ircv7/RACE/real_ws/install/vesc_msgs/share/vesc_msgs/msg/VescStateStamped.msg
[1.904s] -- Up-to-date symlink: /home/ircv7/RACE/real_ws/install/vesc_msgs/share/vesc_msgs/msg/VescImu.msg
[1.904s] -- Up-to-date symlink: /home/ircv7/RACE/real_ws/install/vesc_msgs/share/vesc_msgs/msg/VescImuStamped.msg
[1.905s] -- Up-to-date symlink: /home/ircv7/RACE/real_ws/install/vesc_msgs/share/ament_index/resource_index/package_run_dependencies/vesc_msgs
[1.905s] -- Up-to-date symlink: /home/ircv7/RACE/real_ws/install/vesc_msgs/share/ament_index/resource_index/parent_prefix_path/vesc_msgs
[1.905s] -- Up-to-date symlink: /home/ircv7/RACE/real_ws/install/vesc_msgs/share/vesc_msgs/environment/ament_prefix_path.sh
[1.905s] -- Up-to-date symlink: /home/ircv7/RACE/real_ws/install/vesc_msgs/share/vesc_msgs/environment/ament_prefix_path.dsv
[1.905s] -- Up-to-date symlink: /home/ircv7/RACE/real_ws/install/vesc_msgs/share/vesc_msgs/environment/path.sh
[1.905s] -- Up-to-date symlink: /home/ircv7/RACE/real_ws/install/vesc_msgs/share/vesc_msgs/environment/path.dsv
[1.905s] -- Up-to-date symlink: /home/ircv7/RACE/real_ws/install/vesc_msgs/share/vesc_msgs/local_setup.bash
[1.905s] -- Up-to-date symlink: /home/ircv7/RACE/real_ws/install/vesc_msgs/share/vesc_msgs/local_setup.sh
[1.906s] -- Up-to-date symlink: /home/ircv7/RACE/real_ws/install/vesc_msgs/share/vesc_msgs/local_setup.zsh
[1.906s] -- Up-to-date symlink: /home/ircv7/RACE/real_ws/install/vesc_msgs/share/vesc_msgs/local_setup.dsv
[1.906s] -- Symlinking: /home/ircv7/RACE/real_ws/install/vesc_msgs/share/vesc_msgs/package.dsv
[1.906s] -- Up-to-date symlink: /home/ircv7/RACE/real_ws/install/vesc_msgs/share/ament_index/resource_index/packages/vesc_msgs
[1.906s] -- Up-to-date symlink: /home/ircv7/RACE/real_ws/install/vesc_msgs/share/vesc_msgs/cmake/rosidl_cmake-extras.cmake
[1.919s] -- Up-to-date symlink: /home/ircv7/RACE/real_ws/install/vesc_msgs/share/vesc_msgs/cmake/ament_cmake_export_dependencies-extras.cmake
[1.919s] -- Up-to-date symlink: /home/ircv7/RACE/real_ws/install/vesc_msgs/share/vesc_msgs/cmake/ament_cmake_export_include_directories-extras.cmake
[1.919s] -- Up-to-date symlink: /home/ircv7/RACE/real_ws/install/vesc_msgs/share/vesc_msgs/cmake/ament_cmake_export_libraries-extras.cmake
[1.919s] -- Up-to-date symlink: /home/ircv7/RACE/real_ws/install/vesc_msgs/share/vesc_msgs/cmake/ament_cmake_export_targets-extras.cmake
[1.919s] -- Up-to-date symlink: /home/ircv7/RACE/real_ws/install/vesc_msgs/share/vesc_msgs/cmake/rosidl_cmake_export_typesupport_targets-extras.cmake
[1.919s] -- Up-to-date symlink: /home/ircv7/RACE/real_ws/install/vesc_msgs/share/vesc_msgs/cmake/rosidl_cmake_export_typesupport_libraries-extras.cmake
[1.919s] -- Up-to-date symlink: /home/ircv7/RACE/real_ws/install/vesc_msgs/share/vesc_msgs/cmake/vesc_msgsConfig.cmake
[1.920s] -- Up-to-date symlink: /home/ircv7/RACE/real_ws/install/vesc_msgs/share/vesc_msgs/cmake/vesc_msgsConfig-version.cmake
[1.920s] -- Up-to-date symlink: /home/ircv7/RACE/real_ws/install/vesc_msgs/share/vesc_msgs/package.xml
[1.920s] -- Up-to-date: /home/ircv7/RACE/real_ws/install/vesc_msgs/lib/libvesc_msgs__rosidl_generator_c.so
[1.920s] -- Up-to-date: /home/ircv7/RACE/real_ws/install/vesc_msgs/lib/libvesc_msgs__rosidl_typesupport_fastrtps_c.so
[1.920s] -- Up-to-date: /home/ircv7/RACE/real_ws/install/vesc_msgs/lib/libvesc_msgs__rosidl_typesupport_introspection_c.so
[1.920s] -- Up-to-date: /home/ircv7/RACE/real_ws/install/vesc_msgs/lib/libvesc_msgs__rosidl_typesupport_c.so
[1.920s] -- Up-to-date: /home/ircv7/RACE/real_ws/install/vesc_msgs/lib/libvesc_msgs__rosidl_typesupport_fastrtps_cpp.so
[1.920s] -- Up-to-date: /home/ircv7/RACE/real_ws/install/vesc_msgs/lib/libvesc_msgs__rosidl_typesupport_introspection_cpp.so
[1.920s] -- Up-to-date: /home/ircv7/RACE/real_ws/install/vesc_msgs/lib/libvesc_msgs__rosidl_typesupport_cpp.so
[1.984s] Listing '/home/ircv7/RACE/real_ws/install/vesc_msgs/local/lib/python3.10/dist-packages/vesc_msgs'...
[1.984s] Listing '/home/ircv7/RACE/real_ws/install/vesc_msgs/local/lib/python3.10/dist-packages/vesc_msgs/msg'...
[2.000s] -- Up-to-date: /home/ircv7/RACE/real_ws/install/vesc_msgs/lib/libvesc_msgs__rosidl_generator_py.so
[2.002s] -- Up-to-date: /home/ircv7/RACE/real_ws/install/vesc_msgs/share/vesc_msgs/cmake/export_vesc_msgs__rosidl_generator_cExport.cmake
[2.002s] -- Up-to-date: /home/ircv7/RACE/real_ws/install/vesc_msgs/share/vesc_msgs/cmake/export_vesc_msgs__rosidl_generator_cExport-release.cmake
[2.003s] -- Up-to-date: /home/ircv7/RACE/real_ws/install/vesc_msgs/share/vesc_msgs/cmake/export_vesc_msgs__rosidl_typesupport_fastrtps_cExport.cmake
[2.003s] -- Up-to-date: /home/ircv7/RACE/real_ws/install/vesc_msgs/share/vesc_msgs/cmake/export_vesc_msgs__rosidl_typesupport_fastrtps_cExport-release.cmake
[2.004s] -- Up-to-date: /home/ircv7/RACE/real_ws/install/vesc_msgs/share/vesc_msgs/cmake/vesc_msgs__rosidl_typesupport_introspection_cExport.cmake
[2.004s] -- Up-to-date: /home/ircv7/RACE/real_ws/install/vesc_msgs/share/vesc_msgs/cmake/vesc_msgs__rosidl_typesupport_introspection_cExport-release.cmake
[2.005s] -- Up-to-date: /home/ircv7/RACE/real_ws/install/vesc_msgs/share/vesc_msgs/cmake/vesc_msgs__rosidl_typesupport_cExport.cmake
[2.005s] -- Up-to-date: /home/ircv7/RACE/real_ws/install/vesc_msgs/share/vesc_msgs/cmake/vesc_msgs__rosidl_typesupport_cExport-release.cmake
[2.006s] -- Up-to-date: /home/ircv7/RACE/real_ws/install/vesc_msgs/share/vesc_msgs/cmake/export_vesc_msgs__rosidl_generator_cppExport.cmake
[2.007s] -- Up-to-date: /home/ircv7/RACE/real_ws/install/vesc_msgs/share/vesc_msgs/cmake/export_vesc_msgs__rosidl_typesupport_fastrtps_cppExport.cmake
[2.007s] -- Up-to-date: /home/ircv7/RACE/real_ws/install/vesc_msgs/share/vesc_msgs/cmake/export_vesc_msgs__rosidl_typesupport_fastrtps_cppExport-release.cmake
[2.008s] -- Up-to-date: /home/ircv7/RACE/real_ws/install/vesc_msgs/share/vesc_msgs/cmake/vesc_msgs__rosidl_typesupport_introspection_cppExport.cmake
[2.008s] -- Up-to-date: /home/ircv7/RACE/real_ws/install/vesc_msgs/share/vesc_msgs/cmake/vesc_msgs__rosidl_typesupport_introspection_cppExport-release.cmake
[2.009s] -- Up-to-date: /home/ircv7/RACE/real_ws/install/vesc_msgs/share/vesc_msgs/cmake/vesc_msgs__rosidl_typesupport_cppExport.cmake
[2.009s] -- Up-to-date: /home/ircv7/RACE/real_ws/install/vesc_msgs/share/vesc_msgs/cmake/vesc_msgs__rosidl_typesupport_cppExport-release.cmake
[2.010s] -- Up-to-date: /home/ircv7/RACE/real_ws/install/vesc_msgs/share/vesc_msgs/cmake/export_vesc_msgs__rosidl_generator_pyExport.cmake
[2.010s] -- Up-to-date: /home/ircv7/RACE/real_ws/install/vesc_msgs/share/vesc_msgs/cmake/export_vesc_msgs__rosidl_generator_pyExport-release.cmake
[2.534s] Invoked command in '/home/ircv7/RACE/real_ws/build/vesc_msgs' returned '0': CMAKE_PREFIX_PATH=${CMAKE_PREFIX_PATH}:/home/ircv7/RACE/real_ws/install/f1tenth_stack:/home/ircv7/RACE/real_ws/install/joy_teleop:/home/ircv7/RACE/real_ws/install/obs_detect:/home/ircv7/RACE/real_ws/install/mouse_teleop:/home/ircv7/RACE/real_ws/install/map_humble:/home/ircv7/RACE/real_ws/install/map_control:/home/ircv7/RACE/real_ws/install/lane_selector:/home/ircv7/RACE/real_ws/install/key_teleop:/opt/ros/humble CONDA_PROMPT_MODIFIER=(base) /usr/bin/cmake --install /home/ircv7/RACE/real_ws/build/vesc_msgs
