[0.047s] Invoking command in '/home/ircv7/RACE/real_ws/build/slam_nav': AMENT_PREFIX_PATH=/home/ircv7/RACE/real_ws/install/f1tenth_stack:/home/ircv7/RACE/real_ws/install/vesc:/home/ircv7/RACE/real_ws/install/vesc_driver:/home/ircv7/RACE/real_ws/install/vesc_ackermann:/home/ircv7/RACE/real_ws/install/joy_teleop:/home/ircv7/RACE/real_ws/install/vesc_msgs:/home/ircv7/RACE/real_ws/install/teleop_tools_msgs:/home/ircv7/RACE/real_ws/install/ackermann_mux:${AMENT_PREFIX_PATH} CMAKE_PREFIX_PATH=/home/ircv7/RACE/real_ws/install/vesc:/home/ircv7/RACE/real_ws/install/vesc_driver:/home/ircv7/RACE/real_ws/install/vesc_ackermann:/home/ircv7/RACE/real_ws/install/vesc_msgs:/home/ircv7/RACE/real_ws/install/teleop_tools_msgs:/home/ircv7/RACE/real_ws/install/ackermann_mux:/home/ircv7/RACE/sim_ws/install/mpcc:/home/ircv7/RACE/sim_ws/install/disparity_autodrive:/home/ircv7/RACE/sim_ws/install/obs_detect:/home/ircv7/RACE/sim_ws/install/map_control:/home/ircv7/RACE/sim_ws/install/lane_selector:/home/ircv7/RACE/sim_ws/install/f1tenth_gym_ros:/opt/ros/humble CONDA_PROMPT_MODIFIER=(base) LD_LIBRARY_PATH=/home/ircv7/RACE/real_ws/install/vesc_driver/lib:/home/ircv7/RACE/real_ws/install/vesc_ackermann/lib:/home/ircv7/RACE/real_ws/install/vesc_msgs/lib:/home/ircv7/RACE/real_ws/install/teleop_tools_msgs/lib:${LD_LIBRARY_PATH} PYTHONPATH=/home/ircv7/RACE/real_ws/build/f1tenth_stack:/home/ircv7/RACE/real_ws/install/f1tenth_stack/lib/python3.10/site-packages:/home/ircv7/RACE/real_ws/build/joy_teleop:/home/ircv7/RACE/real_ws/install/joy_teleop/lib/python3.10/site-packages:/home/ircv7/RACE/real_ws/install/vesc_msgs/local/lib/python3.10/dist-packages:/home/ircv7/RACE/real_ws/install/teleop_tools_msgs/local/lib/python3.10/dist-packages:${PYTHONPATH} /usr/bin/cmake --build /home/ircv7/RACE/real_ws/build/slam_nav -- -j6 -l6
[0.151s] [35m[1mConsolidate compiler generated dependencies of target high_frequency_localizer_node[0m
[0.153s] [35m[1mConsolidate compiler generated dependencies of target slam_nav_manager[0m
[0.199s] [ 50%] Built target high_frequency_localizer_node
[0.204s] [100%] Built target slam_nav_manager
[0.232s] Invoked command in '/home/ircv7/RACE/real_ws/build/slam_nav' returned '0': AMENT_PREFIX_PATH=/home/ircv7/RACE/real_ws/install/f1tenth_stack:/home/ircv7/RACE/real_ws/install/vesc:/home/ircv7/RACE/real_ws/install/vesc_driver:/home/ircv7/RACE/real_ws/install/vesc_ackermann:/home/ircv7/RACE/real_ws/install/joy_teleop:/home/ircv7/RACE/real_ws/install/vesc_msgs:/home/ircv7/RACE/real_ws/install/teleop_tools_msgs:/home/ircv7/RACE/real_ws/install/ackermann_mux:${AMENT_PREFIX_PATH} CMAKE_PREFIX_PATH=/home/ircv7/RACE/real_ws/install/vesc:/home/ircv7/RACE/real_ws/install/vesc_driver:/home/ircv7/RACE/real_ws/install/vesc_ackermann:/home/ircv7/RACE/real_ws/install/vesc_msgs:/home/ircv7/RACE/real_ws/install/teleop_tools_msgs:/home/ircv7/RACE/real_ws/install/ackermann_mux:/home/ircv7/RACE/sim_ws/install/mpcc:/home/ircv7/RACE/sim_ws/install/disparity_autodrive:/home/ircv7/RACE/sim_ws/install/obs_detect:/home/ircv7/RACE/sim_ws/install/map_control:/home/ircv7/RACE/sim_ws/install/lane_selector:/home/ircv7/RACE/sim_ws/install/f1tenth_gym_ros:/opt/ros/humble CONDA_PROMPT_MODIFIER=(base) LD_LIBRARY_PATH=/home/ircv7/RACE/real_ws/install/vesc_driver/lib:/home/ircv7/RACE/real_ws/install/vesc_ackermann/lib:/home/ircv7/RACE/real_ws/install/vesc_msgs/lib:/home/ircv7/RACE/real_ws/install/teleop_tools_msgs/lib:${LD_LIBRARY_PATH} PYTHONPATH=/home/ircv7/RACE/real_ws/build/f1tenth_stack:/home/ircv7/RACE/real_ws/install/f1tenth_stack/lib/python3.10/site-packages:/home/ircv7/RACE/real_ws/build/joy_teleop:/home/ircv7/RACE/real_ws/install/joy_teleop/lib/python3.10/site-packages:/home/ircv7/RACE/real_ws/install/vesc_msgs/local/lib/python3.10/dist-packages:/home/ircv7/RACE/real_ws/install/teleop_tools_msgs/local/lib/python3.10/dist-packages:${PYTHONPATH} /usr/bin/cmake --build /home/ircv7/RACE/real_ws/build/slam_nav -- -j6 -l6
[0.237s] Invoking command in '/home/ircv7/RACE/real_ws/build/slam_nav': AMENT_PREFIX_PATH=/home/ircv7/RACE/real_ws/install/f1tenth_stack:/home/ircv7/RACE/real_ws/install/vesc:/home/ircv7/RACE/real_ws/install/vesc_driver:/home/ircv7/RACE/real_ws/install/vesc_ackermann:/home/ircv7/RACE/real_ws/install/joy_teleop:/home/ircv7/RACE/real_ws/install/vesc_msgs:/home/ircv7/RACE/real_ws/install/teleop_tools_msgs:/home/ircv7/RACE/real_ws/install/ackermann_mux:${AMENT_PREFIX_PATH} CMAKE_PREFIX_PATH=/home/ircv7/RACE/real_ws/install/vesc:/home/ircv7/RACE/real_ws/install/vesc_driver:/home/ircv7/RACE/real_ws/install/vesc_ackermann:/home/ircv7/RACE/real_ws/install/vesc_msgs:/home/ircv7/RACE/real_ws/install/teleop_tools_msgs:/home/ircv7/RACE/real_ws/install/ackermann_mux:/home/ircv7/RACE/sim_ws/install/mpcc:/home/ircv7/RACE/sim_ws/install/disparity_autodrive:/home/ircv7/RACE/sim_ws/install/obs_detect:/home/ircv7/RACE/sim_ws/install/map_control:/home/ircv7/RACE/sim_ws/install/lane_selector:/home/ircv7/RACE/sim_ws/install/f1tenth_gym_ros:/opt/ros/humble CONDA_PROMPT_MODIFIER=(base) LD_LIBRARY_PATH=/home/ircv7/RACE/real_ws/install/vesc_driver/lib:/home/ircv7/RACE/real_ws/install/vesc_ackermann/lib:/home/ircv7/RACE/real_ws/install/vesc_msgs/lib:/home/ircv7/RACE/real_ws/install/teleop_tools_msgs/lib:${LD_LIBRARY_PATH} PYTHONPATH=/home/ircv7/RACE/real_ws/build/f1tenth_stack:/home/ircv7/RACE/real_ws/install/f1tenth_stack/lib/python3.10/site-packages:/home/ircv7/RACE/real_ws/build/joy_teleop:/home/ircv7/RACE/real_ws/install/joy_teleop/lib/python3.10/site-packages:/home/ircv7/RACE/real_ws/install/vesc_msgs/local/lib/python3.10/dist-packages:/home/ircv7/RACE/real_ws/install/teleop_tools_msgs/local/lib/python3.10/dist-packages:${PYTHONPATH} /usr/bin/cmake --install /home/ircv7/RACE/real_ws/build/slam_nav
[0.251s] -- Install configuration: "Release"
[0.252s] -- Execute custom install script
[0.254s] -- Up-to-date symlink: /home/ircv7/RACE/real_ws/install/slam_nav/share/slam_nav/launch//__pycache__/localization_launch.cpython-38.pyc
[0.254s] -- Up-to-date symlink: /home/ircv7/RACE/real_ws/install/slam_nav/share/slam_nav/launch//localization_launch.py
[0.255s] -- Up-to-date symlink: /home/ircv7/RACE/real_ws/install/slam_nav/share/slam_nav/launch//slam_nav_launch.py
[0.255s] -- Up-to-date symlink: /home/ircv7/RACE/real_ws/install/slam_nav/share/slam_nav/launch//slam_nav_manager_launch.py
[0.256s] -- Up-to-date symlink: /home/ircv7/RACE/real_ws/install/slam_nav/share/slam_nav/config//amcl_config.yaml
[0.256s] -- Up-to-date symlink: /home/ircv7/RACE/real_ws/install/slam_nav/share/slam_nav/config//cartographer_config.lua
[0.257s] -- Up-to-date symlink: /home/ircv7/RACE/real_ws/install/slam_nav/share/slam_nav/config//slam_toolbox_async_config.yaml
[0.257s] -- Up-to-date symlink: /home/ircv7/RACE/real_ws/install/slam_nav/share/slam_nav/config//slam_toolbox_config.yaml
[0.257s] -- Up-to-date symlink: /home/ircv7/RACE/real_ws/install/slam_nav/lib/slam_nav/slam_nav_manager
[0.258s] -- Up-to-date symlink: /home/ircv7/RACE/real_ws/install/slam_nav/lib/slam_nav/high_frequency_localizer_node
[0.258s] -- Up-to-date symlink: /home/ircv7/RACE/real_ws/install/slam_nav/lib/slam_nav/localization_performance_test.py
[0.259s] -- Up-to-date symlink: /home/ircv7/RACE/real_ws/install/slam_nav/lib/slam_nav/high_frequency_localization.py
[0.259s] -- Up-to-date symlink: /home/ircv7/RACE/real_ws/install/slam_nav/share/ament_index/resource_index/package_run_dependencies/slam_nav
[0.259s] -- Up-to-date symlink: /home/ircv7/RACE/real_ws/install/slam_nav/share/ament_index/resource_index/parent_prefix_path/slam_nav
[0.259s] -- Up-to-date symlink: /home/ircv7/RACE/real_ws/install/slam_nav/share/slam_nav/environment/ament_prefix_path.sh
[0.260s] -- Up-to-date symlink: /home/ircv7/RACE/real_ws/install/slam_nav/share/slam_nav/environment/ament_prefix_path.dsv
[0.260s] -- Up-to-date symlink: /home/ircv7/RACE/real_ws/install/slam_nav/share/slam_nav/environment/path.sh
[0.260s] -- Up-to-date symlink: /home/ircv7/RACE/real_ws/install/slam_nav/share/slam_nav/environment/path.dsv
[0.261s] -- Up-to-date symlink: /home/ircv7/RACE/real_ws/install/slam_nav/share/slam_nav/local_setup.bash
[0.261s] -- Up-to-date symlink: /home/ircv7/RACE/real_ws/install/slam_nav/share/slam_nav/local_setup.sh
[0.261s] -- Up-to-date symlink: /home/ircv7/RACE/real_ws/install/slam_nav/share/slam_nav/local_setup.zsh
[0.261s] -- Up-to-date symlink: /home/ircv7/RACE/real_ws/install/slam_nav/share/slam_nav/local_setup.dsv
[0.262s] -- Symlinking: /home/ircv7/RACE/real_ws/install/slam_nav/share/slam_nav/package.dsv
[0.279s] -- Up-to-date symlink: /home/ircv7/RACE/real_ws/install/slam_nav/share/ament_index/resource_index/packages/slam_nav
[0.279s] -- Up-to-date symlink: /home/ircv7/RACE/real_ws/install/slam_nav/share/slam_nav/cmake/slam_navConfig.cmake
[0.280s] -- Up-to-date symlink: /home/ircv7/RACE/real_ws/install/slam_nav/share/slam_nav/cmake/slam_navConfig-version.cmake
[0.280s] -- Up-to-date symlink: /home/ircv7/RACE/real_ws/install/slam_nav/share/slam_nav/package.xml
[0.285s] Invoked command in '/home/ircv7/RACE/real_ws/build/slam_nav' returned '0': AMENT_PREFIX_PATH=/home/ircv7/RACE/real_ws/install/f1tenth_stack:/home/ircv7/RACE/real_ws/install/vesc:/home/ircv7/RACE/real_ws/install/vesc_driver:/home/ircv7/RACE/real_ws/install/vesc_ackermann:/home/ircv7/RACE/real_ws/install/joy_teleop:/home/ircv7/RACE/real_ws/install/vesc_msgs:/home/ircv7/RACE/real_ws/install/teleop_tools_msgs:/home/ircv7/RACE/real_ws/install/ackermann_mux:${AMENT_PREFIX_PATH} CMAKE_PREFIX_PATH=/home/ircv7/RACE/real_ws/install/vesc:/home/ircv7/RACE/real_ws/install/vesc_driver:/home/ircv7/RACE/real_ws/install/vesc_ackermann:/home/ircv7/RACE/real_ws/install/vesc_msgs:/home/ircv7/RACE/real_ws/install/teleop_tools_msgs:/home/ircv7/RACE/real_ws/install/ackermann_mux:/home/ircv7/RACE/sim_ws/install/mpcc:/home/ircv7/RACE/sim_ws/install/disparity_autodrive:/home/ircv7/RACE/sim_ws/install/obs_detect:/home/ircv7/RACE/sim_ws/install/map_control:/home/ircv7/RACE/sim_ws/install/lane_selector:/home/ircv7/RACE/sim_ws/install/f1tenth_gym_ros:/opt/ros/humble CONDA_PROMPT_MODIFIER=(base) LD_LIBRARY_PATH=/home/ircv7/RACE/real_ws/install/vesc_driver/lib:/home/ircv7/RACE/real_ws/install/vesc_ackermann/lib:/home/ircv7/RACE/real_ws/install/vesc_msgs/lib:/home/ircv7/RACE/real_ws/install/teleop_tools_msgs/lib:${LD_LIBRARY_PATH} PYTHONPATH=/home/ircv7/RACE/real_ws/build/f1tenth_stack:/home/ircv7/RACE/real_ws/install/f1tenth_stack/lib/python3.10/site-packages:/home/ircv7/RACE/real_ws/build/joy_teleop:/home/ircv7/RACE/real_ws/install/joy_teleop/lib/python3.10/site-packages:/home/ircv7/RACE/real_ws/install/vesc_msgs/local/lib/python3.10/dist-packages:/home/ircv7/RACE/real_ws/install/teleop_tools_msgs/local/lib/python3.10/dist-packages:${PYTHONPATH} /usr/bin/cmake --install /home/ircv7/RACE/real_ws/build/slam_nav
