[0.069s] Invoking command in '/home/ircv7/RACE/real_ws/build/ackermann_mux': CMAKE_PREFIX_PATH=${CMAKE_PREFIX_PATH}:/home/ircv7/RACE/real_ws/install/f1tenth_stack:/home/ircv7/RACE/real_ws/install/joy_teleop:/home/ircv7/RACE/real_ws/install/obs_detect:/home/ircv7/RACE/real_ws/install/mouse_teleop:/home/ircv7/RACE/real_ws/install/map_humble:/home/ircv7/RACE/real_ws/install/map_control:/home/ircv7/RACE/real_ws/install/lane_selector:/home/ircv7/RACE/real_ws/install/key_teleop:/opt/ros/humble CONDA_PROMPT_MODIFIER=(base) /usr/bin/cmake --build /home/ircv7/RACE/real_ws/build/ackermann_mux -- -j6 -l6
[1.259s] [100%] Built target ackermann_mux
[1.745s] Invoked command in '/home/ircv7/RACE/real_ws/build/ackermann_mux' returned '0': CMAKE_PREFIX_PATH=${CMAKE_PREFIX_PATH}:/home/ircv7/RACE/real_ws/install/f1tenth_stack:/home/ircv7/RACE/real_ws/install/joy_teleop:/home/ircv7/RACE/real_ws/install/obs_detect:/home/ircv7/RACE/real_ws/install/mouse_teleop:/home/ircv7/RACE/real_ws/install/map_humble:/home/ircv7/RACE/real_ws/install/map_control:/home/ircv7/RACE/real_ws/install/lane_selector:/home/ircv7/RACE/real_ws/install/key_teleop:/opt/ros/humble CONDA_PROMPT_MODIFIER=(base) /usr/bin/cmake --build /home/ircv7/RACE/real_ws/build/ackermann_mux -- -j6 -l6
[1.776s] Invoking command in '/home/ircv7/RACE/real_ws/build/ackermann_mux': CMAKE_PREFIX_PATH=${CMAKE_PREFIX_PATH}:/home/ircv7/RACE/real_ws/install/f1tenth_stack:/home/ircv7/RACE/real_ws/install/joy_teleop:/home/ircv7/RACE/real_ws/install/obs_detect:/home/ircv7/RACE/real_ws/install/mouse_teleop:/home/ircv7/RACE/real_ws/install/map_humble:/home/ircv7/RACE/real_ws/install/map_control:/home/ircv7/RACE/real_ws/install/lane_selector:/home/ircv7/RACE/real_ws/install/key_teleop:/opt/ros/humble CONDA_PROMPT_MODIFIER=(base) /usr/bin/cmake --install /home/ircv7/RACE/real_ws/build/ackermann_mux
[1.794s] -- Install configuration: "Release"
[1.796s] -- Execute custom install script
[1.801s] -- Up-to-date symlink: /home/ircv7/RACE/real_ws/install/ackermann_mux/lib/ackermann_mux/ackermann_mux
[1.801s] -- Up-to-date symlink: /home/ircv7/RACE/real_ws/install/ackermann_mux/share/ackermann_mux/launch/ackermann_mux_launch.py
[1.806s] -- Up-to-date symlink: /home/ircv7/RACE/real_ws/install/ackermann_mux/share/ackermann_mux/config/ackermann_mux_locks.yaml
[1.813s] -- Up-to-date symlink: /home/ircv7/RACE/real_ws/install/ackermann_mux/share/ackermann_mux/config/ackermann_mux_topics.yaml
[1.814s] -- Up-to-date symlink: /home/ircv7/RACE/real_ws/install/ackermann_mux/share/ackermann_mux/config/joystick.yaml
[1.814s] -- Up-to-date symlink: /home/ircv7/RACE/real_ws/install/ackermann_mux/include/ackermann_mux/ackermann_mux.hpp
[1.814s] -- Up-to-date symlink: /home/ircv7/RACE/real_ws/install/ackermann_mux/include/ackermann_mux/ackermann_mux_diagnostics.hpp
[1.814s] -- Up-to-date symlink: /home/ircv7/RACE/real_ws/install/ackermann_mux/include/ackermann_mux/ackermann_mux_diagnostics_status.hpp
[1.815s] -- Up-to-date symlink: /home/ircv7/RACE/real_ws/install/ackermann_mux/include/ackermann_mux/params_helpers.hpp
[1.815s] -- Up-to-date symlink: /home/ircv7/RACE/real_ws/install/ackermann_mux/include/ackermann_mux/topic_handle.hpp
[1.815s] -- Up-to-date symlink: /home/ircv7/RACE/real_ws/install/ackermann_mux/include/ackermann_mux/utils.hpp
[1.815s] -- Up-to-date symlink: /home/ircv7/RACE/real_ws/install/ackermann_mux/share/ament_index/resource_index/package_run_dependencies/ackermann_mux
[1.819s] -- Up-to-date symlink: /home/ircv7/RACE/real_ws/install/ackermann_mux/share/ament_index/resource_index/parent_prefix_path/ackermann_mux
[1.819s] -- Up-to-date symlink: /home/ircv7/RACE/real_ws/install/ackermann_mux/share/ackermann_mux/environment/ament_prefix_path.sh
[1.819s] -- Up-to-date symlink: /home/ircv7/RACE/real_ws/install/ackermann_mux/share/ackermann_mux/environment/ament_prefix_path.dsv
[1.820s] -- Up-to-date symlink: /home/ircv7/RACE/real_ws/install/ackermann_mux/share/ackermann_mux/environment/path.sh
[1.820s] -- Up-to-date symlink: /home/ircv7/RACE/real_ws/install/ackermann_mux/share/ackermann_mux/environment/path.dsv
[1.820s] -- Up-to-date symlink: /home/ircv7/RACE/real_ws/install/ackermann_mux/share/ackermann_mux/local_setup.bash
[1.820s] -- Up-to-date symlink: /home/ircv7/RACE/real_ws/install/ackermann_mux/share/ackermann_mux/local_setup.sh
[1.820s] -- Up-to-date symlink: /home/ircv7/RACE/real_ws/install/ackermann_mux/share/ackermann_mux/local_setup.zsh
[1.820s] -- Up-to-date symlink: /home/ircv7/RACE/real_ws/install/ackermann_mux/share/ackermann_mux/local_setup.dsv
[1.821s] -- Symlinking: /home/ircv7/RACE/real_ws/install/ackermann_mux/share/ackermann_mux/package.dsv
[1.836s] -- Up-to-date symlink: /home/ircv7/RACE/real_ws/install/ackermann_mux/share/ament_index/resource_index/packages/ackermann_mux
[1.837s] -- Up-to-date symlink: /home/ircv7/RACE/real_ws/install/ackermann_mux/share/ackermann_mux/cmake/ament_cmake_export_include_directories-extras.cmake
[1.837s] -- Up-to-date symlink: /home/ircv7/RACE/real_ws/install/ackermann_mux/share/ackermann_mux/cmake/ament_cmake_export_dependencies-extras.cmake
[1.837s] -- Up-to-date symlink: /home/ircv7/RACE/real_ws/install/ackermann_mux/share/ackermann_mux/cmake/ackermann_muxConfig.cmake
[1.838s] -- Up-to-date symlink: /home/ircv7/RACE/real_ws/install/ackermann_mux/share/ackermann_mux/cmake/ackermann_muxConfig-version.cmake
[1.838s] -- Up-to-date symlink: /home/ircv7/RACE/real_ws/install/ackermann_mux/share/ackermann_mux/package.xml
[1.851s] Invoked command in '/home/ircv7/RACE/real_ws/build/ackermann_mux' returned '0': CMAKE_PREFIX_PATH=${CMAKE_PREFIX_PATH}:/home/ircv7/RACE/real_ws/install/f1tenth_stack:/home/ircv7/RACE/real_ws/install/joy_teleop:/home/ircv7/RACE/real_ws/install/obs_detect:/home/ircv7/RACE/real_ws/install/mouse_teleop:/home/ircv7/RACE/real_ws/install/map_humble:/home/ircv7/RACE/real_ws/install/map_control:/home/ircv7/RACE/real_ws/install/lane_selector:/home/ircv7/RACE/real_ws/install/key_teleop:/opt/ros/humble CONDA_PROMPT_MODIFIER=(base) /usr/bin/cmake --install /home/ircv7/RACE/real_ws/build/ackermann_mux
