[0.058s] Invoking command in '/home/ircv7/RACE/real_ws/build/vesc': CMAKE_PREFIX_PATH=/home/ircv7/RACE/real_ws/install/vesc_driver:/home/ircv7/RACE/real_ws/install/vesc_ackermann:/home/ircv7/RACE/real_ws/install/vesc_msgs:/home/ircv7/RACE/real_ws/install/slam_nav:/home/ircv7/RACE/real_ws/install/vesc:/home/ircv7/RACE/real_ws/install/teleop_tools:/home/ircv7/RACE/real_ws/install/teleop_tools_msgs:/home/ircv7/RACE/real_ws/install/pure_pursuit:/home/ircv7/RACE/real_ws/install/ackermann_mux:/home/ircv7/RACE/real_ws/install/f1tenth_stack:/home/ircv7/RACE/real_ws/install/joy_teleop:/home/ircv7/RACE/real_ws/install/obs_detect:/home/ircv7/RACE/real_ws/install/mouse_teleop:/home/ircv7/RACE/real_ws/install/map_humble:/home/ircv7/RACE/real_ws/install/map_control:/home/ircv7/RACE/real_ws/install/lane_selector:/home/ircv7/RACE/real_ws/install/key_teleop:/opt/ros/humble CONDA_PROMPT_MODIFIER=(base) /usr/bin/cmake --build /home/ircv7/RACE/real_ws/build/vesc -- -j6 -l6
[0.145s] Invoked command in '/home/ircv7/RACE/real_ws/build/vesc' returned '0': CMAKE_PREFIX_PATH=/home/ircv7/RACE/real_ws/install/vesc_driver:/home/ircv7/RACE/real_ws/install/vesc_ackermann:/home/ircv7/RACE/real_ws/install/vesc_msgs:/home/ircv7/RACE/real_ws/install/slam_nav:/home/ircv7/RACE/real_ws/install/vesc:/home/ircv7/RACE/real_ws/install/teleop_tools:/home/ircv7/RACE/real_ws/install/teleop_tools_msgs:/home/ircv7/RACE/real_ws/install/pure_pursuit:/home/ircv7/RACE/real_ws/install/ackermann_mux:/home/ircv7/RACE/real_ws/install/f1tenth_stack:/home/ircv7/RACE/real_ws/install/joy_teleop:/home/ircv7/RACE/real_ws/install/obs_detect:/home/ircv7/RACE/real_ws/install/mouse_teleop:/home/ircv7/RACE/real_ws/install/map_humble:/home/ircv7/RACE/real_ws/install/map_control:/home/ircv7/RACE/real_ws/install/lane_selector:/home/ircv7/RACE/real_ws/install/key_teleop:/opt/ros/humble CONDA_PROMPT_MODIFIER=(base) /usr/bin/cmake --build /home/ircv7/RACE/real_ws/build/vesc -- -j6 -l6
[0.148s] Invoking command in '/home/ircv7/RACE/real_ws/build/vesc': CMAKE_PREFIX_PATH=/home/ircv7/RACE/real_ws/install/vesc_driver:/home/ircv7/RACE/real_ws/install/vesc_ackermann:/home/ircv7/RACE/real_ws/install/vesc_msgs:/home/ircv7/RACE/real_ws/install/slam_nav:/home/ircv7/RACE/real_ws/install/vesc:/home/ircv7/RACE/real_ws/install/teleop_tools:/home/ircv7/RACE/real_ws/install/teleop_tools_msgs:/home/ircv7/RACE/real_ws/install/pure_pursuit:/home/ircv7/RACE/real_ws/install/ackermann_mux:/home/ircv7/RACE/real_ws/install/f1tenth_stack:/home/ircv7/RACE/real_ws/install/joy_teleop:/home/ircv7/RACE/real_ws/install/obs_detect:/home/ircv7/RACE/real_ws/install/mouse_teleop:/home/ircv7/RACE/real_ws/install/map_humble:/home/ircv7/RACE/real_ws/install/map_control:/home/ircv7/RACE/real_ws/install/lane_selector:/home/ircv7/RACE/real_ws/install/key_teleop:/opt/ros/humble CONDA_PROMPT_MODIFIER=(base) /usr/bin/cmake --install /home/ircv7/RACE/real_ws/build/vesc
[0.164s] -- Install configuration: "Release"
[0.166s] -- Execute custom install script
[0.168s] -- Up-to-date symlink: /home/ircv7/RACE/real_ws/install/vesc/share/ament_index/resource_index/package_run_dependencies/vesc
[0.169s] -- Up-to-date symlink: /home/ircv7/RACE/real_ws/install/vesc/share/ament_index/resource_index/parent_prefix_path/vesc
[0.169s] -- Up-to-date symlink: /home/ircv7/RACE/real_ws/install/vesc/share/vesc/environment/ament_prefix_path.sh
[0.170s] -- Up-to-date symlink: /home/ircv7/RACE/real_ws/install/vesc/share/vesc/environment/ament_prefix_path.dsv
[0.171s] -- Up-to-date symlink: /home/ircv7/RACE/real_ws/install/vesc/share/vesc/environment/path.sh
[0.171s] -- Up-to-date symlink: /home/ircv7/RACE/real_ws/install/vesc/share/vesc/environment/path.dsv
[0.172s] -- Up-to-date symlink: /home/ircv7/RACE/real_ws/install/vesc/share/vesc/local_setup.bash
[0.172s] -- Up-to-date symlink: /home/ircv7/RACE/real_ws/install/vesc/share/vesc/local_setup.sh
[0.173s] -- Up-to-date symlink: /home/ircv7/RACE/real_ws/install/vesc/share/vesc/local_setup.zsh
[0.174s] -- Up-to-date symlink: /home/ircv7/RACE/real_ws/install/vesc/share/vesc/local_setup.dsv
[0.174s] -- Symlinking: /home/ircv7/RACE/real_ws/install/vesc/share/vesc/package.dsv
[0.197s] -- Up-to-date symlink: /home/ircv7/RACE/real_ws/install/vesc/share/ament_index/resource_index/packages/vesc
[0.198s] -- Up-to-date symlink: /home/ircv7/RACE/real_ws/install/vesc/share/vesc/cmake/vescConfig.cmake
[0.198s] -- Up-to-date symlink: /home/ircv7/RACE/real_ws/install/vesc/share/vesc/cmake/vescConfig-version.cmake
[0.199s] -- Up-to-date symlink: /home/ircv7/RACE/real_ws/install/vesc/share/vesc/package.xml
[0.210s] Invoked command in '/home/ircv7/RACE/real_ws/build/vesc' returned '0': CMAKE_PREFIX_PATH=/home/ircv7/RACE/real_ws/install/vesc_driver:/home/ircv7/RACE/real_ws/install/vesc_ackermann:/home/ircv7/RACE/real_ws/install/vesc_msgs:/home/ircv7/RACE/real_ws/install/slam_nav:/home/ircv7/RACE/real_ws/install/vesc:/home/ircv7/RACE/real_ws/install/teleop_tools:/home/ircv7/RACE/real_ws/install/teleop_tools_msgs:/home/ircv7/RACE/real_ws/install/pure_pursuit:/home/ircv7/RACE/real_ws/install/ackermann_mux:/home/ircv7/RACE/real_ws/install/f1tenth_stack:/home/ircv7/RACE/real_ws/install/joy_teleop:/home/ircv7/RACE/real_ws/install/obs_detect:/home/ircv7/RACE/real_ws/install/mouse_teleop:/home/ircv7/RACE/real_ws/install/map_humble:/home/ircv7/RACE/real_ws/install/map_control:/home/ircv7/RACE/real_ws/install/lane_selector:/home/ircv7/RACE/real_ws/install/key_teleop:/opt/ros/humble CONDA_PROMPT_MODIFIER=(base) /usr/bin/cmake --install /home/ircv7/RACE/real_ws/build/vesc
