[0.118s] Invoking command in '/home/ircv7/RACE/real_ws/build/vesc_ackermann': CMAKE_PREFIX_PATH=${CMAKE_PREFIX_PATH}:/home/ircv7/RACE/real_ws/install/joy_teleop:/home/ircv7/RACE/real_ws/install/obs_detect:/home/ircv7/RACE/real_ws/install/mouse_teleop:/home/ircv7/RACE/real_ws/install/map_humble:/home/ircv7/RACE/real_ws/install/lane_selector:/home/ircv7/RACE/real_ws/install/key_teleop:/opt/ros/humble /usr/bin/cmake --build /home/ircv7/RACE/real_ws/build/vesc_ackermann -- -j6 -l6
[0.344s] [ 14%] [32mBuilding CXX object CMakeFiles/vesc_ackermann.dir/src/ackermann_to_vesc.cpp.o[0m
[0.351s] [ 28%] [32mBuilding CXX object CMakeFiles/vesc_ackermann.dir/src/vesc_to_odom.cpp.o[0m
[0.369s] [ 42%] [32mBuilding CXX object CMakeFiles/vesc_to_odom_node.dir/rclcpp_components/node_main_vesc_to_odom_node.cpp.o[0m
[0.394s] [ 57%] [32mBuilding CXX object CMakeFiles/ackermann_to_vesc_node.dir/rclcpp_components/node_main_ackermann_to_vesc_node.cpp.o[0m
[12.735s] [01m[K/home/ircv7/RACE/real_ws/src/f1tenth_system/vesc/vesc_ackermann/src/ackermann_to_vesc.cpp:[m[K In constructor ‘[01m[Kvesc_ackermann::AckermannToVesc::AckermannToVesc(const rclcpp::NodeOptions&)[m[K’:
[12.735s] [01m[K/home/ircv7/RACE/real_ws/src/f1tenth_system/vesc/vesc_ackermann/src/ackermann_to_vesc.cpp:24:42:[m[K [01;31m[Kerror: [m[Kno matching function for call to ‘[01m[Kvesc_ackermann::AckermannToVesc::declare_parameter(const char [19])[m[K’
[12.735s]    24 |   speed_to_erpm_gain_ = [01;31m[Kdeclare_parameter("speed_to_erpm_gain")[m[K.get<double>();
[12.735s]       |                         [01;31m[K~~~~~~~~~~~~~~~~~^~~~~~~~~~~~~~~~~~~~~~[m[K
[12.745s] In file included from [01m[K/opt/ros/humble/include/rclcpp/rclcpp/executors/single_threaded_executor.hpp:28[m[K,
[12.748s]                  from [01m[K/opt/ros/humble/include/rclcpp/rclcpp/executors.hpp:22[m[K,
[12.748s]                  from [01m[K/opt/ros/humble/include/rclcpp/rclcpp/rclcpp.hpp:155[m[K,
[12.748s]                  from [01m[K/home/ircv7/RACE/real_ws/src/f1tenth_system/vesc/vesc_ackermann/include/vesc_ackermann/ackermann_to_vesc.hpp:35[m[K,
[12.748s]                  from [01m[K/home/ircv7/RACE/real_ws/src/f1tenth_system/vesc/vesc_ackermann/src/ackermann_to_vesc.cpp:1[m[K:
[12.749s] [01m[K/opt/ros/humble/include/rclcpp/rclcpp/node.hpp:421:3:[m[K [01;36m[Knote: [m[Kcandidate: ‘[01m[Ktemplate<class ParameterT> auto rclcpp::Node::declare_parameter(const string&, const ParameterT&, const ParameterDescriptor&, bool)[m[K’
[12.749s]   421 |   [01;36m[Kdeclare_parameter[m[K(
[12.749s]       |   [01;36m[K^~~~~~~~~~~~~~~~~[m[K
[12.749s] [01m[K/opt/ros/humble/include/rclcpp/rclcpp/node.hpp:421:3:[m[K [01;36m[Knote: [m[K  template argument deduction/substitution failed:
[12.749s] [01m[K/home/ircv7/RACE/real_ws/src/f1tenth_system/vesc/vesc_ackermann/src/ackermann_to_vesc.cpp:24:42:[m[K [01;36m[Knote: [m[K  candidate expects 4 arguments, 1 provided
[12.749s]    24 |   speed_to_erpm_gain_ = [01;36m[Kdeclare_parameter("speed_to_erpm_gain")[m[K.get<double>();
[12.749s]       |                         [01;36m[K~~~~~~~~~~~~~~~~~^~~~~~~~~~~~~~~~~~~~~~[m[K
[12.749s] In file included from [01m[K/opt/ros/humble/include/rclcpp/rclcpp/executors/single_threaded_executor.hpp:28[m[K,
[12.749s]                  from [01m[K/opt/ros/humble/include/rclcpp/rclcpp/executors.hpp:22[m[K,
[12.750s]                  from [01m[K/opt/ros/humble/include/rclcpp/rclcpp/rclcpp.hpp:155[m[K,
[12.750s]                  from [01m[K/home/ircv7/RACE/real_ws/src/f1tenth_system/vesc/vesc_ackermann/include/vesc_ackermann/ackermann_to_vesc.hpp:35[m[K,
[12.750s]                  from [01m[K/home/ircv7/RACE/real_ws/src/f1tenth_system/vesc/vesc_ackermann/src/ackermann_to_vesc.cpp:1[m[K:
[12.750s] [01m[K/opt/ros/humble/include/rclcpp/rclcpp/node.hpp:434:3:[m[K [01;36m[Knote: [m[Kcandidate: ‘[01m[Ktemplate<class ParameterT> auto rclcpp::Node::declare_parameter(const string&, const ParameterDescriptor&, bool)[m[K’
[12.750s]   434 |   [01;36m[Kdeclare_parameter[m[K(
[12.750s]       |   [01;36m[K^~~~~~~~~~~~~~~~~[m[K
[12.750s] [01m[K/opt/ros/humble/include/rclcpp/rclcpp/node.hpp:434:3:[m[K [01;36m[Knote: [m[K  template argument deduction/substitution failed:
[12.750s] [01m[K/home/ircv7/RACE/real_ws/src/f1tenth_system/vesc/vesc_ackermann/src/ackermann_to_vesc.cpp:24:42:[m[K [01;36m[Knote: [m[K  couldn’t deduce template parameter ‘[01m[KParameterT[m[K’
[12.750s]    24 |   speed_to_erpm_gain_ = [01;36m[Kdeclare_parameter("speed_to_erpm_gain")[m[K.get<double>();
[12.750s]       |                         [01;36m[K~~~~~~~~~~~~~~~~~^~~~~~~~~~~~~~~~~~~~~~[m[K
[12.751s] In file included from [01m[K/opt/ros/humble/include/rclcpp/rclcpp/executors/single_threaded_executor.hpp:28[m[K,
[12.751s]                  from [01m[K/opt/ros/humble/include/rclcpp/rclcpp/executors.hpp:22[m[K,
[12.751s]                  from [01m[K/opt/ros/humble/include/rclcpp/rclcpp/rclcpp.hpp:155[m[K,
[12.751s]                  from [01m[K/home/ircv7/RACE/real_ws/src/f1tenth_system/vesc/vesc_ackermann/include/vesc_ackermann/ackermann_to_vesc.hpp:35[m[K,
[12.751s]                  from [01m[K/home/ircv7/RACE/real_ws/src/f1tenth_system/vesc/vesc_ackermann/src/ackermann_to_vesc.cpp:1[m[K:
[12.751s] [01m[K/opt/ros/humble/include/rclcpp/rclcpp/node.hpp:366:3:[m[K [01;36m[Knote: [m[Kcandidate: ‘[01m[Kconst rclcpp::ParameterValue& rclcpp::Node::declare_parameter(const string&, const rclcpp::ParameterValue&, const ParameterDescriptor&, bool)[m[K’
[12.751s]   366 |   [01;36m[Kdeclare_parameter[m[K(
[12.751s]       |   [01;36m[K^~~~~~~~~~~~~~~~~[m[K
[12.751s] [01m[K/opt/ros/humble/include/rclcpp/rclcpp/node.hpp:366:3:[m[K [01;36m[Knote: [m[K  candidate expects 4 arguments, 1 provided
[12.752s] [01m[K/opt/ros/humble/include/rclcpp/rclcpp/node.hpp:391:3:[m[K [01;36m[Knote: [m[Kcandidate: ‘[01m[Kconst rclcpp::ParameterValue& rclcpp::Node::declare_parameter(const string&, rclcpp::ParameterType, const ParameterDescriptor&, bool)[m[K’
[12.752s]   391 |   [01;36m[Kdeclare_parameter[m[K(
[12.752s]       |   [01;36m[K^~~~~~~~~~~~~~~~~[m[K
[12.752s] [01m[K/opt/ros/humble/include/rclcpp/rclcpp/node.hpp:391:3:[m[K [01;36m[Knote: [m[K  candidate expects 4 arguments, 1 provided
[12.752s] [01m[K/home/ircv7/RACE/real_ws/src/f1tenth_system/vesc/vesc_ackermann/src/ackermann_to_vesc.cpp:24:69:[m[K [01;31m[Kerror: [m[Kexpected primary-expression before ‘[01m[Kdouble[m[K’
[12.752s]    24 |   speed_to_erpm_gain_ = declare_parameter("speed_to_erpm_gain").get<[01;31m[Kdouble[m[K>();
[12.752s]       |                                                                     [01;31m[K^~~~~~[m[K
[12.752s] [01m[K/home/ircv7/RACE/real_ws/src/f1tenth_system/vesc/vesc_ackermann/src/ackermann_to_vesc.cpp:25:44:[m[K [01;31m[Kerror: [m[Kno matching function for call to ‘[01m[Kvesc_ackermann::AckermannToVesc::declare_parameter(const char [21])[m[K’
[12.752s]    25 |   speed_to_erpm_offset_ = [01;31m[Kdeclare_parameter("speed_to_erpm_offset")[m[K.get<double>();
[12.753s]       |                           [01;31m[K~~~~~~~~~~~~~~~~~^~~~~~~~~~~~~~~~~~~~~~~~[m[K
[12.753s] In file included from [01m[K/opt/ros/humble/include/rclcpp/rclcpp/executors/single_threaded_executor.hpp:28[m[K,
[12.753s]                  from [01m[K/opt/ros/humble/include/rclcpp/rclcpp/executors.hpp:22[m[K,
[12.753s]                  from [01m[K/opt/ros/humble/include/rclcpp/rclcpp/rclcpp.hpp:155[m[K,
[12.753s]                  from [01m[K/home/ircv7/RACE/real_ws/src/f1tenth_system/vesc/vesc_ackermann/include/vesc_ackermann/ackermann_to_vesc.hpp:35[m[K,
[12.753s]                  from [01m[K/home/ircv7/RACE/real_ws/src/f1tenth_system/vesc/vesc_ackermann/src/ackermann_to_vesc.cpp:1[m[K:
[12.753s] [01m[K/opt/ros/humble/include/rclcpp/rclcpp/node.hpp:421:3:[m[K [01;36m[Knote: [m[Kcandidate: ‘[01m[Ktemplate<class ParameterT> auto rclcpp::Node::declare_parameter(const string&, const ParameterT&, const ParameterDescriptor&, bool)[m[K’
[12.754s]   421 |   [01;36m[Kdeclare_parameter[m[K(
[12.754s]       |   [01;36m[K^~~~~~~~~~~~~~~~~[m[K
[12.754s] [01m[K/opt/ros/humble/include/rclcpp/rclcpp/node.hpp:421:3:[m[K [01;36m[Knote: [m[K  template argument deduction/substitution failed:
[12.754s] [01m[K/home/ircv7/RACE/real_ws/src/f1tenth_system/vesc/vesc_ackermann/src/ackermann_to_vesc.cpp:25:44:[m[K [01;36m[Knote: [m[K  candidate expects 4 arguments, 1 provided
[12.754s]    25 |   speed_to_erpm_offset_ = [01;36m[Kdeclare_parameter("speed_to_erpm_offset")[m[K.get<double>();
[12.754s]       |                           [01;36m[K~~~~~~~~~~~~~~~~~^~~~~~~~~~~~~~~~~~~~~~~~[m[K
[12.754s] In file included from [01m[K/opt/ros/humble/include/rclcpp/rclcpp/executors/single_threaded_executor.hpp:28[m[K,
[12.754s]                  from [01m[K/opt/ros/humble/include/rclcpp/rclcpp/executors.hpp:22[m[K,
[12.754s]                  from [01m[K/opt/ros/humble/include/rclcpp/rclcpp/rclcpp.hpp:155[m[K,
[12.754s]                  from [01m[K/home/ircv7/RACE/real_ws/src/f1tenth_system/vesc/vesc_ackermann/include/vesc_ackermann/ackermann_to_vesc.hpp:35[m[K,
[12.755s]                  from [01m[K/home/ircv7/RACE/real_ws/src/f1tenth_system/vesc/vesc_ackermann/src/ackermann_to_vesc.cpp:1[m[K:
[12.755s] [01m[K/opt/ros/humble/include/rclcpp/rclcpp/node.hpp:434:3:[m[K [01;36m[Knote: [m[Kcandidate: ‘[01m[Ktemplate<class ParameterT> auto rclcpp::Node::declare_parameter(const string&, const ParameterDescriptor&, bool)[m[K’
[12.755s]   434 |   [01;36m[Kdeclare_parameter[m[K(
[12.755s]       |   [01;36m[K^~~~~~~~~~~~~~~~~[m[K
[12.755s] [01m[K/opt/ros/humble/include/rclcpp/rclcpp/node.hpp:434:3:[m[K [01;36m[Knote: [m[K  template argument deduction/substitution failed:
[12.755s] [01m[K/home/ircv7/RACE/real_ws/src/f1tenth_system/vesc/vesc_ackermann/src/ackermann_to_vesc.cpp:25:44:[m[K [01;36m[Knote: [m[K  couldn’t deduce template parameter ‘[01m[KParameterT[m[K’
[12.755s]    25 |   speed_to_erpm_offset_ = [01;36m[Kdeclare_parameter("speed_to_erpm_offset")[m[K.get<double>();
[12.755s]       |                           [01;36m[K~~~~~~~~~~~~~~~~~^~~~~~~~~~~~~~~~~~~~~~~~[m[K
[12.756s] In file included from [01m[K/opt/ros/humble/include/rclcpp/rclcpp/executors/single_threaded_executor.hpp:28[m[K,
[12.756s]                  from [01m[K/opt/ros/humble/include/rclcpp/rclcpp/executors.hpp:22[m[K,
[12.756s]                  from [01m[K/opt/ros/humble/include/rclcpp/rclcpp/rclcpp.hpp:155[m[K,
[12.756s]                  from [01m[K/home/ircv7/RACE/real_ws/src/f1tenth_system/vesc/vesc_ackermann/include/vesc_ackermann/ackermann_to_vesc.hpp:35[m[K,
[12.756s]                  from [01m[K/home/ircv7/RACE/real_ws/src/f1tenth_system/vesc/vesc_ackermann/src/ackermann_to_vesc.cpp:1[m[K:
[12.756s] [01m[K/opt/ros/humble/include/rclcpp/rclcpp/node.hpp:366:3:[m[K [01;36m[Knote: [m[Kcandidate: ‘[01m[Kconst rclcpp::ParameterValue& rclcpp::Node::declare_parameter(const string&, const rclcpp::ParameterValue&, const ParameterDescriptor&, bool)[m[K’
[12.756s]   366 |   [01;36m[Kdeclare_parameter[m[K(
[12.756s]       |   [01;36m[K^~~~~~~~~~~~~~~~~[m[K
[12.757s] [01m[K/opt/ros/humble/include/rclcpp/rclcpp/node.hpp:366:3:[m[K [01;36m[Knote: [m[K  candidate expects 4 arguments, 1 provided
[12.757s] [01m[K/opt/ros/humble/include/rclcpp/rclcpp/node.hpp:391:3:[m[K [01;36m[Knote: [m[Kcandidate: ‘[01m[Kconst rclcpp::ParameterValue& rclcpp::Node::declare_parameter(const string&, rclcpp::ParameterType, const ParameterDescriptor&, bool)[m[K’
[12.757s]   391 |   [01;36m[Kdeclare_parameter[m[K(
[12.757s]       |   [01;36m[K^~~~~~~~~~~~~~~~~[m[K
[12.757s] [01m[K/opt/ros/humble/include/rclcpp/rclcpp/node.hpp:391:3:[m[K [01;36m[Knote: [m[K  candidate expects 4 arguments, 1 provided
[12.764s] [01m[K/home/ircv7/RACE/real_ws/src/f1tenth_system/vesc/vesc_ackermann/src/ackermann_to_vesc.cpp:25:73:[m[K [01;31m[Kerror: [m[Kexpected primary-expression before ‘[01m[Kdouble[m[K’
[12.764s]    25 |   speed_to_erpm_offset_ = declare_parameter("speed_to_erpm_offset").get<[01;31m[Kdouble[m[K>();
[12.764s]       |                                                                         [01;31m[K^~~~~~[m[K
[12.764s] [01m[K/home/ircv7/RACE/real_ws/src/f1tenth_system/vesc/vesc_ackermann/src/ackermann_to_vesc.cpp:26:46:[m[K [01;31m[Kerror: [m[Kno matching function for call to ‘[01m[Kvesc_ackermann::AckermannToVesc::declare_parameter(const char [29])[m[K’
[12.764s]    26 |   steering_to_servo_gain_ = [01;31m[Kdeclare_parameter("steering_angle_to_servo_gain")[m[K.get<double>();
[12.765s]       |                             [01;31m[K~~~~~~~~~~~~~~~~~^~~~~~~~~~~~~~~~~~~~~~~~~~~~~~~~[m[K
[12.765s] In file included from [01m[K/opt/ros/humble/include/rclcpp/rclcpp/executors/single_threaded_executor.hpp:28[m[K,
[12.765s]                  from [01m[K/opt/ros/humble/include/rclcpp/rclcpp/executors.hpp:22[m[K,
[12.765s]                  from [01m[K/opt/ros/humble/include/rclcpp/rclcpp/rclcpp.hpp:155[m[K,
[12.765s]                  from [01m[K/home/ircv7/RACE/real_ws/src/f1tenth_system/vesc/vesc_ackermann/include/vesc_ackermann/ackermann_to_vesc.hpp:35[m[K,
[12.765s]                  from [01m[K/home/ircv7/RACE/real_ws/src/f1tenth_system/vesc/vesc_ackermann/src/ackermann_to_vesc.cpp:1[m[K:
[12.765s] [01m[K/opt/ros/humble/include/rclcpp/rclcpp/node.hpp:421:3:[m[K [01;36m[Knote: [m[Kcandidate: ‘[01m[Ktemplate<class ParameterT> auto rclcpp::Node::declare_parameter(const string&, const ParameterT&, const ParameterDescriptor&, bool)[m[K’
[12.765s]   421 |   [01;36m[Kdeclare_parameter[m[K(
[12.765s]       |   [01;36m[K^~~~~~~~~~~~~~~~~[m[K
[12.766s] [01m[K/opt/ros/humble/include/rclcpp/rclcpp/node.hpp:421:3:[m[K [01;36m[Knote: [m[K  template argument deduction/substitution failed:
[12.766s] [01m[K/home/ircv7/RACE/real_ws/src/f1tenth_system/vesc/vesc_ackermann/src/ackermann_to_vesc.cpp:26:46:[m[K [01;36m[Knote: [m[K  candidate expects 4 arguments, 1 provided
[12.766s]    26 |   steering_to_servo_gain_ = [01;36m[Kdeclare_parameter("steering_angle_to_servo_gain")[m[K.get<double>();
[12.766s]       |                             [01;36m[K~~~~~~~~~~~~~~~~~^~~~~~~~~~~~~~~~~~~~~~~~~~~~~~~~[m[K
[12.766s] In file included from [01m[K/opt/ros/humble/include/rclcpp/rclcpp/executors/single_threaded_executor.hpp:28[m[K,
[12.766s]                  from [01m[K/opt/ros/humble/include/rclcpp/rclcpp/executors.hpp:22[m[K,
[12.766s]                  from [01m[K/opt/ros/humble/include/rclcpp/rclcpp/rclcpp.hpp:155[m[K,
[12.766s]                  from [01m[K/home/ircv7/RACE/real_ws/src/f1tenth_system/vesc/vesc_ackermann/include/vesc_ackermann/ackermann_to_vesc.hpp:35[m[K,
[12.767s]                  from [01m[K/home/ircv7/RACE/real_ws/src/f1tenth_system/vesc/vesc_ackermann/src/ackermann_to_vesc.cpp:1[m[K:
[12.767s] [01m[K/opt/ros/humble/include/rclcpp/rclcpp/node.hpp:434:3:[m[K [01;36m[Knote: [m[Kcandidate: ‘[01m[Ktemplate<class ParameterT> auto rclcpp::Node::declare_parameter(const string&, const ParameterDescriptor&, bool)[m[K’
[12.767s]   434 |   [01;36m[Kdeclare_parameter[m[K(
[12.767s]       |   [01;36m[K^~~~~~~~~~~~~~~~~[m[K
[12.767s] [01m[K/opt/ros/humble/include/rclcpp/rclcpp/node.hpp:434:3:[m[K [01;36m[Knote: [m[K  template argument deduction/substitution failed:
[12.767s] [01m[K/home/ircv7/RACE/real_ws/src/f1tenth_system/vesc/vesc_ackermann/src/ackermann_to_vesc.cpp:26:46:[m[K [01;36m[Knote: [m[K  couldn’t deduce template parameter ‘[01m[KParameterT[m[K’
[12.767s]    26 |   steering_to_servo_gain_ = [01;36m[Kdeclare_parameter("steering_angle_to_servo_gain")[m[K.get<double>();
[12.767s]       |                             [01;36m[K~~~~~~~~~~~~~~~~~^~~~~~~~~~~~~~~~~~~~~~~~~~~~~~~~[m[K
[12.768s] In file included from [01m[K/opt/ros/humble/include/rclcpp/rclcpp/executors/single_threaded_executor.hpp:28[m[K,
[12.768s]                  from [01m[K/opt/ros/humble/include/rclcpp/rclcpp/executors.hpp:22[m[K,
[12.768s]                  from [01m[K/opt/ros/humble/include/rclcpp/rclcpp/rclcpp.hpp:155[m[K,
[12.768s]                  from [01m[K/home/ircv7/RACE/real_ws/src/f1tenth_system/vesc/vesc_ackermann/include/vesc_ackermann/ackermann_to_vesc.hpp:35[m[K,
[12.768s]                  from [01m[K/home/ircv7/RACE/real_ws/src/f1tenth_system/vesc/vesc_ackermann/src/ackermann_to_vesc.cpp:1[m[K:
[12.768s] [01m[K/opt/ros/humble/include/rclcpp/rclcpp/node.hpp:366:3:[m[K [01;36m[Knote: [m[Kcandidate: ‘[01m[Kconst rclcpp::ParameterValue& rclcpp::Node::declare_parameter(const string&, const rclcpp::ParameterValue&, const ParameterDescriptor&, bool)[m[K’
[12.768s]   366 |   [01;36m[Kdeclare_parameter[m[K(
[12.768s]       |   [01;36m[K^~~~~~~~~~~~~~~~~[m[K
[12.769s] [01m[K/opt/ros/humble/include/rclcpp/rclcpp/node.hpp:366:3:[m[K [01;36m[Knote: [m[K  candidate expects 4 arguments, 1 provided
[12.769s] [01m[K/opt/ros/humble/include/rclcpp/rclcpp/node.hpp:391:3:[m[K [01;36m[Knote: [m[Kcandidate: ‘[01m[Kconst rclcpp::ParameterValue& rclcpp::Node::declare_parameter(const string&, rclcpp::ParameterType, const ParameterDescriptor&, bool)[m[K’
[12.774s]   391 |   [01;36m[Kdeclare_parameter[m[K(
[12.775s]       |   [01;36m[K^~~~~~~~~~~~~~~~~[m[K
[12.775s] [01m[K/opt/ros/humble/include/rclcpp/rclcpp/node.hpp:391:3:[m[K [01;36m[Knote: [m[K  candidate expects 4 arguments, 1 provided
[12.775s] [01m[K/home/ircv7/RACE/real_ws/src/f1tenth_system/vesc/vesc_ackermann/src/ackermann_to_vesc.cpp:26:83:[m[K [01;31m[Kerror: [m[Kexpected primary-expression before ‘[01m[Kdouble[m[K’
[12.778s]    26 |   steering_to_servo_gain_ = declare_parameter("steering_angle_to_servo_gain").get<[01;31m[Kdouble[m[K>();
[12.779s]       |                                                                                   [01;31m[K^~~~~~[m[K
[12.788s] [01m[K/home/ircv7/RACE/real_ws/src/f1tenth_system/vesc/vesc_ackermann/src/ackermann_to_vesc.cpp:27:48:[m[K [01;31m[Kerror: [m[Kno matching function for call to ‘[01m[Kvesc_ackermann::AckermannToVesc::declare_parameter(const char [31])[m[K’
[12.788s]    27 |   steering_to_servo_offset_ = [01;31m[Kdeclare_parameter("steering_angle_to_servo_offset")[m[K.get<double>();
[12.789s]       |                               [01;31m[K~~~~~~~~~~~~~~~~~^~~~~~~~~~~~~~~~~~~~~~~~~~~~~~~~~~[m[K
[12.789s] In file included from [01m[K/opt/ros/humble/include/rclcpp/rclcpp/executors/single_threaded_executor.hpp:28[m[K,
[12.789s]                  from [01m[K/opt/ros/humble/include/rclcpp/rclcpp/executors.hpp:22[m[K,
[12.789s]                  from [01m[K/opt/ros/humble/include/rclcpp/rclcpp/rclcpp.hpp:155[m[K,
[12.789s]                  from [01m[K/home/ircv7/RACE/real_ws/src/f1tenth_system/vesc/vesc_ackermann/include/vesc_ackermann/ackermann_to_vesc.hpp:35[m[K,
[12.789s]                  from [01m[K/home/ircv7/RACE/real_ws/src/f1tenth_system/vesc/vesc_ackermann/src/ackermann_to_vesc.cpp:1[m[K:
[12.789s] [01m[K/opt/ros/humble/include/rclcpp/rclcpp/node.hpp:421:3:[m[K [01;36m[Knote: [m[Kcandidate: ‘[01m[Ktemplate<class ParameterT> auto rclcpp::Node::declare_parameter(const string&, const ParameterT&, const ParameterDescriptor&, bool)[m[K’
[12.789s]   421 |   [01;36m[Kdeclare_parameter[m[K(
[12.789s]       |   [01;36m[K^~~~~~~~~~~~~~~~~[m[K
[12.790s] [01m[K/opt/ros/humble/include/rclcpp/rclcpp/node.hpp:421:3:[m[K [01;36m[Knote: [m[K  template argument deduction/substitution failed:
[12.790s] [01m[K/home/ircv7/RACE/real_ws/src/f1tenth_system/vesc/vesc_ackermann/src/ackermann_to_vesc.cpp:27:48:[m[K [01;36m[Knote: [m[K  candidate expects 4 arguments, 1 provided
[12.790s]    27 |   steering_to_servo_offset_ = [01;36m[Kdeclare_parameter("steering_angle_to_servo_offset")[m[K.get<double>();
[12.790s]       |                               [01;36m[K~~~~~~~~~~~~~~~~~^~~~~~~~~~~~~~~~~~~~~~~~~~~~~~~~~~[m[K
[12.790s] In file included from [01m[K/opt/ros/humble/include/rclcpp/rclcpp/executors/single_threaded_executor.hpp:28[m[K,
[12.790s]                  from [01m[K/opt/ros/humble/include/rclcpp/rclcpp/executors.hpp:22[m[K,
[12.790s]                  from [01m[K/opt/ros/humble/include/rclcpp/rclcpp/rclcpp.hpp:155[m[K,
[12.790s]                  from [01m[K/home/ircv7/RACE/real_ws/src/f1tenth_system/vesc/vesc_ackermann/include/vesc_ackermann/ackermann_to_vesc.hpp:35[m[K,
[12.790s]                  from [01m[K/home/ircv7/RACE/real_ws/src/f1tenth_system/vesc/vesc_ackermann/src/ackermann_to_vesc.cpp:1[m[K:
[12.790s] [01m[K/opt/ros/humble/include/rclcpp/rclcpp/node.hpp:434:3:[m[K [01;36m[Knote: [m[Kcandidate: ‘[01m[Ktemplate<class ParameterT> auto rclcpp::Node::declare_parameter(const string&, const ParameterDescriptor&, bool)[m[K’
[12.791s]   434 |   [01;36m[Kdeclare_parameter[m[K(
[12.791s]       |   [01;36m[K^~~~~~~~~~~~~~~~~[m[K
[12.791s] [01m[K/opt/ros/humble/include/rclcpp/rclcpp/node.hpp:434:3:[m[K [01;36m[Knote: [m[K  template argument deduction/substitution failed:
[12.791s] [01m[K/home/ircv7/RACE/real_ws/src/f1tenth_system/vesc/vesc_ackermann/src/ackermann_to_vesc.cpp:27:48:[m[K [01;36m[Knote: [m[K  couldn’t deduce template parameter ‘[01m[KParameterT[m[K’
[12.791s]    27 |   steering_to_servo_offset_ = [01;36m[Kdeclare_parameter("steering_angle_to_servo_offset")[m[K.get<double>();
[12.791s]       |                               [01;36m[K~~~~~~~~~~~~~~~~~^~~~~~~~~~~~~~~~~~~~~~~~~~~~~~~~~~[m[K
[12.791s] In file included from [01m[K/opt/ros/humble/include/rclcpp/rclcpp/executors/single_threaded_executor.hpp:28[m[K,
[12.791s]                  from [01m[K/opt/ros/humble/include/rclcpp/rclcpp/executors.hpp:22[m[K,
[12.791s]                  from [01m[K/opt/ros/humble/include/rclcpp/rclcpp/rclcpp.hpp:155[m[K,
[12.791s]                  from [01m[K/home/ircv7/RACE/real_ws/src/f1tenth_system/vesc/vesc_ackermann/include/vesc_ackermann/ackermann_to_vesc.hpp:35[m[K,
[12.792s]                  from [01m[K/home/ircv7/RACE/real_ws/src/f1tenth_system/vesc/vesc_ackermann/src/ackermann_to_vesc.cpp:1[m[K:
[12.792s] [01m[K/opt/ros/humble/include/rclcpp/rclcpp/node.hpp:366:3:[m[K [01;36m[Knote: [m[Kcandidate: ‘[01m[Kconst rclcpp::ParameterValue& rclcpp::Node::declare_parameter(const string&, const rclcpp::ParameterValue&, const ParameterDescriptor&, bool)[m[K’
[12.792s]   366 |   [01;36m[Kdeclare_parameter[m[K(
[12.792s]       |   [01;36m[K^~~~~~~~~~~~~~~~~[m[K
[12.792s] [01m[K/opt/ros/humble/include/rclcpp/rclcpp/node.hpp:366:3:[m[K [01;36m[Knote: [m[K  candidate expects 4 arguments, 1 provided
[12.792s] [01m[K/opt/ros/humble/include/rclcpp/rclcpp/node.hpp:391:3:[m[K [01;36m[Knote: [m[Kcandidate: ‘[01m[Kconst rclcpp::ParameterValue& rclcpp::Node::declare_parameter(const string&, rclcpp::ParameterType, const ParameterDescriptor&, bool)[m[K’
[12.792s]   391 |   [01;36m[Kdeclare_parameter[m[K(
[12.793s]       |   [01;36m[K^~~~~~~~~~~~~~~~~[m[K
[12.793s] [01m[K/opt/ros/humble/include/rclcpp/rclcpp/node.hpp:391:3:[m[K [01;36m[Knote: [m[K  candidate expects 4 arguments, 1 provided
[12.793s] [01m[K/home/ircv7/RACE/real_ws/src/f1tenth_system/vesc/vesc_ackermann/src/ackermann_to_vesc.cpp:27:87:[m[K [01;31m[Kerror: [m[Kexpected primary-expression before ‘[01m[Kdouble[m[K’
[12.793s]    27 |   steering_to_servo_offset_ = declare_parameter("steering_angle_to_servo_offset").get<[01;31m[Kdouble[m[K>();
[12.793s]       |                                                                                       [01;31m[K^~~~~~[m[K
[14.808s] [01m[K/home/ircv7/RACE/real_ws/src/f1tenth_system/vesc/vesc_ackermann/src/vesc_to_odom.cpp:[m[K In constructor ‘[01m[Kvesc_ackermann::VescToOdom::VescToOdom(const rclcpp::NodeOptions&)[m[K’:
[14.808s] [01m[K/home/ircv7/RACE/real_ws/src/f1tenth_system/vesc/vesc_ackermann/src/vesc_to_odom.cpp:71:42:[m[K [01;31m[Kerror: [m[Kno matching function for call to ‘[01m[Kvesc_ackermann::VescToOdom::declare_parameter(const char [19])[m[K’
[14.809s]    71 |   speed_to_erpm_gain_ = [01;31m[Kdeclare_parameter("speed_to_erpm_gain")[m[K.get<double>();
[14.809s]       |                         [01;31m[K~~~~~~~~~~~~~~~~~^~~~~~~~~~~~~~~~~~~~~~[m[K
[14.810s] In file included from [01m[K/opt/ros/humble/include/rclcpp/rclcpp/node.hpp:1321[m[K,
[14.810s]                  from [01m[K/opt/ros/humble/include/rclcpp/rclcpp/executors/single_threaded_executor.hpp:28[m[K,
[14.811s]                  from [01m[K/opt/ros/humble/include/rclcpp/rclcpp/executors.hpp:22[m[K,
[14.811s]                  from [01m[K/opt/ros/humble/include/rclcpp/rclcpp/rclcpp.hpp:155[m[K,
[14.811s]                  from [01m[K/home/ircv7/RACE/real_ws/src/f1tenth_system/vesc/vesc_ackermann/include/vesc_ackermann/vesc_to_odom.hpp:35[m[K,
[14.811s]                  from [01m[K/home/ircv7/RACE/real_ws/src/f1tenth_system/vesc/vesc_ackermann/src/vesc_to_odom.cpp:31[m[K:
[14.811s] [01m[K/opt/ros/humble/include/rclcpp/rclcpp/node_impl.hpp:195:1:[m[K [01;36m[Knote: [m[Kcandidate: ‘[01m[Ktemplate<class ParameterT> auto rclcpp::Node::declare_parameter(const string&, const ParameterT&, const ParameterDescriptor&, bool)[m[K’
[14.811s]   195 | [01;36m[KNode[m[K::declare_parameter(
[14.811s]       | [01;36m[K^~~~[m[K
[14.811s] [01m[K/opt/ros/humble/include/rclcpp/rclcpp/node_impl.hpp:195:1:[m[K [01;36m[Knote: [m[K  template argument deduction/substitution failed:
[14.812s] [01m[K/home/ircv7/RACE/real_ws/src/f1tenth_system/vesc/vesc_ackermann/src/vesc_to_odom.cpp:71:42:[m[K [01;36m[Knote: [m[K  candidate expects 4 arguments, 1 provided
[14.812s]    71 |   speed_to_erpm_gain_ = [01;36m[Kdeclare_parameter("speed_to_erpm_gain")[m[K.get<double>();
[14.812s]       |                         [01;36m[K~~~~~~~~~~~~~~~~~^~~~~~~~~~~~~~~~~~~~~~[m[K
[14.812s] In file included from [01m[K/opt/ros/humble/include/rclcpp/rclcpp/executors/single_threaded_executor.hpp:28[m[K,
[14.812s]                  from [01m[K/opt/ros/humble/include/rclcpp/rclcpp/executors.hpp:22[m[K,
[14.812s]                  from [01m[K/opt/ros/humble/include/rclcpp/rclcpp/rclcpp.hpp:155[m[K,
[14.813s]                  from [01m[K/home/ircv7/RACE/real_ws/src/f1tenth_system/vesc/vesc_ackermann/include/vesc_ackermann/vesc_to_odom.hpp:35[m[K,
[14.813s]                  from [01m[K/home/ircv7/RACE/real_ws/src/f1tenth_system/vesc/vesc_ackermann/src/vesc_to_odom.cpp:31[m[K:
[14.815s] [01m[K/opt/ros/humble/include/rclcpp/rclcpp/node.hpp:434:3:[m[K [01;36m[Knote: [m[Kcandidate: ‘[01m[Ktemplate<class ParameterT> auto rclcpp::Node::declare_parameter(const string&, const ParameterDescriptor&, bool)[m[K’
[14.815s]   434 |   [01;36m[Kdeclare_parameter[m[K(
[14.815s]       |   [01;36m[K^~~~~~~~~~~~~~~~~[m[K
[14.815s] [01m[K/opt/ros/humble/include/rclcpp/rclcpp/node.hpp:434:3:[m[K [01;36m[Knote: [m[K  template argument deduction/substitution failed:
[14.815s] [01m[K/home/ircv7/RACE/real_ws/src/f1tenth_system/vesc/vesc_ackermann/src/vesc_to_odom.cpp:71:42:[m[K [01;36m[Knote: [m[K  couldn’t deduce template parameter ‘[01m[KParameterT[m[K’
[14.815s]    71 |   speed_to_erpm_gain_ = [01;36m[Kdeclare_parameter("speed_to_erpm_gain")[m[K.get<double>();
[14.816s]       |                         [01;36m[K~~~~~~~~~~~~~~~~~^~~~~~~~~~~~~~~~~~~~~~[m[K
[14.816s] In file included from [01m[K/opt/ros/humble/include/rclcpp/rclcpp/executors/single_threaded_executor.hpp:28[m[K,
[14.816s]                  from [01m[K/opt/ros/humble/include/rclcpp/rclcpp/executors.hpp:22[m[K,
[14.816s]                  from [01m[K/opt/ros/humble/include/rclcpp/rclcpp/rclcpp.hpp:155[m[K,
[14.816s]                  from [01m[K/home/ircv7/RACE/real_ws/src/f1tenth_system/vesc/vesc_ackermann/include/vesc_ackermann/vesc_to_odom.hpp:35[m[K,
[14.816s]                  from [01m[K/home/ircv7/RACE/real_ws/src/f1tenth_system/vesc/vesc_ackermann/src/vesc_to_odom.cpp:31[m[K:
[14.817s] [01m[K/opt/ros/humble/include/rclcpp/rclcpp/node.hpp:366:3:[m[K [01;36m[Knote: [m[Kcandidate: ‘[01m[Kconst rclcpp::ParameterValue& rclcpp::Node::declare_parameter(const string&, const rclcpp::ParameterValue&, const ParameterDescriptor&, bool)[m[K’
[14.817s]   366 |   [01;36m[Kdeclare_parameter[m[K(
[14.817s]       |   [01;36m[K^~~~~~~~~~~~~~~~~[m[K
[14.817s] [01m[K/opt/ros/humble/include/rclcpp/rclcpp/node.hpp:366:3:[m[K [01;36m[Knote: [m[K  candidate expects 4 arguments, 1 provided
[14.817s] [01m[K/opt/ros/humble/include/rclcpp/rclcpp/node.hpp:391:3:[m[K [01;36m[Knote: [m[Kcandidate: ‘[01m[Kconst rclcpp::ParameterValue& rclcpp::Node::declare_parameter(const string&, rclcpp::ParameterType, const ParameterDescriptor&, bool)[m[K’
[14.817s]   391 |   [01;36m[Kdeclare_parameter[m[K(
[14.817s]       |   [01;36m[K^~~~~~~~~~~~~~~~~[m[K
[14.818s] [01m[K/opt/ros/humble/include/rclcpp/rclcpp/node.hpp:391:3:[m[K [01;36m[Knote: [m[K  candidate expects 4 arguments, 1 provided
[14.818s] [01m[K/home/ircv7/RACE/real_ws/src/f1tenth_system/vesc/vesc_ackermann/src/vesc_to_odom.cpp:71:69:[m[K [01;31m[Kerror: [m[Kexpected primary-expression before ‘[01m[Kdouble[m[K’
[14.818s]    71 |   speed_to_erpm_gain_ = declare_parameter("speed_to_erpm_gain").get<[01;31m[Kdouble[m[K>();
[14.818s]       |                                                                     [01;31m[K^~~~~~[m[K
[14.818s] [01m[K/home/ircv7/RACE/real_ws/src/f1tenth_system/vesc/vesc_ackermann/src/vesc_to_odom.cpp:72:44:[m[K [01;31m[Kerror: [m[Kno matching function for call to ‘[01m[Kvesc_ackermann::VescToOdom::declare_parameter(const char [21])[m[K’
[14.818s]    72 |   speed_to_erpm_offset_ = [01;31m[Kdeclare_parameter("speed_to_erpm_offset")[m[K.get<double>();
[14.818s]       |                           [01;31m[K~~~~~~~~~~~~~~~~~^~~~~~~~~~~~~~~~~~~~~~~~[m[K
[14.818s] In file included from [01m[K/opt/ros/humble/include/rclcpp/rclcpp/node.hpp:1321[m[K,
[14.818s]                  from [01m[K/opt/ros/humble/include/rclcpp/rclcpp/executors/single_threaded_executor.hpp:28[m[K,
[14.818s]                  from [01m[K/opt/ros/humble/include/rclcpp/rclcpp/executors.hpp:22[m[K,
[14.819s]                  from [01m[K/opt/ros/humble/include/rclcpp/rclcpp/rclcpp.hpp:155[m[K,
[14.819s]                  from [01m[K/home/ircv7/RACE/real_ws/src/f1tenth_system/vesc/vesc_ackermann/include/vesc_ackermann/vesc_to_odom.hpp:35[m[K,
[14.819s]                  from [01m[K/home/ircv7/RACE/real_ws/src/f1tenth_system/vesc/vesc_ackermann/src/vesc_to_odom.cpp:31[m[K:
[14.819s] [01m[K/opt/ros/humble/include/rclcpp/rclcpp/node_impl.hpp:195:1:[m[K [01;36m[Knote: [m[Kcandidate: ‘[01m[Ktemplate<class ParameterT> auto rclcpp::Node::declare_parameter(const string&, const ParameterT&, const ParameterDescriptor&, bool)[m[K’
[14.819s]   195 | [01;36m[KNode[m[K::declare_parameter(
[14.819s]       | [01;36m[K^~~~[m[K
[14.820s] [01m[K/opt/ros/humble/include/rclcpp/rclcpp/node_impl.hpp:195:1:[m[K [01;36m[Knote: [m[K  template argument deduction/substitution failed:
[14.820s] [01m[K/home/ircv7/RACE/real_ws/src/f1tenth_system/vesc/vesc_ackermann/src/vesc_to_odom.cpp:72:44:[m[K [01;36m[Knote: [m[K  candidate expects 4 arguments, 1 provided
[14.820s]    72 |   speed_to_erpm_offset_ = [01;36m[Kdeclare_parameter("speed_to_erpm_offset")[m[K.get<double>();
[14.820s]       |                           [01;36m[K~~~~~~~~~~~~~~~~~^~~~~~~~~~~~~~~~~~~~~~~~[m[K
[14.820s] In file included from [01m[K/opt/ros/humble/include/rclcpp/rclcpp/executors/single_threaded_executor.hpp:28[m[K,
[14.820s]                  from [01m[K/opt/ros/humble/include/rclcpp/rclcpp/executors.hpp:22[m[K,
[14.820s]                  from [01m[K/opt/ros/humble/include/rclcpp/rclcpp/rclcpp.hpp:155[m[K,
[14.820s]                  from [01m[K/home/ircv7/RACE/real_ws/src/f1tenth_system/vesc/vesc_ackermann/include/vesc_ackermann/vesc_to_odom.hpp:35[m[K,
[14.821s]                  from [01m[K/home/ircv7/RACE/real_ws/src/f1tenth_system/vesc/vesc_ackermann/src/vesc_to_odom.cpp:31[m[K:
[14.821s] [01m[K/opt/ros/humble/include/rclcpp/rclcpp/node.hpp:434:3:[m[K [01;36m[Knote: [m[Kcandidate: ‘[01m[Ktemplate<class ParameterT> auto rclcpp::Node::declare_parameter(const string&, const ParameterDescriptor&, bool)[m[K’
[14.821s]   434 |   [01;36m[Kdeclare_parameter[m[K(
[14.821s]       |   [01;36m[K^~~~~~~~~~~~~~~~~[m[K
[14.821s] [01m[K/opt/ros/humble/include/rclcpp/rclcpp/node.hpp:434:3:[m[K [01;36m[Knote: [m[K  template argument deduction/substitution failed:
[14.821s] [01m[K/home/ircv7/RACE/real_ws/src/f1tenth_system/vesc/vesc_ackermann/src/vesc_to_odom.cpp:72:44:[m[K [01;36m[Knote: [m[K  couldn’t deduce template parameter ‘[01m[KParameterT[m[K’
[14.821s]    72 |   speed_to_erpm_offset_ = [01;36m[Kdeclare_parameter("speed_to_erpm_offset")[m[K.get<double>();
[14.822s]       |                           [01;36m[K~~~~~~~~~~~~~~~~~^~~~~~~~~~~~~~~~~~~~~~~~[m[K
[14.822s] In file included from [01m[K/opt/ros/humble/include/rclcpp/rclcpp/executors/single_threaded_executor.hpp:28[m[K,
[14.822s]                  from [01m[K/opt/ros/humble/include/rclcpp/rclcpp/executors.hpp:22[m[K,
[14.822s]                  from [01m[K/opt/ros/humble/include/rclcpp/rclcpp/rclcpp.hpp:155[m[K,
[14.822s]                  from [01m[K/home/ircv7/RACE/real_ws/src/f1tenth_system/vesc/vesc_ackermann/include/vesc_ackermann/vesc_to_odom.hpp:35[m[K,
[14.822s]                  from [01m[K/home/ircv7/RACE/real_ws/src/f1tenth_system/vesc/vesc_ackermann/src/vesc_to_odom.cpp:31[m[K:
[14.822s] [01m[K/opt/ros/humble/include/rclcpp/rclcpp/node.hpp:366:3:[m[K [01;36m[Knote: [m[Kcandidate: ‘[01m[Kconst rclcpp::ParameterValue& rclcpp::Node::declare_parameter(const string&, const rclcpp::ParameterValue&, const ParameterDescriptor&, bool)[m[K’
[14.822s]   366 |   [01;36m[Kdeclare_parameter[m[K(
[14.824s]       |   [01;36m[K^~~~~~~~~~~~~~~~~[m[K
[14.825s] [01m[K/opt/ros/humble/include/rclcpp/rclcpp/node.hpp:366:3:[m[K [01;36m[Knote: [m[K  candidate expects 4 arguments, 1 provided
[14.825s] [01m[K/opt/ros/humble/include/rclcpp/rclcpp/node.hpp:391:3:[m[K [01;36m[Knote: [m[Kcandidate: ‘[01m[Kconst rclcpp::ParameterValue& rclcpp::Node::declare_parameter(const string&, rclcpp::ParameterType, const ParameterDescriptor&, bool)[m[K’
[14.825s]   391 |   [01;36m[Kdeclare_parameter[m[K(
[14.825s]       |   [01;36m[K^~~~~~~~~~~~~~~~~[m[K
[14.825s] [01m[K/opt/ros/humble/include/rclcpp/rclcpp/node.hpp:391:3:[m[K [01;36m[Knote: [m[K  candidate expects 4 arguments, 1 provided
[14.825s] [01m[K/home/ircv7/RACE/real_ws/src/f1tenth_system/vesc/vesc_ackermann/src/vesc_to_odom.cpp:72:73:[m[K [01;31m[Kerror: [m[Kexpected primary-expression before ‘[01m[Kdouble[m[K’
[14.825s]    72 |   speed_to_erpm_offset_ = declare_parameter("speed_to_erpm_offset").get<[01;31m[Kdouble[m[K>();
[14.825s]       |                                                                         [01;31m[K^~~~~~[m[K
[14.826s] [01m[K/home/ircv7/RACE/real_ws/src/f1tenth_system/vesc/vesc_ackermann/src/vesc_to_odom.cpp:75:48:[m[K [01;31m[Kerror: [m[Kno matching function for call to ‘[01m[Kvesc_ackermann::VescToOdom::declare_parameter(const char [29])[m[K’
[14.829s]    75 |     steering_to_servo_gain_ = [01;31m[Kdeclare_parameter("steering_angle_to_servo_gain")[m[K.get<double>();
[14.830s]       |                               [01;31m[K~~~~~~~~~~~~~~~~~^~~~~~~~~~~~~~~~~~~~~~~~~~~~~~~~[m[K
[14.830s] In file included from [01m[K/opt/ros/humble/include/rclcpp/rclcpp/node.hpp:1321[m[K,
[14.830s]                  from [01m[K/opt/ros/humble/include/rclcpp/rclcpp/executors/single_threaded_executor.hpp:28[m[K,
[14.830s]                  from [01m[K/opt/ros/humble/include/rclcpp/rclcpp/executors.hpp:22[m[K,
[14.830s]                  from [01m[K/opt/ros/humble/include/rclcpp/rclcpp/rclcpp.hpp:155[m[K,
[14.830s]                  from [01m[K/home/ircv7/RACE/real_ws/src/f1tenth_system/vesc/vesc_ackermann/include/vesc_ackermann/vesc_to_odom.hpp:35[m[K,
[14.831s]                  from [01m[K/home/ircv7/RACE/real_ws/src/f1tenth_system/vesc/vesc_ackermann/src/vesc_to_odom.cpp:31[m[K:
[14.831s] [01m[K/opt/ros/humble/include/rclcpp/rclcpp/node_impl.hpp:195:1:[m[K [01;36m[Knote: [m[Kcandidate: ‘[01m[Ktemplate<class ParameterT> auto rclcpp::Node::declare_parameter(const string&, const ParameterT&, const ParameterDescriptor&, bool)[m[K’
[14.831s]   195 | [01;36m[KNode[m[K::declare_parameter(
[14.831s]       | [01;36m[K^~~~[m[K
[14.831s] [01m[K/opt/ros/humble/include/rclcpp/rclcpp/node_impl.hpp:195:1:[m[K [01;36m[Knote: [m[K  template argument deduction/substitution failed:
[14.833s] [01m[K/home/ircv7/RACE/real_ws/src/f1tenth_system/vesc/vesc_ackermann/src/vesc_to_odom.cpp:75:48:[m[K [01;36m[Knote: [m[K  candidate expects 4 arguments, 1 provided
[14.833s]    75 |     steering_to_servo_gain_ = [01;36m[Kdeclare_parameter("steering_angle_to_servo_gain")[m[K.get<double>();
[14.833s]       |                               [01;36m[K~~~~~~~~~~~~~~~~~^~~~~~~~~~~~~~~~~~~~~~~~~~~~~~~~[m[K
[14.833s] In file included from [01m[K/opt/ros/humble/include/rclcpp/rclcpp/executors/single_threaded_executor.hpp:28[m[K,
[14.833s]                  from [01m[K/opt/ros/humble/include/rclcpp/rclcpp/executors.hpp:22[m[K,
[14.834s]                  from [01m[K/opt/ros/humble/include/rclcpp/rclcpp/rclcpp.hpp:155[m[K,
[14.834s]                  from [01m[K/home/ircv7/RACE/real_ws/src/f1tenth_system/vesc/vesc_ackermann/include/vesc_ackermann/vesc_to_odom.hpp:35[m[K,
[14.834s]                  from [01m[K/home/ircv7/RACE/real_ws/src/f1tenth_system/vesc/vesc_ackermann/src/vesc_to_odom.cpp:31[m[K:
[14.834s] [01m[K/opt/ros/humble/include/rclcpp/rclcpp/node.hpp:434:3:[m[K [01;36m[Knote: [m[Kcandidate: ‘[01m[Ktemplate<class ParameterT> auto rclcpp::Node::declare_parameter(const string&, const ParameterDescriptor&, bool)[m[K’
[14.834s]   434 |   [01;36m[Kdeclare_parameter[m[K(
[14.834s]       |   [01;36m[K^~~~~~~~~~~~~~~~~[m[K
[14.834s] [01m[K/opt/ros/humble/include/rclcpp/rclcpp/node.hpp:434:3:[m[K [01;36m[Knote: [m[K  template argument deduction/substitution failed:
[14.836s] [01m[K/home/ircv7/RACE/real_ws/src/f1tenth_system/vesc/vesc_ackermann/src/vesc_to_odom.cpp:75:48:[m[K [01;36m[Knote: [m[K  couldn’t deduce template parameter ‘[01m[KParameterT[m[K’
[14.836s]    75 |     steering_to_servo_gain_ = [01;36m[Kdeclare_parameter("steering_angle_to_servo_gain")[m[K.get<double>();
[14.837s]       |                               [01;36m[K~~~~~~~~~~~~~~~~~^~~~~~~~~~~~~~~~~~~~~~~~~~~~~~~~[m[K
[14.837s] In file included from [01m[K/opt/ros/humble/include/rclcpp/rclcpp/executors/single_threaded_executor.hpp:28[m[K,
[14.837s]                  from [01m[K/opt/ros/humble/include/rclcpp/rclcpp/executors.hpp:22[m[K,
[14.837s]                  from [01m[K/opt/ros/humble/include/rclcpp/rclcpp/rclcpp.hpp:155[m[K,
[14.837s]                  from [01m[K/home/ircv7/RACE/real_ws/src/f1tenth_system/vesc/vesc_ackermann/include/vesc_ackermann/vesc_to_odom.hpp:35[m[K,
[14.837s]                  from [01m[K/home/ircv7/RACE/real_ws/src/f1tenth_system/vesc/vesc_ackermann/src/vesc_to_odom.cpp:31[m[K:
[14.837s] [01m[K/opt/ros/humble/include/rclcpp/rclcpp/node.hpp:366:3:[m[K [01;36m[Knote: [m[Kcandidate: ‘[01m[Kconst rclcpp::ParameterValue& rclcpp::Node::declare_parameter(const string&, const rclcpp::ParameterValue&, const ParameterDescriptor&, bool)[m[K’
[14.837s]   366 |   [01;36m[Kdeclare_parameter[m[K(
[14.837s]       |   [01;36m[K^~~~~~~~~~~~~~~~~[m[K
[14.837s] [01m[K/opt/ros/humble/include/rclcpp/rclcpp/node.hpp:366:3:[m[K [01;36m[Knote: [m[K  candidate expects 4 arguments, 1 provided
[14.839s] [01m[K/opt/ros/humble/include/rclcpp/rclcpp/node.hpp:391:3:[m[K [01;36m[Knote: [m[Kcandidate: ‘[01m[Kconst rclcpp::ParameterValue& rclcpp::Node::declare_parameter(const string&, rclcpp::ParameterType, const ParameterDescriptor&, bool)[m[K’
[14.840s]   391 |   [01;36m[Kdeclare_parameter[m[K(
[14.840s]       |   [01;36m[K^~~~~~~~~~~~~~~~~[m[K
[14.840s] [01m[K/opt/ros/humble/include/rclcpp/rclcpp/node.hpp:391:3:[m[K [01;36m[Knote: [m[K  candidate expects 4 arguments, 1 provided
[14.840s] [01m[K/home/ircv7/RACE/real_ws/src/f1tenth_system/vesc/vesc_ackermann/src/vesc_to_odom.cpp:75:85:[m[K [01;31m[Kerror: [m[Kexpected primary-expression before ‘[01m[Kdouble[m[K’
[14.840s]    75 |     steering_to_servo_gain_ = declare_parameter("steering_angle_to_servo_gain").get<[01;31m[Kdouble[m[K>();
[14.840s]       |                                                                                     [01;31m[K^~~~~~[m[K
[14.840s] [01m[K/home/ircv7/RACE/real_ws/src/f1tenth_system/vesc/vesc_ackermann/src/vesc_to_odom.cpp:76:50:[m[K [01;31m[Kerror: [m[Kno matching function for call to ‘[01m[Kvesc_ackermann::VescToOdom::declare_parameter(const char [31])[m[K’
[14.841s]    76 |     steering_to_servo_offset_ = [01;31m[Kdeclare_parameter("steering_angle_to_servo_offset")[m[K.get<double>();
[14.841s]       |                                 [01;31m[K~~~~~~~~~~~~~~~~~^~~~~~~~~~~~~~~~~~~~~~~~~~~~~~~~~~[m[K
[14.841s] In file included from [01m[K/opt/ros/humble/include/rclcpp/rclcpp/node.hpp:1321[m[K,
[14.841s]                  from [01m[K/opt/ros/humble/include/rclcpp/rclcpp/executors/single_threaded_executor.hpp:28[m[K,
[14.841s]                  from [01m[K/opt/ros/humble/include/rclcpp/rclcpp/executors.hpp:22[m[K,
[14.843s]                  from [01m[K/opt/ros/humble/include/rclcpp/rclcpp/rclcpp.hpp:155[m[K,
[14.844s]                  from [01m[K/home/ircv7/RACE/real_ws/src/f1tenth_system/vesc/vesc_ackermann/include/vesc_ackermann/vesc_to_odom.hpp:35[m[K,
[14.844s]                  from [01m[K/home/ircv7/RACE/real_ws/src/f1tenth_system/vesc/vesc_ackermann/src/vesc_to_odom.cpp:31[m[K:
[14.844s] [01m[K/opt/ros/humble/include/rclcpp/rclcpp/node_impl.hpp:195:1:[m[K [01;36m[Knote: [m[Kcandidate: ‘[01m[Ktemplate<class ParameterT> auto rclcpp::Node::declare_parameter(const string&, const ParameterT&, const ParameterDescriptor&, bool)[m[K’
[14.844s]   195 | [01;36m[KNode[m[K::declare_parameter(
[14.844s]       | [01;36m[K^~~~[m[K
[14.844s] [01m[K/opt/ros/humble/include/rclcpp/rclcpp/node_impl.hpp:195:1:[m[K [01;36m[Knote: [m[K  template argument deduction/substitution failed:
[14.844s] [01m[K/home/ircv7/RACE/real_ws/src/f1tenth_system/vesc/vesc_ackermann/src/vesc_to_odom.cpp:76:50:[m[K [01;36m[Knote: [m[K  candidate expects 4 arguments, 1 provided
[14.844s]    76 |     steering_to_servo_offset_ = [01;36m[Kdeclare_parameter("steering_angle_to_servo_offset")[m[K.get<double>();
[14.847s]       |                                 [01;36m[K~~~~~~~~~~~~~~~~~^~~~~~~~~~~~~~~~~~~~~~~~~~~~~~~~~~[m[K
[14.847s] In file included from [01m[K/opt/ros/humble/include/rclcpp/rclcpp/executors/single_threaded_executor.hpp:28[m[K,
[14.847s]                  from [01m[K/opt/ros/humble/include/rclcpp/rclcpp/executors.hpp:22[m[K,
[14.847s]                  from [01m[K/opt/ros/humble/include/rclcpp/rclcpp/rclcpp.hpp:155[m[K,
[14.847s]                  from [01m[K/home/ircv7/RACE/real_ws/src/f1tenth_system/vesc/vesc_ackermann/include/vesc_ackermann/vesc_to_odom.hpp:35[m[K,
[14.847s]                  from [01m[K/home/ircv7/RACE/real_ws/src/f1tenth_system/vesc/vesc_ackermann/src/vesc_to_odom.cpp:31[m[K:
[14.847s] [01m[K/opt/ros/humble/include/rclcpp/rclcpp/node.hpp:434:3:[m[K [01;36m[Knote: [m[Kcandidate: ‘[01m[Ktemplate<class ParameterT> auto rclcpp::Node::declare_parameter(const string&, const ParameterDescriptor&, bool)[m[K’
[14.847s]   434 |   [01;36m[Kdeclare_parameter[m[K(
[14.848s]       |   [01;36m[K^~~~~~~~~~~~~~~~~[m[K
[14.848s] [01m[K/opt/ros/humble/include/rclcpp/rclcpp/node.hpp:434:3:[m[K [01;36m[Knote: [m[K  template argument deduction/substitution failed:
[14.848s] [01m[K/home/ircv7/RACE/real_ws/src/f1tenth_system/vesc/vesc_ackermann/src/vesc_to_odom.cpp:76:50:[m[K [01;36m[Knote: [m[K  couldn’t deduce template parameter ‘[01m[KParameterT[m[K’
[14.852s]    76 |     steering_to_servo_offset_ = [01;36m[Kdeclare_parameter("steering_angle_to_servo_offset")[m[K.get<double>();
[14.856s]       |                                 [01;36m[K~~~~~~~~~~~~~~~~~^~~~~~~~~~~~~~~~~~~~~~~~~~~~~~~~~~[m[K
[14.858s] In file included from [01m[K/opt/ros/humble/include/rclcpp/rclcpp/executors/single_threaded_executor.hpp:28[m[K,
[14.859s]                  from [01m[K/opt/ros/humble/include/rclcpp/rclcpp/executors.hpp:22[m[K,
[14.859s]                  from [01m[K/opt/ros/humble/include/rclcpp/rclcpp/rclcpp.hpp:155[m[K,
[14.859s]                  from [01m[K/home/ircv7/RACE/real_ws/src/f1tenth_system/vesc/vesc_ackermann/include/vesc_ackermann/vesc_to_odom.hpp:35[m[K,
[14.859s]                  from [01m[K/home/ircv7/RACE/real_ws/src/f1tenth_system/vesc/vesc_ackermann/src/vesc_to_odom.cpp:31[m[K:
[14.859s] [01m[K/opt/ros/humble/include/rclcpp/rclcpp/node.hpp:366:3:[m[K [01;36m[Knote: [m[Kcandidate: ‘[01m[Kconst rclcpp::ParameterValue& rclcpp::Node::declare_parameter(const string&, const rclcpp::ParameterValue&, const ParameterDescriptor&, bool)[m[K’
[14.859s]   366 |   [01;36m[Kdeclare_parameter[m[K(
[14.859s]       |   [01;36m[K^~~~~~~~~~~~~~~~~[m[K
[14.860s] [01m[K/opt/ros/humble/include/rclcpp/rclcpp/node.hpp:366:3:[m[K [01;36m[Knote: [m[K  candidate expects 4 arguments, 1 provided
[14.860s] [01m[K/opt/ros/humble/include/rclcpp/rclcpp/node.hpp:391:3:[m[K [01;36m[Knote: [m[Kcandidate: ‘[01m[Kconst rclcpp::ParameterValue& rclcpp::Node::declare_parameter(const string&, rclcpp::ParameterType, const ParameterDescriptor&, bool)[m[K’
[14.860s]   391 |   [01;36m[Kdeclare_parameter[m[K(
[14.862s]       |   [01;36m[K^~~~~~~~~~~~~~~~~[m[K
[14.862s] [01m[K/opt/ros/humble/include/rclcpp/rclcpp/node.hpp:391:3:[m[K [01;36m[Knote: [m[K  candidate expects 4 arguments, 1 provided
[14.862s] [01m[K/home/ircv7/RACE/real_ws/src/f1tenth_system/vesc/vesc_ackermann/src/vesc_to_odom.cpp:76:89:[m[K [01;31m[Kerror: [m[Kexpected primary-expression before ‘[01m[Kdouble[m[K’
[14.862s]    76 |     steering_to_servo_offset_ = declare_parameter("steering_angle_to_servo_offset").get<[01;31m[Kdouble[m[K>();
[14.863s]       |                                                                                         [01;31m[K^~~~~~[m[K
[14.863s] [01m[K/home/ircv7/RACE/real_ws/src/f1tenth_system/vesc/vesc_ackermann/src/vesc_to_odom.cpp:77:35:[m[K [01;31m[Kerror: [m[Kno matching function for call to ‘[01m[Kvesc_ackermann::VescToOdom::declare_parameter(const char [10])[m[K’
[14.863s]    77 |     wheelbase_ = [01;31m[Kdeclare_parameter("wheelbase")[m[K.get<double>();
[14.867s]       |                  [01;31m[K~~~~~~~~~~~~~~~~~^~~~~~~~~~~~~[m[K
[14.867s] In file included from [01m[K/opt/ros/humble/include/rclcpp/rclcpp/node.hpp:1321[m[K,
[14.867s]                  from [01m[K/opt/ros/humble/include/rclcpp/rclcpp/executors/single_threaded_executor.hpp:28[m[K,
[14.868s]                  from [01m[K/opt/ros/humble/include/rclcpp/rclcpp/executors.hpp:22[m[K,
[14.871s]                  from [01m[K/opt/ros/humble/include/rclcpp/rclcpp/rclcpp.hpp:155[m[K,
[14.871s]                  from [01m[K/home/ircv7/RACE/real_ws/src/f1tenth_system/vesc/vesc_ackermann/include/vesc_ackermann/vesc_to_odom.hpp:35[m[K,
[14.871s]                  from [01m[K/home/ircv7/RACE/real_ws/src/f1tenth_system/vesc/vesc_ackermann/src/vesc_to_odom.cpp:31[m[K:
[14.871s] [01m[K/opt/ros/humble/include/rclcpp/rclcpp/node_impl.hpp:195:1:[m[K [01;36m[Knote: [m[Kcandidate: ‘[01m[Ktemplate<class ParameterT> auto rclcpp::Node::declare_parameter(const string&, const ParameterT&, const ParameterDescriptor&, bool)[m[K’
[14.871s]   195 | [01;36m[KNode[m[K::declare_parameter(
[14.871s]       | [01;36m[K^~~~[m[K
[14.871s] [01m[K/opt/ros/humble/include/rclcpp/rclcpp/node_impl.hpp:195:1:[m[K [01;36m[Knote: [m[K  template argument deduction/substitution failed:
[14.872s] [01m[K/home/ircv7/RACE/real_ws/src/f1tenth_system/vesc/vesc_ackermann/src/vesc_to_odom.cpp:77:35:[m[K [01;36m[Knote: [m[K  candidate expects 4 arguments, 1 provided
[14.872s]    77 |     wheelbase_ = [01;36m[Kdeclare_parameter("wheelbase")[m[K.get<double>();
[14.874s]       |                  [01;36m[K~~~~~~~~~~~~~~~~~^~~~~~~~~~~~~[m[K
[14.874s] In file included from [01m[K/opt/ros/humble/include/rclcpp/rclcpp/executors/single_threaded_executor.hpp:28[m[K,
[14.874s]                  from [01m[K/opt/ros/humble/include/rclcpp/rclcpp/executors.hpp:22[m[K,
[14.874s]                  from [01m[K/opt/ros/humble/include/rclcpp/rclcpp/rclcpp.hpp:155[m[K,
[14.874s]                  from [01m[K/home/ircv7/RACE/real_ws/src/f1tenth_system/vesc/vesc_ackermann/include/vesc_ackermann/vesc_to_odom.hpp:35[m[K,
[14.874s]                  from [01m[K/home/ircv7/RACE/real_ws/src/f1tenth_system/vesc/vesc_ackermann/src/vesc_to_odom.cpp:31[m[K:
[14.875s] [01m[K/opt/ros/humble/include/rclcpp/rclcpp/node.hpp:434:3:[m[K [01;36m[Knote: [m[Kcandidate: ‘[01m[Ktemplate<class ParameterT> auto rclcpp::Node::declare_parameter(const string&, const ParameterDescriptor&, bool)[m[K’
[14.875s]   434 |   [01;36m[Kdeclare_parameter[m[K(
[14.875s]       |   [01;36m[K^~~~~~~~~~~~~~~~~[m[K
[14.875s] [01m[K/opt/ros/humble/include/rclcpp/rclcpp/node.hpp:434:3:[m[K [01;36m[Knote: [m[K  template argument deduction/substitution failed:
[14.875s] [01m[K/home/ircv7/RACE/real_ws/src/f1tenth_system/vesc/vesc_ackermann/src/vesc_to_odom.cpp:77:35:[m[K [01;36m[Knote: [m[K  couldn’t deduce template parameter ‘[01m[KParameterT[m[K’
[14.875s]    77 |     wheelbase_ = [01;36m[Kdeclare_parameter("wheelbase")[m[K.get<double>();
[14.877s]       |                  [01;36m[K~~~~~~~~~~~~~~~~~^~~~~~~~~~~~~[m[K
[14.878s] In file included from [01m[K/opt/ros/humble/include/rclcpp/rclcpp/executors/single_threaded_executor.hpp:28[m[K,
[14.878s]                  from [01m[K/opt/ros/humble/include/rclcpp/rclcpp/executors.hpp:22[m[K,
[14.878s]                  from [01m[K/opt/ros/humble/include/rclcpp/rclcpp/rclcpp.hpp:155[m[K,
[14.878s]                  from [01m[K/home/ircv7/RACE/real_ws/src/f1tenth_system/vesc/vesc_ackermann/include/vesc_ackermann/vesc_to_odom.hpp:35[m[K,
[14.878s]                  from [01m[K/home/ircv7/RACE/real_ws/src/f1tenth_system/vesc/vesc_ackermann/src/vesc_to_odom.cpp:31[m[K:
[14.878s] [01m[K/opt/ros/humble/include/rclcpp/rclcpp/node.hpp:366:3:[m[K [01;36m[Knote: [m[Kcandidate: ‘[01m[Kconst rclcpp::ParameterValue& rclcpp::Node::declare_parameter(const string&, const rclcpp::ParameterValue&, const ParameterDescriptor&, bool)[m[K’
[14.878s]   366 |   [01;36m[Kdeclare_parameter[m[K(
[14.878s]       |   [01;36m[K^~~~~~~~~~~~~~~~~[m[K
[14.878s] [01m[K/opt/ros/humble/include/rclcpp/rclcpp/node.hpp:366:3:[m[K [01;36m[Knote: [m[K  candidate expects 4 arguments, 1 provided
[14.879s] [01m[K/opt/ros/humble/include/rclcpp/rclcpp/node.hpp:391:3:[m[K [01;36m[Knote: [m[Kcandidate: ‘[01m[Kconst rclcpp::ParameterValue& rclcpp::Node::declare_parameter(const string&, rclcpp::ParameterType, const ParameterDescriptor&, bool)[m[K’
[14.880s]   391 |   [01;36m[Kdeclare_parameter[m[K(
[14.880s]       |   [01;36m[K^~~~~~~~~~~~~~~~~[m[K
[14.880s] [01m[K/opt/ros/humble/include/rclcpp/rclcpp/node.hpp:391:3:[m[K [01;36m[Knote: [m[K  candidate expects 4 arguments, 1 provided
[14.886s] [01m[K/home/ircv7/RACE/real_ws/src/f1tenth_system/vesc/vesc_ackermann/src/vesc_to_odom.cpp:77:53:[m[K [01;31m[Kerror: [m[Kexpected primary-expression before ‘[01m[Kdouble[m[K’
[14.886s]    77 |     wheelbase_ = declare_parameter("wheelbase").get<[01;31m[Kdouble[m[K>();
[14.886s]       |                                                     [01;31m[K^~~~~~[m[K
[14.886s] [ 71%] [32m[1mLinking CXX executable ackermann_to_vesc_node[0m
[15.347s] [ 71%] Built target ackermann_to_vesc_node
[16.306s] [ 85%] [32m[1mLinking CXX executable vesc_to_odom_node[0m
[17.022s] [ 85%] Built target vesc_to_odom_node
[21.851s] gmake[2]: *** [CMakeFiles/vesc_ackermann.dir/build.make:76: CMakeFiles/vesc_ackermann.dir/src/ackermann_to_vesc.cpp.o] Error 1
[21.851s] gmake[2]: *** Waiting for unfinished jobs....
[27.127s] gmake[2]: *** [CMakeFiles/vesc_ackermann.dir/build.make:90: CMakeFiles/vesc_ackermann.dir/src/vesc_to_odom.cpp.o] Error 1
[27.128s] gmake[1]: *** [CMakeFiles/Makefile2:141: CMakeFiles/vesc_ackermann.dir/all] Error 2
[27.128s] gmake: *** [Makefile:146: all] Error 2
[27.137s] Invoked command in '/home/ircv7/RACE/real_ws/build/vesc_ackermann' returned '2': CMAKE_PREFIX_PATH=${CMAKE_PREFIX_PATH}:/home/ircv7/RACE/real_ws/install/joy_teleop:/home/ircv7/RACE/real_ws/install/obs_detect:/home/ircv7/RACE/real_ws/install/mouse_teleop:/home/ircv7/RACE/real_ws/install/map_humble:/home/ircv7/RACE/real_ws/install/lane_selector:/home/ircv7/RACE/real_ws/install/key_teleop:/opt/ros/humble /usr/bin/cmake --build /home/ircv7/RACE/real_ws/build/vesc_ackermann -- -j6 -l6
