/home/ircv7/.local/lib/python3.10/site-packages/setuptools/dist.py:476: SetuptoolsDeprecationWarning: Invalid dash-separated options
!!

        ********************************************************************************
        Usage of dash-separated 'script-dir' will not be supported in future
        versions. Please use the underscore name 'script_dir' instead.

        This deprecation is overdue, please update your project and remove deprecated
        calls to avoid build errors in the future.

        See https://setuptools.pypa.io/en/latest/userguide/declarative_config.html for details.
        ********************************************************************************

!!
  opt = self.warn_dash_deprecation(opt, section)
running develop
running egg_info
writing f1tenth_stack.egg-info/PKG-INFO
writing dependency_links to f1tenth_stack.egg-info/dependency_links.txt
writing entry points to f1tenth_stack.egg-info/entry_points.txt
writing requirements to f1tenth_stack.egg-info/requires.txt
writing top-level names to f1tenth_stack.egg-info/top_level.txt
reading manifest file 'f1tenth_stack.egg-info/SOURCES.txt'
writing manifest file 'f1tenth_stack.egg-info/SOURCES.txt'
running build_ext
Creating /home/ircv7/RACE/real_ws/install/f1tenth_stack/lib/python3.10/site-packages/f1tenth-stack.egg-link (link to .)
Installing car_visualizer.py script to /home/ircv7/RACE/real_ws/install/f1tenth_stack/lib/f1tenth_stack
Installing tf_publisher script to /home/ircv7/RACE/real_ws/install/f1tenth_stack/lib/f1tenth_stack
Installing throttle_interpolator script to /home/ircv7/RACE/real_ws/install/f1tenth_stack/lib/f1tenth_stack
Installing vesc_imu_bridge script to /home/ircv7/RACE/real_ws/install/f1tenth_stack/lib/f1tenth_stack

Installed /home/ircv7/RACE/real_ws/build/f1tenth_stack
running symlink_data
