[0.037s] Invoking command in '/home/ircv7/RACE/real_ws/build/vesc_driver': CMAKE_PREFIX_PATH=/home/ircv7/RACE/real_ws/install/vesc_msgs:/home/ircv7/RACE/real_ws/install/slam_nav:/home/ircv7/RACE/real_ws/install/vesc:/home/ircv7/RACE/real_ws/install/vesc_driver:/home/ircv7/RACE/real_ws/install/vesc_ackermann:/home/ircv7/RACE/real_ws/install/teleop_tools:/home/ircv7/RACE/real_ws/install/teleop_tools_msgs:/home/ircv7/RACE/real_ws/install/pure_pursuit:/home/ircv7/RACE/real_ws/install/ackermann_mux:/home/ircv7/RACE/real_ws/install/f1tenth_stack:/home/ircv7/RACE/real_ws/install/joy_teleop:/home/ircv7/RACE/real_ws/install/obs_detect:/home/ircv7/RACE/real_ws/install/mouse_teleop:/home/ircv7/RACE/real_ws/install/map_humble:/home/ircv7/RACE/real_ws/install/map_control:/home/ircv7/RACE/real_ws/install/lane_selector:/home/ircv7/RACE/real_ws/install/key_teleop:/opt/ros/humble CONDA_PROMPT_MODIFIER=(base) LD_LIBRARY_PATH=/home/ircv7/RACE/real_ws/install/vesc_msgs/lib:/home/ircv7/RACE/real_ws/install/vesc_driver/lib:/home/ircv7/RACE/real_ws/install/vesc_ackermann/lib:/home/ircv7/RACE/real_ws/install/teleop_tools_msgs/lib:/opt/ros/humble/opt/rviz_ogre_vendor/lib:/opt/ros/humble/lib/aarch64-linux-gnu:/opt/ros/humble/lib /usr/bin/cmake --build /home/ircv7/RACE/real_ws/build/vesc_driver -- -j6 -l6
[0.224s] [ 20%] Built target vesc_driver_node
[0.224s] [ 70%] Built target vesc_driver
[0.266s] [100%] Built target vesc_device_namer
[0.288s] Invoked command in '/home/ircv7/RACE/real_ws/build/vesc_driver' returned '0': CMAKE_PREFIX_PATH=/home/ircv7/RACE/real_ws/install/vesc_msgs:/home/ircv7/RACE/real_ws/install/slam_nav:/home/ircv7/RACE/real_ws/install/vesc:/home/ircv7/RACE/real_ws/install/vesc_driver:/home/ircv7/RACE/real_ws/install/vesc_ackermann:/home/ircv7/RACE/real_ws/install/teleop_tools:/home/ircv7/RACE/real_ws/install/teleop_tools_msgs:/home/ircv7/RACE/real_ws/install/pure_pursuit:/home/ircv7/RACE/real_ws/install/ackermann_mux:/home/ircv7/RACE/real_ws/install/f1tenth_stack:/home/ircv7/RACE/real_ws/install/joy_teleop:/home/ircv7/RACE/real_ws/install/obs_detect:/home/ircv7/RACE/real_ws/install/mouse_teleop:/home/ircv7/RACE/real_ws/install/map_humble:/home/ircv7/RACE/real_ws/install/map_control:/home/ircv7/RACE/real_ws/install/lane_selector:/home/ircv7/RACE/real_ws/install/key_teleop:/opt/ros/humble CONDA_PROMPT_MODIFIER=(base) LD_LIBRARY_PATH=/home/ircv7/RACE/real_ws/install/vesc_msgs/lib:/home/ircv7/RACE/real_ws/install/vesc_driver/lib:/home/ircv7/RACE/real_ws/install/vesc_ackermann/lib:/home/ircv7/RACE/real_ws/install/teleop_tools_msgs/lib:/opt/ros/humble/opt/rviz_ogre_vendor/lib:/opt/ros/humble/lib/aarch64-linux-gnu:/opt/ros/humble/lib /usr/bin/cmake --build /home/ircv7/RACE/real_ws/build/vesc_driver -- -j6 -l6
[0.292s] Invoking command in '/home/ircv7/RACE/real_ws/build/vesc_driver': CMAKE_PREFIX_PATH=/home/ircv7/RACE/real_ws/install/vesc_msgs:/home/ircv7/RACE/real_ws/install/slam_nav:/home/ircv7/RACE/real_ws/install/vesc:/home/ircv7/RACE/real_ws/install/vesc_driver:/home/ircv7/RACE/real_ws/install/vesc_ackermann:/home/ircv7/RACE/real_ws/install/teleop_tools:/home/ircv7/RACE/real_ws/install/teleop_tools_msgs:/home/ircv7/RACE/real_ws/install/pure_pursuit:/home/ircv7/RACE/real_ws/install/ackermann_mux:/home/ircv7/RACE/real_ws/install/f1tenth_stack:/home/ircv7/RACE/real_ws/install/joy_teleop:/home/ircv7/RACE/real_ws/install/obs_detect:/home/ircv7/RACE/real_ws/install/mouse_teleop:/home/ircv7/RACE/real_ws/install/map_humble:/home/ircv7/RACE/real_ws/install/map_control:/home/ircv7/RACE/real_ws/install/lane_selector:/home/ircv7/RACE/real_ws/install/key_teleop:/opt/ros/humble CONDA_PROMPT_MODIFIER=(base) LD_LIBRARY_PATH=/home/ircv7/RACE/real_ws/install/vesc_msgs/lib:/home/ircv7/RACE/real_ws/install/vesc_driver/lib:/home/ircv7/RACE/real_ws/install/vesc_ackermann/lib:/home/ircv7/RACE/real_ws/install/teleop_tools_msgs/lib:/opt/ros/humble/opt/rviz_ogre_vendor/lib:/opt/ros/humble/lib/aarch64-linux-gnu:/opt/ros/humble/lib /usr/bin/cmake --install /home/ircv7/RACE/real_ws/build/vesc_driver
[0.309s] -- Install configuration: "Release"
[0.311s] -- Execute custom install script
[0.312s] -- Up-to-date symlink: /home/ircv7/RACE/real_ws/install/vesc_driver/lib/vesc_driver/vesc_driver_node
[0.313s] -- Up-to-date symlink: /home/ircv7/RACE/real_ws/install/vesc_driver/include/vesc_driver/crc.hpp
[0.314s] -- Up-to-date symlink: /home/ircv7/RACE/real_ws/install/vesc_driver/include/vesc_driver/datatypes.hpp
[0.314s] -- Up-to-date symlink: /home/ircv7/RACE/real_ws/install/vesc_driver/include/vesc_driver/vesc_device_uuid_lookup.hpp
[0.315s] -- Up-to-date symlink: /home/ircv7/RACE/real_ws/install/vesc_driver/include/vesc_driver/vesc_driver.hpp
[0.316s] -- Up-to-date symlink: /home/ircv7/RACE/real_ws/install/vesc_driver/include/vesc_driver/vesc_interface.hpp
[0.316s] -- Up-to-date symlink: /home/ircv7/RACE/real_ws/install/vesc_driver/include/vesc_driver/vesc_packet.hpp
[0.317s] -- Up-to-date symlink: /home/ircv7/RACE/real_ws/install/vesc_driver/include/vesc_driver/vesc_packet_factory.hpp
[0.317s] -- Up-to-date symlink: /home/ircv7/RACE/real_ws/install/vesc_driver/share/vesc_driver/environment/library_path.sh
[0.318s] -- Up-to-date symlink: /home/ircv7/RACE/real_ws/install/vesc_driver/share/vesc_driver/environment/library_path.dsv
[0.319s] -- Up-to-date symlink: /home/ircv7/RACE/real_ws/install/vesc_driver/lib/libvesc_driver.so
[0.320s] -- Up-to-date symlink: /home/ircv7/RACE/real_ws/install/vesc_driver/lib/vesc_driver/vesc_device_namer
[0.321s] -- Up-to-date symlink: /home/ircv7/RACE/real_ws/install/vesc_driver/share/vesc_driver/launch/vesc_driver_node.launch.py
[0.322s] -- Up-to-date symlink: /home/ircv7/RACE/real_ws/install/vesc_driver/share/vesc_driver/params/vesc_config.yaml
[0.323s] -- Up-to-date symlink: /home/ircv7/RACE/real_ws/install/vesc_driver/share/ament_index/resource_index/package_run_dependencies/vesc_driver
[0.323s] -- Up-to-date symlink: /home/ircv7/RACE/real_ws/install/vesc_driver/share/ament_index/resource_index/parent_prefix_path/vesc_driver
[0.324s] -- Up-to-date symlink: /home/ircv7/RACE/real_ws/install/vesc_driver/share/vesc_driver/environment/ament_prefix_path.sh
[0.325s] -- Up-to-date symlink: /home/ircv7/RACE/real_ws/install/vesc_driver/share/vesc_driver/environment/ament_prefix_path.dsv
[0.326s] -- Up-to-date symlink: /home/ircv7/RACE/real_ws/install/vesc_driver/share/vesc_driver/environment/path.sh
[0.326s] -- Up-to-date symlink: /home/ircv7/RACE/real_ws/install/vesc_driver/share/vesc_driver/environment/path.dsv
[0.327s] -- Up-to-date symlink: /home/ircv7/RACE/real_ws/install/vesc_driver/share/vesc_driver/local_setup.bash
[0.328s] -- Up-to-date symlink: /home/ircv7/RACE/real_ws/install/vesc_driver/share/vesc_driver/local_setup.sh
[0.328s] -- Up-to-date symlink: /home/ircv7/RACE/real_ws/install/vesc_driver/share/vesc_driver/local_setup.zsh
[0.329s] -- Up-to-date symlink: /home/ircv7/RACE/real_ws/install/vesc_driver/share/vesc_driver/local_setup.dsv
[0.330s] -- Symlinking: /home/ircv7/RACE/real_ws/install/vesc_driver/share/vesc_driver/package.dsv
[0.353s] -- Up-to-date symlink: /home/ircv7/RACE/real_ws/install/vesc_driver/share/ament_index/resource_index/packages/vesc_driver
[0.354s] -- Up-to-date symlink: /home/ircv7/RACE/real_ws/install/vesc_driver/share/ament_index/resource_index/rclcpp_components/vesc_driver
[0.354s] -- Up-to-date symlink: /home/ircv7/RACE/real_ws/install/vesc_driver/share/vesc_driver/cmake/ament_cmake_export_dependencies-extras.cmake
[0.354s] -- Up-to-date symlink: /home/ircv7/RACE/real_ws/install/vesc_driver/share/vesc_driver/cmake/ament_cmake_export_include_directories-extras.cmake
[0.354s] -- Up-to-date symlink: /home/ircv7/RACE/real_ws/install/vesc_driver/share/vesc_driver/cmake/ament_cmake_export_libraries-extras.cmake
[0.354s] -- Up-to-date symlink: /home/ircv7/RACE/real_ws/install/vesc_driver/share/vesc_driver/cmake/vesc_driverConfig.cmake
[0.354s] -- Up-to-date symlink: /home/ircv7/RACE/real_ws/install/vesc_driver/share/vesc_driver/cmake/vesc_driverConfig-version.cmake
[0.354s] -- Up-to-date symlink: /home/ircv7/RACE/real_ws/install/vesc_driver/share/vesc_driver/package.xml
[0.368s] Invoked command in '/home/ircv7/RACE/real_ws/build/vesc_driver' returned '0': CMAKE_PREFIX_PATH=/home/ircv7/RACE/real_ws/install/vesc_msgs:/home/ircv7/RACE/real_ws/install/slam_nav:/home/ircv7/RACE/real_ws/install/vesc:/home/ircv7/RACE/real_ws/install/vesc_driver:/home/ircv7/RACE/real_ws/install/vesc_ackermann:/home/ircv7/RACE/real_ws/install/teleop_tools:/home/ircv7/RACE/real_ws/install/teleop_tools_msgs:/home/ircv7/RACE/real_ws/install/pure_pursuit:/home/ircv7/RACE/real_ws/install/ackermann_mux:/home/ircv7/RACE/real_ws/install/f1tenth_stack:/home/ircv7/RACE/real_ws/install/joy_teleop:/home/ircv7/RACE/real_ws/install/obs_detect:/home/ircv7/RACE/real_ws/install/mouse_teleop:/home/ircv7/RACE/real_ws/install/map_humble:/home/ircv7/RACE/real_ws/install/map_control:/home/ircv7/RACE/real_ws/install/lane_selector:/home/ircv7/RACE/real_ws/install/key_teleop:/opt/ros/humble CONDA_PROMPT_MODIFIER=(base) LD_LIBRARY_PATH=/home/ircv7/RACE/real_ws/install/vesc_msgs/lib:/home/ircv7/RACE/real_ws/install/vesc_driver/lib:/home/ircv7/RACE/real_ws/install/vesc_ackermann/lib:/home/ircv7/RACE/real_ws/install/teleop_tools_msgs/lib:/opt/ros/humble/opt/rviz_ogre_vendor/lib:/opt/ros/humble/lib/aarch64-linux-gnu:/opt/ros/humble/lib /usr/bin/cmake --install /home/ircv7/RACE/real_ws/build/vesc_driver
