-- Found ament_cmake: 1.3.12 (/opt/ros/humble/share/ament_cmake/cmake)
-- Override CMake install command with custom implementation using symlinks instead of copying resources
-- Found rclcpp: 16.0.15 (/opt/ros/humble/share/rclcpp/cmake)
-- Found rosidl_generator_c: 3.1.7 (/opt/ros/humble/share/rosidl_generator_c/cmake)
-- Found rosidl_adapter: 3.1.7 (/opt/ros/humble/share/rosidl_adapter/cmake)
-- Found rosidl_generator_cpp: 3.1.7 (/opt/ros/humble/share/rosidl_generator_cpp/cmake)
-- Using all available rosidl_typesupport_c: rosidl_typesupport_fastrtps_c;rosidl_typesupport_introspection_c
-- Using all available rosidl_typesupport_cpp: rosidl_typesupport_fastrtps_cpp;rosidl_typesupport_introspection_cpp
-- Found rmw_implementation_cmake: 6.1.2 (/opt/ros/humble/share/rmw_implementation_cmake/cmake)
-- Found rmw_fastrtps_cpp: 6.2.8 (/opt/ros/humble/share/rmw_fastrtps_cpp/cmake)
-- Using RMW implementation 'rmw_fastrtps_cpp' as default
-- Found std_srvs: 4.9.0 (/opt/ros/humble/share/std_srvs/cmake)
-- Found geometry_msgs: 4.9.0 (/opt/ros/humble/share/geometry_msgs/cmake)
-- Found nav_msgs: 4.9.0 (/opt/ros/humble/share/nav_msgs/cmake)
-- Found sensor_msgs: 4.9.0 (/opt/ros/humble/share/sensor_msgs/cmake)
-- Found tf2: 0.25.16 (/opt/ros/humble/share/tf2/cmake)
-- Found tf2_geometry_msgs: 0.25.16 (/opt/ros/humble/share/tf2_geometry_msgs/cmake)
-- Found eigen3_cmake_module: 0.1.1 (/opt/ros/humble/share/eigen3_cmake_module/cmake)
-- Ensuring Eigen3 include directory is part of orocos-kdl CMake target
-- Found lifecycle_msgs: 1.2.2 (/opt/ros/humble/share/lifecycle_msgs/cmake)
-- Found ament_lint_auto: 0.12.14 (/opt/ros/humble/share/ament_lint_auto/cmake)
-- Added test 'copyright' to check source files copyright and LICENSE
-- Added test 'cppcheck' to perform static code analysis on C / C++ code
-- Configured cppcheck include dirs: /home/ircv7/RACE/real_ws/src/slam_nav/include
-- Configured cppcheck exclude dirs and/or files: 
-- Added test 'cpplint' to check C / C++ code against the Google style
-- Configured cpplint exclude dirs and/or files: 
-- Added test 'flake8' to check Python code syntax and style conventions
-- Added test 'lint_cmake' to check CMake code style
-- Added test 'pep257' to check Python code against some of the docstring style conventions in PEP 257
-- Added test 'uncrustify' to check C / C++ code style
-- Configured uncrustify additional arguments: 
-- Added test 'xmllint' to check XML markup files
-- Configuring done
-- Generating done
-- Build files have been written to: /home/ircv7/RACE/real_ws/build/slam_nav
Consolidate compiler generated dependencies of target slam_nav_manager
Consolidate compiler generated dependencies of target high_frequency_localizer_node
[ 50%] Built target slam_nav_manager
[100%] Built target high_frequency_localizer_node
-- Install configuration: "Release"
-- Execute custom install script
-- Up-to-date symlink: /home/ircv7/RACE/real_ws/install/slam_nav/share/slam_nav/launch//__pycache__/localization_launch.cpython-38.pyc
-- Up-to-date symlink: /home/ircv7/RACE/real_ws/install/slam_nav/share/slam_nav/launch//localization_launch.py
-- Up-to-date symlink: /home/ircv7/RACE/real_ws/install/slam_nav/share/slam_nav/launch//slam_nav_launch.py
-- Up-to-date symlink: /home/ircv7/RACE/real_ws/install/slam_nav/share/slam_nav/launch//slam_nav_manager_launch.py
-- Up-to-date symlink: /home/ircv7/RACE/real_ws/install/slam_nav/share/slam_nav/config//amcl_config.yaml
-- Up-to-date symlink: /home/ircv7/RACE/real_ws/install/slam_nav/share/slam_nav/config//cartographer_config.lua
-- Up-to-date symlink: /home/ircv7/RACE/real_ws/install/slam_nav/share/slam_nav/config//slam_toolbox_async_config.yaml
-- Up-to-date symlink: /home/ircv7/RACE/real_ws/install/slam_nav/share/slam_nav/config//slam_toolbox_config.yaml
-- Up-to-date symlink: /home/ircv7/RACE/real_ws/install/slam_nav/lib/slam_nav/slam_nav_manager
-- Up-to-date symlink: /home/ircv7/RACE/real_ws/install/slam_nav/lib/slam_nav/high_frequency_localizer_node
-- Up-to-date symlink: /home/ircv7/RACE/real_ws/install/slam_nav/lib/slam_nav/localization_performance_test.py
-- Up-to-date symlink: /home/ircv7/RACE/real_ws/install/slam_nav/lib/slam_nav/high_frequency_localization.py
-- Up-to-date symlink: /home/ircv7/RACE/real_ws/install/slam_nav/share/ament_index/resource_index/package_run_dependencies/slam_nav
-- Up-to-date symlink: /home/ircv7/RACE/real_ws/install/slam_nav/share/ament_index/resource_index/parent_prefix_path/slam_nav
-- Up-to-date symlink: /home/ircv7/RACE/real_ws/install/slam_nav/share/slam_nav/environment/ament_prefix_path.sh
-- Up-to-date symlink: /home/ircv7/RACE/real_ws/install/slam_nav/share/slam_nav/environment/ament_prefix_path.dsv
-- Up-to-date symlink: /home/ircv7/RACE/real_ws/install/slam_nav/share/slam_nav/environment/path.sh
-- Up-to-date symlink: /home/ircv7/RACE/real_ws/install/slam_nav/share/slam_nav/environment/path.dsv
-- Up-to-date symlink: /home/ircv7/RACE/real_ws/install/slam_nav/share/slam_nav/local_setup.bash
-- Up-to-date symlink: /home/ircv7/RACE/real_ws/install/slam_nav/share/slam_nav/local_setup.sh
-- Up-to-date symlink: /home/ircv7/RACE/real_ws/install/slam_nav/share/slam_nav/local_setup.zsh
-- Up-to-date symlink: /home/ircv7/RACE/real_ws/install/slam_nav/share/slam_nav/local_setup.dsv
-- Symlinking: /home/ircv7/RACE/real_ws/install/slam_nav/share/slam_nav/package.dsv
-- Up-to-date symlink: /home/ircv7/RACE/real_ws/install/slam_nav/share/ament_index/resource_index/packages/slam_nav
-- Up-to-date symlink: /home/ircv7/RACE/real_ws/install/slam_nav/share/slam_nav/cmake/slam_navConfig.cmake
-- Up-to-date symlink: /home/ircv7/RACE/real_ws/install/slam_nav/share/slam_nav/cmake/slam_navConfig-version.cmake
-- Up-to-date symlink: /home/ircv7/RACE/real_ws/install/slam_nav/share/slam_nav/package.xml
