[0.062s] Invoking command in '/home/ircv7/RACE/real_ws/build/slam_nav': AMENT_PREFIX_PATH=/home/ircv7/RACE/real_ws/install/f1tenth_stack:/home/ircv7/RACE/real_ws/install/vesc:/home/ircv7/RACE/real_ws/install/vesc_driver:/home/ircv7/RACE/real_ws/install/vesc_ackermann:/home/ircv7/RACE/real_ws/install/joy_teleop:/home/ircv7/RACE/real_ws/install/vesc_msgs:/home/ircv7/RACE/real_ws/install/teleop_tools_msgs:/home/ircv7/RACE/real_ws/install/ackermann_mux:${AMENT_PREFIX_PATH} CMAKE_PREFIX_PATH=/home/ircv7/RACE/real_ws/install/vesc:/home/ircv7/RACE/real_ws/install/vesc_driver:/home/ircv7/RACE/real_ws/install/vesc_ackermann:/home/ircv7/RACE/real_ws/install/vesc_msgs:/home/ircv7/RACE/real_ws/install/teleop_tools_msgs:/home/ircv7/RACE/real_ws/install/ackermann_mux:/opt/ros/humble CONDA_PROMPT_MODIFIER=(base) LD_LIBRARY_PATH=/home/ircv7/RACE/real_ws/install/vesc_driver/lib:/home/ircv7/RACE/real_ws/install/vesc_ackermann/lib:/home/ircv7/RACE/real_ws/install/vesc_msgs/lib:/home/ircv7/RACE/real_ws/install/teleop_tools_msgs/lib:${LD_LIBRARY_PATH} PYTHONPATH=/home/ircv7/RACE/real_ws/build/f1tenth_stack:/home/ircv7/RACE/real_ws/install/f1tenth_stack/lib/python3.10/site-packages:/home/ircv7/RACE/real_ws/build/joy_teleop:/home/ircv7/RACE/real_ws/install/joy_teleop/lib/python3.10/site-packages:/home/ircv7/RACE/real_ws/install/vesc_msgs/local/lib/python3.10/dist-packages:/home/ircv7/RACE/real_ws/install/teleop_tools_msgs/local/lib/python3.10/dist-packages:${PYTHONPATH} /usr/bin/cmake /home/ircv7/RACE/real_ws/src/slam_nav -DCMAKE_INSTALL_PREFIX=/home/ircv7/RACE/real_ws/install/slam_nav
[0.120s] -- Found ament_cmake: 1.3.12 (/opt/ros/humble/share/ament_cmake/cmake)
[0.498s] -- Override CMake install command with custom implementation using symlinks instead of copying resources
[0.544s] -- Found rclcpp: 16.0.15 (/opt/ros/humble/share/rclcpp/cmake)
[0.629s] -- Found rosidl_generator_c: 3.1.7 (/opt/ros/humble/share/rosidl_generator_c/cmake)
[0.635s] -- Found rosidl_adapter: 3.1.7 (/opt/ros/humble/share/rosidl_adapter/cmake)
[0.677s] -- Found rosidl_generator_cpp: 3.1.7 (/opt/ros/humble/share/rosidl_generator_cpp/cmake)
[0.703s] -- Using all available rosidl_typesupport_c: rosidl_typesupport_fastrtps_c;rosidl_typesupport_introspection_c
[0.730s] -- Using all available rosidl_typesupport_cpp: rosidl_typesupport_fastrtps_cpp;rosidl_typesupport_introspection_cpp
[0.809s] -- Found rmw_implementation_cmake: 6.1.2 (/opt/ros/humble/share/rmw_implementation_cmake/cmake)
[0.815s] -- Found rmw_fastrtps_cpp: 6.2.8 (/opt/ros/humble/share/rmw_fastrtps_cpp/cmake)
[1.030s] -- Using RMW implementation 'rmw_fastrtps_cpp' as default
[1.142s] -- Found std_srvs: 4.9.0 (/opt/ros/humble/share/std_srvs/cmake)
[1.164s] -- Found geometry_msgs: 4.9.0 (/opt/ros/humble/share/geometry_msgs/cmake)
[1.191s] -- Found nav_msgs: 4.9.0 (/opt/ros/humble/share/nav_msgs/cmake)
[1.224s] -- Found sensor_msgs: 4.9.0 (/opt/ros/humble/share/sensor_msgs/cmake)
[1.256s] -- Found tf2: 0.25.16 (/opt/ros/humble/share/tf2/cmake)
[1.267s] -- Found tf2_geometry_msgs: 0.25.16 (/opt/ros/humble/share/tf2_geometry_msgs/cmake)
[1.275s] -- Found eigen3_cmake_module: 0.1.1 (/opt/ros/humble/share/eigen3_cmake_module/cmake)
[1.279s] -- Ensuring Eigen3 include directory is part of orocos-kdl CMake target
[1.450s] -- Found lifecycle_msgs: 1.2.2 (/opt/ros/humble/share/lifecycle_msgs/cmake)
[1.489s] -- Found ament_lint_auto: 0.12.14 (/opt/ros/humble/share/ament_lint_auto/cmake)
[1.696s] -- Added test 'copyright' to check source files copyright and LICENSE
[1.705s] -- Added test 'cppcheck' to perform static code analysis on C / C++ code
[1.705s] -- Configured cppcheck include dirs: /home/ircv7/RACE/real_ws/src/slam_nav/include
[1.705s] -- Configured cppcheck exclude dirs and/or files: 
[1.714s] -- Added test 'cpplint' to check C / C++ code against the Google style
[1.714s] -- Configured cpplint exclude dirs and/or files: 
[1.716s] -- Added test 'flake8' to check Python code syntax and style conventions
[1.718s] -- Added test 'lint_cmake' to check CMake code style
[1.720s] -- Added test 'pep257' to check Python code against some of the docstring style conventions in PEP 257
[1.727s] -- Added test 'uncrustify' to check C / C++ code style
[1.727s] -- Configured uncrustify additional arguments: 
[1.728s] -- Added test 'xmllint' to check XML markup files
[1.731s] -- Configuring done
[1.788s] -- Generating done
[1.805s] -- Build files have been written to: /home/ircv7/RACE/real_ws/build/slam_nav
[1.835s] Invoked command in '/home/ircv7/RACE/real_ws/build/slam_nav' returned '0': AMENT_PREFIX_PATH=/home/ircv7/RACE/real_ws/install/f1tenth_stack:/home/ircv7/RACE/real_ws/install/vesc:/home/ircv7/RACE/real_ws/install/vesc_driver:/home/ircv7/RACE/real_ws/install/vesc_ackermann:/home/ircv7/RACE/real_ws/install/joy_teleop:/home/ircv7/RACE/real_ws/install/vesc_msgs:/home/ircv7/RACE/real_ws/install/teleop_tools_msgs:/home/ircv7/RACE/real_ws/install/ackermann_mux:${AMENT_PREFIX_PATH} CMAKE_PREFIX_PATH=/home/ircv7/RACE/real_ws/install/vesc:/home/ircv7/RACE/real_ws/install/vesc_driver:/home/ircv7/RACE/real_ws/install/vesc_ackermann:/home/ircv7/RACE/real_ws/install/vesc_msgs:/home/ircv7/RACE/real_ws/install/teleop_tools_msgs:/home/ircv7/RACE/real_ws/install/ackermann_mux:/opt/ros/humble CONDA_PROMPT_MODIFIER=(base) LD_LIBRARY_PATH=/home/ircv7/RACE/real_ws/install/vesc_driver/lib:/home/ircv7/RACE/real_ws/install/vesc_ackermann/lib:/home/ircv7/RACE/real_ws/install/vesc_msgs/lib:/home/ircv7/RACE/real_ws/install/teleop_tools_msgs/lib:${LD_LIBRARY_PATH} PYTHONPATH=/home/ircv7/RACE/real_ws/build/f1tenth_stack:/home/ircv7/RACE/real_ws/install/f1tenth_stack/lib/python3.10/site-packages:/home/ircv7/RACE/real_ws/build/joy_teleop:/home/ircv7/RACE/real_ws/install/joy_teleop/lib/python3.10/site-packages:/home/ircv7/RACE/real_ws/install/vesc_msgs/local/lib/python3.10/dist-packages:/home/ircv7/RACE/real_ws/install/teleop_tools_msgs/local/lib/python3.10/dist-packages:${PYTHONPATH} /usr/bin/cmake /home/ircv7/RACE/real_ws/src/slam_nav -DCMAKE_INSTALL_PREFIX=/home/ircv7/RACE/real_ws/install/slam_nav
[1.839s] Invoking command in '/home/ircv7/RACE/real_ws/build/slam_nav': AMENT_PREFIX_PATH=/home/ircv7/RACE/real_ws/install/f1tenth_stack:/home/ircv7/RACE/real_ws/install/vesc:/home/ircv7/RACE/real_ws/install/vesc_driver:/home/ircv7/RACE/real_ws/install/vesc_ackermann:/home/ircv7/RACE/real_ws/install/joy_teleop:/home/ircv7/RACE/real_ws/install/vesc_msgs:/home/ircv7/RACE/real_ws/install/teleop_tools_msgs:/home/ircv7/RACE/real_ws/install/ackermann_mux:${AMENT_PREFIX_PATH} CMAKE_PREFIX_PATH=/home/ircv7/RACE/real_ws/install/vesc:/home/ircv7/RACE/real_ws/install/vesc_driver:/home/ircv7/RACE/real_ws/install/vesc_ackermann:/home/ircv7/RACE/real_ws/install/vesc_msgs:/home/ircv7/RACE/real_ws/install/teleop_tools_msgs:/home/ircv7/RACE/real_ws/install/ackermann_mux:/opt/ros/humble CONDA_PROMPT_MODIFIER=(base) LD_LIBRARY_PATH=/home/ircv7/RACE/real_ws/install/vesc_driver/lib:/home/ircv7/RACE/real_ws/install/vesc_ackermann/lib:/home/ircv7/RACE/real_ws/install/vesc_msgs/lib:/home/ircv7/RACE/real_ws/install/teleop_tools_msgs/lib:${LD_LIBRARY_PATH} PYTHONPATH=/home/ircv7/RACE/real_ws/build/f1tenth_stack:/home/ircv7/RACE/real_ws/install/f1tenth_stack/lib/python3.10/site-packages:/home/ircv7/RACE/real_ws/build/joy_teleop:/home/ircv7/RACE/real_ws/install/joy_teleop/lib/python3.10/site-packages:/home/ircv7/RACE/real_ws/install/vesc_msgs/local/lib/python3.10/dist-packages:/home/ircv7/RACE/real_ws/install/teleop_tools_msgs/local/lib/python3.10/dist-packages:${PYTHONPATH} /usr/bin/cmake --build /home/ircv7/RACE/real_ws/build/slam_nav -- -j6 -l6
[1.938s] Consolidate compiler generated dependencies of target slam_nav_manager
[1.940s] Consolidate compiler generated dependencies of target high_frequency_localizer_node
[2.034s] [ 50%] Built target slam_nav_manager
[2.035s] [100%] Built target high_frequency_localizer_node
[2.062s] Invoked command in '/home/ircv7/RACE/real_ws/build/slam_nav' returned '0': AMENT_PREFIX_PATH=/home/ircv7/RACE/real_ws/install/f1tenth_stack:/home/ircv7/RACE/real_ws/install/vesc:/home/ircv7/RACE/real_ws/install/vesc_driver:/home/ircv7/RACE/real_ws/install/vesc_ackermann:/home/ircv7/RACE/real_ws/install/joy_teleop:/home/ircv7/RACE/real_ws/install/vesc_msgs:/home/ircv7/RACE/real_ws/install/teleop_tools_msgs:/home/ircv7/RACE/real_ws/install/ackermann_mux:${AMENT_PREFIX_PATH} CMAKE_PREFIX_PATH=/home/ircv7/RACE/real_ws/install/vesc:/home/ircv7/RACE/real_ws/install/vesc_driver:/home/ircv7/RACE/real_ws/install/vesc_ackermann:/home/ircv7/RACE/real_ws/install/vesc_msgs:/home/ircv7/RACE/real_ws/install/teleop_tools_msgs:/home/ircv7/RACE/real_ws/install/ackermann_mux:/opt/ros/humble CONDA_PROMPT_MODIFIER=(base) LD_LIBRARY_PATH=/home/ircv7/RACE/real_ws/install/vesc_driver/lib:/home/ircv7/RACE/real_ws/install/vesc_ackermann/lib:/home/ircv7/RACE/real_ws/install/vesc_msgs/lib:/home/ircv7/RACE/real_ws/install/teleop_tools_msgs/lib:${LD_LIBRARY_PATH} PYTHONPATH=/home/ircv7/RACE/real_ws/build/f1tenth_stack:/home/ircv7/RACE/real_ws/install/f1tenth_stack/lib/python3.10/site-packages:/home/ircv7/RACE/real_ws/build/joy_teleop:/home/ircv7/RACE/real_ws/install/joy_teleop/lib/python3.10/site-packages:/home/ircv7/RACE/real_ws/install/vesc_msgs/local/lib/python3.10/dist-packages:/home/ircv7/RACE/real_ws/install/teleop_tools_msgs/local/lib/python3.10/dist-packages:${PYTHONPATH} /usr/bin/cmake --build /home/ircv7/RACE/real_ws/build/slam_nav -- -j6 -l6
[2.093s] Invoking command in '/home/ircv7/RACE/real_ws/build/slam_nav': AMENT_PREFIX_PATH=/home/ircv7/RACE/real_ws/install/f1tenth_stack:/home/ircv7/RACE/real_ws/install/vesc:/home/ircv7/RACE/real_ws/install/vesc_driver:/home/ircv7/RACE/real_ws/install/vesc_ackermann:/home/ircv7/RACE/real_ws/install/joy_teleop:/home/ircv7/RACE/real_ws/install/vesc_msgs:/home/ircv7/RACE/real_ws/install/teleop_tools_msgs:/home/ircv7/RACE/real_ws/install/ackermann_mux:${AMENT_PREFIX_PATH} CMAKE_PREFIX_PATH=/home/ircv7/RACE/real_ws/install/vesc:/home/ircv7/RACE/real_ws/install/vesc_driver:/home/ircv7/RACE/real_ws/install/vesc_ackermann:/home/ircv7/RACE/real_ws/install/vesc_msgs:/home/ircv7/RACE/real_ws/install/teleop_tools_msgs:/home/ircv7/RACE/real_ws/install/ackermann_mux:/opt/ros/humble CONDA_PROMPT_MODIFIER=(base) LD_LIBRARY_PATH=/home/ircv7/RACE/real_ws/install/vesc_driver/lib:/home/ircv7/RACE/real_ws/install/vesc_ackermann/lib:/home/ircv7/RACE/real_ws/install/vesc_msgs/lib:/home/ircv7/RACE/real_ws/install/teleop_tools_msgs/lib:${LD_LIBRARY_PATH} PYTHONPATH=/home/ircv7/RACE/real_ws/build/f1tenth_stack:/home/ircv7/RACE/real_ws/install/f1tenth_stack/lib/python3.10/site-packages:/home/ircv7/RACE/real_ws/build/joy_teleop:/home/ircv7/RACE/real_ws/install/joy_teleop/lib/python3.10/site-packages:/home/ircv7/RACE/real_ws/install/vesc_msgs/local/lib/python3.10/dist-packages:/home/ircv7/RACE/real_ws/install/teleop_tools_msgs/local/lib/python3.10/dist-packages:${PYTHONPATH} /usr/bin/cmake --install /home/ircv7/RACE/real_ws/build/slam_nav
[2.118s] -- Install configuration: "Release"
[2.122s] -- Execute custom install script
[2.129s] -- Up-to-date symlink: /home/ircv7/RACE/real_ws/install/slam_nav/share/slam_nav/launch//__pycache__/localization_launch.cpython-38.pyc
[2.133s] -- Up-to-date symlink: /home/ircv7/RACE/real_ws/install/slam_nav/share/slam_nav/launch//localization_launch.py
[2.138s] -- Up-to-date symlink: /home/ircv7/RACE/real_ws/install/slam_nav/share/slam_nav/launch//slam_nav_launch.py
[2.140s] -- Up-to-date symlink: /home/ircv7/RACE/real_ws/install/slam_nav/share/slam_nav/launch//slam_nav_manager_launch.py
[2.142s] -- Up-to-date symlink: /home/ircv7/RACE/real_ws/install/slam_nav/share/slam_nav/config//amcl_config.yaml
[2.143s] -- Up-to-date symlink: /home/ircv7/RACE/real_ws/install/slam_nav/share/slam_nav/config//cartographer_config.lua
[2.144s] -- Up-to-date symlink: /home/ircv7/RACE/real_ws/install/slam_nav/share/slam_nav/config//slam_toolbox_async_config.yaml
[2.145s] -- Up-to-date symlink: /home/ircv7/RACE/real_ws/install/slam_nav/share/slam_nav/config//slam_toolbox_config.yaml
[2.146s] -- Up-to-date symlink: /home/ircv7/RACE/real_ws/install/slam_nav/lib/slam_nav/slam_nav_manager
[2.147s] -- Up-to-date symlink: /home/ircv7/RACE/real_ws/install/slam_nav/lib/slam_nav/high_frequency_localizer_node
[2.148s] -- Up-to-date symlink: /home/ircv7/RACE/real_ws/install/slam_nav/lib/slam_nav/localization_performance_test.py
[2.149s] -- Up-to-date symlink: /home/ircv7/RACE/real_ws/install/slam_nav/lib/slam_nav/high_frequency_localization.py
[2.150s] -- Up-to-date symlink: /home/ircv7/RACE/real_ws/install/slam_nav/share/ament_index/resource_index/package_run_dependencies/slam_nav
[2.151s] -- Up-to-date symlink: /home/ircv7/RACE/real_ws/install/slam_nav/share/ament_index/resource_index/parent_prefix_path/slam_nav
[2.152s] -- Up-to-date symlink: /home/ircv7/RACE/real_ws/install/slam_nav/share/slam_nav/environment/ament_prefix_path.sh
[2.153s] -- Up-to-date symlink: /home/ircv7/RACE/real_ws/install/slam_nav/share/slam_nav/environment/ament_prefix_path.dsv
[2.154s] -- Up-to-date symlink: /home/ircv7/RACE/real_ws/install/slam_nav/share/slam_nav/environment/path.sh
[2.155s] -- Up-to-date symlink: /home/ircv7/RACE/real_ws/install/slam_nav/share/slam_nav/environment/path.dsv
[2.155s] -- Up-to-date symlink: /home/ircv7/RACE/real_ws/install/slam_nav/share/slam_nav/local_setup.bash
[2.156s] -- Up-to-date symlink: /home/ircv7/RACE/real_ws/install/slam_nav/share/slam_nav/local_setup.sh
[2.157s] -- Up-to-date symlink: /home/ircv7/RACE/real_ws/install/slam_nav/share/slam_nav/local_setup.zsh
[2.161s] -- Up-to-date symlink: /home/ircv7/RACE/real_ws/install/slam_nav/share/slam_nav/local_setup.dsv
[2.162s] -- Symlinking: /home/ircv7/RACE/real_ws/install/slam_nav/share/slam_nav/package.dsv
[2.187s] -- Up-to-date symlink: /home/ircv7/RACE/real_ws/install/slam_nav/share/ament_index/resource_index/packages/slam_nav
[2.187s] -- Up-to-date symlink: /home/ircv7/RACE/real_ws/install/slam_nav/share/slam_nav/cmake/slam_navConfig.cmake
[2.188s] -- Up-to-date symlink: /home/ircv7/RACE/real_ws/install/slam_nav/share/slam_nav/cmake/slam_navConfig-version.cmake
[2.188s] -- Up-to-date symlink: /home/ircv7/RACE/real_ws/install/slam_nav/share/slam_nav/package.xml
[2.195s] Invoked command in '/home/ircv7/RACE/real_ws/build/slam_nav' returned '0': AMENT_PREFIX_PATH=/home/ircv7/RACE/real_ws/install/f1tenth_stack:/home/ircv7/RACE/real_ws/install/vesc:/home/ircv7/RACE/real_ws/install/vesc_driver:/home/ircv7/RACE/real_ws/install/vesc_ackermann:/home/ircv7/RACE/real_ws/install/joy_teleop:/home/ircv7/RACE/real_ws/install/vesc_msgs:/home/ircv7/RACE/real_ws/install/teleop_tools_msgs:/home/ircv7/RACE/real_ws/install/ackermann_mux:${AMENT_PREFIX_PATH} CMAKE_PREFIX_PATH=/home/ircv7/RACE/real_ws/install/vesc:/home/ircv7/RACE/real_ws/install/vesc_driver:/home/ircv7/RACE/real_ws/install/vesc_ackermann:/home/ircv7/RACE/real_ws/install/vesc_msgs:/home/ircv7/RACE/real_ws/install/teleop_tools_msgs:/home/ircv7/RACE/real_ws/install/ackermann_mux:/opt/ros/humble CONDA_PROMPT_MODIFIER=(base) LD_LIBRARY_PATH=/home/ircv7/RACE/real_ws/install/vesc_driver/lib:/home/ircv7/RACE/real_ws/install/vesc_ackermann/lib:/home/ircv7/RACE/real_ws/install/vesc_msgs/lib:/home/ircv7/RACE/real_ws/install/teleop_tools_msgs/lib:${LD_LIBRARY_PATH} PYTHONPATH=/home/ircv7/RACE/real_ws/build/f1tenth_stack:/home/ircv7/RACE/real_ws/install/f1tenth_stack/lib/python3.10/site-packages:/home/ircv7/RACE/real_ws/build/joy_teleop:/home/ircv7/RACE/real_ws/install/joy_teleop/lib/python3.10/site-packages:/home/ircv7/RACE/real_ws/install/vesc_msgs/local/lib/python3.10/dist-packages:/home/ircv7/RACE/real_ws/install/teleop_tools_msgs/local/lib/python3.10/dist-packages:${PYTHONPATH} /usr/bin/cmake --install /home/ircv7/RACE/real_ws/build/slam_nav
