[0.046s] Invoking command in '/home/ircv7/RACE/real_ws/build/teleop_tools': AMENT_PREFIX_PATH=/home/ircv7/RACE/real_ws/install/joy_teleop:/home/ircv7/RACE/real_ws/install/teleop_tools_msgs:/home/ircv7/RACE/real_ws/install/key_teleop:${AMENT_PREFIX_PATH} CMAKE_PREFIX_PATH=/home/ircv7/RACE/real_ws/install/teleop_tools_msgs:/opt/ros/humble LD_LIBRARY_PATH=/home/ircv7/RACE/real_ws/install/teleop_tools_msgs/lib:${LD_LIBRARY_PATH} PYTHONPATH=/home/ircv7/RACE/real_ws/build/joy_teleop:/home/ircv7/RACE/real_ws/install/joy_teleop/lib/python3.10/site-packages:/home/ircv7/RACE/real_ws/install/teleop_tools_msgs/local/lib/python3.10/dist-packages:/home/ircv7/RACE/real_ws/build/key_teleop:/home/ircv7/RACE/real_ws/install/key_teleop/lib/python3.10/site-packages:${PYTHONPATH} /usr/bin/cmake --build /home/ircv7/RACE/real_ws/build/teleop_tools -- -j6 -l6
[0.578s] Invoked command in '/home/ircv7/RACE/real_ws/build/teleop_tools' returned '0': AMENT_PREFIX_PATH=/home/ircv7/RACE/real_ws/install/joy_teleop:/home/ircv7/RACE/real_ws/install/teleop_tools_msgs:/home/ircv7/RACE/real_ws/install/key_teleop:${AMENT_PREFIX_PATH} CMAKE_PREFIX_PATH=/home/ircv7/RACE/real_ws/install/teleop_tools_msgs:/opt/ros/humble LD_LIBRARY_PATH=/home/ircv7/RACE/real_ws/install/teleop_tools_msgs/lib:${LD_LIBRARY_PATH} PYTHONPATH=/home/ircv7/RACE/real_ws/build/joy_teleop:/home/ircv7/RACE/real_ws/install/joy_teleop/lib/python3.10/site-packages:/home/ircv7/RACE/real_ws/install/teleop_tools_msgs/local/lib/python3.10/dist-packages:/home/ircv7/RACE/real_ws/build/key_teleop:/home/ircv7/RACE/real_ws/install/key_teleop/lib/python3.10/site-packages:${PYTHONPATH} /usr/bin/cmake --build /home/ircv7/RACE/real_ws/build/teleop_tools -- -j6 -l6
[0.583s] Invoking command in '/home/ircv7/RACE/real_ws/build/teleop_tools': AMENT_PREFIX_PATH=/home/ircv7/RACE/real_ws/install/joy_teleop:/home/ircv7/RACE/real_ws/install/teleop_tools_msgs:/home/ircv7/RACE/real_ws/install/key_teleop:${AMENT_PREFIX_PATH} CMAKE_PREFIX_PATH=/home/ircv7/RACE/real_ws/install/teleop_tools_msgs:/opt/ros/humble LD_LIBRARY_PATH=/home/ircv7/RACE/real_ws/install/teleop_tools_msgs/lib:${LD_LIBRARY_PATH} PYTHONPATH=/home/ircv7/RACE/real_ws/build/joy_teleop:/home/ircv7/RACE/real_ws/install/joy_teleop/lib/python3.10/site-packages:/home/ircv7/RACE/real_ws/install/teleop_tools_msgs/local/lib/python3.10/dist-packages:/home/ircv7/RACE/real_ws/build/key_teleop:/home/ircv7/RACE/real_ws/install/key_teleop/lib/python3.10/site-packages:${PYTHONPATH} /usr/bin/cmake --install /home/ircv7/RACE/real_ws/build/teleop_tools
[0.602s] -- Install configuration: "Release"
[0.602s] -- Execute custom install script
[0.603s] -- Up-to-date symlink: /home/ircv7/RACE/real_ws/install/teleop_tools/share/ament_index/resource_index/package_run_dependencies/teleop_tools
[0.603s] -- Up-to-date symlink: /home/ircv7/RACE/real_ws/install/teleop_tools/share/ament_index/resource_index/parent_prefix_path/teleop_tools
[0.604s] -- Up-to-date symlink: /home/ircv7/RACE/real_ws/install/teleop_tools/share/teleop_tools/environment/ament_prefix_path.sh
[0.604s] -- Up-to-date symlink: /home/ircv7/RACE/real_ws/install/teleop_tools/share/teleop_tools/environment/ament_prefix_path.dsv
[0.604s] -- Up-to-date symlink: /home/ircv7/RACE/real_ws/install/teleop_tools/share/teleop_tools/environment/path.sh
[0.607s] -- Up-to-date symlink: /home/ircv7/RACE/real_ws/install/teleop_tools/share/teleop_tools/environment/path.dsv
[0.607s] -- Up-to-date symlink: /home/ircv7/RACE/real_ws/install/teleop_tools/share/teleop_tools/local_setup.bash
[0.608s] -- Up-to-date symlink: /home/ircv7/RACE/real_ws/install/teleop_tools/share/teleop_tools/local_setup.sh
[0.608s] -- Up-to-date symlink: /home/ircv7/RACE/real_ws/install/teleop_tools/share/teleop_tools/local_setup.zsh
[0.608s] -- Up-to-date symlink: /home/ircv7/RACE/real_ws/install/teleop_tools/share/teleop_tools/local_setup.dsv
[0.608s] -- Symlinking: /home/ircv7/RACE/real_ws/install/teleop_tools/share/teleop_tools/package.dsv
[0.629s] -- Up-to-date symlink: /home/ircv7/RACE/real_ws/install/teleop_tools/share/ament_index/resource_index/packages/teleop_tools
[0.637s] -- Up-to-date symlink: /home/ircv7/RACE/real_ws/install/teleop_tools/share/teleop_tools/cmake/teleop_toolsConfig.cmake
[0.638s] -- Up-to-date symlink: /home/ircv7/RACE/real_ws/install/teleop_tools/share/teleop_tools/cmake/teleop_toolsConfig-version.cmake
[0.638s] -- Up-to-date symlink: /home/ircv7/RACE/real_ws/install/teleop_tools/share/teleop_tools/package.xml
[0.638s] Invoked command in '/home/ircv7/RACE/real_ws/build/teleop_tools' returned '0': AMENT_PREFIX_PATH=/home/ircv7/RACE/real_ws/install/joy_teleop:/home/ircv7/RACE/real_ws/install/teleop_tools_msgs:/home/ircv7/RACE/real_ws/install/key_teleop:${AMENT_PREFIX_PATH} CMAKE_PREFIX_PATH=/home/ircv7/RACE/real_ws/install/teleop_tools_msgs:/opt/ros/humble LD_LIBRARY_PATH=/home/ircv7/RACE/real_ws/install/teleop_tools_msgs/lib:${LD_LIBRARY_PATH} PYTHONPATH=/home/ircv7/RACE/real_ws/build/joy_teleop:/home/ircv7/RACE/real_ws/install/joy_teleop/lib/python3.10/site-packages:/home/ircv7/RACE/real_ws/install/teleop_tools_msgs/local/lib/python3.10/dist-packages:/home/ircv7/RACE/real_ws/build/key_teleop:/home/ircv7/RACE/real_ws/install/key_teleop/lib/python3.10/site-packages:${PYTHONPATH} /usr/bin/cmake --install /home/ircv7/RACE/real_ws/build/teleop_tools
