[0.044s] Invoking command in '/home/ircv7/RACE/real_ws/build/pure_pursuit': CMAKE_PREFIX_PATH=/opt/ros/humble /usr/bin/cmake --build /home/ircv7/RACE/real_ws/build/pure_pursuit -- -j6 -l6
[0.238s] [100%] Built target pure_pursuit_node
[0.285s] Invoked command in '/home/ircv7/RACE/real_ws/build/pure_pursuit' returned '0': CMAKE_PREFIX_PATH=/opt/ros/humble /usr/bin/cmake --build /home/ircv7/RACE/real_ws/build/pure_pursuit -- -j6 -l6
[0.286s] Invoking command in '/home/ircv7/RACE/real_ws/build/pure_pursuit': CMAKE_PREFIX_PATH=/opt/ros/humble /usr/bin/cmake --install /home/ircv7/RACE/real_ws/build/pure_pursuit
[0.303s] -- Install configuration: "Release"
[0.305s] -- Execute custom install script
[0.308s] -- Up-to-date symlink: /home/ircv7/RACE/real_ws/install/pure_pursuit/lib/pure_pursuit/pure_pursuit_node
[0.310s] -- Up-to-date symlink: /home/ircv7/RACE/real_ws/install/pure_pursuit/share/pure_pursuit/config//pure_pursuit_config.yaml
[0.311s] -- Up-to-date symlink: /home/ircv7/RACE/real_ws/install/pure_pursuit/share/pure_pursuit/launch//pure_pursuit_launch.py
[0.314s] -- Up-to-date symlink: /home/ircv7/RACE/real_ws/install/pure_pursuit/share/ament_index/resource_index/package_run_dependencies/pure_pursuit
[0.315s] -- Up-to-date symlink: /home/ircv7/RACE/real_ws/install/pure_pursuit/share/ament_index/resource_index/parent_prefix_path/pure_pursuit
[0.315s] -- Up-to-date symlink: /home/ircv7/RACE/real_ws/install/pure_pursuit/share/pure_pursuit/environment/ament_prefix_path.sh
[0.316s] -- Up-to-date symlink: /home/ircv7/RACE/real_ws/install/pure_pursuit/share/pure_pursuit/environment/ament_prefix_path.dsv
[0.316s] -- Up-to-date symlink: /home/ircv7/RACE/real_ws/install/pure_pursuit/share/pure_pursuit/environment/path.sh
[0.316s] -- Up-to-date symlink: /home/ircv7/RACE/real_ws/install/pure_pursuit/share/pure_pursuit/environment/path.dsv
[0.316s] -- Up-to-date symlink: /home/ircv7/RACE/real_ws/install/pure_pursuit/share/pure_pursuit/local_setup.bash
[0.316s] -- Up-to-date symlink: /home/ircv7/RACE/real_ws/install/pure_pursuit/share/pure_pursuit/local_setup.sh
[0.316s] -- Up-to-date symlink: /home/ircv7/RACE/real_ws/install/pure_pursuit/share/pure_pursuit/local_setup.zsh
[0.316s] -- Up-to-date symlink: /home/ircv7/RACE/real_ws/install/pure_pursuit/share/pure_pursuit/local_setup.dsv
[0.316s] -- Symlinking: /home/ircv7/RACE/real_ws/install/pure_pursuit/share/pure_pursuit/package.dsv
[0.341s] -- Up-to-date symlink: /home/ircv7/RACE/real_ws/install/pure_pursuit/share/ament_index/resource_index/packages/pure_pursuit
[0.341s] -- Up-to-date symlink: /home/ircv7/RACE/real_ws/install/pure_pursuit/share/pure_pursuit/cmake/pure_pursuitConfig.cmake
[0.342s] -- Up-to-date symlink: /home/ircv7/RACE/real_ws/install/pure_pursuit/share/pure_pursuit/cmake/pure_pursuitConfig-version.cmake
[0.342s] -- Up-to-date symlink: /home/ircv7/RACE/real_ws/install/pure_pursuit/share/pure_pursuit/package.xml
[0.353s] Invoked command in '/home/ircv7/RACE/real_ws/build/pure_pursuit' returned '0': CMAKE_PREFIX_PATH=/opt/ros/humble /usr/bin/cmake --install /home/ircv7/RACE/real_ws/build/pure_pursuit
