[0.083s] Invoking command in '/home/ircv7/RACE/real_ws/build/teleop_tools_msgs': CMAKE_PREFIX_PATH=${CMAKE_PREFIX_PATH}:/home/ircv7/RACE/sim_ws/install/obs_detect:/home/ircv7/RACE/sim_ws/install/map_control:/home/ircv7/RACE/sim_ws/install/lane_selector:/home/ircv7/RACE/sim_ws/install/f1tenth_gym_ros:/opt/ros/humble CONDA_PROMPT_MODIFIER=(base) /usr/bin/cmake --build /home/ircv7/RACE/real_ws/build/teleop_tools_msgs -- -j6 -l6
[1.480s] [  3%] Built target teleop_tools_msgs__cpp
[1.480s] [ 12%] Built target teleop_tools_msgs__rosidl_generator_c
[1.480s] [ 12%] Built target ament_cmake_python_symlink_teleop_tools_msgs
[1.480s] [ 22%] Built target teleop_tools_msgs__rosidl_typesupport_introspection_c
[1.480s] [ 32%] Built target teleop_tools_msgs__rosidl_typesupport_cpp
[1.480s] [ 41%] Built target teleop_tools_msgs__rosidl_typesupport_fastrtps_c
[1.480s] [ 51%] Built target teleop_tools_msgs__rosidl_typesupport_c
[1.481s] [ 61%] Built target teleop_tools_msgs__rosidl_typesupport_introspection_cpp
[1.481s] [ 70%] Built target teleop_tools_msgs__rosidl_typesupport_fastrtps_cpp
[1.481s] [ 70%] Built target teleop_tools_msgs
[1.481s] [ 74%] Built target teleop_tools_msgs__py
[1.481s] [ 80%] Built target teleop_tools_msgs__rosidl_generator_py
[1.481s] [ 87%] Built target teleop_tools_msgs__rosidl_typesupport_introspection_c__pyext
[1.481s] [ 93%] Built target teleop_tools_msgs__rosidl_typesupport_c__pyext
[1.481s] [100%] Built target teleop_tools_msgs__rosidl_typesupport_fastrtps_c__pyext
[1.481s] running egg_info
[1.481s] writing teleop_tools_msgs.egg-info/PKG-INFO
[1.482s] writing dependency_links to teleop_tools_msgs.egg-info/dependency_links.txt
[1.482s] writing top-level names to teleop_tools_msgs.egg-info/top_level.txt
[1.482s] reading manifest file 'teleop_tools_msgs.egg-info/SOURCES.txt'
[1.482s] writing manifest file 'teleop_tools_msgs.egg-info/SOURCES.txt'
[1.482s] [100%] Built target ament_cmake_python_build_teleop_tools_msgs_egg
[2.091s] Invoked command in '/home/ircv7/RACE/real_ws/build/teleop_tools_msgs' returned '0': CMAKE_PREFIX_PATH=${CMAKE_PREFIX_PATH}:/home/ircv7/RACE/sim_ws/install/obs_detect:/home/ircv7/RACE/sim_ws/install/map_control:/home/ircv7/RACE/sim_ws/install/lane_selector:/home/ircv7/RACE/sim_ws/install/f1tenth_gym_ros:/opt/ros/humble CONDA_PROMPT_MODIFIER=(base) /usr/bin/cmake --build /home/ircv7/RACE/real_ws/build/teleop_tools_msgs -- -j6 -l6
[2.094s] Invoking command in '/home/ircv7/RACE/real_ws/build/teleop_tools_msgs': CMAKE_PREFIX_PATH=${CMAKE_PREFIX_PATH}:/home/ircv7/RACE/sim_ws/install/obs_detect:/home/ircv7/RACE/sim_ws/install/map_control:/home/ircv7/RACE/sim_ws/install/lane_selector:/home/ircv7/RACE/sim_ws/install/f1tenth_gym_ros:/opt/ros/humble CONDA_PROMPT_MODIFIER=(base) /usr/bin/cmake --install /home/ircv7/RACE/real_ws/build/teleop_tools_msgs
[2.152s] -- Install configuration: "Release"
[2.152s] -- Execute custom install script
[2.152s] -- Up-to-date symlink: /home/ircv7/RACE/real_ws/install/teleop_tools_msgs/share/ament_index/resource_index/rosidl_interfaces/teleop_tools_msgs
[2.152s] -- Up-to-date symlink: /home/ircv7/RACE/real_ws/install/teleop_tools_msgs/include/teleop_tools_msgs/teleop_tools_msgs/action/detail/increment__functions.h
[2.152s] -- Up-to-date symlink: /home/ircv7/RACE/real_ws/install/teleop_tools_msgs/include/teleop_tools_msgs/teleop_tools_msgs/action/detail/increment__struct.h
[2.152s] -- Up-to-date symlink: /home/ircv7/RACE/real_ws/install/teleop_tools_msgs/include/teleop_tools_msgs/teleop_tools_msgs/action/detail/increment__type_support.h
[2.153s] -- Up-to-date symlink: /home/ircv7/RACE/real_ws/install/teleop_tools_msgs/include/teleop_tools_msgs/teleop_tools_msgs/action/increment.h
[2.153s] -- Up-to-date symlink: /home/ircv7/RACE/real_ws/install/teleop_tools_msgs/include/teleop_tools_msgs/teleop_tools_msgs/msg/rosidl_generator_c__visibility_control.h
[2.153s] -- Up-to-date symlink: /home/ircv7/RACE/real_ws/install/teleop_tools_msgs/share/teleop_tools_msgs/environment/library_path.sh
[2.153s] -- Up-to-date symlink: /home/ircv7/RACE/real_ws/install/teleop_tools_msgs/share/teleop_tools_msgs/environment/library_path.dsv
[2.153s] -- Up-to-date symlink: /home/ircv7/RACE/real_ws/install/teleop_tools_msgs/include/teleop_tools_msgs/teleop_tools_msgs/action/detail/increment__rosidl_typesupport_fastrtps_c.h
[2.153s] -- Up-to-date symlink: /home/ircv7/RACE/real_ws/install/teleop_tools_msgs/include/teleop_tools_msgs/teleop_tools_msgs/msg/rosidl_typesupport_fastrtps_c__visibility_control.h
[2.153s] -- Up-to-date symlink: /home/ircv7/RACE/real_ws/install/teleop_tools_msgs/include/teleop_tools_msgs/teleop_tools_msgs/action/detail/increment__rosidl_typesupport_introspection_c.h
[2.153s] -- Up-to-date symlink: /home/ircv7/RACE/real_ws/install/teleop_tools_msgs/include/teleop_tools_msgs/teleop_tools_msgs/msg/rosidl_typesupport_introspection_c__visibility_control.h
[2.153s] -- Up-to-date symlink: /home/ircv7/RACE/real_ws/install/teleop_tools_msgs/include/teleop_tools_msgs/teleop_tools_msgs/action/detail/increment__builder.hpp
[2.154s] -- Up-to-date symlink: /home/ircv7/RACE/real_ws/install/teleop_tools_msgs/include/teleop_tools_msgs/teleop_tools_msgs/action/detail/increment__struct.hpp
[2.154s] -- Up-to-date symlink: /home/ircv7/RACE/real_ws/install/teleop_tools_msgs/include/teleop_tools_msgs/teleop_tools_msgs/action/detail/increment__traits.hpp
[2.154s] -- Up-to-date symlink: /home/ircv7/RACE/real_ws/install/teleop_tools_msgs/include/teleop_tools_msgs/teleop_tools_msgs/action/detail/increment__type_support.hpp
[2.154s] -- Up-to-date symlink: /home/ircv7/RACE/real_ws/install/teleop_tools_msgs/include/teleop_tools_msgs/teleop_tools_msgs/action/increment.hpp
[2.154s] -- Up-to-date symlink: /home/ircv7/RACE/real_ws/install/teleop_tools_msgs/include/teleop_tools_msgs/teleop_tools_msgs/msg/rosidl_generator_cpp__visibility_control.hpp
[2.154s] -- Up-to-date symlink: /home/ircv7/RACE/real_ws/install/teleop_tools_msgs/include/teleop_tools_msgs/teleop_tools_msgs/action/detail/increment__rosidl_typesupport_fastrtps_cpp.hpp
[2.154s] -- Up-to-date symlink: /home/ircv7/RACE/real_ws/install/teleop_tools_msgs/include/teleop_tools_msgs/teleop_tools_msgs/msg/rosidl_typesupport_fastrtps_cpp__visibility_control.h
[2.154s] -- Up-to-date symlink: /home/ircv7/RACE/real_ws/install/teleop_tools_msgs/include/teleop_tools_msgs/teleop_tools_msgs/action/detail/increment__rosidl_typesupport_introspection_cpp.hpp
[2.154s] -- Up-to-date symlink: /home/ircv7/RACE/real_ws/install/teleop_tools_msgs/share/teleop_tools_msgs/environment/pythonpath.sh
[2.155s] -- Up-to-date symlink: /home/ircv7/RACE/real_ws/install/teleop_tools_msgs/share/teleop_tools_msgs/environment/pythonpath.dsv
[2.155s] -- Up-to-date symlink: /home/ircv7/RACE/real_ws/install/teleop_tools_msgs/local/lib/python3.10/dist-packages/teleop_tools_msgs-1.2.1-py3.10.egg-info/PKG-INFO
[2.155s] -- Up-to-date symlink: /home/ircv7/RACE/real_ws/install/teleop_tools_msgs/local/lib/python3.10/dist-packages/teleop_tools_msgs-1.2.1-py3.10.egg-info/SOURCES.txt
[2.155s] -- Up-to-date symlink: /home/ircv7/RACE/real_ws/install/teleop_tools_msgs/local/lib/python3.10/dist-packages/teleop_tools_msgs-1.2.1-py3.10.egg-info/dependency_links.txt
[2.155s] -- Up-to-date symlink: /home/ircv7/RACE/real_ws/install/teleop_tools_msgs/local/lib/python3.10/dist-packages/teleop_tools_msgs-1.2.1-py3.10.egg-info/top_level.txt
[2.155s] -- Up-to-date symlink: /home/ircv7/RACE/real_ws/install/teleop_tools_msgs/local/lib/python3.10/dist-packages/teleop_tools_msgs/__init__.py
[2.155s] -- Up-to-date symlink: /home/ircv7/RACE/real_ws/install/teleop_tools_msgs/local/lib/python3.10/dist-packages/teleop_tools_msgs/_teleop_tools_msgs_s.ep.rosidl_typesupport_c.c
[2.155s] -- Up-to-date symlink: /home/ircv7/RACE/real_ws/install/teleop_tools_msgs/local/lib/python3.10/dist-packages/teleop_tools_msgs/_teleop_tools_msgs_s.ep.rosidl_typesupport_fastrtps_c.c
[2.155s] -- Up-to-date symlink: /home/ircv7/RACE/real_ws/install/teleop_tools_msgs/local/lib/python3.10/dist-packages/teleop_tools_msgs/_teleop_tools_msgs_s.ep.rosidl_typesupport_introspection_c.c
[2.156s] -- Up-to-date symlink: /home/ircv7/RACE/real_ws/install/teleop_tools_msgs/local/lib/python3.10/dist-packages/teleop_tools_msgs/action/__init__.py
[2.156s] -- Up-to-date symlink: /home/ircv7/RACE/real_ws/install/teleop_tools_msgs/local/lib/python3.10/dist-packages/teleop_tools_msgs/action/_increment.py
[2.156s] -- Up-to-date symlink: /home/ircv7/RACE/real_ws/install/teleop_tools_msgs/local/lib/python3.10/dist-packages/teleop_tools_msgs/action/_increment_s.c
[2.156s] -- Up-to-date symlink: /home/ircv7/RACE/real_ws/install/teleop_tools_msgs/local/lib/python3.10/dist-packages/teleop_tools_msgs/libteleop_tools_msgs__rosidl_generator_py.so
[2.156s] -- Up-to-date symlink: /home/ircv7/RACE/real_ws/install/teleop_tools_msgs/local/lib/python3.10/dist-packages/teleop_tools_msgs/teleop_tools_msgs_s__rosidl_typesupport_c.cpython-310-aarch64-linux-gnu.so
[2.156s] -- Up-to-date symlink: /home/ircv7/RACE/real_ws/install/teleop_tools_msgs/local/lib/python3.10/dist-packages/teleop_tools_msgs/teleop_tools_msgs_s__rosidl_typesupport_fastrtps_c.cpython-310-aarch64-linux-gnu.so
[2.156s] -- Up-to-date symlink: /home/ircv7/RACE/real_ws/install/teleop_tools_msgs/local/lib/python3.10/dist-packages/teleop_tools_msgs/teleop_tools_msgs_s__rosidl_typesupport_introspection_c.cpython-310-aarch64-linux-gnu.so
[2.157s] -- Up-to-date symlink: /home/ircv7/RACE/real_ws/install/teleop_tools_msgs/local/lib/python3.10/dist-packages/teleop_tools_msgs/teleop_tools_msgs_s__rosidl_typesupport_fastrtps_c.cpython-310-aarch64-linux-gnu.so
[2.157s] -- Up-to-date symlink: /home/ircv7/RACE/real_ws/install/teleop_tools_msgs/local/lib/python3.10/dist-packages/teleop_tools_msgs/teleop_tools_msgs_s__rosidl_typesupport_introspection_c.cpython-310-aarch64-linux-gnu.so
[2.157s] -- Up-to-date symlink: /home/ircv7/RACE/real_ws/install/teleop_tools_msgs/local/lib/python3.10/dist-packages/teleop_tools_msgs/teleop_tools_msgs_s__rosidl_typesupport_c.cpython-310-aarch64-linux-gnu.so
[2.158s] -- Up-to-date symlink: /home/ircv7/RACE/real_ws/install/teleop_tools_msgs/share/teleop_tools_msgs/action/Increment.idl
[2.158s] -- Up-to-date symlink: /home/ircv7/RACE/real_ws/install/teleop_tools_msgs/share/teleop_tools_msgs/action/Increment.action
[2.158s] -- Up-to-date symlink: /home/ircv7/RACE/real_ws/install/teleop_tools_msgs/share/ament_index/resource_index/package_run_dependencies/teleop_tools_msgs
[2.158s] -- Up-to-date symlink: /home/ircv7/RACE/real_ws/install/teleop_tools_msgs/share/ament_index/resource_index/parent_prefix_path/teleop_tools_msgs
[2.158s] -- Up-to-date symlink: /home/ircv7/RACE/real_ws/install/teleop_tools_msgs/share/teleop_tools_msgs/environment/ament_prefix_path.sh
[2.159s] -- Up-to-date symlink: /home/ircv7/RACE/real_ws/install/teleop_tools_msgs/share/teleop_tools_msgs/environment/ament_prefix_path.dsv
[2.159s] -- Up-to-date symlink: /home/ircv7/RACE/real_ws/install/teleop_tools_msgs/share/teleop_tools_msgs/environment/path.sh
[2.159s] -- Up-to-date symlink: /home/ircv7/RACE/real_ws/install/teleop_tools_msgs/share/teleop_tools_msgs/environment/path.dsv
[2.159s] -- Up-to-date symlink: /home/ircv7/RACE/real_ws/install/teleop_tools_msgs/share/teleop_tools_msgs/local_setup.bash
[2.159s] -- Up-to-date symlink: /home/ircv7/RACE/real_ws/install/teleop_tools_msgs/share/teleop_tools_msgs/local_setup.sh
[2.159s] -- Up-to-date symlink: /home/ircv7/RACE/real_ws/install/teleop_tools_msgs/share/teleop_tools_msgs/local_setup.zsh
[2.159s] -- Up-to-date symlink: /home/ircv7/RACE/real_ws/install/teleop_tools_msgs/share/teleop_tools_msgs/local_setup.dsv
[2.160s] -- Symlinking: /home/ircv7/RACE/real_ws/install/teleop_tools_msgs/share/teleop_tools_msgs/package.dsv
[2.170s] -- Up-to-date symlink: /home/ircv7/RACE/real_ws/install/teleop_tools_msgs/share/ament_index/resource_index/packages/teleop_tools_msgs
[2.170s] -- Up-to-date symlink: /home/ircv7/RACE/real_ws/install/teleop_tools_msgs/share/teleop_tools_msgs/cmake/rosidl_cmake-extras.cmake
[2.170s] -- Up-to-date symlink: /home/ircv7/RACE/real_ws/install/teleop_tools_msgs/share/teleop_tools_msgs/cmake/ament_cmake_export_dependencies-extras.cmake
[2.170s] -- Up-to-date symlink: /home/ircv7/RACE/real_ws/install/teleop_tools_msgs/share/teleop_tools_msgs/cmake/ament_cmake_export_include_directories-extras.cmake
[2.170s] -- Up-to-date symlink: /home/ircv7/RACE/real_ws/install/teleop_tools_msgs/share/teleop_tools_msgs/cmake/ament_cmake_export_libraries-extras.cmake
[2.171s] -- Up-to-date symlink: /home/ircv7/RACE/real_ws/install/teleop_tools_msgs/share/teleop_tools_msgs/cmake/ament_cmake_export_targets-extras.cmake
[2.171s] -- Up-to-date symlink: /home/ircv7/RACE/real_ws/install/teleop_tools_msgs/share/teleop_tools_msgs/cmake/rosidl_cmake_export_typesupport_targets-extras.cmake
[2.171s] -- Up-to-date symlink: /home/ircv7/RACE/real_ws/install/teleop_tools_msgs/share/teleop_tools_msgs/cmake/rosidl_cmake_export_typesupport_libraries-extras.cmake
[2.171s] -- Up-to-date symlink: /home/ircv7/RACE/real_ws/install/teleop_tools_msgs/share/teleop_tools_msgs/cmake/teleop_tools_msgsConfig.cmake
[2.171s] -- Up-to-date symlink: /home/ircv7/RACE/real_ws/install/teleop_tools_msgs/share/teleop_tools_msgs/cmake/teleop_tools_msgsConfig-version.cmake
[2.171s] -- Up-to-date symlink: /home/ircv7/RACE/real_ws/install/teleop_tools_msgs/share/teleop_tools_msgs/package.xml
[2.171s] -- Up-to-date: /home/ircv7/RACE/real_ws/install/teleop_tools_msgs/lib/libteleop_tools_msgs__rosidl_generator_c.so
[2.171s] -- Up-to-date: /home/ircv7/RACE/real_ws/install/teleop_tools_msgs/lib/libteleop_tools_msgs__rosidl_typesupport_fastrtps_c.so
[2.172s] -- Up-to-date: /home/ircv7/RACE/real_ws/install/teleop_tools_msgs/lib/libteleop_tools_msgs__rosidl_typesupport_introspection_c.so
[2.172s] -- Up-to-date: /home/ircv7/RACE/real_ws/install/teleop_tools_msgs/lib/libteleop_tools_msgs__rosidl_typesupport_c.so
[2.183s] -- Up-to-date: /home/ircv7/RACE/real_ws/install/teleop_tools_msgs/lib/libteleop_tools_msgs__rosidl_typesupport_fastrtps_cpp.so
[2.183s] -- Up-to-date: /home/ircv7/RACE/real_ws/install/teleop_tools_msgs/lib/libteleop_tools_msgs__rosidl_typesupport_introspection_cpp.so
[2.184s] -- Up-to-date: /home/ircv7/RACE/real_ws/install/teleop_tools_msgs/lib/libteleop_tools_msgs__rosidl_typesupport_cpp.so
[2.262s] Listing '/home/ircv7/RACE/real_ws/install/teleop_tools_msgs/local/lib/python3.10/dist-packages/teleop_tools_msgs'...
[2.262s] Listing '/home/ircv7/RACE/real_ws/install/teleop_tools_msgs/local/lib/python3.10/dist-packages/teleop_tools_msgs/action'...
[2.284s] -- Up-to-date: /home/ircv7/RACE/real_ws/install/teleop_tools_msgs/lib/libteleop_tools_msgs__rosidl_generator_py.so
[2.285s] -- Up-to-date: /home/ircv7/RACE/real_ws/install/teleop_tools_msgs/share/teleop_tools_msgs/cmake/export_teleop_tools_msgs__rosidl_generator_cExport.cmake
[2.285s] -- Up-to-date: /home/ircv7/RACE/real_ws/install/teleop_tools_msgs/share/teleop_tools_msgs/cmake/export_teleop_tools_msgs__rosidl_generator_cExport-release.cmake
[2.285s] -- Up-to-date: /home/ircv7/RACE/real_ws/install/teleop_tools_msgs/share/teleop_tools_msgs/cmake/export_teleop_tools_msgs__rosidl_typesupport_fastrtps_cExport.cmake
[2.285s] -- Up-to-date: /home/ircv7/RACE/real_ws/install/teleop_tools_msgs/share/teleop_tools_msgs/cmake/export_teleop_tools_msgs__rosidl_typesupport_fastrtps_cExport-release.cmake
[2.285s] -- Up-to-date: /home/ircv7/RACE/real_ws/install/teleop_tools_msgs/share/teleop_tools_msgs/cmake/teleop_tools_msgs__rosidl_typesupport_introspection_cExport.cmake
[2.285s] -- Up-to-date: /home/ircv7/RACE/real_ws/install/teleop_tools_msgs/share/teleop_tools_msgs/cmake/teleop_tools_msgs__rosidl_typesupport_introspection_cExport-release.cmake
[2.285s] -- Up-to-date: /home/ircv7/RACE/real_ws/install/teleop_tools_msgs/share/teleop_tools_msgs/cmake/teleop_tools_msgs__rosidl_typesupport_cExport.cmake
[2.286s] -- Up-to-date: /home/ircv7/RACE/real_ws/install/teleop_tools_msgs/share/teleop_tools_msgs/cmake/teleop_tools_msgs__rosidl_typesupport_cExport-release.cmake
[2.286s] -- Up-to-date: /home/ircv7/RACE/real_ws/install/teleop_tools_msgs/share/teleop_tools_msgs/cmake/export_teleop_tools_msgs__rosidl_generator_cppExport.cmake
[2.290s] -- Up-to-date: /home/ircv7/RACE/real_ws/install/teleop_tools_msgs/share/teleop_tools_msgs/cmake/export_teleop_tools_msgs__rosidl_typesupport_fastrtps_cppExport.cmake
[2.293s] -- Up-to-date: /home/ircv7/RACE/real_ws/install/teleop_tools_msgs/share/teleop_tools_msgs/cmake/export_teleop_tools_msgs__rosidl_typesupport_fastrtps_cppExport-release.cmake
[2.301s] -- Up-to-date: /home/ircv7/RACE/real_ws/install/teleop_tools_msgs/share/teleop_tools_msgs/cmake/teleop_tools_msgs__rosidl_typesupport_introspection_cppExport.cmake
[2.301s] -- Up-to-date: /home/ircv7/RACE/real_ws/install/teleop_tools_msgs/share/teleop_tools_msgs/cmake/teleop_tools_msgs__rosidl_typesupport_introspection_cppExport-release.cmake
[2.305s] -- Up-to-date: /home/ircv7/RACE/real_ws/install/teleop_tools_msgs/share/teleop_tools_msgs/cmake/teleop_tools_msgs__rosidl_typesupport_cppExport.cmake
[2.305s] -- Up-to-date: /home/ircv7/RACE/real_ws/install/teleop_tools_msgs/share/teleop_tools_msgs/cmake/teleop_tools_msgs__rosidl_typesupport_cppExport-release.cmake
[2.306s] -- Up-to-date: /home/ircv7/RACE/real_ws/install/teleop_tools_msgs/share/teleop_tools_msgs/cmake/export_teleop_tools_msgs__rosidl_generator_pyExport.cmake
[2.306s] -- Up-to-date: /home/ircv7/RACE/real_ws/install/teleop_tools_msgs/share/teleop_tools_msgs/cmake/export_teleop_tools_msgs__rosidl_generator_pyExport-release.cmake
[2.337s] Invoked command in '/home/ircv7/RACE/real_ws/build/teleop_tools_msgs' returned '0': CMAKE_PREFIX_PATH=${CMAKE_PREFIX_PATH}:/home/ircv7/RACE/sim_ws/install/obs_detect:/home/ircv7/RACE/sim_ws/install/map_control:/home/ircv7/RACE/sim_ws/install/lane_selector:/home/ircv7/RACE/sim_ws/install/f1tenth_gym_ros:/opt/ros/humble CONDA_PROMPT_MODIFIER=(base) /usr/bin/cmake --install /home/ircv7/RACE/real_ws/build/teleop_tools_msgs
