[0.161s] Invoking command in '/home/ircv7/RACE/real_ws/build/vesc': AMENT_PREFIX_PATH=/home/ircv7/RACE/real_ws/install/vesc_driver:/home/ircv7/RACE/real_ws/install/vesc_ackermann:/home/ircv7/RACE/real_ws/install/vesc_msgs:${AMENT_PREFIX_PATH} CMAKE_PREFIX_PATH=/home/ircv7/RACE/real_ws/install/vesc_driver:/home/ircv7/RACE/real_ws/install/vesc_ackermann:/home/ircv7/RACE/real_ws/install/vesc_msgs:/home/ircv7/RACE/sim_ws/install/mpcc:/home/ircv7/RACE/sim_ws/install/disparity_autodrive:/home/ircv7/RACE/sim_ws/install/obs_detect:/home/ircv7/RACE/sim_ws/install/map_control:/home/ircv7/RACE/sim_ws/install/lane_selector:/home/ircv7/RACE/sim_ws/install/f1tenth_gym_ros:/opt/ros/humble CONDA_PROMPT_MODIFIER=(base) LD_LIBRARY_PATH=/home/ircv7/RACE/real_ws/install/vesc_driver/lib:/home/ircv7/RACE/real_ws/install/vesc_ackermann/lib:/home/ircv7/RACE/real_ws/install/vesc_msgs/lib:${LD_LIBRARY_PATH} PYTHONPATH=/home/ircv7/RACE/real_ws/install/vesc_msgs/local/lib/python3.10/dist-packages:${PYTHONPATH} /usr/bin/cmake --build /home/ircv7/RACE/real_ws/build/vesc -- -j6 -l6
[0.498s] Invoked command in '/home/ircv7/RACE/real_ws/build/vesc' returned '0': AMENT_PREFIX_PATH=/home/ircv7/RACE/real_ws/install/vesc_driver:/home/ircv7/RACE/real_ws/install/vesc_ackermann:/home/ircv7/RACE/real_ws/install/vesc_msgs:${AMENT_PREFIX_PATH} CMAKE_PREFIX_PATH=/home/ircv7/RACE/real_ws/install/vesc_driver:/home/ircv7/RACE/real_ws/install/vesc_ackermann:/home/ircv7/RACE/real_ws/install/vesc_msgs:/home/ircv7/RACE/sim_ws/install/mpcc:/home/ircv7/RACE/sim_ws/install/disparity_autodrive:/home/ircv7/RACE/sim_ws/install/obs_detect:/home/ircv7/RACE/sim_ws/install/map_control:/home/ircv7/RACE/sim_ws/install/lane_selector:/home/ircv7/RACE/sim_ws/install/f1tenth_gym_ros:/opt/ros/humble CONDA_PROMPT_MODIFIER=(base) LD_LIBRARY_PATH=/home/ircv7/RACE/real_ws/install/vesc_driver/lib:/home/ircv7/RACE/real_ws/install/vesc_ackermann/lib:/home/ircv7/RACE/real_ws/install/vesc_msgs/lib:${LD_LIBRARY_PATH} PYTHONPATH=/home/ircv7/RACE/real_ws/install/vesc_msgs/local/lib/python3.10/dist-packages:${PYTHONPATH} /usr/bin/cmake --build /home/ircv7/RACE/real_ws/build/vesc -- -j6 -l6
[0.502s] Invoking command in '/home/ircv7/RACE/real_ws/build/vesc': AMENT_PREFIX_PATH=/home/ircv7/RACE/real_ws/install/vesc_driver:/home/ircv7/RACE/real_ws/install/vesc_ackermann:/home/ircv7/RACE/real_ws/install/vesc_msgs:${AMENT_PREFIX_PATH} CMAKE_PREFIX_PATH=/home/ircv7/RACE/real_ws/install/vesc_driver:/home/ircv7/RACE/real_ws/install/vesc_ackermann:/home/ircv7/RACE/real_ws/install/vesc_msgs:/home/ircv7/RACE/sim_ws/install/mpcc:/home/ircv7/RACE/sim_ws/install/disparity_autodrive:/home/ircv7/RACE/sim_ws/install/obs_detect:/home/ircv7/RACE/sim_ws/install/map_control:/home/ircv7/RACE/sim_ws/install/lane_selector:/home/ircv7/RACE/sim_ws/install/f1tenth_gym_ros:/opt/ros/humble CONDA_PROMPT_MODIFIER=(base) LD_LIBRARY_PATH=/home/ircv7/RACE/real_ws/install/vesc_driver/lib:/home/ircv7/RACE/real_ws/install/vesc_ackermann/lib:/home/ircv7/RACE/real_ws/install/vesc_msgs/lib:${LD_LIBRARY_PATH} PYTHONPATH=/home/ircv7/RACE/real_ws/install/vesc_msgs/local/lib/python3.10/dist-packages:${PYTHONPATH} /usr/bin/cmake --install /home/ircv7/RACE/real_ws/build/vesc
[0.541s] -- Install configuration: "Release"
[0.544s] -- Execute custom install script
[0.550s] -- Up-to-date symlink: /home/ircv7/RACE/real_ws/install/vesc/share/ament_index/resource_index/package_run_dependencies/vesc
[0.550s] -- Up-to-date symlink: /home/ircv7/RACE/real_ws/install/vesc/share/ament_index/resource_index/parent_prefix_path/vesc
[0.550s] -- Up-to-date symlink: /home/ircv7/RACE/real_ws/install/vesc/share/vesc/environment/ament_prefix_path.sh
[0.550s] -- Up-to-date symlink: /home/ircv7/RACE/real_ws/install/vesc/share/vesc/environment/ament_prefix_path.dsv
[0.550s] -- Up-to-date symlink: /home/ircv7/RACE/real_ws/install/vesc/share/vesc/environment/path.sh
[0.551s] -- Up-to-date symlink: /home/ircv7/RACE/real_ws/install/vesc/share/vesc/environment/path.dsv
[0.551s] -- Up-to-date symlink: /home/ircv7/RACE/real_ws/install/vesc/share/vesc/local_setup.bash
[0.551s] -- Up-to-date symlink: /home/ircv7/RACE/real_ws/install/vesc/share/vesc/local_setup.sh
[0.551s] -- Up-to-date symlink: /home/ircv7/RACE/real_ws/install/vesc/share/vesc/local_setup.zsh
[0.551s] -- Up-to-date symlink: /home/ircv7/RACE/real_ws/install/vesc/share/vesc/local_setup.dsv
[0.551s] -- Symlinking: /home/ircv7/RACE/real_ws/install/vesc/share/vesc/package.dsv
[0.608s] -- Up-to-date symlink: /home/ircv7/RACE/real_ws/install/vesc/share/ament_index/resource_index/packages/vesc
[0.609s] -- Up-to-date symlink: /home/ircv7/RACE/real_ws/install/vesc/share/vesc/cmake/vescConfig.cmake
[0.609s] -- Up-to-date symlink: /home/ircv7/RACE/real_ws/install/vesc/share/vesc/cmake/vescConfig-version.cmake
[0.609s] -- Up-to-date symlink: /home/ircv7/RACE/real_ws/install/vesc/share/vesc/package.xml
[0.620s] Invoked command in '/home/ircv7/RACE/real_ws/build/vesc' returned '0': AMENT_PREFIX_PATH=/home/ircv7/RACE/real_ws/install/vesc_driver:/home/ircv7/RACE/real_ws/install/vesc_ackermann:/home/ircv7/RACE/real_ws/install/vesc_msgs:${AMENT_PREFIX_PATH} CMAKE_PREFIX_PATH=/home/ircv7/RACE/real_ws/install/vesc_driver:/home/ircv7/RACE/real_ws/install/vesc_ackermann:/home/ircv7/RACE/real_ws/install/vesc_msgs:/home/ircv7/RACE/sim_ws/install/mpcc:/home/ircv7/RACE/sim_ws/install/disparity_autodrive:/home/ircv7/RACE/sim_ws/install/obs_detect:/home/ircv7/RACE/sim_ws/install/map_control:/home/ircv7/RACE/sim_ws/install/lane_selector:/home/ircv7/RACE/sim_ws/install/f1tenth_gym_ros:/opt/ros/humble CONDA_PROMPT_MODIFIER=(base) LD_LIBRARY_PATH=/home/ircv7/RACE/real_ws/install/vesc_driver/lib:/home/ircv7/RACE/real_ws/install/vesc_ackermann/lib:/home/ircv7/RACE/real_ws/install/vesc_msgs/lib:${LD_LIBRARY_PATH} PYTHONPATH=/home/ircv7/RACE/real_ws/install/vesc_msgs/local/lib/python3.10/dist-packages:${PYTHONPATH} /usr/bin/cmake --install /home/ircv7/RACE/real_ws/build/vesc
