[0.025s] Invoking command in '/home/ircv7/RACE/real_ws/build/vesc_ackermann': AMENT_PREFIX_PATH=/home/ircv7/RACE/real_ws/install/vesc_msgs CMAKE_PREFIX_PATH=/home/ircv7/RACE/real_ws/install/vesc_msgs CONDA_PROMPT_MODIFIER=(base) LD_LIBRARY_PATH=/home/ircv7/RACE/real_ws/install/vesc_msgs/lib PYTHONPATH=/home/ircv7/RACE/real_ws/install/vesc_msgs/local/lib/python3.10/dist-packages /usr/bin/cmake /home/ircv7/RACE/real_ws/src/f1tenth_system/vesc/vesc_ackermann -DCMAKE_INSTALL_PREFIX=/home/ircv7/RACE/real_ws/install/vesc_ackermann
[0.195s] -- The C compiler identification is GNU 11.4.0
[0.334s] -- The CXX compiler identification is GNU 11.4.0
[0.356s] -- Detecting C compiler ABI info
[0.509s] -- Detecting C compiler ABI info - done
[0.566s] -- Check for working C compiler: /usr/bin/cc - skipped
[0.566s] -- Detecting C compile features
[0.566s] -- Detecting C compile features - done
[0.567s] -- Detecting CXX compiler ABI info
[0.745s] -- Detecting CXX compiler ABI info - done
[0.759s] -- Check for working CXX compiler: /usr/bin/c++ - skipped
[0.759s] -- Detecting CXX compile features
[0.761s] -- Detecting CXX compile features - done
[0.788s] CMake Error at CMakeLists.txt:13 (find_package):
[0.789s]   By not providing "Findament_cmake_auto.cmake" in CMAKE_MODULE_PATH this
[0.789s]   project has asked CMake to find a package configuration file provided by
[0.790s]   "ament_cmake_auto", but CMake did not find one.
[0.790s] 
[0.790s]   Could not find a package configuration file provided by "ament_cmake_auto"
[0.790s]   with any of the following names:
[0.790s] 
[0.791s]     ament_cmake_autoConfig.cmake
[0.791s]     ament_cmake_auto-config.cmake
[0.792s] 
[0.792s]   Add the installation prefix of "ament_cmake_auto" to CMAKE_PREFIX_PATH or
[0.792s]   set "ament_cmake_auto_DIR" to a directory containing one of the above
[0.792s]   files.  If "ament_cmake_auto" provides a separate development package or
[0.792s]   SDK, be sure it has been installed.
[0.792s] 
[0.792s] 
[0.792s] -- Configuring incomplete, errors occurred!
[0.793s] See also "/home/ircv7/RACE/real_ws/build/vesc_ackermann/CMakeFiles/CMakeOutput.log".
