[0.082s] Invoking command in '/home/ircv7/RACE/real_ws/build/vesc_msgs': CMAKE_PREFIX_PATH=/opt/ros/humble /usr/bin/cmake /home/ircv7/RACE/real_ws/src/f1tenth_system/vesc/vesc_msgs -DCMAKE_BUILD_TYPE=Release -DAMENT_CMAKE_SYMLINK_INSTALL=1 -DCMAKE_INSTALL_PREFIX=/home/ircv7/RACE/real_ws/install/vesc_msgs
[1.406s] -- Found ament_cmake_auto: 1.3.12 (/opt/ros/humble/share/ament_cmake_auto/cmake)
[1.407s] -- Override CMake install command with custom implementation using symlinks instead of copying resources
[1.407s] -- Using all available rosidl_typesupport_c: rosidl_typesupport_fastrtps_c;rosidl_typesupport_introspection_c
[1.408s] -- Found rosidl_adapter: 3.1.7 (/opt/ros/humble/share/rosidl_adapter/cmake)
[1.408s] -- Using all available rosidl_typesupport_cpp: rosidl_typesupport_fastrtps_cpp;rosidl_typesupport_introspection_cpp
[1.408s] -- Found ament_cmake_ros: 0.10.0 (/opt/ros/humble/share/ament_cmake_ros/cmake)
[1.907s] -- Using all available rosidl_typesupport_c: rosidl_typesupport_fastrtps_c;rosidl_typesupport_introspection_c
[2.974s] -- Using all available rosidl_typesupport_cpp: rosidl_typesupport_fastrtps_cpp;rosidl_typesupport_introspection_cpp
[3.119s] -- Found python_cmake_module: 0.10.0 (/opt/ros/humble/share/python_cmake_module/cmake)
[3.227s] -- Using PYTHON_EXECUTABLE: /usr/bin/python3
[3.227s] -- Using PYTHON_INCLUDE_DIRS: /usr/include/python3.10
[3.227s] -- Using PYTHON_LIBRARIES: /usr/lib/aarch64-linux-gnu/libpython3.10.so
[3.347s] -- Found ament_lint_auto: 0.12.14 (/opt/ros/humble/share/ament_lint_auto/cmake)
[3.401s] -- Added test 'copyright' to check source files copyright and LICENSE
[3.405s] -- Added test 'lint_cmake' to check CMake code style
[3.405s] -- Added test 'xmllint' to check XML markup files
[3.433s] -- Configuring done
[3.735s] -- Generating done
[3.829s] -- Build files have been written to: /home/ircv7/RACE/real_ws/build/vesc_msgs
[3.959s] Invoked command in '/home/ircv7/RACE/real_ws/build/vesc_msgs' returned '0': CMAKE_PREFIX_PATH=/opt/ros/humble /usr/bin/cmake /home/ircv7/RACE/real_ws/src/f1tenth_system/vesc/vesc_msgs -DCMAKE_BUILD_TYPE=Release -DAMENT_CMAKE_SYMLINK_INSTALL=1 -DCMAKE_INSTALL_PREFIX=/home/ircv7/RACE/real_ws/install/vesc_msgs
[3.960s] Invoking command in '/home/ircv7/RACE/real_ws/build/vesc_msgs': CMAKE_PREFIX_PATH=/opt/ros/humble /usr/bin/cmake --build /home/ircv7/RACE/real_ws/build/vesc_msgs -- -j6 -l6
[4.282s] [35m[1mConsolidate compiler generated dependencies of target vesc_msgs__rosidl_generator_c[0m
[4.359s] [  1%] Built target vesc_msgs__cpp
[4.382s] [  3%] [32mBuilding C object CMakeFiles/vesc_msgs__rosidl_generator_c.dir/rosidl_generator_c/vesc_msgs/msg/detail/vesc_state__functions.c.o[0m
[4.431s] [  5%] [32mBuilding C object CMakeFiles/vesc_msgs__rosidl_generator_c.dir/rosidl_generator_c/vesc_msgs/msg/detail/vesc_imu__functions.c.o[0m
[4.448s] [  7%] [32mBuilding C object CMakeFiles/vesc_msgs__rosidl_generator_c.dir/rosidl_generator_c/vesc_msgs/msg/detail/vesc_state_stamped__functions.c.o[0m
[4.496s] [35m[1mConsolidate compiler generated dependencies of target vesc_msgs__rosidl_typesupport_cpp[0m
[4.505s] [  7%] Built target ament_cmake_python_symlink_vesc_msgs
[4.506s] [35m[1mConsolidate compiler generated dependencies of target vesc_msgs__rosidl_typesupport_fastrtps_cpp[0m
[4.635s] [  9%] [32mBuilding CXX object CMakeFiles/vesc_msgs__rosidl_typesupport_fastrtps_cpp.dir/rosidl_typesupport_fastrtps_cpp/vesc_msgs/msg/detail/dds_fastrtps/vesc_state__type_support.cpp.o[0m
[4.641s] [35m[1mConsolidate compiler generated dependencies of target vesc_msgs__rosidl_typesupport_introspection_cpp[0m
[4.693s] [ 10%] [32mBuilding CXX object CMakeFiles/vesc_msgs__rosidl_typesupport_cpp.dir/rosidl_typesupport_cpp/vesc_msgs/msg/vesc_state__type_support.cpp.o[0m
[4.797s] [ 12%] [32mBuilding CXX object CMakeFiles/vesc_msgs__rosidl_typesupport_introspection_cpp.dir/rosidl_typesupport_introspection_cpp/vesc_msgs/msg/detail/vesc_state__type_support.cpp.o[0m
[5.113s] [ 14%] [32mBuilding CXX object CMakeFiles/vesc_msgs__rosidl_typesupport_fastrtps_cpp.dir/rosidl_typesupport_fastrtps_cpp/vesc_msgs/msg/detail/dds_fastrtps/vesc_state_stamped__type_support.cpp.o[0m
[5.295s] [ 16%] [32mBuilding CXX object CMakeFiles/vesc_msgs__rosidl_typesupport_fastrtps_cpp.dir/rosidl_typesupport_fastrtps_cpp/vesc_msgs/msg/detail/dds_fastrtps/vesc_imu__type_support.cpp.o[0m
[5.344s] [ 18%] [32mBuilding C object CMakeFiles/vesc_msgs__rosidl_generator_c.dir/rosidl_generator_c/vesc_msgs/msg/detail/vesc_imu_stamped__functions.c.o[0m
[6.230s] [ 20%] [32m[1mLinking C shared library libvesc_msgs__rosidl_generator_c.so[0m
[6.572s] [ 21%] Built target vesc_msgs__rosidl_generator_c
[7.373s] [ 23%] [32mBuilding CXX object CMakeFiles/vesc_msgs__rosidl_typesupport_cpp.dir/rosidl_typesupport_cpp/vesc_msgs/msg/vesc_state_stamped__type_support.cpp.o[0m
[8.340s] [ 25%] [32mBuilding CXX object CMakeFiles/vesc_msgs__rosidl_typesupport_introspection_cpp.dir/rosidl_typesupport_introspection_cpp/vesc_msgs/msg/detail/vesc_state_stamped__type_support.cpp.o[0m
[8.384s] [ 27%] [32mBuilding CXX object CMakeFiles/vesc_msgs__rosidl_typesupport_fastrtps_cpp.dir/rosidl_typesupport_fastrtps_cpp/vesc_msgs/msg/detail/dds_fastrtps/vesc_imu_stamped__type_support.cpp.o[0m
[8.608s] [ 29%] [32mBuilding CXX object CMakeFiles/vesc_msgs__rosidl_typesupport_introspection_cpp.dir/rosidl_typesupport_introspection_cpp/vesc_msgs/msg/detail/vesc_imu__type_support.cpp.o[0m
[8.922s] running egg_info
[8.936s] writing vesc_msgs.egg-info/PKG-INFO
[8.943s] writing dependency_links to vesc_msgs.egg-info/dependency_links.txt
[8.943s] writing top-level names to vesc_msgs.egg-info/top_level.txt
[8.960s] reading manifest file 'vesc_msgs.egg-info/SOURCES.txt'
[8.962s] writing manifest file 'vesc_msgs.egg-info/SOURCES.txt'
[9.296s] [ 29%] Built target ament_cmake_python_build_vesc_msgs_egg
[9.333s] [ 30%] [32mBuilding CXX object CMakeFiles/vesc_msgs__rosidl_typesupport_introspection_cpp.dir/rosidl_typesupport_introspection_cpp/vesc_msgs/msg/detail/vesc_imu_stamped__type_support.cpp.o[0m
[9.350s] [ 32%] [32mBuilding CXX object CMakeFiles/vesc_msgs__rosidl_typesupport_cpp.dir/rosidl_typesupport_cpp/vesc_msgs/msg/vesc_imu__type_support.cpp.o[0m
[10.035s] [ 34%] [32mBuilding CXX object CMakeFiles/vesc_msgs__rosidl_typesupport_cpp.dir/rosidl_typesupport_cpp/vesc_msgs/msg/vesc_imu_stamped__type_support.cpp.o[0m
[11.228s] [35m[1mConsolidate compiler generated dependencies of target vesc_msgs__rosidl_typesupport_fastrtps_c[0m
[11.366s] [ 36%] [32mBuilding CXX object CMakeFiles/vesc_msgs__rosidl_typesupport_fastrtps_c.dir/rosidl_typesupport_fastrtps_c/vesc_msgs/msg/detail/vesc_state__type_support_c.cpp.o[0m
[11.579s] [ 38%] [32mBuilding CXX object CMakeFiles/vesc_msgs__rosidl_typesupport_fastrtps_c.dir/rosidl_typesupport_fastrtps_c/vesc_msgs/msg/detail/vesc_state_stamped__type_support_c.cpp.o[0m
[11.763s] [ 40%] [32m[1mLinking CXX shared library libvesc_msgs__rosidl_typesupport_fastrtps_cpp.so[0m
[11.881s] [35m[1mConsolidate compiler generated dependencies of target vesc_msgs__rosidl_typesupport_introspection_c[0m
[11.961s] [ 41%] [32mBuilding C object CMakeFiles/vesc_msgs__rosidl_typesupport_introspection_c.dir/rosidl_typesupport_introspection_c/vesc_msgs/msg/detail/vesc_state__type_support.c.o[0m
[11.988s] [ 43%] [32m[1mLinking CXX shared library libvesc_msgs__rosidl_typesupport_cpp.so[0m
[12.207s] [ 45%] [32mBuilding C object CMakeFiles/vesc_msgs__rosidl_typesupport_introspection_c.dir/rosidl_typesupport_introspection_c/vesc_msgs/msg/detail/vesc_state_stamped__type_support.c.o[0m
[12.273s] [ 47%] Built target vesc_msgs__rosidl_typesupport_cpp
[12.381s] [35m[1mConsolidate compiler generated dependencies of target vesc_msgs__rosidl_typesupport_c[0m
[12.417s] [ 49%] [32mBuilding C object CMakeFiles/vesc_msgs__rosidl_typesupport_introspection_c.dir/rosidl_typesupport_introspection_c/vesc_msgs/msg/detail/vesc_imu__type_support.c.o[0m
[12.447s] [ 50%] [32mBuilding CXX object CMakeFiles/vesc_msgs__rosidl_typesupport_c.dir/rosidl_typesupport_c/vesc_msgs/msg/vesc_state__type_support.cpp.o[0m
[12.604s] [ 52%] Built target vesc_msgs__rosidl_typesupport_fastrtps_cpp
[12.678s] [ 54%] [32mBuilding CXX object CMakeFiles/vesc_msgs__rosidl_typesupport_c.dir/rosidl_typesupport_c/vesc_msgs/msg/vesc_state_stamped__type_support.cpp.o[0m
[12.682s] [ 56%] [32mBuilding CXX object CMakeFiles/vesc_msgs__rosidl_typesupport_c.dir/rosidl_typesupport_c/vesc_msgs/msg/vesc_imu__type_support.cpp.o[0m
[12.758s] [ 58%] [32m[1mLinking CXX shared library libvesc_msgs__rosidl_typesupport_introspection_cpp.so[0m
[12.879s] [ 60%] [32mBuilding C object CMakeFiles/vesc_msgs__rosidl_typesupport_introspection_c.dir/rosidl_typesupport_introspection_c/vesc_msgs/msg/detail/vesc_imu_stamped__type_support.c.o[0m
[12.897s] [ 61%] [32mBuilding CXX object CMakeFiles/vesc_msgs__rosidl_typesupport_fastrtps_c.dir/rosidl_typesupport_fastrtps_c/vesc_msgs/msg/detail/vesc_imu__type_support_c.cpp.o[0m
[12.907s] [ 63%] [32mBuilding CXX object CMakeFiles/vesc_msgs__rosidl_typesupport_c.dir/rosidl_typesupport_c/vesc_msgs/msg/vesc_imu_stamped__type_support.cpp.o[0m
[13.151s] [ 65%] [32m[1mLinking CXX shared library libvesc_msgs__rosidl_typesupport_c.so[0m
[13.197s] [ 67%] [32m[1mLinking C shared library libvesc_msgs__rosidl_typesupport_introspection_c.so[0m
[13.342s] [ 69%] Built target vesc_msgs__rosidl_typesupport_introspection_cpp
[13.367s] [ 70%] Built target vesc_msgs__rosidl_typesupport_c
[13.399s] [ 72%] [32mBuilding CXX object CMakeFiles/vesc_msgs__rosidl_typesupport_fastrtps_c.dir/rosidl_typesupport_fastrtps_c/vesc_msgs/msg/detail/vesc_imu_stamped__type_support_c.cpp.o[0m
[13.411s] [ 74%] Built target vesc_msgs__rosidl_typesupport_introspection_c
[15.344s] [ 76%] [32m[1mLinking CXX shared library libvesc_msgs__rosidl_typesupport_fastrtps_c.so[0m
[16.125s] [ 78%] Built target vesc_msgs__rosidl_typesupport_fastrtps_c
[16.298s] [ 78%] Built target vesc_msgs
[16.482s] [ 80%] Built target vesc_msgs__py
[16.591s] [35m[1mConsolidate compiler generated dependencies of target vesc_msgs__rosidl_generator_py[0m
[16.714s] [ 81%] [32mBuilding C object CMakeFiles/vesc_msgs__rosidl_generator_py.dir/rosidl_generator_py/vesc_msgs/msg/_vesc_state_s.c.o[0m
[16.729s] [ 83%] [32mBuilding C object CMakeFiles/vesc_msgs__rosidl_generator_py.dir/rosidl_generator_py/vesc_msgs/msg/_vesc_state_stamped_s.c.o[0m
[16.750s] [ 87%] [32mBuilding C object CMakeFiles/vesc_msgs__rosidl_generator_py.dir/rosidl_generator_py/vesc_msgs/msg/_vesc_imu_stamped_s.c.o[0m
[16.753s] [ 87%] [32mBuilding C object CMakeFiles/vesc_msgs__rosidl_generator_py.dir/rosidl_generator_py/vesc_msgs/msg/_vesc_imu_s.c.o[0m
[17.731s] [ 89%] [32m[1mLinking C shared library rosidl_generator_py/vesc_msgs/libvesc_msgs__rosidl_generator_py.so[0m
[17.957s] [ 89%] Built target vesc_msgs__rosidl_generator_py
[18.029s] [35m[1mConsolidate compiler generated dependencies of target vesc_msgs__rosidl_typesupport_fastrtps_c__pyext[0m
[18.058s] [35m[1mConsolidate compiler generated dependencies of target vesc_msgs__rosidl_typesupport_c__pyext[0m
[18.072s] [35m[1mConsolidate compiler generated dependencies of target vesc_msgs__rosidl_typesupport_introspection_c__pyext[0m
[18.148s] [ 90%] [32mBuilding C object CMakeFiles/vesc_msgs__rosidl_typesupport_fastrtps_c__pyext.dir/rosidl_generator_py/vesc_msgs/_vesc_msgs_s.ep.rosidl_typesupport_fastrtps_c.c.o[0m
[18.158s] [ 92%] [32mBuilding C object CMakeFiles/vesc_msgs__rosidl_typesupport_c__pyext.dir/rosidl_generator_py/vesc_msgs/_vesc_msgs_s.ep.rosidl_typesupport_c.c.o[0m
[18.170s] [ 94%] [32mBuilding C object CMakeFiles/vesc_msgs__rosidl_typesupport_introspection_c__pyext.dir/rosidl_generator_py/vesc_msgs/_vesc_msgs_s.ep.rosidl_typesupport_introspection_c.c.o[0m
[19.027s] [ 96%] [32m[1mLinking C shared library rosidl_generator_py/vesc_msgs/vesc_msgs_s__rosidl_typesupport_c.cpython-310-aarch64-linux-gnu.so[0m
[19.078s] [ 98%] [32m[1mLinking C shared library rosidl_generator_py/vesc_msgs/vesc_msgs_s__rosidl_typesupport_fastrtps_c.cpython-310-aarch64-linux-gnu.so[0m
[19.101s] [100%] [32m[1mLinking C shared library rosidl_generator_py/vesc_msgs/vesc_msgs_s__rosidl_typesupport_introspection_c.cpython-310-aarch64-linux-gnu.so[0m
[19.265s] [100%] Built target vesc_msgs__rosidl_typesupport_c__pyext
[19.274s] [100%] Built target vesc_msgs__rosidl_typesupport_fastrtps_c__pyext
[19.309s] [100%] Built target vesc_msgs__rosidl_typesupport_introspection_c__pyext
[19.375s] Invoked command in '/home/ircv7/RACE/real_ws/build/vesc_msgs' returned '0': CMAKE_PREFIX_PATH=/opt/ros/humble /usr/bin/cmake --build /home/ircv7/RACE/real_ws/build/vesc_msgs -- -j6 -l6
[19.383s] Invoking command in '/home/ircv7/RACE/real_ws/build/vesc_msgs': CMAKE_PREFIX_PATH=/opt/ros/humble /usr/bin/cmake --install /home/ircv7/RACE/real_ws/build/vesc_msgs
[19.420s] -- Install configuration: "Release"
[19.425s] -- Execute custom install script
[19.426s] -- Up-to-date symlink: /home/ircv7/RACE/real_ws/install/vesc_msgs/share/ament_index/resource_index/rosidl_interfaces/vesc_msgs
[19.429s] -- Up-to-date symlink: /home/ircv7/RACE/real_ws/install/vesc_msgs/include/vesc_msgs/vesc_msgs/msg/detail/vesc_imu__functions.h
[19.429s] -- Up-to-date symlink: /home/ircv7/RACE/real_ws/install/vesc_msgs/include/vesc_msgs/vesc_msgs/msg/detail/vesc_imu__struct.h
[19.430s] -- Up-to-date symlink: /home/ircv7/RACE/real_ws/install/vesc_msgs/include/vesc_msgs/vesc_msgs/msg/detail/vesc_imu__type_support.h
[19.430s] -- Up-to-date symlink: /home/ircv7/RACE/real_ws/install/vesc_msgs/include/vesc_msgs/vesc_msgs/msg/detail/vesc_imu_stamped__functions.h
[19.430s] -- Up-to-date symlink: /home/ircv7/RACE/real_ws/install/vesc_msgs/include/vesc_msgs/vesc_msgs/msg/detail/vesc_imu_stamped__struct.h
[19.430s] -- Up-to-date symlink: /home/ircv7/RACE/real_ws/install/vesc_msgs/include/vesc_msgs/vesc_msgs/msg/detail/vesc_imu_stamped__type_support.h
[19.430s] -- Up-to-date symlink: /home/ircv7/RACE/real_ws/install/vesc_msgs/include/vesc_msgs/vesc_msgs/msg/detail/vesc_state__functions.h
[19.433s] -- Up-to-date symlink: /home/ircv7/RACE/real_ws/install/vesc_msgs/include/vesc_msgs/vesc_msgs/msg/detail/vesc_state__struct.h
[19.433s] -- Up-to-date symlink: /home/ircv7/RACE/real_ws/install/vesc_msgs/include/vesc_msgs/vesc_msgs/msg/detail/vesc_state__type_support.h
[19.434s] -- Up-to-date symlink: /home/ircv7/RACE/real_ws/install/vesc_msgs/include/vesc_msgs/vesc_msgs/msg/detail/vesc_state_stamped__functions.h
[19.434s] -- Up-to-date symlink: /home/ircv7/RACE/real_ws/install/vesc_msgs/include/vesc_msgs/vesc_msgs/msg/detail/vesc_state_stamped__struct.h
[19.434s] -- Up-to-date symlink: /home/ircv7/RACE/real_ws/install/vesc_msgs/include/vesc_msgs/vesc_msgs/msg/detail/vesc_state_stamped__type_support.h
[19.434s] -- Up-to-date symlink: /home/ircv7/RACE/real_ws/install/vesc_msgs/include/vesc_msgs/vesc_msgs/msg/rosidl_generator_c__visibility_control.h
[19.434s] -- Up-to-date symlink: /home/ircv7/RACE/real_ws/install/vesc_msgs/include/vesc_msgs/vesc_msgs/msg/vesc_imu.h
[19.438s] -- Up-to-date symlink: /home/ircv7/RACE/real_ws/install/vesc_msgs/include/vesc_msgs/vesc_msgs/msg/vesc_imu_stamped.h
[19.442s] -- Up-to-date symlink: /home/ircv7/RACE/real_ws/install/vesc_msgs/include/vesc_msgs/vesc_msgs/msg/vesc_state.h
[19.442s] -- Up-to-date symlink: /home/ircv7/RACE/real_ws/install/vesc_msgs/include/vesc_msgs/vesc_msgs/msg/vesc_state_stamped.h
[19.442s] -- Up-to-date symlink: /home/ircv7/RACE/real_ws/install/vesc_msgs/share/vesc_msgs/environment/library_path.sh
[19.442s] -- Up-to-date symlink: /home/ircv7/RACE/real_ws/install/vesc_msgs/share/vesc_msgs/environment/library_path.dsv
[19.443s] -- Up-to-date symlink: /home/ircv7/RACE/real_ws/install/vesc_msgs/include/vesc_msgs/vesc_msgs/msg/detail/vesc_imu__rosidl_typesupport_fastrtps_c.h
[19.446s] -- Up-to-date symlink: /home/ircv7/RACE/real_ws/install/vesc_msgs/include/vesc_msgs/vesc_msgs/msg/detail/vesc_imu_stamped__rosidl_typesupport_fastrtps_c.h
[19.446s] -- Up-to-date symlink: /home/ircv7/RACE/real_ws/install/vesc_msgs/include/vesc_msgs/vesc_msgs/msg/detail/vesc_state__rosidl_typesupport_fastrtps_c.h
[19.446s] -- Up-to-date symlink: /home/ircv7/RACE/real_ws/install/vesc_msgs/include/vesc_msgs/vesc_msgs/msg/detail/vesc_state_stamped__rosidl_typesupport_fastrtps_c.h
[19.447s] -- Up-to-date symlink: /home/ircv7/RACE/real_ws/install/vesc_msgs/include/vesc_msgs/vesc_msgs/msg/rosidl_typesupport_fastrtps_c__visibility_control.h
[19.450s] -- Up-to-date symlink: /home/ircv7/RACE/real_ws/install/vesc_msgs/include/vesc_msgs/vesc_msgs/msg/detail/vesc_imu__rosidl_typesupport_introspection_c.h
[19.450s] -- Up-to-date symlink: /home/ircv7/RACE/real_ws/install/vesc_msgs/include/vesc_msgs/vesc_msgs/msg/detail/vesc_imu_stamped__rosidl_typesupport_introspection_c.h
[19.450s] -- Up-to-date symlink: /home/ircv7/RACE/real_ws/install/vesc_msgs/include/vesc_msgs/vesc_msgs/msg/detail/vesc_state__rosidl_typesupport_introspection_c.h
[19.450s] -- Up-to-date symlink: /home/ircv7/RACE/real_ws/install/vesc_msgs/include/vesc_msgs/vesc_msgs/msg/detail/vesc_state_stamped__rosidl_typesupport_introspection_c.h
[19.451s] -- Up-to-date symlink: /home/ircv7/RACE/real_ws/install/vesc_msgs/include/vesc_msgs/vesc_msgs/msg/rosidl_typesupport_introspection_c__visibility_control.h
[19.456s] -- Up-to-date symlink: /home/ircv7/RACE/real_ws/install/vesc_msgs/include/vesc_msgs/vesc_msgs/msg/detail/vesc_imu__builder.hpp
[19.456s] -- Up-to-date symlink: /home/ircv7/RACE/real_ws/install/vesc_msgs/include/vesc_msgs/vesc_msgs/msg/detail/vesc_imu__struct.hpp
[19.456s] -- Up-to-date symlink: /home/ircv7/RACE/real_ws/install/vesc_msgs/include/vesc_msgs/vesc_msgs/msg/detail/vesc_imu__traits.hpp
[19.457s] -- Up-to-date symlink: /home/ircv7/RACE/real_ws/install/vesc_msgs/include/vesc_msgs/vesc_msgs/msg/detail/vesc_imu__type_support.hpp
[19.458s] -- Up-to-date symlink: /home/ircv7/RACE/real_ws/install/vesc_msgs/include/vesc_msgs/vesc_msgs/msg/detail/vesc_imu_stamped__builder.hpp
[19.458s] -- Up-to-date symlink: /home/ircv7/RACE/real_ws/install/vesc_msgs/include/vesc_msgs/vesc_msgs/msg/detail/vesc_imu_stamped__struct.hpp
[19.459s] -- Up-to-date symlink: /home/ircv7/RACE/real_ws/install/vesc_msgs/include/vesc_msgs/vesc_msgs/msg/detail/vesc_imu_stamped__traits.hpp
[19.460s] -- Up-to-date symlink: /home/ircv7/RACE/real_ws/install/vesc_msgs/include/vesc_msgs/vesc_msgs/msg/detail/vesc_imu_stamped__type_support.hpp
[19.464s] -- Up-to-date symlink: /home/ircv7/RACE/real_ws/install/vesc_msgs/include/vesc_msgs/vesc_msgs/msg/detail/vesc_state__builder.hpp
[19.464s] -- Up-to-date symlink: /home/ircv7/RACE/real_ws/install/vesc_msgs/include/vesc_msgs/vesc_msgs/msg/detail/vesc_state__struct.hpp
[19.464s] -- Up-to-date symlink: /home/ircv7/RACE/real_ws/install/vesc_msgs/include/vesc_msgs/vesc_msgs/msg/detail/vesc_state__traits.hpp
[19.465s] -- Up-to-date symlink: /home/ircv7/RACE/real_ws/install/vesc_msgs/include/vesc_msgs/vesc_msgs/msg/detail/vesc_state__type_support.hpp
[19.471s] -- Up-to-date symlink: /home/ircv7/RACE/real_ws/install/vesc_msgs/include/vesc_msgs/vesc_msgs/msg/detail/vesc_state_stamped__builder.hpp
[19.472s] -- Up-to-date symlink: /home/ircv7/RACE/real_ws/install/vesc_msgs/include/vesc_msgs/vesc_msgs/msg/detail/vesc_state_stamped__struct.hpp
[19.472s] -- Up-to-date symlink: /home/ircv7/RACE/real_ws/install/vesc_msgs/include/vesc_msgs/vesc_msgs/msg/detail/vesc_state_stamped__traits.hpp
[19.472s] -- Up-to-date symlink: /home/ircv7/RACE/real_ws/install/vesc_msgs/include/vesc_msgs/vesc_msgs/msg/detail/vesc_state_stamped__type_support.hpp
[19.472s] -- Up-to-date symlink: /home/ircv7/RACE/real_ws/install/vesc_msgs/include/vesc_msgs/vesc_msgs/msg/rosidl_generator_cpp__visibility_control.hpp
[19.472s] -- Up-to-date symlink: /home/ircv7/RACE/real_ws/install/vesc_msgs/include/vesc_msgs/vesc_msgs/msg/vesc_imu.hpp
[19.478s] -- Up-to-date symlink: /home/ircv7/RACE/real_ws/install/vesc_msgs/include/vesc_msgs/vesc_msgs/msg/vesc_imu_stamped.hpp
[19.479s] -- Up-to-date symlink: /home/ircv7/RACE/real_ws/install/vesc_msgs/include/vesc_msgs/vesc_msgs/msg/vesc_state.hpp
[19.479s] -- Up-to-date symlink: /home/ircv7/RACE/real_ws/install/vesc_msgs/include/vesc_msgs/vesc_msgs/msg/vesc_state_stamped.hpp
[19.485s] -- Up-to-date symlink: /home/ircv7/RACE/real_ws/install/vesc_msgs/include/vesc_msgs/vesc_msgs/msg/detail/vesc_imu__rosidl_typesupport_fastrtps_cpp.hpp
[19.485s] -- Up-to-date symlink: /home/ircv7/RACE/real_ws/install/vesc_msgs/include/vesc_msgs/vesc_msgs/msg/detail/vesc_imu_stamped__rosidl_typesupport_fastrtps_cpp.hpp
[19.486s] -- Up-to-date symlink: /home/ircv7/RACE/real_ws/install/vesc_msgs/include/vesc_msgs/vesc_msgs/msg/detail/vesc_state__rosidl_typesupport_fastrtps_cpp.hpp
[19.487s] -- Up-to-date symlink: /home/ircv7/RACE/real_ws/install/vesc_msgs/include/vesc_msgs/vesc_msgs/msg/detail/vesc_state_stamped__rosidl_typesupport_fastrtps_cpp.hpp
[19.487s] -- Up-to-date symlink: /home/ircv7/RACE/real_ws/install/vesc_msgs/include/vesc_msgs/vesc_msgs/msg/rosidl_typesupport_fastrtps_cpp__visibility_control.h
[19.487s] -- Up-to-date symlink: /home/ircv7/RACE/real_ws/install/vesc_msgs/include/vesc_msgs/vesc_msgs/msg/detail/vesc_imu__rosidl_typesupport_introspection_cpp.hpp
[19.487s] -- Up-to-date symlink: /home/ircv7/RACE/real_ws/install/vesc_msgs/include/vesc_msgs/vesc_msgs/msg/detail/vesc_imu_stamped__rosidl_typesupport_introspection_cpp.hpp
[19.489s] -- Up-to-date symlink: /home/ircv7/RACE/real_ws/install/vesc_msgs/include/vesc_msgs/vesc_msgs/msg/detail/vesc_state__rosidl_typesupport_introspection_cpp.hpp
[19.489s] -- Up-to-date symlink: /home/ircv7/RACE/real_ws/install/vesc_msgs/include/vesc_msgs/vesc_msgs/msg/detail/vesc_state_stamped__rosidl_typesupport_introspection_cpp.hpp
[19.489s] -- Up-to-date symlink: /home/ircv7/RACE/real_ws/install/vesc_msgs/share/vesc_msgs/environment/pythonpath.sh
[19.490s] -- Up-to-date symlink: /home/ircv7/RACE/real_ws/install/vesc_msgs/share/vesc_msgs/environment/pythonpath.dsv
[19.495s] -- Up-to-date symlink: /home/ircv7/RACE/real_ws/install/vesc_msgs/local/lib/python3.10/dist-packages/vesc_msgs-1.2.0-py3.10.egg-info/PKG-INFO
[19.495s] -- Up-to-date symlink: /home/ircv7/RACE/real_ws/install/vesc_msgs/local/lib/python3.10/dist-packages/vesc_msgs-1.2.0-py3.10.egg-info/SOURCES.txt
[19.507s] -- Up-to-date symlink: /home/ircv7/RACE/real_ws/install/vesc_msgs/local/lib/python3.10/dist-packages/vesc_msgs-1.2.0-py3.10.egg-info/dependency_links.txt
[19.507s] -- Up-to-date symlink: /home/ircv7/RACE/real_ws/install/vesc_msgs/local/lib/python3.10/dist-packages/vesc_msgs-1.2.0-py3.10.egg-info/top_level.txt
[19.508s] -- Up-to-date symlink: /home/ircv7/RACE/real_ws/install/vesc_msgs/local/lib/python3.10/dist-packages/vesc_msgs/__init__.py
[19.508s] -- Up-to-date symlink: /home/ircv7/RACE/real_ws/install/vesc_msgs/local/lib/python3.10/dist-packages/vesc_msgs/_vesc_msgs_s.ep.rosidl_typesupport_c.c
[19.508s] -- Up-to-date symlink: /home/ircv7/RACE/real_ws/install/vesc_msgs/local/lib/python3.10/dist-packages/vesc_msgs/_vesc_msgs_s.ep.rosidl_typesupport_fastrtps_c.c
[19.508s] -- Up-to-date symlink: /home/ircv7/RACE/real_ws/install/vesc_msgs/local/lib/python3.10/dist-packages/vesc_msgs/_vesc_msgs_s.ep.rosidl_typesupport_introspection_c.c
[19.508s] -- Up-to-date symlink: /home/ircv7/RACE/real_ws/install/vesc_msgs/local/lib/python3.10/dist-packages/vesc_msgs/libvesc_msgs__rosidl_generator_py.so
[19.508s] -- Up-to-date symlink: /home/ircv7/RACE/real_ws/install/vesc_msgs/local/lib/python3.10/dist-packages/vesc_msgs/msg/__init__.py
[19.511s] -- Up-to-date symlink: /home/ircv7/RACE/real_ws/install/vesc_msgs/local/lib/python3.10/dist-packages/vesc_msgs/msg/_vesc_imu.py
[19.511s] -- Up-to-date symlink: /home/ircv7/RACE/real_ws/install/vesc_msgs/local/lib/python3.10/dist-packages/vesc_msgs/msg/_vesc_imu_s.c
[19.512s] -- Up-to-date symlink: /home/ircv7/RACE/real_ws/install/vesc_msgs/local/lib/python3.10/dist-packages/vesc_msgs/msg/_vesc_imu_stamped.py
[19.512s] -- Up-to-date symlink: /home/ircv7/RACE/real_ws/install/vesc_msgs/local/lib/python3.10/dist-packages/vesc_msgs/msg/_vesc_imu_stamped_s.c
[19.512s] -- Up-to-date symlink: /home/ircv7/RACE/real_ws/install/vesc_msgs/local/lib/python3.10/dist-packages/vesc_msgs/msg/_vesc_state.py
[19.512s] -- Up-to-date symlink: /home/ircv7/RACE/real_ws/install/vesc_msgs/local/lib/python3.10/dist-packages/vesc_msgs/msg/_vesc_state_s.c
[19.517s] -- Up-to-date symlink: /home/ircv7/RACE/real_ws/install/vesc_msgs/local/lib/python3.10/dist-packages/vesc_msgs/msg/_vesc_state_stamped.py
[19.519s] -- Up-to-date symlink: /home/ircv7/RACE/real_ws/install/vesc_msgs/local/lib/python3.10/dist-packages/vesc_msgs/msg/_vesc_state_stamped_s.c
[19.519s] -- Up-to-date symlink: /home/ircv7/RACE/real_ws/install/vesc_msgs/local/lib/python3.10/dist-packages/vesc_msgs/vesc_msgs_s__rosidl_typesupport_c.cpython-310-aarch64-linux-gnu.so
[19.519s] -- Up-to-date symlink: /home/ircv7/RACE/real_ws/install/vesc_msgs/local/lib/python3.10/dist-packages/vesc_msgs/vesc_msgs_s__rosidl_typesupport_fastrtps_c.cpython-310-aarch64-linux-gnu.so
[19.520s] -- Up-to-date symlink: /home/ircv7/RACE/real_ws/install/vesc_msgs/local/lib/python3.10/dist-packages/vesc_msgs/vesc_msgs_s__rosidl_typesupport_introspection_c.cpython-310-aarch64-linux-gnu.so
[19.521s] -- Up-to-date symlink: /home/ircv7/RACE/real_ws/install/vesc_msgs/local/lib/python3.10/dist-packages/vesc_msgs/vesc_msgs_s__rosidl_typesupport_fastrtps_c.cpython-310-aarch64-linux-gnu.so
[19.521s] -- Up-to-date symlink: /home/ircv7/RACE/real_ws/install/vesc_msgs/local/lib/python3.10/dist-packages/vesc_msgs/vesc_msgs_s__rosidl_typesupport_introspection_c.cpython-310-aarch64-linux-gnu.so
[19.521s] -- Up-to-date symlink: /home/ircv7/RACE/real_ws/install/vesc_msgs/local/lib/python3.10/dist-packages/vesc_msgs/vesc_msgs_s__rosidl_typesupport_c.cpython-310-aarch64-linux-gnu.so
[19.521s] -- Up-to-date symlink: /home/ircv7/RACE/real_ws/install/vesc_msgs/share/vesc_msgs/msg/VescState.idl
[19.522s] -- Up-to-date symlink: /home/ircv7/RACE/real_ws/install/vesc_msgs/share/vesc_msgs/msg/VescStateStamped.idl
[19.527s] -- Up-to-date symlink: /home/ircv7/RACE/real_ws/install/vesc_msgs/share/vesc_msgs/msg/VescImu.idl
[19.528s] -- Up-to-date symlink: /home/ircv7/RACE/real_ws/install/vesc_msgs/share/vesc_msgs/msg/VescImuStamped.idl
[19.528s] -- Up-to-date symlink: /home/ircv7/RACE/real_ws/install/vesc_msgs/share/vesc_msgs/msg/VescState.msg
[19.528s] -- Up-to-date symlink: /home/ircv7/RACE/real_ws/install/vesc_msgs/share/vesc_msgs/msg/VescStateStamped.msg
[19.528s] -- Up-to-date symlink: /home/ircv7/RACE/real_ws/install/vesc_msgs/share/vesc_msgs/msg/VescImu.msg
[19.528s] -- Up-to-date symlink: /home/ircv7/RACE/real_ws/install/vesc_msgs/share/vesc_msgs/msg/VescImuStamped.msg
[19.528s] -- Up-to-date symlink: /home/ircv7/RACE/real_ws/install/vesc_msgs/share/ament_index/resource_index/package_run_dependencies/vesc_msgs
[19.528s] -- Up-to-date symlink: /home/ircv7/RACE/real_ws/install/vesc_msgs/share/ament_index/resource_index/parent_prefix_path/vesc_msgs
[19.529s] -- Up-to-date symlink: /home/ircv7/RACE/real_ws/install/vesc_msgs/share/vesc_msgs/environment/ament_prefix_path.sh
[19.533s] -- Up-to-date symlink: /home/ircv7/RACE/real_ws/install/vesc_msgs/share/vesc_msgs/environment/ament_prefix_path.dsv
[19.537s] -- Up-to-date symlink: /home/ircv7/RACE/real_ws/install/vesc_msgs/share/vesc_msgs/environment/path.sh
[19.537s] -- Up-to-date symlink: /home/ircv7/RACE/real_ws/install/vesc_msgs/share/vesc_msgs/environment/path.dsv
[19.538s] -- Up-to-date symlink: /home/ircv7/RACE/real_ws/install/vesc_msgs/share/vesc_msgs/local_setup.bash
[19.539s] -- Up-to-date symlink: /home/ircv7/RACE/real_ws/install/vesc_msgs/share/vesc_msgs/local_setup.sh
[19.539s] -- Up-to-date symlink: /home/ircv7/RACE/real_ws/install/vesc_msgs/share/vesc_msgs/local_setup.zsh
[19.539s] -- Up-to-date symlink: /home/ircv7/RACE/real_ws/install/vesc_msgs/share/vesc_msgs/local_setup.dsv
[19.541s] -- Symlinking: /home/ircv7/RACE/real_ws/install/vesc_msgs/share/vesc_msgs/package.dsv
[19.564s] -- Up-to-date symlink: /home/ircv7/RACE/real_ws/install/vesc_msgs/share/ament_index/resource_index/packages/vesc_msgs
[19.564s] -- Up-to-date symlink: /home/ircv7/RACE/real_ws/install/vesc_msgs/share/vesc_msgs/cmake/rosidl_cmake-extras.cmake
[19.564s] -- Up-to-date symlink: /home/ircv7/RACE/real_ws/install/vesc_msgs/share/vesc_msgs/cmake/ament_cmake_export_dependencies-extras.cmake
[19.565s] -- Up-to-date symlink: /home/ircv7/RACE/real_ws/install/vesc_msgs/share/vesc_msgs/cmake/ament_cmake_export_include_directories-extras.cmake
[19.565s] -- Up-to-date symlink: /home/ircv7/RACE/real_ws/install/vesc_msgs/share/vesc_msgs/cmake/ament_cmake_export_libraries-extras.cmake
[19.565s] -- Up-to-date symlink: /home/ircv7/RACE/real_ws/install/vesc_msgs/share/vesc_msgs/cmake/ament_cmake_export_targets-extras.cmake
[19.565s] -- Up-to-date symlink: /home/ircv7/RACE/real_ws/install/vesc_msgs/share/vesc_msgs/cmake/rosidl_cmake_export_typesupport_targets-extras.cmake
[19.565s] -- Up-to-date symlink: /home/ircv7/RACE/real_ws/install/vesc_msgs/share/vesc_msgs/cmake/rosidl_cmake_export_typesupport_libraries-extras.cmake
[19.566s] -- Up-to-date symlink: /home/ircv7/RACE/real_ws/install/vesc_msgs/share/vesc_msgs/cmake/vesc_msgsConfig.cmake
[19.566s] -- Up-to-date symlink: /home/ircv7/RACE/real_ws/install/vesc_msgs/share/vesc_msgs/cmake/vesc_msgsConfig-version.cmake
[19.566s] -- Up-to-date symlink: /home/ircv7/RACE/real_ws/install/vesc_msgs/share/vesc_msgs/package.xml
[19.571s] -- Installing: /home/ircv7/RACE/real_ws/install/vesc_msgs/lib/libvesc_msgs__rosidl_generator_c.so
[19.573s] -- Set runtime path of "/home/ircv7/RACE/real_ws/install/vesc_msgs/lib/libvesc_msgs__rosidl_generator_c.so" to ""
[19.573s] -- Installing: /home/ircv7/RACE/real_ws/install/vesc_msgs/lib/libvesc_msgs__rosidl_typesupport_fastrtps_c.so
[19.577s] -- Set runtime path of "/home/ircv7/RACE/real_ws/install/vesc_msgs/lib/libvesc_msgs__rosidl_typesupport_fastrtps_c.so" to ""
[19.577s] -- Installing: /home/ircv7/RACE/real_ws/install/vesc_msgs/lib/libvesc_msgs__rosidl_typesupport_introspection_c.so
[19.580s] -- Set runtime path of "/home/ircv7/RACE/real_ws/install/vesc_msgs/lib/libvesc_msgs__rosidl_typesupport_introspection_c.so" to ""
[19.580s] -- Installing: /home/ircv7/RACE/real_ws/install/vesc_msgs/lib/libvesc_msgs__rosidl_typesupport_c.so
[19.580s] -- Set runtime path of "/home/ircv7/RACE/real_ws/install/vesc_msgs/lib/libvesc_msgs__rosidl_typesupport_c.so" to ""
[19.581s] -- Installing: /home/ircv7/RACE/real_ws/install/vesc_msgs/lib/libvesc_msgs__rosidl_typesupport_fastrtps_cpp.so
[19.584s] -- Set runtime path of "/home/ircv7/RACE/real_ws/install/vesc_msgs/lib/libvesc_msgs__rosidl_typesupport_fastrtps_cpp.so" to ""
[19.585s] -- Installing: /home/ircv7/RACE/real_ws/install/vesc_msgs/lib/libvesc_msgs__rosidl_typesupport_introspection_cpp.so
[19.585s] -- Set runtime path of "/home/ircv7/RACE/real_ws/install/vesc_msgs/lib/libvesc_msgs__rosidl_typesupport_introspection_cpp.so" to ""
[19.585s] -- Installing: /home/ircv7/RACE/real_ws/install/vesc_msgs/lib/libvesc_msgs__rosidl_typesupport_cpp.so
[19.585s] -- Set runtime path of "/home/ircv7/RACE/real_ws/install/vesc_msgs/lib/libvesc_msgs__rosidl_typesupport_cpp.so" to ""
[19.692s] Listing '/home/ircv7/RACE/real_ws/install/vesc_msgs/local/lib/python3.10/dist-packages/vesc_msgs'...
[19.692s] Compiling '/home/ircv7/RACE/real_ws/install/vesc_msgs/local/lib/python3.10/dist-packages/vesc_msgs/__init__.py'...
[19.692s] Listing '/home/ircv7/RACE/real_ws/install/vesc_msgs/local/lib/python3.10/dist-packages/vesc_msgs/msg'...
[19.734s] -- Installing: /home/ircv7/RACE/real_ws/install/vesc_msgs/lib/libvesc_msgs__rosidl_generator_py.so
[19.735s] -- Set runtime path of "/home/ircv7/RACE/real_ws/install/vesc_msgs/lib/libvesc_msgs__rosidl_generator_py.so" to ""
[19.736s] -- Up-to-date: /home/ircv7/RACE/real_ws/install/vesc_msgs/share/vesc_msgs/cmake/export_vesc_msgs__rosidl_generator_cExport.cmake
[19.736s] -- Installing: /home/ircv7/RACE/real_ws/install/vesc_msgs/share/vesc_msgs/cmake/export_vesc_msgs__rosidl_generator_cExport-release.cmake
[19.736s] -- Up-to-date: /home/ircv7/RACE/real_ws/install/vesc_msgs/share/vesc_msgs/cmake/export_vesc_msgs__rosidl_typesupport_fastrtps_cExport.cmake
[19.736s] -- Installing: /home/ircv7/RACE/real_ws/install/vesc_msgs/share/vesc_msgs/cmake/export_vesc_msgs__rosidl_typesupport_fastrtps_cExport-release.cmake
[19.736s] -- Up-to-date: /home/ircv7/RACE/real_ws/install/vesc_msgs/share/vesc_msgs/cmake/vesc_msgs__rosidl_typesupport_introspection_cExport.cmake
[19.736s] -- Installing: /home/ircv7/RACE/real_ws/install/vesc_msgs/share/vesc_msgs/cmake/vesc_msgs__rosidl_typesupport_introspection_cExport-release.cmake
[19.736s] -- Up-to-date: /home/ircv7/RACE/real_ws/install/vesc_msgs/share/vesc_msgs/cmake/vesc_msgs__rosidl_typesupport_cExport.cmake
[19.736s] -- Installing: /home/ircv7/RACE/real_ws/install/vesc_msgs/share/vesc_msgs/cmake/vesc_msgs__rosidl_typesupport_cExport-release.cmake
[19.737s] -- Up-to-date: /home/ircv7/RACE/real_ws/install/vesc_msgs/share/vesc_msgs/cmake/export_vesc_msgs__rosidl_generator_cppExport.cmake
[19.737s] -- Up-to-date: /home/ircv7/RACE/real_ws/install/vesc_msgs/share/vesc_msgs/cmake/export_vesc_msgs__rosidl_typesupport_fastrtps_cppExport.cmake
[19.737s] -- Installing: /home/ircv7/RACE/real_ws/install/vesc_msgs/share/vesc_msgs/cmake/export_vesc_msgs__rosidl_typesupport_fastrtps_cppExport-release.cmake
[19.742s] -- Up-to-date: /home/ircv7/RACE/real_ws/install/vesc_msgs/share/vesc_msgs/cmake/vesc_msgs__rosidl_typesupport_introspection_cppExport.cmake
[19.749s] -- Installing: /home/ircv7/RACE/real_ws/install/vesc_msgs/share/vesc_msgs/cmake/vesc_msgs__rosidl_typesupport_introspection_cppExport-release.cmake
[19.750s] -- Up-to-date: /home/ircv7/RACE/real_ws/install/vesc_msgs/share/vesc_msgs/cmake/vesc_msgs__rosidl_typesupport_cppExport.cmake
[19.750s] -- Installing: /home/ircv7/RACE/real_ws/install/vesc_msgs/share/vesc_msgs/cmake/vesc_msgs__rosidl_typesupport_cppExport-release.cmake
[19.750s] -- Up-to-date: /home/ircv7/RACE/real_ws/install/vesc_msgs/share/vesc_msgs/cmake/export_vesc_msgs__rosidl_generator_pyExport.cmake
[19.750s] -- Installing: /home/ircv7/RACE/real_ws/install/vesc_msgs/share/vesc_msgs/cmake/export_vesc_msgs__rosidl_generator_pyExport-release.cmake
[19.751s] Invoked command in '/home/ircv7/RACE/real_ws/build/vesc_msgs' returned '0': CMAKE_PREFIX_PATH=/opt/ros/humble /usr/bin/cmake --install /home/ircv7/RACE/real_ws/build/vesc_msgs
