[0.047s] Invoking command in '/home/ircv7/RACE/real_ws/build/slam_nav': AMENT_PREFIX_PATH=/home/ircv7/RACE/real_ws/install/f1tenth_stack:/home/ircv7/RACE/real_ws/install/vesc:/home/ircv7/RACE/real_ws/install/vesc_driver:/home/ircv7/RACE/real_ws/install/vesc_ackermann:/home/ircv7/RACE/real_ws/install/joy_teleop:/home/ircv7/RACE/real_ws/install/vesc_msgs:/home/ircv7/RACE/real_ws/install/teleop_tools_msgs:/home/ircv7/RACE/real_ws/install/ackermann_mux:${AMENT_PREFIX_PATH} CMAKE_PREFIX_PATH=/home/ircv7/RACE/real_ws/install/vesc:/home/ircv7/RACE/real_ws/install/vesc_driver:/home/ircv7/RACE/real_ws/install/vesc_ackermann:/home/ircv7/RACE/real_ws/install/vesc_msgs:/home/ircv7/RACE/real_ws/install/teleop_tools_msgs:/home/ircv7/RACE/real_ws/install/ackermann_mux:/opt/ros/humble LD_LIBRARY_PATH=/home/ircv7/RACE/real_ws/install/vesc_driver/lib:/home/ircv7/RACE/real_ws/install/vesc_ackermann/lib:/home/ircv7/RACE/real_ws/install/vesc_msgs/lib:/home/ircv7/RACE/real_ws/install/teleop_tools_msgs/lib:${LD_LIBRARY_PATH} PYTHONPATH=/home/ircv7/RACE/real_ws/build/f1tenth_stack:/home/ircv7/RACE/real_ws/install/f1tenth_stack/lib/python3.10/site-packages:/home/ircv7/RACE/real_ws/build/joy_teleop:/home/ircv7/RACE/real_ws/install/joy_teleop/lib/python3.10/site-packages:/home/ircv7/RACE/real_ws/install/vesc_msgs/local/lib/python3.10/dist-packages:/home/ircv7/RACE/real_ws/install/teleop_tools_msgs/local/lib/python3.10/dist-packages:${PYTHONPATH} /usr/bin/cmake --build /home/ircv7/RACE/real_ws/build/slam_nav -- -j6 -l6
[0.141s] [35m[1mConsolidate compiler generated dependencies of target slam_nav_manager[0m
[0.142s] [35m[1mConsolidate compiler generated dependencies of target high_frequency_localizer_node[0m
[0.190s] [ 25%] [32mBuilding CXX object CMakeFiles/high_frequency_localizer_node.dir/src/high_frequency_localizer.cpp.o[0m
[0.194s] [ 50%] [32mBuilding CXX object CMakeFiles/slam_nav_manager.dir/src/slam_nav_manager.cpp.o[0m
[15.485s] [ 75%] [32m[1mLinking CXX executable slam_nav_manager[0m
[15.792s] [ 75%] Built target slam_nav_manager
[46.781s] [100%] [32m[1mLinking CXX executable high_frequency_localizer_node[0m
[47.240s] [100%] Built target high_frequency_localizer_node
[47.265s] Invoked command in '/home/ircv7/RACE/real_ws/build/slam_nav' returned '0': AMENT_PREFIX_PATH=/home/ircv7/RACE/real_ws/install/f1tenth_stack:/home/ircv7/RACE/real_ws/install/vesc:/home/ircv7/RACE/real_ws/install/vesc_driver:/home/ircv7/RACE/real_ws/install/vesc_ackermann:/home/ircv7/RACE/real_ws/install/joy_teleop:/home/ircv7/RACE/real_ws/install/vesc_msgs:/home/ircv7/RACE/real_ws/install/teleop_tools_msgs:/home/ircv7/RACE/real_ws/install/ackermann_mux:${AMENT_PREFIX_PATH} CMAKE_PREFIX_PATH=/home/ircv7/RACE/real_ws/install/vesc:/home/ircv7/RACE/real_ws/install/vesc_driver:/home/ircv7/RACE/real_ws/install/vesc_ackermann:/home/ircv7/RACE/real_ws/install/vesc_msgs:/home/ircv7/RACE/real_ws/install/teleop_tools_msgs:/home/ircv7/RACE/real_ws/install/ackermann_mux:/opt/ros/humble LD_LIBRARY_PATH=/home/ircv7/RACE/real_ws/install/vesc_driver/lib:/home/ircv7/RACE/real_ws/install/vesc_ackermann/lib:/home/ircv7/RACE/real_ws/install/vesc_msgs/lib:/home/ircv7/RACE/real_ws/install/teleop_tools_msgs/lib:${LD_LIBRARY_PATH} PYTHONPATH=/home/ircv7/RACE/real_ws/build/f1tenth_stack:/home/ircv7/RACE/real_ws/install/f1tenth_stack/lib/python3.10/site-packages:/home/ircv7/RACE/real_ws/build/joy_teleop:/home/ircv7/RACE/real_ws/install/joy_teleop/lib/python3.10/site-packages:/home/ircv7/RACE/real_ws/install/vesc_msgs/local/lib/python3.10/dist-packages:/home/ircv7/RACE/real_ws/install/teleop_tools_msgs/local/lib/python3.10/dist-packages:${PYTHONPATH} /usr/bin/cmake --build /home/ircv7/RACE/real_ws/build/slam_nav -- -j6 -l6
[47.269s] Invoking command in '/home/ircv7/RACE/real_ws/build/slam_nav': AMENT_PREFIX_PATH=/home/ircv7/RACE/real_ws/install/f1tenth_stack:/home/ircv7/RACE/real_ws/install/vesc:/home/ircv7/RACE/real_ws/install/vesc_driver:/home/ircv7/RACE/real_ws/install/vesc_ackermann:/home/ircv7/RACE/real_ws/install/joy_teleop:/home/ircv7/RACE/real_ws/install/vesc_msgs:/home/ircv7/RACE/real_ws/install/teleop_tools_msgs:/home/ircv7/RACE/real_ws/install/ackermann_mux:${AMENT_PREFIX_PATH} CMAKE_PREFIX_PATH=/home/ircv7/RACE/real_ws/install/vesc:/home/ircv7/RACE/real_ws/install/vesc_driver:/home/ircv7/RACE/real_ws/install/vesc_ackermann:/home/ircv7/RACE/real_ws/install/vesc_msgs:/home/ircv7/RACE/real_ws/install/teleop_tools_msgs:/home/ircv7/RACE/real_ws/install/ackermann_mux:/opt/ros/humble LD_LIBRARY_PATH=/home/ircv7/RACE/real_ws/install/vesc_driver/lib:/home/ircv7/RACE/real_ws/install/vesc_ackermann/lib:/home/ircv7/RACE/real_ws/install/vesc_msgs/lib:/home/ircv7/RACE/real_ws/install/teleop_tools_msgs/lib:${LD_LIBRARY_PATH} PYTHONPATH=/home/ircv7/RACE/real_ws/build/f1tenth_stack:/home/ircv7/RACE/real_ws/install/f1tenth_stack/lib/python3.10/site-packages:/home/ircv7/RACE/real_ws/build/joy_teleop:/home/ircv7/RACE/real_ws/install/joy_teleop/lib/python3.10/site-packages:/home/ircv7/RACE/real_ws/install/vesc_msgs/local/lib/python3.10/dist-packages:/home/ircv7/RACE/real_ws/install/teleop_tools_msgs/local/lib/python3.10/dist-packages:${PYTHONPATH} /usr/bin/cmake --install /home/ircv7/RACE/real_ws/build/slam_nav
[47.285s] -- Install configuration: "Release"
[47.285s] -- Execute custom install script
[47.286s] -- Up-to-date symlink: /home/ircv7/RACE/real_ws/install/slam_nav/share/slam_nav/launch//__pycache__/localization_launch.cpython-38.pyc
[47.286s] -- Up-to-date symlink: /home/ircv7/RACE/real_ws/install/slam_nav/share/slam_nav/launch//localization_launch.py
[47.287s] -- Up-to-date symlink: /home/ircv7/RACE/real_ws/install/slam_nav/share/slam_nav/launch//slam_nav_launch.py
[47.287s] -- Up-to-date symlink: /home/ircv7/RACE/real_ws/install/slam_nav/share/slam_nav/launch//slam_nav_manager_launch.py
[47.287s] -- Up-to-date symlink: /home/ircv7/RACE/real_ws/install/slam_nav/share/slam_nav/config//amcl_config.yaml
[47.288s] -- Up-to-date symlink: /home/ircv7/RACE/real_ws/install/slam_nav/share/slam_nav/config//cartographer_config.lua
[47.288s] -- Up-to-date symlink: /home/ircv7/RACE/real_ws/install/slam_nav/share/slam_nav/config//slam_toolbox_async_config.yaml
[47.288s] -- Up-to-date symlink: /home/ircv7/RACE/real_ws/install/slam_nav/share/slam_nav/config//slam_toolbox_config.yaml
[47.288s] -- Up-to-date symlink: /home/ircv7/RACE/real_ws/install/slam_nav/lib/slam_nav/slam_nav_manager
[47.289s] -- Up-to-date symlink: /home/ircv7/RACE/real_ws/install/slam_nav/lib/slam_nav/high_frequency_localizer_node
[47.289s] -- Up-to-date symlink: /home/ircv7/RACE/real_ws/install/slam_nav/lib/slam_nav/localization_performance_test.py
[47.289s] -- Up-to-date symlink: /home/ircv7/RACE/real_ws/install/slam_nav/lib/slam_nav/high_frequency_localization.py
[47.289s] -- Up-to-date symlink: /home/ircv7/RACE/real_ws/install/slam_nav/share/ament_index/resource_index/package_run_dependencies/slam_nav
[47.290s] -- Up-to-date symlink: /home/ircv7/RACE/real_ws/install/slam_nav/share/ament_index/resource_index/parent_prefix_path/slam_nav
[47.290s] -- Up-to-date symlink: /home/ircv7/RACE/real_ws/install/slam_nav/share/slam_nav/environment/ament_prefix_path.sh
[47.290s] -- Up-to-date symlink: /home/ircv7/RACE/real_ws/install/slam_nav/share/slam_nav/environment/ament_prefix_path.dsv
[47.291s] -- Up-to-date symlink: /home/ircv7/RACE/real_ws/install/slam_nav/share/slam_nav/environment/path.sh
[47.291s] -- Up-to-date symlink: /home/ircv7/RACE/real_ws/install/slam_nav/share/slam_nav/environment/path.dsv
[47.292s] -- Up-to-date symlink: /home/ircv7/RACE/real_ws/install/slam_nav/share/slam_nav/local_setup.bash
[47.292s] -- Up-to-date symlink: /home/ircv7/RACE/real_ws/install/slam_nav/share/slam_nav/local_setup.sh
[47.292s] -- Up-to-date symlink: /home/ircv7/RACE/real_ws/install/slam_nav/share/slam_nav/local_setup.zsh
[47.293s] -- Up-to-date symlink: /home/ircv7/RACE/real_ws/install/slam_nav/share/slam_nav/local_setup.dsv
[47.293s] -- Symlinking: /home/ircv7/RACE/real_ws/install/slam_nav/share/slam_nav/package.dsv
[47.315s] -- Up-to-date symlink: /home/ircv7/RACE/real_ws/install/slam_nav/share/ament_index/resource_index/packages/slam_nav
[47.315s] -- Up-to-date symlink: /home/ircv7/RACE/real_ws/install/slam_nav/share/slam_nav/cmake/slam_navConfig.cmake
[47.315s] -- Up-to-date symlink: /home/ircv7/RACE/real_ws/install/slam_nav/share/slam_nav/cmake/slam_navConfig-version.cmake
[47.316s] -- Up-to-date symlink: /home/ircv7/RACE/real_ws/install/slam_nav/share/slam_nav/package.xml
[47.321s] Invoked command in '/home/ircv7/RACE/real_ws/build/slam_nav' returned '0': AMENT_PREFIX_PATH=/home/ircv7/RACE/real_ws/install/f1tenth_stack:/home/ircv7/RACE/real_ws/install/vesc:/home/ircv7/RACE/real_ws/install/vesc_driver:/home/ircv7/RACE/real_ws/install/vesc_ackermann:/home/ircv7/RACE/real_ws/install/joy_teleop:/home/ircv7/RACE/real_ws/install/vesc_msgs:/home/ircv7/RACE/real_ws/install/teleop_tools_msgs:/home/ircv7/RACE/real_ws/install/ackermann_mux:${AMENT_PREFIX_PATH} CMAKE_PREFIX_PATH=/home/ircv7/RACE/real_ws/install/vesc:/home/ircv7/RACE/real_ws/install/vesc_driver:/home/ircv7/RACE/real_ws/install/vesc_ackermann:/home/ircv7/RACE/real_ws/install/vesc_msgs:/home/ircv7/RACE/real_ws/install/teleop_tools_msgs:/home/ircv7/RACE/real_ws/install/ackermann_mux:/opt/ros/humble LD_LIBRARY_PATH=/home/ircv7/RACE/real_ws/install/vesc_driver/lib:/home/ircv7/RACE/real_ws/install/vesc_ackermann/lib:/home/ircv7/RACE/real_ws/install/vesc_msgs/lib:/home/ircv7/RACE/real_ws/install/teleop_tools_msgs/lib:${LD_LIBRARY_PATH} PYTHONPATH=/home/ircv7/RACE/real_ws/build/f1tenth_stack:/home/ircv7/RACE/real_ws/install/f1tenth_stack/lib/python3.10/site-packages:/home/ircv7/RACE/real_ws/build/joy_teleop:/home/ircv7/RACE/real_ws/install/joy_teleop/lib/python3.10/site-packages:/home/ircv7/RACE/real_ws/install/vesc_msgs/local/lib/python3.10/dist-packages:/home/ircv7/RACE/real_ws/install/teleop_tools_msgs/local/lib/python3.10/dist-packages:${PYTHONPATH} /usr/bin/cmake --install /home/ircv7/RACE/real_ws/build/slam_nav
