[0.054s] Invoking command in '/home/ircv7/RACE/real_ws/build/pure_pursuit': CMAKE_PREFIX_PATH=${CMAKE_PREFIX_PATH}:/home/ircv7/RACE/real_ws/install/f1tenth_stack:/home/ircv7/RACE/real_ws/install/joy_teleop:/home/ircv7/RACE/real_ws/install/obs_detect:/home/ircv7/RACE/real_ws/install/mouse_teleop:/home/ircv7/RACE/real_ws/install/map_humble:/home/ircv7/RACE/real_ws/install/map_control:/home/ircv7/RACE/real_ws/install/lane_selector:/home/ircv7/RACE/real_ws/install/key_teleop:/opt/ros/humble CONDA_PROMPT_MODIFIER=(base) /usr/bin/cmake --build /home/ircv7/RACE/real_ws/build/pure_pursuit -- -j6 -l6
[0.177s] [100%] Built target pure_pursuit_node
[0.202s] Invoked command in '/home/ircv7/RACE/real_ws/build/pure_pursuit' returned '0': CMAKE_PREFIX_PATH=${CMAKE_PREFIX_PATH}:/home/ircv7/RACE/real_ws/install/f1tenth_stack:/home/ircv7/RACE/real_ws/install/joy_teleop:/home/ircv7/RACE/real_ws/install/obs_detect:/home/ircv7/RACE/real_ws/install/mouse_teleop:/home/ircv7/RACE/real_ws/install/map_humble:/home/ircv7/RACE/real_ws/install/map_control:/home/ircv7/RACE/real_ws/install/lane_selector:/home/ircv7/RACE/real_ws/install/key_teleop:/opt/ros/humble CONDA_PROMPT_MODIFIER=(base) /usr/bin/cmake --build /home/ircv7/RACE/real_ws/build/pure_pursuit -- -j6 -l6
[0.206s] Invoking command in '/home/ircv7/RACE/real_ws/build/pure_pursuit': CMAKE_PREFIX_PATH=${CMAKE_PREFIX_PATH}:/home/ircv7/RACE/real_ws/install/f1tenth_stack:/home/ircv7/RACE/real_ws/install/joy_teleop:/home/ircv7/RACE/real_ws/install/obs_detect:/home/ircv7/RACE/real_ws/install/mouse_teleop:/home/ircv7/RACE/real_ws/install/map_humble:/home/ircv7/RACE/real_ws/install/map_control:/home/ircv7/RACE/real_ws/install/lane_selector:/home/ircv7/RACE/real_ws/install/key_teleop:/opt/ros/humble CONDA_PROMPT_MODIFIER=(base) /usr/bin/cmake --install /home/ircv7/RACE/real_ws/build/pure_pursuit
[0.224s] -- Install configuration: "Release"
[0.224s] -- Execute custom install script
[0.225s] -- Up-to-date symlink: /home/ircv7/RACE/real_ws/install/pure_pursuit/lib/pure_pursuit/pure_pursuit_node
[0.226s] -- Up-to-date symlink: /home/ircv7/RACE/real_ws/install/pure_pursuit/share/pure_pursuit/config//pure_pursuit_config.yaml
[0.227s] -- Up-to-date symlink: /home/ircv7/RACE/real_ws/install/pure_pursuit/share/pure_pursuit/launch//pure_pursuit_launch.py
[0.227s] -- Up-to-date symlink: /home/ircv7/RACE/real_ws/install/pure_pursuit/share/ament_index/resource_index/package_run_dependencies/pure_pursuit
[0.227s] -- Up-to-date symlink: /home/ircv7/RACE/real_ws/install/pure_pursuit/share/ament_index/resource_index/parent_prefix_path/pure_pursuit
[0.228s] -- Up-to-date symlink: /home/ircv7/RACE/real_ws/install/pure_pursuit/share/pure_pursuit/environment/ament_prefix_path.sh
[0.228s] -- Up-to-date symlink: /home/ircv7/RACE/real_ws/install/pure_pursuit/share/pure_pursuit/environment/ament_prefix_path.dsv
[0.228s] -- Up-to-date symlink: /home/ircv7/RACE/real_ws/install/pure_pursuit/share/pure_pursuit/environment/path.sh
[0.229s] -- Up-to-date symlink: /home/ircv7/RACE/real_ws/install/pure_pursuit/share/pure_pursuit/environment/path.dsv
[0.229s] -- Up-to-date symlink: /home/ircv7/RACE/real_ws/install/pure_pursuit/share/pure_pursuit/local_setup.bash
[0.229s] -- Up-to-date symlink: /home/ircv7/RACE/real_ws/install/pure_pursuit/share/pure_pursuit/local_setup.sh
[0.229s] -- Up-to-date symlink: /home/ircv7/RACE/real_ws/install/pure_pursuit/share/pure_pursuit/local_setup.zsh
[0.229s] -- Up-to-date symlink: /home/ircv7/RACE/real_ws/install/pure_pursuit/share/pure_pursuit/local_setup.dsv
[0.229s] -- Symlinking: /home/ircv7/RACE/real_ws/install/pure_pursuit/share/pure_pursuit/package.dsv
[0.247s] -- Up-to-date symlink: /home/ircv7/RACE/real_ws/install/pure_pursuit/share/ament_index/resource_index/packages/pure_pursuit
[0.247s] -- Up-to-date symlink: /home/ircv7/RACE/real_ws/install/pure_pursuit/share/pure_pursuit/cmake/pure_pursuitConfig.cmake
[0.247s] -- Up-to-date symlink: /home/ircv7/RACE/real_ws/install/pure_pursuit/share/pure_pursuit/cmake/pure_pursuitConfig-version.cmake
[0.247s] -- Up-to-date symlink: /home/ircv7/RACE/real_ws/install/pure_pursuit/share/pure_pursuit/package.xml
[0.253s] Invoked command in '/home/ircv7/RACE/real_ws/build/pure_pursuit' returned '0': CMAKE_PREFIX_PATH=${CMAKE_PREFIX_PATH}:/home/ircv7/RACE/real_ws/install/f1tenth_stack:/home/ircv7/RACE/real_ws/install/joy_teleop:/home/ircv7/RACE/real_ws/install/obs_detect:/home/ircv7/RACE/real_ws/install/mouse_teleop:/home/ircv7/RACE/real_ws/install/map_humble:/home/ircv7/RACE/real_ws/install/map_control:/home/ircv7/RACE/real_ws/install/lane_selector:/home/ircv7/RACE/real_ws/install/key_teleop:/opt/ros/humble CONDA_PROMPT_MODIFIER=(base) /usr/bin/cmake --install /home/ircv7/RACE/real_ws/build/pure_pursuit
