[0.104s] Invoking command in '/home/ircv7/RACE/real_ws/build/vesc_driver': AMENT_PREFIX_PATH=/home/ircv7/RACE/real_ws/install/vesc_msgs:${AMENT_PREFIX_PATH} CMAKE_PREFIX_PATH=/home/ircv7/RACE/real_ws/install/vesc_msgs:/home/ircv7/RACE/sim_ws/install/mpcc:/home/ircv7/RACE/sim_ws/install/disparity_autodrive:/home/ircv7/RACE/sim_ws/install/obs_detect:/home/ircv7/RACE/sim_ws/install/map_control:/home/ircv7/RACE/sim_ws/install/lane_selector:/home/ircv7/RACE/sim_ws/install/f1tenth_gym_ros:/opt/ros/humble CONDA_PROMPT_MODIFIER=(base) LD_LIBRARY_PATH=/home/ircv7/RACE/real_ws/install/vesc_msgs/lib:${LD_LIBRARY_PATH} PYTHONPATH=/home/ircv7/RACE/real_ws/install/vesc_msgs/local/lib/python3.10/dist-packages:${PYTHONPATH} /usr/bin/cmake --build /home/ircv7/RACE/real_ws/build/vesc_driver -- -j6 -l6
[0.520s] [ 50%] Built target vesc_driver
[0.536s] [ 70%] Built target vesc_driver_node
[0.696s] [100%] Built target vesc_device_namer
[0.746s] Invoked command in '/home/ircv7/RACE/real_ws/build/vesc_driver' returned '0': AMENT_PREFIX_PATH=/home/ircv7/RACE/real_ws/install/vesc_msgs:${AMENT_PREFIX_PATH} CMAKE_PREFIX_PATH=/home/ircv7/RACE/real_ws/install/vesc_msgs:/home/ircv7/RACE/sim_ws/install/mpcc:/home/ircv7/RACE/sim_ws/install/disparity_autodrive:/home/ircv7/RACE/sim_ws/install/obs_detect:/home/ircv7/RACE/sim_ws/install/map_control:/home/ircv7/RACE/sim_ws/install/lane_selector:/home/ircv7/RACE/sim_ws/install/f1tenth_gym_ros:/opt/ros/humble CONDA_PROMPT_MODIFIER=(base) LD_LIBRARY_PATH=/home/ircv7/RACE/real_ws/install/vesc_msgs/lib:${LD_LIBRARY_PATH} PYTHONPATH=/home/ircv7/RACE/real_ws/install/vesc_msgs/local/lib/python3.10/dist-packages:${PYTHONPATH} /usr/bin/cmake --build /home/ircv7/RACE/real_ws/build/vesc_driver -- -j6 -l6
[0.760s] Invoking command in '/home/ircv7/RACE/real_ws/build/vesc_driver': AMENT_PREFIX_PATH=/home/ircv7/RACE/real_ws/install/vesc_msgs:${AMENT_PREFIX_PATH} CMAKE_PREFIX_PATH=/home/ircv7/RACE/real_ws/install/vesc_msgs:/home/ircv7/RACE/sim_ws/install/mpcc:/home/ircv7/RACE/sim_ws/install/disparity_autodrive:/home/ircv7/RACE/sim_ws/install/obs_detect:/home/ircv7/RACE/sim_ws/install/map_control:/home/ircv7/RACE/sim_ws/install/lane_selector:/home/ircv7/RACE/sim_ws/install/f1tenth_gym_ros:/opt/ros/humble CONDA_PROMPT_MODIFIER=(base) LD_LIBRARY_PATH=/home/ircv7/RACE/real_ws/install/vesc_msgs/lib:${LD_LIBRARY_PATH} PYTHONPATH=/home/ircv7/RACE/real_ws/install/vesc_msgs/local/lib/python3.10/dist-packages:${PYTHONPATH} /usr/bin/cmake --install /home/ircv7/RACE/real_ws/build/vesc_driver
[0.809s] -- Install configuration: "Release"
[0.813s] -- Execute custom install script
[0.813s] -- Up-to-date symlink: /home/ircv7/RACE/real_ws/install/vesc_driver/lib/vesc_driver/vesc_driver_node
[0.814s] -- Up-to-date symlink: /home/ircv7/RACE/real_ws/install/vesc_driver/include/vesc_driver/crc.hpp
[0.815s] -- Up-to-date symlink: /home/ircv7/RACE/real_ws/install/vesc_driver/include/vesc_driver/datatypes.hpp
[0.815s] -- Up-to-date symlink: /home/ircv7/RACE/real_ws/install/vesc_driver/include/vesc_driver/vesc_device_uuid_lookup.hpp
[0.816s] -- Up-to-date symlink: /home/ircv7/RACE/real_ws/install/vesc_driver/include/vesc_driver/vesc_driver.hpp
[0.816s] -- Up-to-date symlink: /home/ircv7/RACE/real_ws/install/vesc_driver/include/vesc_driver/vesc_interface.hpp
[0.816s] -- Up-to-date symlink: /home/ircv7/RACE/real_ws/install/vesc_driver/include/vesc_driver/vesc_packet.hpp
[0.816s] -- Up-to-date symlink: /home/ircv7/RACE/real_ws/install/vesc_driver/include/vesc_driver/vesc_packet_factory.hpp
[0.816s] -- Up-to-date symlink: /home/ircv7/RACE/real_ws/install/vesc_driver/share/vesc_driver/environment/library_path.sh
[0.816s] -- Up-to-date symlink: /home/ircv7/RACE/real_ws/install/vesc_driver/share/vesc_driver/environment/library_path.dsv
[0.819s] -- Up-to-date symlink: /home/ircv7/RACE/real_ws/install/vesc_driver/lib/libvesc_driver.so
[0.820s] -- Up-to-date symlink: /home/ircv7/RACE/real_ws/install/vesc_driver/lib/vesc_driver/vesc_device_namer
[0.821s] -- Up-to-date symlink: /home/ircv7/RACE/real_ws/install/vesc_driver/share/vesc_driver/launch/vesc_driver_node.launch.py
[0.821s] -- Up-to-date symlink: /home/ircv7/RACE/real_ws/install/vesc_driver/share/vesc_driver/params/vesc_config.yaml
[0.822s] -- Up-to-date symlink: /home/ircv7/RACE/real_ws/install/vesc_driver/share/ament_index/resource_index/package_run_dependencies/vesc_driver
[0.822s] -- Up-to-date symlink: /home/ircv7/RACE/real_ws/install/vesc_driver/share/ament_index/resource_index/parent_prefix_path/vesc_driver
[0.822s] -- Up-to-date symlink: /home/ircv7/RACE/real_ws/install/vesc_driver/share/vesc_driver/environment/ament_prefix_path.sh
[0.822s] -- Up-to-date symlink: /home/ircv7/RACE/real_ws/install/vesc_driver/share/vesc_driver/environment/ament_prefix_path.dsv
[0.822s] -- Up-to-date symlink: /home/ircv7/RACE/real_ws/install/vesc_driver/share/vesc_driver/environment/path.sh
[0.823s] -- Up-to-date symlink: /home/ircv7/RACE/real_ws/install/vesc_driver/share/vesc_driver/environment/path.dsv
[0.823s] -- Up-to-date symlink: /home/ircv7/RACE/real_ws/install/vesc_driver/share/vesc_driver/local_setup.bash
[0.823s] -- Up-to-date symlink: /home/ircv7/RACE/real_ws/install/vesc_driver/share/vesc_driver/local_setup.sh
[0.823s] -- Up-to-date symlink: /home/ircv7/RACE/real_ws/install/vesc_driver/share/vesc_driver/local_setup.zsh
[0.824s] -- Up-to-date symlink: /home/ircv7/RACE/real_ws/install/vesc_driver/share/vesc_driver/local_setup.dsv
[0.824s] -- Symlinking: /home/ircv7/RACE/real_ws/install/vesc_driver/share/vesc_driver/package.dsv
[0.868s] -- Up-to-date symlink: /home/ircv7/RACE/real_ws/install/vesc_driver/share/ament_index/resource_index/packages/vesc_driver
[0.868s] -- Up-to-date symlink: /home/ircv7/RACE/real_ws/install/vesc_driver/share/ament_index/resource_index/rclcpp_components/vesc_driver
[0.868s] -- Up-to-date symlink: /home/ircv7/RACE/real_ws/install/vesc_driver/share/vesc_driver/cmake/ament_cmake_export_dependencies-extras.cmake
[0.868s] -- Up-to-date symlink: /home/ircv7/RACE/real_ws/install/vesc_driver/share/vesc_driver/cmake/ament_cmake_export_include_directories-extras.cmake
[0.869s] -- Up-to-date symlink: /home/ircv7/RACE/real_ws/install/vesc_driver/share/vesc_driver/cmake/ament_cmake_export_libraries-extras.cmake
[0.869s] -- Up-to-date symlink: /home/ircv7/RACE/real_ws/install/vesc_driver/share/vesc_driver/cmake/vesc_driverConfig.cmake
[0.869s] -- Up-to-date symlink: /home/ircv7/RACE/real_ws/install/vesc_driver/share/vesc_driver/cmake/vesc_driverConfig-version.cmake
[0.869s] -- Up-to-date symlink: /home/ircv7/RACE/real_ws/install/vesc_driver/share/vesc_driver/package.xml
[0.884s] Invoked command in '/home/ircv7/RACE/real_ws/build/vesc_driver' returned '0': AMENT_PREFIX_PATH=/home/ircv7/RACE/real_ws/install/vesc_msgs:${AMENT_PREFIX_PATH} CMAKE_PREFIX_PATH=/home/ircv7/RACE/real_ws/install/vesc_msgs:/home/ircv7/RACE/sim_ws/install/mpcc:/home/ircv7/RACE/sim_ws/install/disparity_autodrive:/home/ircv7/RACE/sim_ws/install/obs_detect:/home/ircv7/RACE/sim_ws/install/map_control:/home/ircv7/RACE/sim_ws/install/lane_selector:/home/ircv7/RACE/sim_ws/install/f1tenth_gym_ros:/opt/ros/humble CONDA_PROMPT_MODIFIER=(base) LD_LIBRARY_PATH=/home/ircv7/RACE/real_ws/install/vesc_msgs/lib:${LD_LIBRARY_PATH} PYTHONPATH=/home/ircv7/RACE/real_ws/install/vesc_msgs/local/lib/python3.10/dist-packages:${PYTHONPATH} /usr/bin/cmake --install /home/ircv7/RACE/real_ws/build/vesc_driver
