-- Found ament_cmake_auto: 1.3.12 (/opt/ros/humble/share/ament_cmake_auto/cmake)
-- Found Python3: /usr/bin/python3 (found version "3.10.12") found components: Interpreter 
-- Override CMake install command with custom implementation using symlinks instead of copying resources
-- Found rosidl_generator_c: 3.1.7 (/opt/ros/humble/share/rosidl_generator_c/cmake)
-- Found rosidl_adapter: 3.1.7 (/opt/ros/humble/share/rosidl_adapter/cmake)
-- Found rosidl_generator_cpp: 3.1.7 (/opt/ros/humble/share/rosidl_generator_cpp/cmake)
-- Using all available rosidl_typesupport_c: rosidl_typesupport_fastrtps_c;rosidl_typesupport_introspection_c
-- Using all available rosidl_typesupport_cpp: rosidl_typesupport_fastrtps_cpp;rosidl_typesupport_introspection_cpp
-- Found rmw_implementation_cmake: 6.1.2 (/opt/ros/humble/share/rmw_implementation_cmake/cmake)
-- Found rmw_fastrtps_cpp: 6.2.8 (/opt/ros/humble/share/rmw_fastrtps_cpp/cmake)
-- Found OpenSSL: /usr/lib/aarch64-linux-gnu/libcrypto.so (found version "3.0.2")  
-- Found FastRTPS: /opt/ros/humble/include  
-- Using RMW implementation 'rmw_fastrtps_cpp' as default
-- Looking for pthread.h
-- Looking for pthread.h - found
-- Performing Test CMAKE_HAVE_LIBC_PTHREAD
-- Performing Test CMAKE_HAVE_LIBC_PTHREAD - Success
-- Found Threads: TRUE  
-- Found ament_lint_auto: 0.12.14 (/opt/ros/humble/share/ament_lint_auto/cmake)
-- Added test 'copyright' to check source files copyright and LICENSE
-- Added test 'cppcheck' to perform static code analysis on C / C++ code
-- Configured cppcheck include dirs: /home/ircv7/RACE/real_ws/src/f1tenth_system/vesc/vesc_ackermann/include
-- Configured cppcheck exclude dirs and/or files: 
-- Added test 'cpplint' to check C / C++ code against the Google style
-- Configured cpplint exclude dirs and/or files: 
-- Added test 'lint_cmake' to check CMake code style
-- Added test 'uncrustify' to check C / C++ code style
-- Configured uncrustify additional arguments: 
-- Added test 'xmllint' to check XML markup files
-- Configuring done
-- Generating done
-- Build files have been written to: /home/ircv7/RACE/real_ws/build/vesc_ackermann
[ 14%] [32mBuilding CXX object CMakeFiles/ackermann_to_vesc_node.dir/rclcpp_components/node_main_ackermann_to_vesc_node.cpp.o[0m
[ 28%] [32mBuilding CXX object CMakeFiles/vesc_to_odom_node.dir/rclcpp_components/node_main_vesc_to_odom_node.cpp.o[0m
[ 42%] [32mBuilding CXX object CMakeFiles/vesc_ackermann.dir/src/ackermann_to_vesc.cpp.o[0m
[ 57%] [32mBuilding CXX object CMakeFiles/vesc_ackermann.dir/src/vesc_to_odom.cpp.o[0m
[ 71%] [32m[1mLinking CXX executable ackermann_to_vesc_node[0m
[ 85%] [32m[1mLinking CXX executable vesc_to_odom_node[0m
[ 85%] Built target vesc_to_odom_node
[ 85%] Built target ackermann_to_vesc_node
[100%] [32m[1mLinking CXX shared library libvesc_ackermann.so[0m
[100%] Built target vesc_ackermann
-- Install configuration: "Release"
-- Execute custom install script
-- Symlinking: /home/ircv7/RACE/real_ws/install/vesc_ackermann/lib/vesc_ackermann/ackermann_to_vesc_node
-- Symlinking: /home/ircv7/RACE/real_ws/install/vesc_ackermann/lib/vesc_ackermann/vesc_to_odom_node
-- Symlinking: /home/ircv7/RACE/real_ws/install/vesc_ackermann/include/vesc_ackermann/ackermann_to_vesc.hpp
-- Symlinking: /home/ircv7/RACE/real_ws/install/vesc_ackermann/include/vesc_ackermann/vesc_to_odom.hpp
-- Symlinking: /home/ircv7/RACE/real_ws/install/vesc_ackermann/share/vesc_ackermann/environment/library_path.sh
-- Symlinking: /home/ircv7/RACE/real_ws/install/vesc_ackermann/share/vesc_ackermann/environment/library_path.dsv
-- Symlinking: /home/ircv7/RACE/real_ws/install/vesc_ackermann/lib/libvesc_ackermann.so
-- Symlinking: /home/ircv7/RACE/real_ws/install/vesc_ackermann/share/vesc_ackermann/launch/ackermann_to_vesc_node.launch.xml
-- Symlinking: /home/ircv7/RACE/real_ws/install/vesc_ackermann/share/vesc_ackermann/launch/vesc_to_odom_node.launch.xml
-- Symlinking: /home/ircv7/RACE/real_ws/install/vesc_ackermann/share/ament_index/resource_index/package_run_dependencies/vesc_ackermann
-- Symlinking: /home/ircv7/RACE/real_ws/install/vesc_ackermann/share/ament_index/resource_index/parent_prefix_path/vesc_ackermann
-- Symlinking: /home/ircv7/RACE/real_ws/install/vesc_ackermann/share/vesc_ackermann/environment/ament_prefix_path.sh
-- Symlinking: /home/ircv7/RACE/real_ws/install/vesc_ackermann/share/vesc_ackermann/environment/ament_prefix_path.dsv
-- Symlinking: /home/ircv7/RACE/real_ws/install/vesc_ackermann/share/vesc_ackermann/environment/path.sh
-- Symlinking: /home/ircv7/RACE/real_ws/install/vesc_ackermann/share/vesc_ackermann/environment/path.dsv
-- Symlinking: /home/ircv7/RACE/real_ws/install/vesc_ackermann/share/vesc_ackermann/local_setup.bash
-- Symlinking: /home/ircv7/RACE/real_ws/install/vesc_ackermann/share/vesc_ackermann/local_setup.sh
-- Symlinking: /home/ircv7/RACE/real_ws/install/vesc_ackermann/share/vesc_ackermann/local_setup.zsh
-- Symlinking: /home/ircv7/RACE/real_ws/install/vesc_ackermann/share/vesc_ackermann/local_setup.dsv
-- Symlinking: /home/ircv7/RACE/real_ws/install/vesc_ackermann/share/vesc_ackermann/package.dsv
-- Symlinking: /home/ircv7/RACE/real_ws/install/vesc_ackermann/share/ament_index/resource_index/packages/vesc_ackermann
-- Symlinking: /home/ircv7/RACE/real_ws/install/vesc_ackermann/share/ament_index/resource_index/rclcpp_components/vesc_ackermann
-- Symlinking: /home/ircv7/RACE/real_ws/install/vesc_ackermann/share/vesc_ackermann/cmake/ament_cmake_export_dependencies-extras.cmake
-- Symlinking: /home/ircv7/RACE/real_ws/install/vesc_ackermann/share/vesc_ackermann/cmake/ament_cmake_export_include_directories-extras.cmake
-- Symlinking: /home/ircv7/RACE/real_ws/install/vesc_ackermann/share/vesc_ackermann/cmake/ament_cmake_export_libraries-extras.cmake
-- Symlinking: /home/ircv7/RACE/real_ws/install/vesc_ackermann/share/vesc_ackermann/cmake/vesc_ackermannConfig.cmake
-- Symlinking: /home/ircv7/RACE/real_ws/install/vesc_ackermann/share/vesc_ackermann/cmake/vesc_ackermannConfig-version.cmake
-- Symlinking: /home/ircv7/RACE/real_ws/install/vesc_ackermann/share/vesc_ackermann/package.xml
