[0.131s] Invoking command in '/home/ircv7/RACE/real_ws/build/vesc_ackermann': AMENT_PREFIX_PATH=/home/ircv7/RACE/real_ws/install/vesc_msgs:${AMENT_PREFIX_PATH} CMAKE_PREFIX_PATH=/home/ircv7/RACE/real_ws/install/vesc_msgs:/opt/ros/humble LD_LIBRARY_PATH=/home/ircv7/RACE/real_ws/install/vesc_msgs/lib:${LD_LIBRARY_PATH} PYTHONPATH=/home/ircv7/RACE/real_ws/install/vesc_msgs/local/lib/python3.10/dist-packages:${PYTHONPATH} /usr/bin/cmake /home/ircv7/RACE/real_ws/src/f1tenth_system/vesc/vesc_ackermann -DCMAKE_BUILD_TYPE=Release -DAMENT_CMAKE_SYMLINK_INSTALL=1 -DCMAKE_INSTALL_PREFIX=/home/ircv7/RACE/real_ws/install/vesc_ackermann
[0.181s] -- Found ament_cmake_auto: 1.3.12 (/opt/ros/humble/share/ament_cmake_auto/cmake)
[0.971s] -- Found Python3: /usr/bin/python3 (found version "3.10.12") found components: Interpreter 
[1.212s] -- Override CMake install command with custom implementation using symlinks instead of copying resources
[1.812s] -- Found rosidl_generator_c: 3.1.7 (/opt/ros/humble/share/rosidl_generator_c/cmake)
[1.832s] -- Found rosidl_adapter: 3.1.7 (/opt/ros/humble/share/rosidl_adapter/cmake)
[1.852s] -- Found rosidl_generator_cpp: 3.1.7 (/opt/ros/humble/share/rosidl_generator_cpp/cmake)
[1.880s] -- Using all available rosidl_typesupport_c: rosidl_typesupport_fastrtps_c;rosidl_typesupport_introspection_c
[1.916s] -- Using all available rosidl_typesupport_cpp: rosidl_typesupport_fastrtps_cpp;rosidl_typesupport_introspection_cpp
[2.171s] -- Found rmw_implementation_cmake: 6.1.2 (/opt/ros/humble/share/rmw_implementation_cmake/cmake)
[2.178s] -- Found rmw_fastrtps_cpp: 6.2.8 (/opt/ros/humble/share/rmw_fastrtps_cpp/cmake)
[2.562s] -- Found OpenSSL: /usr/lib/aarch64-linux-gnu/libcrypto.so (found version "3.0.2")  
[2.641s] -- Found FastRTPS: /opt/ros/humble/include  
[2.741s] -- Using RMW implementation 'rmw_fastrtps_cpp' as default
[2.759s] -- Looking for pthread.h
[2.969s] -- Looking for pthread.h - found
[2.971s] -- Performing Test CMAKE_HAVE_LIBC_PTHREAD
[3.318s] -- Performing Test CMAKE_HAVE_LIBC_PTHREAD - Success
[3.319s] -- Found Threads: TRUE  
[4.408s] -- Found ament_lint_auto: 0.12.14 (/opt/ros/humble/share/ament_lint_auto/cmake)
[4.543s] [0mIn this package, headers install destination is set to `include` by ament_auto_package. It is recommended to install `include/vesc_ackermann` instead and will be the default behavior of ament_auto_package from ROS 2 Kilted Kaiju. On distributions before Kilted, ament_auto_package behaves the same way when you use USE_SCOPED_HEADER_INSTALL_DIR option.[0m
[4.588s] -- Added test 'copyright' to check source files copyright and LICENSE
[4.594s] -- Added test 'cppcheck' to perform static code analysis on C / C++ code
[4.596s] -- Configured cppcheck include dirs: /home/ircv7/RACE/real_ws/src/f1tenth_system/vesc/vesc_ackermann/include
[4.596s] -- Configured cppcheck exclude dirs and/or files: 
[4.603s] -- Added test 'cpplint' to check C / C++ code against the Google style
[4.604s] -- Configured cpplint exclude dirs and/or files: 
[4.608s] -- Added test 'lint_cmake' to check CMake code style
[4.619s] -- Added test 'uncrustify' to check C / C++ code style
[4.619s] -- Configured uncrustify additional arguments: 
[4.625s] -- Added test 'xmllint' to check XML markup files
[4.671s] -- Configuring done
[4.842s] -- Generating done
[4.892s] -- Build files have been written to: /home/ircv7/RACE/real_ws/build/vesc_ackermann
[4.970s] Invoked command in '/home/ircv7/RACE/real_ws/build/vesc_ackermann' returned '0': AMENT_PREFIX_PATH=/home/ircv7/RACE/real_ws/install/vesc_msgs:${AMENT_PREFIX_PATH} CMAKE_PREFIX_PATH=/home/ircv7/RACE/real_ws/install/vesc_msgs:/opt/ros/humble LD_LIBRARY_PATH=/home/ircv7/RACE/real_ws/install/vesc_msgs/lib:${LD_LIBRARY_PATH} PYTHONPATH=/home/ircv7/RACE/real_ws/install/vesc_msgs/local/lib/python3.10/dist-packages:${PYTHONPATH} /usr/bin/cmake /home/ircv7/RACE/real_ws/src/f1tenth_system/vesc/vesc_ackermann -DCMAKE_BUILD_TYPE=Release -DAMENT_CMAKE_SYMLINK_INSTALL=1 -DCMAKE_INSTALL_PREFIX=/home/ircv7/RACE/real_ws/install/vesc_ackermann
[4.972s] Invoking command in '/home/ircv7/RACE/real_ws/build/vesc_ackermann': AMENT_PREFIX_PATH=/home/ircv7/RACE/real_ws/install/vesc_msgs:${AMENT_PREFIX_PATH} CMAKE_PREFIX_PATH=/home/ircv7/RACE/real_ws/install/vesc_msgs:/opt/ros/humble LD_LIBRARY_PATH=/home/ircv7/RACE/real_ws/install/vesc_msgs/lib:${LD_LIBRARY_PATH} PYTHONPATH=/home/ircv7/RACE/real_ws/install/vesc_msgs/local/lib/python3.10/dist-packages:${PYTHONPATH} /usr/bin/cmake --build /home/ircv7/RACE/real_ws/build/vesc_ackermann -- -j6 -l6
[5.326s] [ 14%] [32mBuilding CXX object CMakeFiles/ackermann_to_vesc_node.dir/rclcpp_components/node_main_ackermann_to_vesc_node.cpp.o[0m
[5.339s] [ 28%] [32mBuilding CXX object CMakeFiles/vesc_to_odom_node.dir/rclcpp_components/node_main_vesc_to_odom_node.cpp.o[0m
[5.384s] [ 42%] [32mBuilding CXX object CMakeFiles/vesc_ackermann.dir/src/ackermann_to_vesc.cpp.o[0m
[5.397s] [ 57%] [32mBuilding CXX object CMakeFiles/vesc_ackermann.dir/src/vesc_to_odom.cpp.o[0m
[26.414s] [ 71%] [32m[1mLinking CXX executable ackermann_to_vesc_node[0m
[26.745s] [ 85%] [32m[1mLinking CXX executable vesc_to_odom_node[0m
[27.153s] [ 85%] Built target vesc_to_odom_node
[27.184s] [ 85%] Built target ackermann_to_vesc_node
[71.464s] [100%] [32m[1mLinking CXX shared library libvesc_ackermann.so[0m
[72.051s] [100%] Built target vesc_ackermann
[72.085s] Invoked command in '/home/ircv7/RACE/real_ws/build/vesc_ackermann' returned '0': AMENT_PREFIX_PATH=/home/ircv7/RACE/real_ws/install/vesc_msgs:${AMENT_PREFIX_PATH} CMAKE_PREFIX_PATH=/home/ircv7/RACE/real_ws/install/vesc_msgs:/opt/ros/humble LD_LIBRARY_PATH=/home/ircv7/RACE/real_ws/install/vesc_msgs/lib:${LD_LIBRARY_PATH} PYTHONPATH=/home/ircv7/RACE/real_ws/install/vesc_msgs/local/lib/python3.10/dist-packages:${PYTHONPATH} /usr/bin/cmake --build /home/ircv7/RACE/real_ws/build/vesc_ackermann -- -j6 -l6
[72.091s] Invoking command in '/home/ircv7/RACE/real_ws/build/vesc_ackermann': AMENT_PREFIX_PATH=/home/ircv7/RACE/real_ws/install/vesc_msgs:${AMENT_PREFIX_PATH} CMAKE_PREFIX_PATH=/home/ircv7/RACE/real_ws/install/vesc_msgs:/opt/ros/humble LD_LIBRARY_PATH=/home/ircv7/RACE/real_ws/install/vesc_msgs/lib:${LD_LIBRARY_PATH} PYTHONPATH=/home/ircv7/RACE/real_ws/install/vesc_msgs/local/lib/python3.10/dist-packages:${PYTHONPATH} /usr/bin/cmake --install /home/ircv7/RACE/real_ws/build/vesc_ackermann
[72.106s] -- Install configuration: "Release"
[72.107s] -- Execute custom install script
[72.108s] -- Symlinking: /home/ircv7/RACE/real_ws/install/vesc_ackermann/lib/vesc_ackermann/ackermann_to_vesc_node
[72.128s] -- Symlinking: /home/ircv7/RACE/real_ws/install/vesc_ackermann/lib/vesc_ackermann/vesc_to_odom_node
[72.144s] -- Symlinking: /home/ircv7/RACE/real_ws/install/vesc_ackermann/include/vesc_ackermann/ackermann_to_vesc.hpp
[72.163s] -- Symlinking: /home/ircv7/RACE/real_ws/install/vesc_ackermann/include/vesc_ackermann/vesc_to_odom.hpp
[72.184s] -- Symlinking: /home/ircv7/RACE/real_ws/install/vesc_ackermann/share/vesc_ackermann/environment/library_path.sh
[72.204s] -- Symlinking: /home/ircv7/RACE/real_ws/install/vesc_ackermann/share/vesc_ackermann/environment/library_path.dsv
[72.231s] -- Symlinking: /home/ircv7/RACE/real_ws/install/vesc_ackermann/lib/libvesc_ackermann.so
[72.260s] -- Symlinking: /home/ircv7/RACE/real_ws/install/vesc_ackermann/share/vesc_ackermann/launch/ackermann_to_vesc_node.launch.xml
[72.282s] -- Symlinking: /home/ircv7/RACE/real_ws/install/vesc_ackermann/share/vesc_ackermann/launch/vesc_to_odom_node.launch.xml
[72.305s] -- Symlinking: /home/ircv7/RACE/real_ws/install/vesc_ackermann/share/ament_index/resource_index/package_run_dependencies/vesc_ackermann
[72.327s] -- Symlinking: /home/ircv7/RACE/real_ws/install/vesc_ackermann/share/ament_index/resource_index/parent_prefix_path/vesc_ackermann
[72.346s] -- Symlinking: /home/ircv7/RACE/real_ws/install/vesc_ackermann/share/vesc_ackermann/environment/ament_prefix_path.sh
[72.366s] -- Symlinking: /home/ircv7/RACE/real_ws/install/vesc_ackermann/share/vesc_ackermann/environment/ament_prefix_path.dsv
[72.385s] -- Symlinking: /home/ircv7/RACE/real_ws/install/vesc_ackermann/share/vesc_ackermann/environment/path.sh
[72.404s] -- Symlinking: /home/ircv7/RACE/real_ws/install/vesc_ackermann/share/vesc_ackermann/environment/path.dsv
[72.423s] -- Symlinking: /home/ircv7/RACE/real_ws/install/vesc_ackermann/share/vesc_ackermann/local_setup.bash
[72.442s] -- Symlinking: /home/ircv7/RACE/real_ws/install/vesc_ackermann/share/vesc_ackermann/local_setup.sh
[72.462s] -- Symlinking: /home/ircv7/RACE/real_ws/install/vesc_ackermann/share/vesc_ackermann/local_setup.zsh
[72.480s] -- Symlinking: /home/ircv7/RACE/real_ws/install/vesc_ackermann/share/vesc_ackermann/local_setup.dsv
[72.499s] -- Symlinking: /home/ircv7/RACE/real_ws/install/vesc_ackermann/share/vesc_ackermann/package.dsv
[72.517s] -- Symlinking: /home/ircv7/RACE/real_ws/install/vesc_ackermann/share/ament_index/resource_index/packages/vesc_ackermann
[72.534s] -- Symlinking: /home/ircv7/RACE/real_ws/install/vesc_ackermann/share/ament_index/resource_index/rclcpp_components/vesc_ackermann
[72.552s] -- Symlinking: /home/ircv7/RACE/real_ws/install/vesc_ackermann/share/vesc_ackermann/cmake/ament_cmake_export_dependencies-extras.cmake
[72.568s] -- Symlinking: /home/ircv7/RACE/real_ws/install/vesc_ackermann/share/vesc_ackermann/cmake/ament_cmake_export_include_directories-extras.cmake
[72.585s] -- Symlinking: /home/ircv7/RACE/real_ws/install/vesc_ackermann/share/vesc_ackermann/cmake/ament_cmake_export_libraries-extras.cmake
[72.599s] -- Symlinking: /home/ircv7/RACE/real_ws/install/vesc_ackermann/share/vesc_ackermann/cmake/vesc_ackermannConfig.cmake
[72.614s] -- Symlinking: /home/ircv7/RACE/real_ws/install/vesc_ackermann/share/vesc_ackermann/cmake/vesc_ackermannConfig-version.cmake
[72.629s] -- Symlinking: /home/ircv7/RACE/real_ws/install/vesc_ackermann/share/vesc_ackermann/package.xml
[72.647s] Invoked command in '/home/ircv7/RACE/real_ws/build/vesc_ackermann' returned '0': AMENT_PREFIX_PATH=/home/ircv7/RACE/real_ws/install/vesc_msgs:${AMENT_PREFIX_PATH} CMAKE_PREFIX_PATH=/home/ircv7/RACE/real_ws/install/vesc_msgs:/opt/ros/humble LD_LIBRARY_PATH=/home/ircv7/RACE/real_ws/install/vesc_msgs/lib:${LD_LIBRARY_PATH} PYTHONPATH=/home/ircv7/RACE/real_ws/install/vesc_msgs/local/lib/python3.10/dist-packages:${PYTHONPATH} /usr/bin/cmake --install /home/ircv7/RACE/real_ws/build/vesc_ackermann
