[0.089s] Invoking command in '/home/ircv7/RACE/real_ws/build/vesc_msgs': CMAKE_PREFIX_PATH=${CMAKE_PREFIX_PATH}:/home/ircv7/RACE/real_ws/install/joy_teleop:/home/ircv7/RACE/real_ws/install/obs_detect:/home/ircv7/RACE/real_ws/install/mouse_teleop:/home/ircv7/RACE/real_ws/install/map_humble:/home/ircv7/RACE/real_ws/install/lane_selector:/home/ircv7/RACE/real_ws/install/key_teleop:/opt/ros/humble /usr/bin/cmake --build /home/ircv7/RACE/real_ws/build/vesc_msgs -- -j6 -l6
[1.631s] [35m[1mConsolidate compiler generated dependencies of target vesc_msgs__rosidl_generator_c[0m
[1.633s] [  1%] Built target vesc_msgs__cpp
[1.633s] [ 12%] Built target vesc_msgs__rosidl_generator_c
[1.635s] [ 12%] Built target ament_cmake_python_symlink_vesc_msgs
[1.635s] [35m[1mConsolidate compiler generated dependencies of target vesc_msgs__rosidl_typesupport_fastrtps_cpp[0m
[1.635s] [35m[1mConsolidate compiler generated dependencies of target vesc_msgs__rosidl_typesupport_c[0m
[1.635s] [35m[1mConsolidate compiler generated dependencies of target vesc_msgs__rosidl_typesupport_fastrtps_c[0m
[1.635s] [ 23%] Built target vesc_msgs__rosidl_typesupport_fastrtps_cpp
[1.636s] [35m[1mConsolidate compiler generated dependencies of target vesc_msgs__rosidl_typesupport_introspection_cpp[0m
[1.636s] [35m[1mConsolidate compiler generated dependencies of target vesc_msgs__rosidl_typesupport_cpp[0m
[1.636s] [35m[1mConsolidate compiler generated dependencies of target vesc_msgs__rosidl_typesupport_introspection_c[0m
[1.636s] [ 34%] Built target vesc_msgs__rosidl_typesupport_c
[1.636s] [ 45%] Built target vesc_msgs__rosidl_typesupport_introspection_cpp
[1.636s] [ 56%] Built target vesc_msgs__rosidl_typesupport_fastrtps_c
[1.636s] [ 78%] Built target vesc_msgs__rosidl_typesupport_cpp
[1.637s] [ 78%] Built target vesc_msgs__rosidl_typesupport_introspection_c
[1.637s] [ 78%] Built target vesc_msgs
[1.637s] [ 80%] Built target vesc_msgs__py
[1.638s] [35m[1mConsolidate compiler generated dependencies of target vesc_msgs__rosidl_generator_py[0m
[1.638s] [ 89%] Built target vesc_msgs__rosidl_generator_py
[1.638s] [35m[1mConsolidate compiler generated dependencies of target vesc_msgs__rosidl_typesupport_fastrtps_c__pyext[0m
[1.638s] [35m[1mConsolidate compiler generated dependencies of target vesc_msgs__rosidl_typesupport_c__pyext[0m
[1.638s] [35m[1mConsolidate compiler generated dependencies of target vesc_msgs__rosidl_typesupport_introspection_c__pyext[0m
[1.638s] [ 92%] Built target vesc_msgs__rosidl_typesupport_c__pyext
[1.638s] [ 96%] Built target vesc_msgs__rosidl_typesupport_fastrtps_c__pyext
[1.639s] [100%] Built target vesc_msgs__rosidl_typesupport_introspection_c__pyext
[1.639s] running egg_info
[1.639s] writing vesc_msgs.egg-info/PKG-INFO
[1.639s] writing dependency_links to vesc_msgs.egg-info/dependency_links.txt
[1.639s] writing top-level names to vesc_msgs.egg-info/top_level.txt
[1.639s] reading manifest file 'vesc_msgs.egg-info/SOURCES.txt'
[1.639s] writing manifest file 'vesc_msgs.egg-info/SOURCES.txt'
[1.639s] [100%] Built target ament_cmake_python_build_vesc_msgs_egg
[2.278s] Invoked command in '/home/ircv7/RACE/real_ws/build/vesc_msgs' returned '0': CMAKE_PREFIX_PATH=${CMAKE_PREFIX_PATH}:/home/ircv7/RACE/real_ws/install/joy_teleop:/home/ircv7/RACE/real_ws/install/obs_detect:/home/ircv7/RACE/real_ws/install/mouse_teleop:/home/ircv7/RACE/real_ws/install/map_humble:/home/ircv7/RACE/real_ws/install/lane_selector:/home/ircv7/RACE/real_ws/install/key_teleop:/opt/ros/humble /usr/bin/cmake --build /home/ircv7/RACE/real_ws/build/vesc_msgs -- -j6 -l6
[2.282s] Invoking command in '/home/ircv7/RACE/real_ws/build/vesc_msgs': CMAKE_PREFIX_PATH=${CMAKE_PREFIX_PATH}:/home/ircv7/RACE/real_ws/install/joy_teleop:/home/ircv7/RACE/real_ws/install/obs_detect:/home/ircv7/RACE/real_ws/install/mouse_teleop:/home/ircv7/RACE/real_ws/install/map_humble:/home/ircv7/RACE/real_ws/install/lane_selector:/home/ircv7/RACE/real_ws/install/key_teleop:/opt/ros/humble /usr/bin/cmake --install /home/ircv7/RACE/real_ws/build/vesc_msgs
[2.298s] -- Install configuration: ""
[2.299s] -- Execute custom install script
[2.300s] -- Up-to-date symlink: /home/ircv7/RACE/real_ws/install/vesc_msgs/share/ament_index/resource_index/rosidl_interfaces/vesc_msgs
[2.301s] -- Up-to-date symlink: /home/ircv7/RACE/real_ws/install/vesc_msgs/include/vesc_msgs/vesc_msgs/msg/detail/vesc_imu__functions.h
[2.301s] -- Up-to-date symlink: /home/ircv7/RACE/real_ws/install/vesc_msgs/include/vesc_msgs/vesc_msgs/msg/detail/vesc_imu__struct.h
[2.301s] -- Up-to-date symlink: /home/ircv7/RACE/real_ws/install/vesc_msgs/include/vesc_msgs/vesc_msgs/msg/detail/vesc_imu__type_support.h
[2.301s] -- Up-to-date symlink: /home/ircv7/RACE/real_ws/install/vesc_msgs/include/vesc_msgs/vesc_msgs/msg/detail/vesc_imu_stamped__functions.h
[2.303s] -- Up-to-date symlink: /home/ircv7/RACE/real_ws/install/vesc_msgs/include/vesc_msgs/vesc_msgs/msg/detail/vesc_imu_stamped__struct.h
[2.304s] -- Up-to-date symlink: /home/ircv7/RACE/real_ws/install/vesc_msgs/include/vesc_msgs/vesc_msgs/msg/detail/vesc_imu_stamped__type_support.h
[2.305s] -- Up-to-date symlink: /home/ircv7/RACE/real_ws/install/vesc_msgs/include/vesc_msgs/vesc_msgs/msg/detail/vesc_state__functions.h
[2.305s] -- Up-to-date symlink: /home/ircv7/RACE/real_ws/install/vesc_msgs/include/vesc_msgs/vesc_msgs/msg/detail/vesc_state__struct.h
[2.305s] -- Up-to-date symlink: /home/ircv7/RACE/real_ws/install/vesc_msgs/include/vesc_msgs/vesc_msgs/msg/detail/vesc_state__type_support.h
[2.306s] -- Up-to-date symlink: /home/ircv7/RACE/real_ws/install/vesc_msgs/include/vesc_msgs/vesc_msgs/msg/detail/vesc_state_stamped__functions.h
[2.306s] -- Up-to-date symlink: /home/ircv7/RACE/real_ws/install/vesc_msgs/include/vesc_msgs/vesc_msgs/msg/detail/vesc_state_stamped__struct.h
[2.306s] -- Up-to-date symlink: /home/ircv7/RACE/real_ws/install/vesc_msgs/include/vesc_msgs/vesc_msgs/msg/detail/vesc_state_stamped__type_support.h
[2.307s] -- Up-to-date symlink: /home/ircv7/RACE/real_ws/install/vesc_msgs/include/vesc_msgs/vesc_msgs/msg/rosidl_generator_c__visibility_control.h
[2.309s] -- Up-to-date symlink: /home/ircv7/RACE/real_ws/install/vesc_msgs/include/vesc_msgs/vesc_msgs/msg/vesc_imu.h
[2.310s] -- Up-to-date symlink: /home/ircv7/RACE/real_ws/install/vesc_msgs/include/vesc_msgs/vesc_msgs/msg/vesc_imu_stamped.h
[2.311s] -- Up-to-date symlink: /home/ircv7/RACE/real_ws/install/vesc_msgs/include/vesc_msgs/vesc_msgs/msg/vesc_state.h
[2.311s] -- Up-to-date symlink: /home/ircv7/RACE/real_ws/install/vesc_msgs/include/vesc_msgs/vesc_msgs/msg/vesc_state_stamped.h
[2.312s] -- Up-to-date symlink: /home/ircv7/RACE/real_ws/install/vesc_msgs/share/vesc_msgs/environment/library_path.sh
[2.312s] -- Up-to-date symlink: /home/ircv7/RACE/real_ws/install/vesc_msgs/share/vesc_msgs/environment/library_path.dsv
[2.312s] -- Up-to-date symlink: /home/ircv7/RACE/real_ws/install/vesc_msgs/include/vesc_msgs/vesc_msgs/msg/detail/vesc_imu__rosidl_typesupport_fastrtps_c.h
[2.313s] -- Up-to-date symlink: /home/ircv7/RACE/real_ws/install/vesc_msgs/include/vesc_msgs/vesc_msgs/msg/detail/vesc_imu_stamped__rosidl_typesupport_fastrtps_c.h
[2.313s] -- Up-to-date symlink: /home/ircv7/RACE/real_ws/install/vesc_msgs/include/vesc_msgs/vesc_msgs/msg/detail/vesc_state__rosidl_typesupport_fastrtps_c.h
[2.313s] -- Up-to-date symlink: /home/ircv7/RACE/real_ws/install/vesc_msgs/include/vesc_msgs/vesc_msgs/msg/detail/vesc_state_stamped__rosidl_typesupport_fastrtps_c.h
[2.313s] -- Up-to-date symlink: /home/ircv7/RACE/real_ws/install/vesc_msgs/include/vesc_msgs/vesc_msgs/msg/rosidl_typesupport_fastrtps_c__visibility_control.h
[2.314s] -- Up-to-date symlink: /home/ircv7/RACE/real_ws/install/vesc_msgs/include/vesc_msgs/vesc_msgs/msg/detail/vesc_imu__rosidl_typesupport_introspection_c.h
[2.315s] -- Up-to-date symlink: /home/ircv7/RACE/real_ws/install/vesc_msgs/include/vesc_msgs/vesc_msgs/msg/detail/vesc_imu_stamped__rosidl_typesupport_introspection_c.h
[2.315s] -- Up-to-date symlink: /home/ircv7/RACE/real_ws/install/vesc_msgs/include/vesc_msgs/vesc_msgs/msg/detail/vesc_state__rosidl_typesupport_introspection_c.h
[2.315s] -- Up-to-date symlink: /home/ircv7/RACE/real_ws/install/vesc_msgs/include/vesc_msgs/vesc_msgs/msg/detail/vesc_state_stamped__rosidl_typesupport_introspection_c.h
[2.316s] -- Up-to-date symlink: /home/ircv7/RACE/real_ws/install/vesc_msgs/include/vesc_msgs/vesc_msgs/msg/rosidl_typesupport_introspection_c__visibility_control.h
[2.316s] -- Up-to-date symlink: /home/ircv7/RACE/real_ws/install/vesc_msgs/include/vesc_msgs/vesc_msgs/msg/detail/vesc_imu__builder.hpp
[2.316s] -- Up-to-date symlink: /home/ircv7/RACE/real_ws/install/vesc_msgs/include/vesc_msgs/vesc_msgs/msg/detail/vesc_imu__struct.hpp
[2.316s] -- Up-to-date symlink: /home/ircv7/RACE/real_ws/install/vesc_msgs/include/vesc_msgs/vesc_msgs/msg/detail/vesc_imu__traits.hpp
[2.317s] -- Up-to-date symlink: /home/ircv7/RACE/real_ws/install/vesc_msgs/include/vesc_msgs/vesc_msgs/msg/detail/vesc_imu__type_support.hpp
[2.317s] -- Up-to-date symlink: /home/ircv7/RACE/real_ws/install/vesc_msgs/include/vesc_msgs/vesc_msgs/msg/detail/vesc_imu_stamped__builder.hpp
[2.317s] -- Up-to-date symlink: /home/ircv7/RACE/real_ws/install/vesc_msgs/include/vesc_msgs/vesc_msgs/msg/detail/vesc_imu_stamped__struct.hpp
[2.318s] -- Up-to-date symlink: /home/ircv7/RACE/real_ws/install/vesc_msgs/include/vesc_msgs/vesc_msgs/msg/detail/vesc_imu_stamped__traits.hpp
[2.328s] -- Up-to-date symlink: /home/ircv7/RACE/real_ws/install/vesc_msgs/include/vesc_msgs/vesc_msgs/msg/detail/vesc_imu_stamped__type_support.hpp
[2.328s] -- Up-to-date symlink: /home/ircv7/RACE/real_ws/install/vesc_msgs/include/vesc_msgs/vesc_msgs/msg/detail/vesc_state__builder.hpp
[2.328s] -- Up-to-date symlink: /home/ircv7/RACE/real_ws/install/vesc_msgs/include/vesc_msgs/vesc_msgs/msg/detail/vesc_state__struct.hpp
[2.328s] -- Up-to-date symlink: /home/ircv7/RACE/real_ws/install/vesc_msgs/include/vesc_msgs/vesc_msgs/msg/detail/vesc_state__traits.hpp
[2.328s] -- Up-to-date symlink: /home/ircv7/RACE/real_ws/install/vesc_msgs/include/vesc_msgs/vesc_msgs/msg/detail/vesc_state__type_support.hpp
[2.328s] -- Up-to-date symlink: /home/ircv7/RACE/real_ws/install/vesc_msgs/include/vesc_msgs/vesc_msgs/msg/detail/vesc_state_stamped__builder.hpp
[2.329s] -- Up-to-date symlink: /home/ircv7/RACE/real_ws/install/vesc_msgs/include/vesc_msgs/vesc_msgs/msg/detail/vesc_state_stamped__struct.hpp
[2.329s] -- Up-to-date symlink: /home/ircv7/RACE/real_ws/install/vesc_msgs/include/vesc_msgs/vesc_msgs/msg/detail/vesc_state_stamped__traits.hpp
[2.329s] -- Up-to-date symlink: /home/ircv7/RACE/real_ws/install/vesc_msgs/include/vesc_msgs/vesc_msgs/msg/detail/vesc_state_stamped__type_support.hpp
[2.329s] -- Up-to-date symlink: /home/ircv7/RACE/real_ws/install/vesc_msgs/include/vesc_msgs/vesc_msgs/msg/rosidl_generator_cpp__visibility_control.hpp
[2.329s] -- Up-to-date symlink: /home/ircv7/RACE/real_ws/install/vesc_msgs/include/vesc_msgs/vesc_msgs/msg/vesc_imu.hpp
[2.330s] -- Up-to-date symlink: /home/ircv7/RACE/real_ws/install/vesc_msgs/include/vesc_msgs/vesc_msgs/msg/vesc_imu_stamped.hpp
[2.330s] -- Up-to-date symlink: /home/ircv7/RACE/real_ws/install/vesc_msgs/include/vesc_msgs/vesc_msgs/msg/vesc_state.hpp
[2.331s] -- Up-to-date symlink: /home/ircv7/RACE/real_ws/install/vesc_msgs/include/vesc_msgs/vesc_msgs/msg/vesc_state_stamped.hpp
[2.331s] -- Up-to-date symlink: /home/ircv7/RACE/real_ws/install/vesc_msgs/include/vesc_msgs/vesc_msgs/msg/detail/vesc_imu__rosidl_typesupport_fastrtps_cpp.hpp
[2.331s] -- Up-to-date symlink: /home/ircv7/RACE/real_ws/install/vesc_msgs/include/vesc_msgs/vesc_msgs/msg/detail/vesc_imu_stamped__rosidl_typesupport_fastrtps_cpp.hpp
[2.331s] -- Up-to-date symlink: /home/ircv7/RACE/real_ws/install/vesc_msgs/include/vesc_msgs/vesc_msgs/msg/detail/vesc_state__rosidl_typesupport_fastrtps_cpp.hpp
[2.331s] -- Up-to-date symlink: /home/ircv7/RACE/real_ws/install/vesc_msgs/include/vesc_msgs/vesc_msgs/msg/detail/vesc_state_stamped__rosidl_typesupport_fastrtps_cpp.hpp
[2.332s] -- Up-to-date symlink: /home/ircv7/RACE/real_ws/install/vesc_msgs/include/vesc_msgs/vesc_msgs/msg/rosidl_typesupport_fastrtps_cpp__visibility_control.h
[2.332s] -- Up-to-date symlink: /home/ircv7/RACE/real_ws/install/vesc_msgs/include/vesc_msgs/vesc_msgs/msg/detail/vesc_imu__rosidl_typesupport_introspection_cpp.hpp
[2.332s] -- Up-to-date symlink: /home/ircv7/RACE/real_ws/install/vesc_msgs/include/vesc_msgs/vesc_msgs/msg/detail/vesc_imu_stamped__rosidl_typesupport_introspection_cpp.hpp
[2.332s] -- Up-to-date symlink: /home/ircv7/RACE/real_ws/install/vesc_msgs/include/vesc_msgs/vesc_msgs/msg/detail/vesc_state__rosidl_typesupport_introspection_cpp.hpp
[2.333s] -- Up-to-date symlink: /home/ircv7/RACE/real_ws/install/vesc_msgs/include/vesc_msgs/vesc_msgs/msg/detail/vesc_state_stamped__rosidl_typesupport_introspection_cpp.hpp
[2.333s] -- Up-to-date symlink: /home/ircv7/RACE/real_ws/install/vesc_msgs/share/vesc_msgs/environment/pythonpath.sh
[2.333s] -- Up-to-date symlink: /home/ircv7/RACE/real_ws/install/vesc_msgs/share/vesc_msgs/environment/pythonpath.dsv
[2.333s] -- Up-to-date symlink: /home/ircv7/RACE/real_ws/install/vesc_msgs/local/lib/python3.10/dist-packages/vesc_msgs-1.2.0-py3.10.egg-info/PKG-INFO
[2.333s] -- Up-to-date symlink: /home/ircv7/RACE/real_ws/install/vesc_msgs/local/lib/python3.10/dist-packages/vesc_msgs-1.2.0-py3.10.egg-info/SOURCES.txt
[2.333s] -- Up-to-date symlink: /home/ircv7/RACE/real_ws/install/vesc_msgs/local/lib/python3.10/dist-packages/vesc_msgs-1.2.0-py3.10.egg-info/dependency_links.txt
[2.333s] -- Up-to-date symlink: /home/ircv7/RACE/real_ws/install/vesc_msgs/local/lib/python3.10/dist-packages/vesc_msgs-1.2.0-py3.10.egg-info/top_level.txt
[2.333s] -- Up-to-date symlink: /home/ircv7/RACE/real_ws/install/vesc_msgs/local/lib/python3.10/dist-packages/vesc_msgs/__init__.py
[2.334s] -- Up-to-date symlink: /home/ircv7/RACE/real_ws/install/vesc_msgs/local/lib/python3.10/dist-packages/vesc_msgs/_vesc_msgs_s.ep.rosidl_typesupport_c.c
[2.334s] -- Up-to-date symlink: /home/ircv7/RACE/real_ws/install/vesc_msgs/local/lib/python3.10/dist-packages/vesc_msgs/_vesc_msgs_s.ep.rosidl_typesupport_fastrtps_c.c
[2.334s] -- Up-to-date symlink: /home/ircv7/RACE/real_ws/install/vesc_msgs/local/lib/python3.10/dist-packages/vesc_msgs/_vesc_msgs_s.ep.rosidl_typesupport_introspection_c.c
[2.335s] -- Up-to-date symlink: /home/ircv7/RACE/real_ws/install/vesc_msgs/local/lib/python3.10/dist-packages/vesc_msgs/libvesc_msgs__rosidl_generator_py.so
[2.335s] -- Up-to-date symlink: /home/ircv7/RACE/real_ws/install/vesc_msgs/local/lib/python3.10/dist-packages/vesc_msgs/msg/__init__.py
[2.336s] -- Up-to-date symlink: /home/ircv7/RACE/real_ws/install/vesc_msgs/local/lib/python3.10/dist-packages/vesc_msgs/msg/_vesc_imu.py
[2.336s] -- Up-to-date symlink: /home/ircv7/RACE/real_ws/install/vesc_msgs/local/lib/python3.10/dist-packages/vesc_msgs/msg/_vesc_imu_s.c
[2.336s] -- Up-to-date symlink: /home/ircv7/RACE/real_ws/install/vesc_msgs/local/lib/python3.10/dist-packages/vesc_msgs/msg/_vesc_imu_stamped.py
[2.336s] -- Up-to-date symlink: /home/ircv7/RACE/real_ws/install/vesc_msgs/local/lib/python3.10/dist-packages/vesc_msgs/msg/_vesc_imu_stamped_s.c
[2.336s] -- Up-to-date symlink: /home/ircv7/RACE/real_ws/install/vesc_msgs/local/lib/python3.10/dist-packages/vesc_msgs/msg/_vesc_state.py
[2.337s] -- Up-to-date symlink: /home/ircv7/RACE/real_ws/install/vesc_msgs/local/lib/python3.10/dist-packages/vesc_msgs/msg/_vesc_state_s.c
[2.338s] -- Up-to-date symlink: /home/ircv7/RACE/real_ws/install/vesc_msgs/local/lib/python3.10/dist-packages/vesc_msgs/msg/_vesc_state_stamped.py
[2.340s] -- Up-to-date symlink: /home/ircv7/RACE/real_ws/install/vesc_msgs/local/lib/python3.10/dist-packages/vesc_msgs/msg/_vesc_state_stamped_s.c
[2.341s] -- Up-to-date symlink: /home/ircv7/RACE/real_ws/install/vesc_msgs/local/lib/python3.10/dist-packages/vesc_msgs/vesc_msgs_s__rosidl_typesupport_c.cpython-310-aarch64-linux-gnu.so
[2.341s] -- Up-to-date symlink: /home/ircv7/RACE/real_ws/install/vesc_msgs/local/lib/python3.10/dist-packages/vesc_msgs/vesc_msgs_s__rosidl_typesupport_fastrtps_c.cpython-310-aarch64-linux-gnu.so
[2.342s] -- Up-to-date symlink: /home/ircv7/RACE/real_ws/install/vesc_msgs/local/lib/python3.10/dist-packages/vesc_msgs/vesc_msgs_s__rosidl_typesupport_introspection_c.cpython-310-aarch64-linux-gnu.so
[2.342s] -- Up-to-date symlink: /home/ircv7/RACE/real_ws/install/vesc_msgs/local/lib/python3.10/dist-packages/vesc_msgs/vesc_msgs_s__rosidl_typesupport_fastrtps_c.cpython-310-aarch64-linux-gnu.so
[2.343s] -- Up-to-date symlink: /home/ircv7/RACE/real_ws/install/vesc_msgs/local/lib/python3.10/dist-packages/vesc_msgs/vesc_msgs_s__rosidl_typesupport_introspection_c.cpython-310-aarch64-linux-gnu.so
[2.344s] -- Up-to-date symlink: /home/ircv7/RACE/real_ws/install/vesc_msgs/local/lib/python3.10/dist-packages/vesc_msgs/vesc_msgs_s__rosidl_typesupport_c.cpython-310-aarch64-linux-gnu.so
[2.345s] -- Up-to-date symlink: /home/ircv7/RACE/real_ws/install/vesc_msgs/share/vesc_msgs/msg/VescState.idl
[2.345s] -- Up-to-date symlink: /home/ircv7/RACE/real_ws/install/vesc_msgs/share/vesc_msgs/msg/VescStateStamped.idl
[2.346s] -- Up-to-date symlink: /home/ircv7/RACE/real_ws/install/vesc_msgs/share/vesc_msgs/msg/VescImu.idl
[2.346s] -- Up-to-date symlink: /home/ircv7/RACE/real_ws/install/vesc_msgs/share/vesc_msgs/msg/VescImuStamped.idl
[2.347s] -- Up-to-date symlink: /home/ircv7/RACE/real_ws/install/vesc_msgs/share/vesc_msgs/msg/VescState.msg
[2.347s] -- Up-to-date symlink: /home/ircv7/RACE/real_ws/install/vesc_msgs/share/vesc_msgs/msg/VescStateStamped.msg
[2.347s] -- Up-to-date symlink: /home/ircv7/RACE/real_ws/install/vesc_msgs/share/vesc_msgs/msg/VescImu.msg
[2.348s] -- Up-to-date symlink: /home/ircv7/RACE/real_ws/install/vesc_msgs/share/vesc_msgs/msg/VescImuStamped.msg
[2.348s] -- Up-to-date symlink: /home/ircv7/RACE/real_ws/install/vesc_msgs/share/ament_index/resource_index/package_run_dependencies/vesc_msgs
[2.349s] -- Up-to-date symlink: /home/ircv7/RACE/real_ws/install/vesc_msgs/share/ament_index/resource_index/parent_prefix_path/vesc_msgs
[2.350s] -- Up-to-date symlink: /home/ircv7/RACE/real_ws/install/vesc_msgs/share/vesc_msgs/environment/ament_prefix_path.sh
[2.350s] -- Up-to-date symlink: /home/ircv7/RACE/real_ws/install/vesc_msgs/share/vesc_msgs/environment/ament_prefix_path.dsv
[2.350s] -- Up-to-date symlink: /home/ircv7/RACE/real_ws/install/vesc_msgs/share/vesc_msgs/environment/path.sh
[2.350s] -- Up-to-date symlink: /home/ircv7/RACE/real_ws/install/vesc_msgs/share/vesc_msgs/environment/path.dsv
[2.361s] -- Up-to-date symlink: /home/ircv7/RACE/real_ws/install/vesc_msgs/share/vesc_msgs/local_setup.bash
[2.361s] -- Up-to-date symlink: /home/ircv7/RACE/real_ws/install/vesc_msgs/share/vesc_msgs/local_setup.sh
[2.361s] -- Up-to-date symlink: /home/ircv7/RACE/real_ws/install/vesc_msgs/share/vesc_msgs/local_setup.zsh
[2.361s] -- Up-to-date symlink: /home/ircv7/RACE/real_ws/install/vesc_msgs/share/vesc_msgs/local_setup.dsv
[2.363s] -- Symlinking: /home/ircv7/RACE/real_ws/install/vesc_msgs/share/vesc_msgs/package.dsv
[2.378s] -- Up-to-date symlink: /home/ircv7/RACE/real_ws/install/vesc_msgs/share/ament_index/resource_index/packages/vesc_msgs
[2.379s] -- Up-to-date symlink: /home/ircv7/RACE/real_ws/install/vesc_msgs/share/vesc_msgs/cmake/rosidl_cmake-extras.cmake
[2.379s] -- Up-to-date symlink: /home/ircv7/RACE/real_ws/install/vesc_msgs/share/vesc_msgs/cmake/ament_cmake_export_dependencies-extras.cmake
[2.379s] -- Up-to-date symlink: /home/ircv7/RACE/real_ws/install/vesc_msgs/share/vesc_msgs/cmake/ament_cmake_export_include_directories-extras.cmake
[2.379s] -- Up-to-date symlink: /home/ircv7/RACE/real_ws/install/vesc_msgs/share/vesc_msgs/cmake/ament_cmake_export_libraries-extras.cmake
[2.379s] -- Up-to-date symlink: /home/ircv7/RACE/real_ws/install/vesc_msgs/share/vesc_msgs/cmake/ament_cmake_export_targets-extras.cmake
[2.380s] -- Up-to-date symlink: /home/ircv7/RACE/real_ws/install/vesc_msgs/share/vesc_msgs/cmake/rosidl_cmake_export_typesupport_targets-extras.cmake
[2.380s] -- Up-to-date symlink: /home/ircv7/RACE/real_ws/install/vesc_msgs/share/vesc_msgs/cmake/rosidl_cmake_export_typesupport_libraries-extras.cmake
[2.380s] -- Up-to-date symlink: /home/ircv7/RACE/real_ws/install/vesc_msgs/share/vesc_msgs/cmake/vesc_msgsConfig.cmake
[2.380s] -- Up-to-date symlink: /home/ircv7/RACE/real_ws/install/vesc_msgs/share/vesc_msgs/cmake/vesc_msgsConfig-version.cmake
[2.381s] -- Up-to-date symlink: /home/ircv7/RACE/real_ws/install/vesc_msgs/share/vesc_msgs/package.xml
[2.381s] -- Up-to-date: /home/ircv7/RACE/real_ws/install/vesc_msgs/lib/libvesc_msgs__rosidl_generator_c.so
[2.382s] -- Up-to-date: /home/ircv7/RACE/real_ws/install/vesc_msgs/lib/libvesc_msgs__rosidl_typesupport_fastrtps_c.so
[2.382s] -- Up-to-date: /home/ircv7/RACE/real_ws/install/vesc_msgs/lib/libvesc_msgs__rosidl_typesupport_introspection_c.so
[2.383s] -- Up-to-date: /home/ircv7/RACE/real_ws/install/vesc_msgs/lib/libvesc_msgs__rosidl_typesupport_c.so
[2.383s] -- Up-to-date: /home/ircv7/RACE/real_ws/install/vesc_msgs/lib/libvesc_msgs__rosidl_typesupport_fastrtps_cpp.so
[2.389s] -- Up-to-date: /home/ircv7/RACE/real_ws/install/vesc_msgs/lib/libvesc_msgs__rosidl_typesupport_introspection_cpp.so
[2.389s] -- Up-to-date: /home/ircv7/RACE/real_ws/install/vesc_msgs/lib/libvesc_msgs__rosidl_typesupport_cpp.so
[2.502s] Listing '/home/ircv7/RACE/real_ws/install/vesc_msgs/local/lib/python3.10/dist-packages/vesc_msgs'...
[2.502s] Listing '/home/ircv7/RACE/real_ws/install/vesc_msgs/local/lib/python3.10/dist-packages/vesc_msgs/msg'...
[2.517s] -- Up-to-date: /home/ircv7/RACE/real_ws/install/vesc_msgs/lib/libvesc_msgs__rosidl_generator_py.so
[2.518s] -- Up-to-date: /home/ircv7/RACE/real_ws/install/vesc_msgs/share/vesc_msgs/cmake/export_vesc_msgs__rosidl_generator_cExport.cmake
[2.518s] -- Up-to-date: /home/ircv7/RACE/real_ws/install/vesc_msgs/share/vesc_msgs/cmake/export_vesc_msgs__rosidl_generator_cExport-noconfig.cmake
[2.518s] -- Up-to-date: /home/ircv7/RACE/real_ws/install/vesc_msgs/share/vesc_msgs/cmake/export_vesc_msgs__rosidl_typesupport_fastrtps_cExport.cmake
[2.518s] -- Up-to-date: /home/ircv7/RACE/real_ws/install/vesc_msgs/share/vesc_msgs/cmake/export_vesc_msgs__rosidl_typesupport_fastrtps_cExport-noconfig.cmake
[2.518s] -- Up-to-date: /home/ircv7/RACE/real_ws/install/vesc_msgs/share/vesc_msgs/cmake/vesc_msgs__rosidl_typesupport_introspection_cExport.cmake
[2.519s] -- Up-to-date: /home/ircv7/RACE/real_ws/install/vesc_msgs/share/vesc_msgs/cmake/vesc_msgs__rosidl_typesupport_introspection_cExport-noconfig.cmake
[2.519s] -- Up-to-date: /home/ircv7/RACE/real_ws/install/vesc_msgs/share/vesc_msgs/cmake/vesc_msgs__rosidl_typesupport_cExport.cmake
[2.519s] -- Up-to-date: /home/ircv7/RACE/real_ws/install/vesc_msgs/share/vesc_msgs/cmake/vesc_msgs__rosidl_typesupport_cExport-noconfig.cmake
[2.519s] -- Up-to-date: /home/ircv7/RACE/real_ws/install/vesc_msgs/share/vesc_msgs/cmake/export_vesc_msgs__rosidl_generator_cppExport.cmake
[2.519s] -- Up-to-date: /home/ircv7/RACE/real_ws/install/vesc_msgs/share/vesc_msgs/cmake/export_vesc_msgs__rosidl_typesupport_fastrtps_cppExport.cmake
[2.519s] -- Up-to-date: /home/ircv7/RACE/real_ws/install/vesc_msgs/share/vesc_msgs/cmake/export_vesc_msgs__rosidl_typesupport_fastrtps_cppExport-noconfig.cmake
[2.520s] -- Up-to-date: /home/ircv7/RACE/real_ws/install/vesc_msgs/share/vesc_msgs/cmake/vesc_msgs__rosidl_typesupport_introspection_cppExport.cmake
[2.520s] -- Up-to-date: /home/ircv7/RACE/real_ws/install/vesc_msgs/share/vesc_msgs/cmake/vesc_msgs__rosidl_typesupport_introspection_cppExport-noconfig.cmake
[2.520s] -- Up-to-date: /home/ircv7/RACE/real_ws/install/vesc_msgs/share/vesc_msgs/cmake/vesc_msgs__rosidl_typesupport_cppExport.cmake
[2.520s] -- Up-to-date: /home/ircv7/RACE/real_ws/install/vesc_msgs/share/vesc_msgs/cmake/vesc_msgs__rosidl_typesupport_cppExport-noconfig.cmake
[2.520s] -- Up-to-date: /home/ircv7/RACE/real_ws/install/vesc_msgs/share/vesc_msgs/cmake/export_vesc_msgs__rosidl_generator_pyExport.cmake
[2.520s] -- Up-to-date: /home/ircv7/RACE/real_ws/install/vesc_msgs/share/vesc_msgs/cmake/export_vesc_msgs__rosidl_generator_pyExport-noconfig.cmake
[2.536s] Invoked command in '/home/ircv7/RACE/real_ws/build/vesc_msgs' returned '0': CMAKE_PREFIX_PATH=${CMAKE_PREFIX_PATH}:/home/ircv7/RACE/real_ws/install/joy_teleop:/home/ircv7/RACE/real_ws/install/obs_detect:/home/ircv7/RACE/real_ws/install/mouse_teleop:/home/ircv7/RACE/real_ws/install/map_humble:/home/ircv7/RACE/real_ws/install/lane_selector:/home/ircv7/RACE/real_ws/install/key_teleop:/opt/ros/humble /usr/bin/cmake --install /home/ircv7/RACE/real_ws/build/vesc_msgs
